CONNECTED(00000003)
Can't use SSL_get_servername
depth=0 C = AU, ST = Some-State, O = Internet Widgits Pty Ltd
verify error:num=18:self signed certificate
verify return:1
depth=0 C = AU, ST = Some-State, O = Internet Widgits Pty Ltd
verify return:1
---
Certificate chain
 0 s:C = AU, ST = Some-State, O = Internet Widgits Pty Ltd
   i:C = AU, ST = Some-State, O = Internet Widgits Pty Ltd
---
Server certificate
-----BEGIN CERTIFICATE-----
MIIDazCCAlOgAwIBAgIUUWBj1DL0r1TRK/dHpKSOke8mNyowDQYJKoZIhvcNAQEL
BQAwRTELMAkGA1UEBhMCQVUxEzARBgNVBAgMClNvbWUtU3RhdGUxITAfBgNVBAoM
GEludGVybmV0IFdpZGdpdHMgUHR5IEx0ZDAeFw0xOTEwMjUxNjE5MzFaFw0yMDEw
MjQxNjE5MzFaMEUxCzAJBgNVBAYTAkFVMRMwEQYDVQQIDApTb21lLVN0YXRlMSEw
HwYDVQQKDBhJbnRlcm5ldCBXaWRnaXRzIFB0eSBMdGQwggEiMA0GCSqGSIb3DQEB
AQUAA4IBDwAwggEKAoIBAQDIC3Wj6US5oUyyjcSP616loFW94MExGLh0Flr02LfO
X2w0ZkDOGC1B/zHrJK4On+z8bwx/+L1hytq/aVytgUQWoGWZwQGuzU7ev+lKjcIW
ai2Zeqk3RysFPNticj/qWomS+g2o2RFJ/oEtg6BdAsy49VZjS0BTPpdoBBb7sMOp
S0GvGPY85uFG9QTD/4o4UOfvruSHeJHih3pRYvkqwpZ3Al9EJuCI5zDchBr21fa9
0JNFecJb1HymDk/eN3FxDHf/ubdB/TMx8oauC5WVoA/cLZjfZa6r+Ibv6wGnZe9F
GZocIDBGxyeLRbHTzN42/7L6mTn4br9VWzLEswj8glT3AgMBAAGjUzBRMB0GA1Ud
DgQWBBSDg9456bq2D7ileJyJm3Dw1QE7eDAfBgNVHSMEGDAWgBSDg9456bq2D7il
eJyJm3Dw1QE7eDAPBgNVHRMBAf8EBTADAQH/MA0GCSqGSIb3DQEBCwUAA4IBAQBp
htY9dAYDr3+yewxDbenTzcPuD4nS1x11NNfKHNY/Ju6fQa2/cNzgHu3oOaGlQRQ4
Ob3wgkk7sK6YuyKR5YllT9vOGqBw/Ha9x7cdRaP4gKEnxrMIdxEIWJifz72TF7xI
SId9FHVKy9awaunIGJelJ+v2J4ZHkUk2vHLjR57SQdv+ENuMeQZX34PwvcLvXhRj
joX7tBBYYoB/haFlW9WMHM7HyYryMAirxnF3ltXWley0vnLXlkFLRSp4xzr0ERZW
1vXmmTv+c+yXzTo03A4BcEBZg0gN4FjM3lKJjiC9M6hJ8oVIJ+40MoKTgNjaupb7
vXxBDJcqvz+HMrruHXw3
-----END CERTIFICATE-----
subject=C = AU, ST = Some-State, O = Internet Widgits Pty Ltd

issuer=C = AU, ST = Some-State, O = Internet Widgits Pty Ltd

---
No client certificate CA names sent
Peer signing digest: SHA256
Peer signature type: RSA
Server Temp Key: DH, 2048 bits
---
SSL handshake has read 2015 bytes and written 476 bytes
Verification error: self signed certificate
---
New, TLSv1.2, Cipher is DHE-RSA-AES128-SHA256
Server public key is 2048 bit
Secure Renegotiation IS supported
No ALPN negotiated
SSL-Session:
    Protocol  : TLSv1.2
    Cipher    : DHE-RSA-AES128-SHA256
    Session-ID: 87D76D05426EE47377F2C751F01FE17B77791E8F54D27DD25B746EC3F8A9C407
    Session-ID-ctx: 
    Master-Key: 81B9CCB5D0F4F0E2C192B8C7F4B39E236332A6FA7F1D40233A86A46B9A7D5C45CE0EF96B552F7994C55ECBD2695E24E5
    PSK identity: None
    PSK identity hint: None
    SRP username: None
    TLS session ticket lifetime hint: 300 (seconds)
    TLS session ticket:
    0000 - a1 1d 7d 88 0f 26 4c 37-04 e6 0b 06 a5 6a 51 3b   ..}..&L7.....jQ;
    0010 - 8b cd f8 6e 12 83 ef 62-d2 0f ee 34 49 a5 b7 70   ...n...b...4I..p
    0020 - 81 e2 37 46 8d 28 8b 03-cb e4 b4 8c c2 76 2d 10   ..7F.(.......v-.
    0030 - 1f ec 10 ff 34 49 61 40-75 e7 e3 95 16 a1 75 27   ....4Ia@u.....u'
    0040 - 1e be 6f 6d 47 52 9e e0-d6 2b dc f8 2d 66 53 fa   ..omGR...+..-fS.
    0050 - 26 1e f7 14 2e a8 1a f9-ab 4f 9c ec 9d 82 b0 ef   &........O......
    0060 - 55 c6 3a a6 da aa ee 9b-d9 00 cc 3e a6 1e 62 1c   U.:........>..b.
    0070 - 13 34 7d 47 e0 08 d7 21-c1 3e a7 51 b7 67 50 13   .4}G...!.>.Q.gP.
    0080 - 40 d2 57 f8 44 29 25 e3-d1 a3 d5 47 db 08 73 a0   @.W.D)%....G..s.
    0090 - ba 73 1f 15 a4 4c d6 4a-c5 5e b8 b9 d7 e3 66 1f   .s...L.J.^....f.

    Start Time: 1578517758
    Timeout   : 7200 (sec)
    Verify return code: 18 (self signed certificate)
    Extended master secret: no
---
DONE
