CONNECTED(00000003)
Can't use SSL_get_servername
depth=0 C = AU, ST = Some-State, O = Internet Widgits Pty Ltd
verify error:num=18:self signed certificate
verify return:1
depth=0 C = AU, ST = Some-State, O = Internet Widgits Pty Ltd
verify return:1
---
Certificate chain
 0 s:C = AU, ST = Some-State, O = Internet Widgits Pty Ltd
   i:C = AU, ST = Some-State, O = Internet Widgits Pty Ltd
---
Server certificate
-----BEGIN CERTIFICATE-----
MIIDazCCAlOgAwIBAgIUUWBj1DL0r1TRK/dHpKSOke8mNyowDQYJKoZIhvcNAQEL
BQAwRTELMAkGA1UEBhMCQVUxEzARBgNVBAgMClNvbWUtU3RhdGUxITAfBgNVBAoM
GEludGVybmV0IFdpZGdpdHMgUHR5IEx0ZDAeFw0xOTEwMjUxNjE5MzFaFw0yMDEw
MjQxNjE5MzFaMEUxCzAJBgNVBAYTAkFVMRMwEQYDVQQIDApTb21lLVN0YXRlMSEw
HwYDVQQKDBhJbnRlcm5ldCBXaWRnaXRzIFB0eSBMdGQwggEiMA0GCSqGSIb3DQEB
AQUAA4IBDwAwggEKAoIBAQDIC3Wj6US5oUyyjcSP616loFW94MExGLh0Flr02LfO
X2w0ZkDOGC1B/zHrJK4On+z8bwx/+L1hytq/aVytgUQWoGWZwQGuzU7ev+lKjcIW
ai2Zeqk3RysFPNticj/qWomS+g2o2RFJ/oEtg6BdAsy49VZjS0BTPpdoBBb7sMOp
S0GvGPY85uFG9QTD/4o4UOfvruSHeJHih3pRYvkqwpZ3Al9EJuCI5zDchBr21fa9
0JNFecJb1HymDk/eN3FxDHf/ubdB/TMx8oauC5WVoA/cLZjfZa6r+Ibv6wGnZe9F
GZocIDBGxyeLRbHTzN42/7L6mTn4br9VWzLEswj8glT3AgMBAAGjUzBRMB0GA1Ud
DgQWBBSDg9456bq2D7ileJyJm3Dw1QE7eDAfBgNVHSMEGDAWgBSDg9456bq2D7il
eJyJm3Dw1QE7eDAPBgNVHRMBAf8EBTADAQH/MA0GCSqGSIb3DQEBCwUAA4IBAQBp
htY9dAYDr3+yewxDbenTzcPuD4nS1x11NNfKHNY/Ju6fQa2/cNzgHu3oOaGlQRQ4
Ob3wgkk7sK6YuyKR5YllT9vOGqBw/Ha9x7cdRaP4gKEnxrMIdxEIWJifz72TF7xI
SId9FHVKy9awaunIGJelJ+v2J4ZHkUk2vHLjR57SQdv+ENuMeQZX34PwvcLvXhRj
joX7tBBYYoB/haFlW9WMHM7HyYryMAirxnF3ltXWley0vnLXlkFLRSp4xzr0ERZW
1vXmmTv+c+yXzTo03A4BcEBZg0gN4FjM3lKJjiC9M6hJ8oVIJ+40MoKTgNjaupb7
vXxBDJcqvz+HMrruHXw3
-----END CERTIFICATE-----
subject=C = AU, ST = Some-State, O = Internet Widgits Pty Ltd

issuer=C = AU, ST = Some-State, O = Internet Widgits Pty Ltd

---
No client certificate CA names sent
Peer signing digest: SHA256
Peer signature type: RSA
Server Temp Key: DH, 2048 bits
---
SSL handshake has read 1999 bytes and written 460 bytes
Verification error: self signed certificate
---
New, SSLv3, Cipher is DHE-RSA-AES256-SHA
Server public key is 2048 bit
Secure Renegotiation IS supported
No ALPN negotiated
SSL-Session:
    Protocol  : TLSv1.2
    Cipher    : DHE-RSA-AES256-SHA
    Session-ID: 9E68EC8891CBEAF1957F06C1EAB92E55729EFE78BAD68FC813DF954DC9443912
    Session-ID-ctx: 
    Master-Key: AE15C317CB74B36E678DBCA97E9B224ADD7271112CC1A77BE3A390E1422E28AC6B28B6D5EF249C640A0DE16710D34C5E
    PSK identity: None
    PSK identity hint: None
    SRP username: None
    TLS session ticket lifetime hint: 300 (seconds)
    TLS session ticket:
    0000 - a1 1d 7d 88 0f 26 4c 37-04 e6 0b 06 a5 6a 51 3b   ..}..&L7.....jQ;
    0010 - 3a e3 71 bb a5 db f7 5f-1a d7 db a0 7d 5b 96 25   :.q...._....}[.%
    0020 - 12 0f b1 ad 88 f3 91 c9-a1 74 e9 f9 92 7f 0c a5   .........t......
    0030 - 24 dd 3e 08 de fc c5 34-3b bc dc 9a 6b e6 1c 71   $.>....4;...k..q
    0040 - e5 6a d3 76 a5 81 9c 21-b0 71 8b 3f 63 92 cf f7   .j.v...!.q.?c...
    0050 - 49 88 45 31 7e d1 0f 83-5c 97 96 ce f5 8e 93 eb   I.E1~...\.......
    0060 - 99 35 79 0f 2d 92 08 38-8d 7f f2 ba 34 86 b0 46   .5y.-..8....4..F
    0070 - 40 b3 bd e3 31 64 a2 b4-85 b4 05 aa e5 2a 45 e7   @...1d.......*E.
    0080 - 35 db 74 c6 1c 6f 8e be-29 bc 5f e5 10 5a 91 40   5.t..o..)._..Z.@
    0090 - 28 2d 59 d7 00 64 17 0d-cc 5b 62 c5 83 59 21 33   (-Y..d...[b..Y!3

    Start Time: 1578517763
    Timeout   : 7200 (sec)
    Verify return code: 18 (self signed certificate)
    Extended master secret: no
---
DONE
