CONNECTED(00000003)
Can't use SSL_get_servername
depth=0 C = AU, ST = Some-State, O = Internet Widgits Pty Ltd
verify error:num=18:self signed certificate
verify return:1
depth=0 C = AU, ST = Some-State, O = Internet Widgits Pty Ltd
verify return:1
---
Certificate chain
 0 s:C = AU, ST = Some-State, O = Internet Widgits Pty Ltd
   i:C = AU, ST = Some-State, O = Internet Widgits Pty Ltd
---
Server certificate
-----BEGIN CERTIFICATE-----
MIIB4DCCAYWgAwIBAgIUCXxxGEjDfI8qZM/lYEyRO/5FAH8wCgYIKoZIzj0EAwIw
RTELMAkGA1UEBhMCQVUxEzARBgNVBAgMClNvbWUtU3RhdGUxITAfBgNVBAoMGElu
dGVybmV0IFdpZGdpdHMgUHR5IEx0ZDAeFw0yMDAxMjAxOTU0MTVaFw0yMTAxMTkx
OTU0MTVaMEUxCzAJBgNVBAYTAkFVMRMwEQYDVQQIDApTb21lLVN0YXRlMSEwHwYD
VQQKDBhJbnRlcm5ldCBXaWRnaXRzIFB0eSBMdGQwWTATBgcqhkjOPQIBBggqhkjO
PQMBBwNCAAQEWvQ5kNNn0gohxZiHN8GZ2c2YUKQBqHDOBcDHaOesleIQlq72x5jF
w74Y1H7BLGlwvZuJ3N/4jF8UdT098W+ho1MwUTAdBgNVHQ4EFgQU5K267TWlHB0Y
HXW940sLw8SUXeEwHwYDVR0jBBgwFoAU5K267TWlHB0YHXW940sLw8SUXeEwDwYD
VR0TAQH/BAUwAwEB/zAKBggqhkjOPQQDAgNJADBGAiEA4GScbVO50YAPJtbP4fny
StHIpNxRcMsSij4Qe2KiM/sCIQDY7Um4nntc3KIF6WOb68OZOQRfQylRLfyllN5r
hm7Z4g==
-----END CERTIFICATE-----
subject=C = AU, ST = Some-State, O = Internet Widgits Pty Ltd

issuer=C = AU, ST = Some-State, O = Internet Widgits Pty Ltd

---
No client certificate CA names sent
Peer signing digest: SHA256
Peer signature type: ECDSA
Server Temp Key: ECDH, P-256, 256 bits
---
SSL handshake has read 1009 bytes and written 324 bytes
Verification error: self signed certificate
---
New, TLSv1.2, Cipher is ECDHE-ECDSA-AES256-SHA384
Server public key is 256 bit
Secure Renegotiation IS supported
No ALPN negotiated
SSL-Session:
    Protocol  : TLSv1.2
    Cipher    : ECDHE-ECDSA-AES256-SHA384
    Session-ID: 3C8B6C787880539032FED2725FACBAE70F56A9D4E40896ECAEA385821E86F2C3
    Session-ID-ctx: 
    Master-Key: 02DA94CC54ED331ED4E7D42D456B7F64054417A7B9D1485ED2D07E8A1B292B1DF0DE4943282DA52174044C4752A3C09F
    PSK identity: None
    PSK identity hint: None
    SRP username: None
    TLS session ticket lifetime hint: 300 (seconds)
    TLS session ticket:
    0000 - 92 75 01 7c 2f 76 e3 be-90 d9 4f bd 29 e9 7d a3   .u.|/v....O.).}.
    0010 - 78 8e e3 a5 65 80 6e 17-09 fb 9d 51 fc 01 fb bb   x...e.n....Q....
    0020 - 0f 07 c1 a3 68 15 ba 46-88 d0 b2 3b 65 8c d5 20   ....h..F...;e.. 
    0030 - 48 40 66 a0 6b d1 2d 86-8e 6f 20 72 ae 88 b3 41   H@f.k.-..o r...A
    0040 - c2 b1 2d 4a 4c 82 1f f9-19 df 11 c3 a6 8b 20 44   ..-JL......... D
    0050 - b2 23 0d f8 55 dd ed ad-26 c3 3a 1e 76 db df ce   .#..U...&.:.v...
    0060 - 2f 02 a7 fd 32 c8 d0 c0-ac 96 71 93 6a 50 97 40   /...2.....q.jP.@
    0070 - 8b 96 fa ef c6 4f 19 1f-bb 1b 79 22 ea 4f a6 05   .....O....y".O..
    0080 - 3e 4f dc de 3c 3a 02 74-b4 bf 2b f2 23 65 d2 73   >O..<:.t..+.#e.s
    0090 - f0 8d bc f8 78 c2 ab bd-53 f1 7d ac 97 1c cb 67   ....x...S.}....g

    Start Time: 1579551276
    Timeout   : 7200 (sec)
    Verify return code: 18 (self signed certificate)
    Extended master secret: no
---
DONE
