CONNECTED(00000003)
---
Certificate chain
 0 s:/C=AU/ST=Some-State/O=Internet Widgits Pty Ltd
   i:/C=AU/ST=Some-State/O=Internet Widgits Pty Ltd
---
Server certificate
-----BEGIN CERTIFICATE-----
MIIDazCCAlOgAwIBAgIUUWBj1DL0r1TRK/dHpKSOke8mNyowDQYJKoZIhvcNAQEL
BQAwRTELMAkGA1UEBhMCQVUxEzARBgNVBAgMClNvbWUtU3RhdGUxITAfBgNVBAoM
GEludGVybmV0IFdpZGdpdHMgUHR5IEx0ZDAeFw0xOTEwMjUxNjE5MzFaFw0yMDEw
MjQxNjE5MzFaMEUxCzAJBgNVBAYTAkFVMRMwEQYDVQQIDApTb21lLVN0YXRlMSEw
HwYDVQQKDBhJbnRlcm5ldCBXaWRnaXRzIFB0eSBMdGQwggEiMA0GCSqGSIb3DQEB
AQUAA4IBDwAwggEKAoIBAQDIC3Wj6US5oUyyjcSP616loFW94MExGLh0Flr02LfO
X2w0ZkDOGC1B/zHrJK4On+z8bwx/+L1hytq/aVytgUQWoGWZwQGuzU7ev+lKjcIW
ai2Zeqk3RysFPNticj/qWomS+g2o2RFJ/oEtg6BdAsy49VZjS0BTPpdoBBb7sMOp
S0GvGPY85uFG9QTD/4o4UOfvruSHeJHih3pRYvkqwpZ3Al9EJuCI5zDchBr21fa9
0JNFecJb1HymDk/eN3FxDHf/ubdB/TMx8oauC5WVoA/cLZjfZa6r+Ibv6wGnZe9F
GZocIDBGxyeLRbHTzN42/7L6mTn4br9VWzLEswj8glT3AgMBAAGjUzBRMB0GA1Ud
DgQWBBSDg9456bq2D7ileJyJm3Dw1QE7eDAfBgNVHSMEGDAWgBSDg9456bq2D7il
eJyJm3Dw1QE7eDAPBgNVHRMBAf8EBTADAQH/MA0GCSqGSIb3DQEBCwUAA4IBAQBp
htY9dAYDr3+yewxDbenTzcPuD4nS1x11NNfKHNY/Ju6fQa2/cNzgHu3oOaGlQRQ4
Ob3wgkk7sK6YuyKR5YllT9vOGqBw/Ha9x7cdRaP4gKEnxrMIdxEIWJifz72TF7xI
SId9FHVKy9awaunIGJelJ+v2J4ZHkUk2vHLjR57SQdv+ENuMeQZX34PwvcLvXhRj
joX7tBBYYoB/haFlW9WMHM7HyYryMAirxnF3ltXWley0vnLXlkFLRSp4xzr0ERZW
1vXmmTv+c+yXzTo03A4BcEBZg0gN4FjM3lKJjiC9M6hJ8oVIJ+40MoKTgNjaupb7
vXxBDJcqvz+HMrruHXw3
-----END CERTIFICATE-----
subject=/C=AU/ST=Some-State/O=Internet Widgits Pty Ltd
issuer=/C=AU/ST=Some-State/O=Internet Widgits Pty Ltd
---
No client certificate CA names sent
---
SSL handshake has read 1195 bytes and written 389 bytes
---
New, TLSv1/SSLv3, Cipher is AES128-SHA
Server public key is 2048 bit
Secure Renegotiation IS supported
Compression: NONE
Expansion: NONE
No ALPN negotiated
SSL-Session:
    Protocol  : TLSv1
    Cipher    : AES128-SHA
    Session-ID: CF595103BFBCB63511C0B60FD87FD74F415CDE3940194A7C60FD6FD65B6333F0
    Session-ID-ctx: 
    Master-Key: 29B009491897F83D2D71C868AA3F0940240772830181FFE959453CE83BA434C8BDA2720C759F353DD4AC7B5314BC86D2
    Key-Arg   : None
    PSK identity: None
    PSK identity hint: None
    SRP username: None
    TLS session ticket lifetime hint: 7200 (seconds)
    TLS session ticket:
    0000 - ee 46 3f ab 5e fa 9c 32-23 49 60 fd 5d a5 39 a2   .F?.^..2#I`.].9.
    0010 - 07 6b 37 b1 58 10 c9 ba-e7 ae 90 2c 56 4f da 2c   .k7.X......,VO.,
    0020 - 59 af 7c 17 d7 4e 7e 4d-31 6d 40 e7 eb 09 9d 9b   Y.|..N~M1m@.....
    0030 - df b1 3d ed ef cf 64 ef-ab 8f 6e 18 be 61 67 1a   ..=...d...n..ag.
    0040 - be 48 6e ce bc b6 20 b5-8e 60 d1 fa e8 e0 97 4b   .Hn... ..`.....K
    0050 - 16 70 f5 0a e3 e5 14 3b-d2 07 c1 7b 4d ba d9 fc   .p.....;...{M...
    0060 - cc 08 8d 0c f4 b2 61 e0-97 79 ce d3 27 f6 de 80   ......a..y..'...
    0070 - a1 03 eb 13 42 cf 11 b4-79 51 9a 3a 0f 65 6d a7   ....B...yQ.:.em.
    0080 - e5 8c f3 3a eb e8 7e a1-1d 35 03 4d 04 85 69 10   ...:..~..5.M..i.
    0090 - 4b ca 36 22 1f 37 4b 4e-cb 54 98 45 c2 f7 58 ff   K.6".7KN.T.E..X.

    Start Time: 1578582248
    Timeout   : 7200 (sec)
    Verify return code: 18 (self signed certificate)
---
depth=0 C = AU, ST = Some-State, O = Internet Widgits Pty Ltd
verify error:num=18:self signed certificate
verify return:1
depth=0 C = AU, ST = Some-State, O = Internet Widgits Pty Ltd
verify return:1
DONE
