CONNECTED(00000003)
Can't use SSL_get_servername
depth=0 C = AU, ST = Some-State, O = Internet Widgits Pty Ltd
verify error:num=18:self signed certificate
verify return:1
depth=0 C = AU, ST = Some-State, O = Internet Widgits Pty Ltd
verify return:1
---
Certificate chain
 0 s:C = AU, ST = Some-State, O = Internet Widgits Pty Ltd
   i:C = AU, ST = Some-State, O = Internet Widgits Pty Ltd
---
Server certificate
-----BEGIN CERTIFICATE-----
MIIB4DCCAYWgAwIBAgIUCXxxGEjDfI8qZM/lYEyRO/5FAH8wCgYIKoZIzj0EAwIw
RTELMAkGA1UEBhMCQVUxEzARBgNVBAgMClNvbWUtU3RhdGUxITAfBgNVBAoMGElu
dGVybmV0IFdpZGdpdHMgUHR5IEx0ZDAeFw0yMDAxMjAxOTU0MTVaFw0yMTAxMTkx
OTU0MTVaMEUxCzAJBgNVBAYTAkFVMRMwEQYDVQQIDApTb21lLVN0YXRlMSEwHwYD
VQQKDBhJbnRlcm5ldCBXaWRnaXRzIFB0eSBMdGQwWTATBgcqhkjOPQIBBggqhkjO
PQMBBwNCAAQEWvQ5kNNn0gohxZiHN8GZ2c2YUKQBqHDOBcDHaOesleIQlq72x5jF
w74Y1H7BLGlwvZuJ3N/4jF8UdT098W+ho1MwUTAdBgNVHQ4EFgQU5K267TWlHB0Y
HXW940sLw8SUXeEwHwYDVR0jBBgwFoAU5K267TWlHB0YHXW940sLw8SUXeEwDwYD
VR0TAQH/BAUwAwEB/zAKBggqhkjOPQQDAgNJADBGAiEA4GScbVO50YAPJtbP4fny
StHIpNxRcMsSij4Qe2KiM/sCIQDY7Um4nntc3KIF6WOb68OZOQRfQylRLfyllN5r
hm7Z4g==
-----END CERTIFICATE-----
subject=C = AU, ST = Some-State, O = Internet Widgits Pty Ltd

issuer=C = AU, ST = Some-State, O = Internet Widgits Pty Ltd

---
No client certificate CA names sent
Peer signing digest: SHA1
Peer signature type: ECDSA
Server Temp Key: ECDH, P-256, 256 bits
---
SSL handshake has read 959 bytes and written 224 bytes
Verification error: self signed certificate
---
New, TLSv1.0, Cipher is ECDHE-ECDSA-AES256-SHA
Server public key is 256 bit
Secure Renegotiation IS supported
No ALPN negotiated
SSL-Session:
    Protocol  : TLSv1
    Cipher    : ECDHE-ECDSA-AES256-SHA
    Session-ID: C709A3EFAC15C0D25C4FD91B5A5862FE9497D67CC97C520CE3322BA7AEDEB83E
    Session-ID-ctx: 
    Master-Key: 93F5DDD70DEC8EE22EB6DD9A89042458373E19BE40C42B6DC9F04D142BD7DA435CDCDE09AF549D05FD3BAE3E9BA2A7EC
    PSK identity: None
    PSK identity hint: None
    SRP username: None
    TLS session ticket lifetime hint: 300 (seconds)
    TLS session ticket:
    0000 - a7 71 c3 47 9b 45 0b c1-f2 01 3f fc 24 36 58 c3   .q.G.E....?.$6X.
    0010 - d4 0f 8e fd fa da 6c f5-2f df 14 6d f0 27 db ea   ......l./..m.'..
    0020 - dd 48 d8 02 68 3a 4d bd-dc 5a 84 0e 57 01 31 e5   .H..h:M..Z..W.1.
    0030 - fd 6e e0 c2 01 26 0b b9-5f 60 40 de d9 8d a8 e4   .n...&.._`@.....
    0040 - 51 08 c9 d7 e9 00 50 9f-9e 64 8d 81 65 6e 5e f6   Q.....P..d..en^.
    0050 - f4 59 ac d7 25 87 ad 74-60 90 42 e6 fe 73 1c 89   .Y..%..t`.B..s..
    0060 - f8 e5 0f 35 e9 24 b3 65-f1 0d a4 16 bb 6a e8 4d   ...5.$.e.....j.M
    0070 - 09 f0 33 e2 e6 0d 6a ea-0d fb 7e 48 0a 57 e5 13   ..3...j...~H.W..
    0080 - 9c 1c 93 d6 3d a4 bd 02-56 4b f8 62 64 f7 eb c1   ....=...VK.bd...
    0090 - e4 8f d2 d3 f0 7f f8 55-18 ec b1 22 62 53 8c 9d   .......U..."bS..

    Start Time: 1579551238
    Timeout   : 7200 (sec)
    Verify return code: 18 (self signed certificate)
    Extended master secret: no
---
DONE
