CONNECTED(00000003)
Can't use SSL_get_servername
depth=0 C = AU, ST = Some-State, O = Internet Widgits Pty Ltd
verify error:num=18:self signed certificate
verify return:1
depth=0 C = AU, ST = Some-State, O = Internet Widgits Pty Ltd
verify return:1
---
Certificate chain
 0 s:C = AU, ST = Some-State, O = Internet Widgits Pty Ltd
   i:C = AU, ST = Some-State, O = Internet Widgits Pty Ltd
---
Server certificate
-----BEGIN CERTIFICATE-----
MIIDazCCAlOgAwIBAgIUUWBj1DL0r1TRK/dHpKSOke8mNyowDQYJKoZIhvcNAQEL
BQAwRTELMAkGA1UEBhMCQVUxEzARBgNVBAgMClNvbWUtU3RhdGUxITAfBgNVBAoM
GEludGVybmV0IFdpZGdpdHMgUHR5IEx0ZDAeFw0xOTEwMjUxNjE5MzFaFw0yMDEw
MjQxNjE5MzFaMEUxCzAJBgNVBAYTAkFVMRMwEQYDVQQIDApTb21lLVN0YXRlMSEw
HwYDVQQKDBhJbnRlcm5ldCBXaWRnaXRzIFB0eSBMdGQwggEiMA0GCSqGSIb3DQEB
AQUAA4IBDwAwggEKAoIBAQDIC3Wj6US5oUyyjcSP616loFW94MExGLh0Flr02LfO
X2w0ZkDOGC1B/zHrJK4On+z8bwx/+L1hytq/aVytgUQWoGWZwQGuzU7ev+lKjcIW
ai2Zeqk3RysFPNticj/qWomS+g2o2RFJ/oEtg6BdAsy49VZjS0BTPpdoBBb7sMOp
S0GvGPY85uFG9QTD/4o4UOfvruSHeJHih3pRYvkqwpZ3Al9EJuCI5zDchBr21fa9
0JNFecJb1HymDk/eN3FxDHf/ubdB/TMx8oauC5WVoA/cLZjfZa6r+Ibv6wGnZe9F
GZocIDBGxyeLRbHTzN42/7L6mTn4br9VWzLEswj8glT3AgMBAAGjUzBRMB0GA1Ud
DgQWBBSDg9456bq2D7ileJyJm3Dw1QE7eDAfBgNVHSMEGDAWgBSDg9456bq2D7il
eJyJm3Dw1QE7eDAPBgNVHRMBAf8EBTADAQH/MA0GCSqGSIb3DQEBCwUAA4IBAQBp
htY9dAYDr3+yewxDbenTzcPuD4nS1x11NNfKHNY/Ju6fQa2/cNzgHu3oOaGlQRQ4
Ob3wgkk7sK6YuyKR5YllT9vOGqBw/Ha9x7cdRaP4gKEnxrMIdxEIWJifz72TF7xI
SId9FHVKy9awaunIGJelJ+v2J4ZHkUk2vHLjR57SQdv+ENuMeQZX34PwvcLvXhRj
joX7tBBYYoB/haFlW9WMHM7HyYryMAirxnF3ltXWley0vnLXlkFLRSp4xzr0ERZW
1vXmmTv+c+yXzTo03A4BcEBZg0gN4FjM3lKJjiC9M6hJ8oVIJ+40MoKTgNjaupb7
vXxBDJcqvz+HMrruHXw3
-----END CERTIFICATE-----
subject=C = AU, ST = Some-State, O = Internet Widgits Pty Ltd

issuer=C = AU, ST = Some-State, O = Internet Widgits Pty Ltd

---
No client certificate CA names sent
Peer signing digest: MD5-SHA1
Peer signature type: RSA
Server Temp Key: DH, 2048 bits
---
SSL handshake has read 1997 bytes and written 408 bytes
Verification error: self signed certificate
---
New, SSLv3, Cipher is DHE-RSA-AES128-SHA
Server public key is 2048 bit
Secure Renegotiation IS supported
No ALPN negotiated
SSL-Session:
    Protocol  : TLSv1.1
    Cipher    : DHE-RSA-AES128-SHA
    Session-ID: 14E0A6AA523AD0BD66D52BAA2B780696B1B4E7BB8B02631C005E0EAD79367B51
    Session-ID-ctx: 
    Master-Key: 76B17EDBA82330FB652F4DC3D904C1D0D71592B2BAAADA249FCDB9665001FB92E0A78BC1BFA3F9881DFDDD1729E7CC34
    PSK identity: None
    PSK identity hint: None
    SRP username: None
    TLS session ticket lifetime hint: 300 (seconds)
    TLS session ticket:
    0000 - bf 9d 21 0c 7d b9 97 a6-3d 27 2b 78 d7 20 ff 13   ..!.}...='+x. ..
    0010 - 95 7d 60 9a a0 30 2e aa-d8 57 19 48 c4 9a 76 2c   .}`..0...W.H..v,
    0020 - 8a ff 54 3f d7 74 17 70-05 8a 47 b7 92 1f 4b 09   ..T?.t.p..G...K.
    0030 - 63 1c be 17 a1 16 9b 3b-3d db d7 8f 50 05 a2 98   c......;=...P...
    0040 - 22 82 7c 7e d8 b9 f1 ae-46 b6 d5 cd 85 1c 52 6a   ".|~....F.....Rj
    0050 - ef f6 73 ef 3c 7e 59 f0-da d7 d6 60 01 6e 3e 16   ..s.<~Y....`.n>.
    0060 - 6c 21 9f bd e8 90 5a c7-76 d2 6d 1a 40 da 4c 02   l!....Z.v.m.@.L.
    0070 - 3f a6 63 1d f7 a1 6e c4-d7 8e 2b f7 d7 03 38 b0   ?.c...n...+...8.
    0080 - 6a fa 13 6b 71 e2 18 4e-34 81 37 f1 b6 57 33 1d   j..kq..N4.7..W3.
    0090 - 3f e8 5a 8c a4 ba b0 8e-b9 f8 e8 c4 fc 04 5b 17   ?.Z...........[.

    Start Time: 1578582489
    Timeout   : 7200 (sec)
    Verify return code: 18 (self signed certificate)
    Extended master secret: no
---
DONE
