CONNECTED(00000003)
depth=0 C = AU, ST = Some-State, O = Internet Widgits Pty Ltd
verify error:num=18:self signed certificate
verify return:1
depth=0 C = AU, ST = Some-State, O = Internet Widgits Pty Ltd
verify return:1
---
Certificate chain
 0 s:/C=AU/ST=Some-State/O=Internet Widgits Pty Ltd
   i:/C=AU/ST=Some-State/O=Internet Widgits Pty Ltd
---
Server certificate
-----BEGIN CERTIFICATE-----
MIIDazCCAlOgAwIBAgIUUWBj1DL0r1TRK/dHpKSOke8mNyowDQYJKoZIhvcNAQEL
BQAwRTELMAkGA1UEBhMCQVUxEzARBgNVBAgMClNvbWUtU3RhdGUxITAfBgNVBAoM
GEludGVybmV0IFdpZGdpdHMgUHR5IEx0ZDAeFw0xOTEwMjUxNjE5MzFaFw0yMDEw
MjQxNjE5MzFaMEUxCzAJBgNVBAYTAkFVMRMwEQYDVQQIDApTb21lLVN0YXRlMSEw
HwYDVQQKDBhJbnRlcm5ldCBXaWRnaXRzIFB0eSBMdGQwggEiMA0GCSqGSIb3DQEB
AQUAA4IBDwAwggEKAoIBAQDIC3Wj6US5oUyyjcSP616loFW94MExGLh0Flr02LfO
X2w0ZkDOGC1B/zHrJK4On+z8bwx/+L1hytq/aVytgUQWoGWZwQGuzU7ev+lKjcIW
ai2Zeqk3RysFPNticj/qWomS+g2o2RFJ/oEtg6BdAsy49VZjS0BTPpdoBBb7sMOp
S0GvGPY85uFG9QTD/4o4UOfvruSHeJHih3pRYvkqwpZ3Al9EJuCI5zDchBr21fa9
0JNFecJb1HymDk/eN3FxDHf/ubdB/TMx8oauC5WVoA/cLZjfZa6r+Ibv6wGnZe9F
GZocIDBGxyeLRbHTzN42/7L6mTn4br9VWzLEswj8glT3AgMBAAGjUzBRMB0GA1Ud
DgQWBBSDg9456bq2D7ileJyJm3Dw1QE7eDAfBgNVHSMEGDAWgBSDg9456bq2D7il
eJyJm3Dw1QE7eDAPBgNVHRMBAf8EBTADAQH/MA0GCSqGSIb3DQEBCwUAA4IBAQBp
htY9dAYDr3+yewxDbenTzcPuD4nS1x11NNfKHNY/Ju6fQa2/cNzgHu3oOaGlQRQ4
Ob3wgkk7sK6YuyKR5YllT9vOGqBw/Ha9x7cdRaP4gKEnxrMIdxEIWJifz72TF7xI
SId9FHVKy9awaunIGJelJ+v2J4ZHkUk2vHLjR57SQdv+ENuMeQZX34PwvcLvXhRj
joX7tBBYYoB/haFlW9WMHM7HyYryMAirxnF3ltXWley0vnLXlkFLRSp4xzr0ERZW
1vXmmTv+c+yXzTo03A4BcEBZg0gN4FjM3lKJjiC9M6hJ8oVIJ+40MoKTgNjaupb7
vXxBDJcqvz+HMrruHXw3
-----END CERTIFICATE-----
subject=/C=AU/ST=Some-State/O=Internet Widgits Pty Ltd
issuer=/C=AU/ST=Some-State/O=Internet Widgits Pty Ltd
---
No client certificate CA names sent
---
SSL handshake has read 1200 bytes and written 389 bytes
---
New, TLSv1/SSLv3, Cipher is CAMELLIA128-SHA
Server public key is 2048 bit
Secure Renegotiation IS supported
Compression: NONE
Expansion: NONE
No ALPN negotiated
SSL-Session:
    Protocol  : TLSv1
    Cipher    : CAMELLIA128-SHA
    Session-ID: 5D7B13CAECE6D1B964197AA984A1CE7D56DA56908B1DB1F746AF9F8F7F7CF6FF
    Session-ID-ctx: 
    Master-Key: C815EC89F751FF366923A845761AFF91E2F67126152DCBFB7CA995749FECB7B88EDE703ED38F7B3F3AC66A99DDA558B8
    Key-Arg   : None
    PSK identity: None
    PSK identity hint: None
    SRP username: None
    TLS session ticket lifetime hint: 300 (seconds)
    TLS session ticket:
    0000 - 2f 9b 48 b1 34 d1 53 ab-56 76 74 80 5f b6 0c 93   /.H.4.S.Vvt._...
    0010 - 62 c3 3f 59 70 cb f6 e8-c4 b6 ff 66 72 82 2a 97   b.?Yp......fr.*.
    0020 - 96 91 f0 ce ec e6 3c f6-e1 42 d4 b1 2b c5 59 25   ......<..B..+.Y%
    0030 - 31 e1 4e d7 07 d3 36 d6-51 3e d4 57 aa 15 fa 57   1.N...6.Q>.W...W
    0040 - ed 8e cb 44 f8 0a 9e b4-0b 39 87 8e ec 37 98 e9   ...D.....9...7..
    0050 - b5 89 7f 22 8b 5b d3 9d-a1 89 9b 96 36 43 04 b0   ...".[......6C..
    0060 - 6b 54 e4 1b d7 bb a2 cd-40 74 9b 19 65 ab 6a 8b   kT......@t..e.j.
    0070 - 4a 6c 96 19 10 1e f9 43-fc 3f 87 be 77 39 36 ad   Jl.....C.?..w96.
    0080 - 11 e6 19 5e 43 0e 94 fe-24 ce 7a 36 ea c8 75 2f   ...^C...$.z6..u/
    0090 - bf ee a5 11 d2 12 39 50-ba f7 d8 8d 8f d4 3b 41   ......9P......;A

    Start Time: 1578582250
    Timeout   : 7200 (sec)
    Verify return code: 18 (self signed certificate)
---
DONE
