CONNECTED(00000003)
depth=0 C = AU, ST = Some-State, O = Internet Widgits Pty Ltd
verify error:num=18:self signed certificate
verify return:1
depth=0 C = AU, ST = Some-State, O = Internet Widgits Pty Ltd
verify return:1
---
Certificate chain
 0 s:/C=AU/ST=Some-State/O=Internet Widgits Pty Ltd
   i:/C=AU/ST=Some-State/O=Internet Widgits Pty Ltd
---
Server certificate
-----BEGIN CERTIFICATE-----
MIIDazCCAlOgAwIBAgIUUWBj1DL0r1TRK/dHpKSOke8mNyowDQYJKoZIhvcNAQEL
BQAwRTELMAkGA1UEBhMCQVUxEzARBgNVBAgMClNvbWUtU3RhdGUxITAfBgNVBAoM
GEludGVybmV0IFdpZGdpdHMgUHR5IEx0ZDAeFw0xOTEwMjUxNjE5MzFaFw0yMDEw
MjQxNjE5MzFaMEUxCzAJBgNVBAYTAkFVMRMwEQYDVQQIDApTb21lLVN0YXRlMSEw
HwYDVQQKDBhJbnRlcm5ldCBXaWRnaXRzIFB0eSBMdGQwggEiMA0GCSqGSIb3DQEB
AQUAA4IBDwAwggEKAoIBAQDIC3Wj6US5oUyyjcSP616loFW94MExGLh0Flr02LfO
X2w0ZkDOGC1B/zHrJK4On+z8bwx/+L1hytq/aVytgUQWoGWZwQGuzU7ev+lKjcIW
ai2Zeqk3RysFPNticj/qWomS+g2o2RFJ/oEtg6BdAsy49VZjS0BTPpdoBBb7sMOp
S0GvGPY85uFG9QTD/4o4UOfvruSHeJHih3pRYvkqwpZ3Al9EJuCI5zDchBr21fa9
0JNFecJb1HymDk/eN3FxDHf/ubdB/TMx8oauC5WVoA/cLZjfZa6r+Ibv6wGnZe9F
GZocIDBGxyeLRbHTzN42/7L6mTn4br9VWzLEswj8glT3AgMBAAGjUzBRMB0GA1Ud
DgQWBBSDg9456bq2D7ileJyJm3Dw1QE7eDAfBgNVHSMEGDAWgBSDg9456bq2D7il
eJyJm3Dw1QE7eDAPBgNVHRMBAf8EBTADAQH/MA0GCSqGSIb3DQEBCwUAA4IBAQBp
htY9dAYDr3+yewxDbenTzcPuD4nS1x11NNfKHNY/Ju6fQa2/cNzgHu3oOaGlQRQ4
Ob3wgkk7sK6YuyKR5YllT9vOGqBw/Ha9x7cdRaP4gKEnxrMIdxEIWJifz72TF7xI
SId9FHVKy9awaunIGJelJ+v2J4ZHkUk2vHLjR57SQdv+ENuMeQZX34PwvcLvXhRj
joX7tBBYYoB/haFlW9WMHM7HyYryMAirxnF3ltXWley0vnLXlkFLRSp4xzr0ERZW
1vXmmTv+c+yXzTo03A4BcEBZg0gN4FjM3lKJjiC9M6hJ8oVIJ+40MoKTgNjaupb7
vXxBDJcqvz+HMrruHXw3
-----END CERTIFICATE-----
subject=/C=AU/ST=Some-State/O=Internet Widgits Pty Ltd
issuer=/C=AU/ST=Some-State/O=Internet Widgits Pty Ltd
---
No client certificate CA names sent
---
SSL handshake has read 1192 bytes and written 381 bytes
---
New, TLSv1/SSLv3, Cipher is DES-CBC3-SHA
Server public key is 2048 bit
Secure Renegotiation IS supported
Compression: NONE
Expansion: NONE
No ALPN negotiated
SSL-Session:
    Protocol  : TLSv1
    Cipher    : DES-CBC3-SHA
    Session-ID: DCF2EFB1AD2E4427A0919C896F4163417DE1D92C91B168011A4FB4C6AED316EA
    Session-ID-ctx: 
    Master-Key: 1F04CDD3A617DC3CC2F027518B7044D1835E6BA7C394D05B0956FB2E01AEB3DE009638533A3B80D5BC9BE147F357328C
    Key-Arg   : None
    PSK identity: None
    PSK identity hint: None
    SRP username: None
    TLS session ticket lifetime hint: 300 (seconds)
    TLS session ticket:
    0000 - 2f 9b 48 b1 34 d1 53 ab-56 76 74 80 5f b6 0c 93   /.H.4.S.Vvt._...
    0010 - 51 0e fd d2 cf 1d eb a1-35 4e 9e 01 46 46 87 74   Q.......5N..FF.t
    0020 - 62 b6 c8 29 4c 57 1f 49-58 15 ca 54 c8 00 d3 dd   b..)LW.IX..T....
    0030 - 02 a2 ac d0 97 b7 9b d0-41 47 88 d2 bc ce 29 f8   ........AG....).
    0040 - 31 46 36 14 35 7d 9f 79-d5 38 23 1c 0a 4a 2b 52   1F6.5}.y.8#..J+R
    0050 - 06 74 28 b6 d4 aa 3b ae-cb 2b c3 4e 69 8f ea ee   .t(...;..+.Ni...
    0060 - a5 78 75 1d 65 9c 8c b2-ce 50 bd 9b 24 42 1b be   .xu.e....P..$B..
    0070 - 94 45 c4 e1 a0 fc 9f ba-58 50 dd d1 27 f4 bf bb   .E......XP..'...
    0080 - d1 52 35 dc 18 1e 4d d6-b3 f0 13 84 65 54 65 41   .R5...M.....eTeA
    0090 - fe b0 5e 3e 87 24 cc 81-c8 5e 0b 47 7b 13 d0 eb   ..^>.$...^.G{...

    Start Time: 1578582277
    Timeout   : 7200 (sec)
    Verify return code: 18 (self signed certificate)
---
DONE
