CONNECTED(00000003)
depth=0 C = AU, ST = Some-State, O = Internet Widgits Pty Ltd
verify error:num=18:self signed certificate
verify return:1
depth=0 C = AU, ST = Some-State, O = Internet Widgits Pty Ltd
verify return:1
---
Certificate chain
 0 s:/C=AU/ST=Some-State/O=Internet Widgits Pty Ltd
   i:/C=AU/ST=Some-State/O=Internet Widgits Pty Ltd
---
Server certificate
-----BEGIN CERTIFICATE-----
MIIDazCCAlOgAwIBAgIUUWBj1DL0r1TRK/dHpKSOke8mNyowDQYJKoZIhvcNAQEL
BQAwRTELMAkGA1UEBhMCQVUxEzARBgNVBAgMClNvbWUtU3RhdGUxITAfBgNVBAoM
GEludGVybmV0IFdpZGdpdHMgUHR5IEx0ZDAeFw0xOTEwMjUxNjE5MzFaFw0yMDEw
MjQxNjE5MzFaMEUxCzAJBgNVBAYTAkFVMRMwEQYDVQQIDApTb21lLVN0YXRlMSEw
HwYDVQQKDBhJbnRlcm5ldCBXaWRnaXRzIFB0eSBMdGQwggEiMA0GCSqGSIb3DQEB
AQUAA4IBDwAwggEKAoIBAQDIC3Wj6US5oUyyjcSP616loFW94MExGLh0Flr02LfO
X2w0ZkDOGC1B/zHrJK4On+z8bwx/+L1hytq/aVytgUQWoGWZwQGuzU7ev+lKjcIW
ai2Zeqk3RysFPNticj/qWomS+g2o2RFJ/oEtg6BdAsy49VZjS0BTPpdoBBb7sMOp
S0GvGPY85uFG9QTD/4o4UOfvruSHeJHih3pRYvkqwpZ3Al9EJuCI5zDchBr21fa9
0JNFecJb1HymDk/eN3FxDHf/ubdB/TMx8oauC5WVoA/cLZjfZa6r+Ibv6wGnZe9F
GZocIDBGxyeLRbHTzN42/7L6mTn4br9VWzLEswj8glT3AgMBAAGjUzBRMB0GA1Ud
DgQWBBSDg9456bq2D7ileJyJm3Dw1QE7eDAfBgNVHSMEGDAWgBSDg9456bq2D7il
eJyJm3Dw1QE7eDAPBgNVHRMBAf8EBTADAQH/MA0GCSqGSIb3DQEBCwUAA4IBAQBp
htY9dAYDr3+yewxDbenTzcPuD4nS1x11NNfKHNY/Ju6fQa2/cNzgHu3oOaGlQRQ4
Ob3wgkk7sK6YuyKR5YllT9vOGqBw/Ha9x7cdRaP4gKEnxrMIdxEIWJifz72TF7xI
SId9FHVKy9awaunIGJelJ+v2J4ZHkUk2vHLjR57SQdv+ENuMeQZX34PwvcLvXhRj
joX7tBBYYoB/haFlW9WMHM7HyYryMAirxnF3ltXWley0vnLXlkFLRSp4xzr0ERZW
1vXmmTv+c+yXzTo03A4BcEBZg0gN4FjM3lKJjiC9M6hJ8oVIJ+40MoKTgNjaupb7
vXxBDJcqvz+HMrruHXw3
-----END CERTIFICATE-----
subject=/C=AU/ST=Some-State/O=Internet Widgits Pty Ltd
issuer=/C=AU/ST=Some-State/O=Internet Widgits Pty Ltd
---
No client certificate CA names sent
Server Temp Key: DH, 2048 bits
---
SSL handshake has read 1986 bytes and written 389 bytes
---
New, TLSv1/SSLv3, Cipher is DHE-RSA-AES128-SHA
Server public key is 2048 bit
Secure Renegotiation IS supported
Compression: NONE
Expansion: NONE
No ALPN negotiated
SSL-Session:
    Protocol  : TLSv1
    Cipher    : DHE-RSA-AES128-SHA
    Session-ID: 64FD374ACD1C5E6A6EDB655B40F1469B8B2E39B40EE656C155CDB973F5EA6D31
    Session-ID-ctx: 
    Master-Key: D16637384729F8A58DABC3DC45CD9CD50014537E126E49C0CBDA04A2BA1FE56E216A96D3E48D9C003CE1D8879DF96CDF
    Key-Arg   : None
    PSK identity: None
    PSK identity hint: None
    SRP username: None
    TLS session ticket lifetime hint: 300 (seconds)
    TLS session ticket:
    0000 - a1 1d 7d 88 0f 26 4c 37-04 e6 0b 06 a5 6a 51 3b   ..}..&L7.....jQ;
    0010 - 2a 59 93 da 51 58 a3 51-8d 24 df 75 1c 4e 69 92   *Y..QX.Q.$.u.Ni.
    0020 - 29 63 c6 47 a2 dc 6b 4f-b0 05 e5 60 13 40 2b 75   )c.G..kO...`.@+u
    0030 - ac 9f 88 4f bd 74 85 34-05 8c 0f 15 71 7f 04 63   ...O.t.4....q..c
    0040 - 6b 73 c5 38 28 c5 5b 8c-ce 4e 3f a5 e8 5c b3 63   ks.8(.[..N?..\.c
    0050 - 98 79 21 57 6d 25 ef b5-86 6c 87 4a 50 c8 01 5e   .y!Wm%...l.JP..^
    0060 - c8 c3 34 c9 5e f0 be 5f-61 b9 7f 97 94 86 0b 6c   ..4.^.._a......l
    0070 - bd 64 e3 8a b0 ee e5 1f-b1 e0 58 ce a7 1a b8 24   .d........X....$
    0080 - 85 0a 3a 17 db 0c b2 63-47 94 df c9 67 64 64 54   ..:....cG...gddT
    0090 - 79 c4 af af 22 87 3a f7-43 48 3e cd 64 66 ec 80   y...".:.CH>.df..

    Start Time: 1578517460
    Timeout   : 7200 (sec)
    Verify return code: 18 (self signed certificate)
---
DONE
