CONNECTED(00000003)
depth=0 C = AU, ST = Some-State, O = Internet Widgits Pty Ltd
verify error:num=18:self signed certificate
verify return:1
depth=0 C = AU, ST = Some-State, O = Internet Widgits Pty Ltd
verify return:1
---
Certificate chain
 0 s:/C=AU/ST=Some-State/O=Internet Widgits Pty Ltd
   i:/C=AU/ST=Some-State/O=Internet Widgits Pty Ltd
---
Server certificate
-----BEGIN CERTIFICATE-----
MIIDazCCAlOgAwIBAgIUUWBj1DL0r1TRK/dHpKSOke8mNyowDQYJKoZIhvcNAQEL
BQAwRTELMAkGA1UEBhMCQVUxEzARBgNVBAgMClNvbWUtU3RhdGUxITAfBgNVBAoM
GEludGVybmV0IFdpZGdpdHMgUHR5IEx0ZDAeFw0xOTEwMjUxNjE5MzFaFw0yMDEw
MjQxNjE5MzFaMEUxCzAJBgNVBAYTAkFVMRMwEQYDVQQIDApTb21lLVN0YXRlMSEw
HwYDVQQKDBhJbnRlcm5ldCBXaWRnaXRzIFB0eSBMdGQwggEiMA0GCSqGSIb3DQEB
AQUAA4IBDwAwggEKAoIBAQDIC3Wj6US5oUyyjcSP616loFW94MExGLh0Flr02LfO
X2w0ZkDOGC1B/zHrJK4On+z8bwx/+L1hytq/aVytgUQWoGWZwQGuzU7ev+lKjcIW
ai2Zeqk3RysFPNticj/qWomS+g2o2RFJ/oEtg6BdAsy49VZjS0BTPpdoBBb7sMOp
S0GvGPY85uFG9QTD/4o4UOfvruSHeJHih3pRYvkqwpZ3Al9EJuCI5zDchBr21fa9
0JNFecJb1HymDk/eN3FxDHf/ubdB/TMx8oauC5WVoA/cLZjfZa6r+Ibv6wGnZe9F
GZocIDBGxyeLRbHTzN42/7L6mTn4br9VWzLEswj8glT3AgMBAAGjUzBRMB0GA1Ud
DgQWBBSDg9456bq2D7ileJyJm3Dw1QE7eDAfBgNVHSMEGDAWgBSDg9456bq2D7il
eJyJm3Dw1QE7eDAPBgNVHRMBAf8EBTADAQH/MA0GCSqGSIb3DQEBCwUAA4IBAQBp
htY9dAYDr3+yewxDbenTzcPuD4nS1x11NNfKHNY/Ju6fQa2/cNzgHu3oOaGlQRQ4
Ob3wgkk7sK6YuyKR5YllT9vOGqBw/Ha9x7cdRaP4gKEnxrMIdxEIWJifz72TF7xI
SId9FHVKy9awaunIGJelJ+v2J4ZHkUk2vHLjR57SQdv+ENuMeQZX34PwvcLvXhRj
joX7tBBYYoB/haFlW9WMHM7HyYryMAirxnF3ltXWley0vnLXlkFLRSp4xzr0ERZW
1vXmmTv+c+yXzTo03A4BcEBZg0gN4FjM3lKJjiC9M6hJ8oVIJ+40MoKTgNjaupb7
vXxBDJcqvz+HMrruHXw3
-----END CERTIFICATE-----
subject=/C=AU/ST=Some-State/O=Internet Widgits Pty Ltd
issuer=/C=AU/ST=Some-State/O=Internet Widgits Pty Ltd
---
No client certificate CA names sent
Server Temp Key: DH, 2048 bits
---
SSL handshake has read 1986 bytes and written 389 bytes
---
New, TLSv1/SSLv3, Cipher is DHE-RSA-SEED-SHA
Server public key is 2048 bit
Secure Renegotiation IS supported
Compression: NONE
Expansion: NONE
No ALPN negotiated
SSL-Session:
    Protocol  : TLSv1
    Cipher    : DHE-RSA-SEED-SHA
    Session-ID: 21D51C1660EC8000BCB36B17EE3EA22D89B87793BE42A60F7EC5580BA42F7C37
    Session-ID-ctx: 
    Master-Key: F27CDA19FEEE628FFA2DDA6368513179083546E48180A73ED381663E7CB66049D69F40ED380E3D5D471C64956430A1A2
    Key-Arg   : None
    PSK identity: None
    PSK identity hint: None
    SRP username: None
    TLS session ticket lifetime hint: 300 (seconds)
    TLS session ticket:
    0000 - 2f 9b 48 b1 34 d1 53 ab-56 76 74 80 5f b6 0c 93   /.H.4.S.Vvt._...
    0010 - 02 a2 95 30 f4 f0 45 7e-53 2f 12 00 ad c9 f2 4d   ...0..E~S/.....M
    0020 - b5 f5 d9 44 fc 2d f3 62-96 26 8e 89 7a a6 5a 4b   ...D.-.b.&..z.ZK
    0030 - 36 5f 42 5e 4a ae cd d4-e2 3b a5 06 56 e2 de f1   6_B^J....;..V...
    0040 - 06 a2 1a 8b a8 46 a7 4b-da fe fe 0d ac 8f ab 31   .....F.K.......1
    0050 - 08 2c c1 78 8a a7 a3 e4-b2 c5 3f 6e 75 0b d8 1d   .,.x......?nu...
    0060 - a4 b1 be 9c f7 74 16 3c-21 c6 43 41 da 75 0b 2f   .....t.<!.CA.u./
    0070 - 07 90 3a 77 59 e8 91 6e-64 c8 24 ec 93 c9 0e fb   ..:wY..nd.$.....
    0080 - 45 2c d3 32 6a 0c 27 9b-5f 16 55 d6 02 05 84 54   E,.2j.'._.U....T
    0090 - bd ab 78 07 c0 ad ff 5a-95 32 ef 05 fa 7f 53 9c   ..x....Z.2....S.

    Start Time: 1578582227
    Timeout   : 7200 (sec)
    Verify return code: 18 (self signed certificate)
---
DONE
