CONNECTED(00000003)
depth=0 C = AU, ST = Some-State, O = Internet Widgits Pty Ltd
verify error:num=18:self signed certificate
verify return:1
depth=0 C = AU, ST = Some-State, O = Internet Widgits Pty Ltd
verify return:1
---
Certificate chain
 0 s:/C=AU/ST=Some-State/O=Internet Widgits Pty Ltd
   i:/C=AU/ST=Some-State/O=Internet Widgits Pty Ltd
---
Server certificate
-----BEGIN CERTIFICATE-----
MIIDazCCAlOgAwIBAgIUUWBj1DL0r1TRK/dHpKSOke8mNyowDQYJKoZIhvcNAQEL
BQAwRTELMAkGA1UEBhMCQVUxEzARBgNVBAgMClNvbWUtU3RhdGUxITAfBgNVBAoM
GEludGVybmV0IFdpZGdpdHMgUHR5IEx0ZDAeFw0xOTEwMjUxNjE5MzFaFw0yMDEw
MjQxNjE5MzFaMEUxCzAJBgNVBAYTAkFVMRMwEQYDVQQIDApTb21lLVN0YXRlMSEw
HwYDVQQKDBhJbnRlcm5ldCBXaWRnaXRzIFB0eSBMdGQwggEiMA0GCSqGSIb3DQEB
AQUAA4IBDwAwggEKAoIBAQDIC3Wj6US5oUyyjcSP616loFW94MExGLh0Flr02LfO
X2w0ZkDOGC1B/zHrJK4On+z8bwx/+L1hytq/aVytgUQWoGWZwQGuzU7ev+lKjcIW
ai2Zeqk3RysFPNticj/qWomS+g2o2RFJ/oEtg6BdAsy49VZjS0BTPpdoBBb7sMOp
S0GvGPY85uFG9QTD/4o4UOfvruSHeJHih3pRYvkqwpZ3Al9EJuCI5zDchBr21fa9
0JNFecJb1HymDk/eN3FxDHf/ubdB/TMx8oauC5WVoA/cLZjfZa6r+Ibv6wGnZe9F
GZocIDBGxyeLRbHTzN42/7L6mTn4br9VWzLEswj8glT3AgMBAAGjUzBRMB0GA1Ud
DgQWBBSDg9456bq2D7ileJyJm3Dw1QE7eDAfBgNVHSMEGDAWgBSDg9456bq2D7il
eJyJm3Dw1QE7eDAPBgNVHRMBAf8EBTADAQH/MA0GCSqGSIb3DQEBCwUAA4IBAQBp
htY9dAYDr3+yewxDbenTzcPuD4nS1x11NNfKHNY/Ju6fQa2/cNzgHu3oOaGlQRQ4
Ob3wgkk7sK6YuyKR5YllT9vOGqBw/Ha9x7cdRaP4gKEnxrMIdxEIWJifz72TF7xI
SId9FHVKy9awaunIGJelJ+v2J4ZHkUk2vHLjR57SQdv+ENuMeQZX34PwvcLvXhRj
joX7tBBYYoB/haFlW9WMHM7HyYryMAirxnF3ltXWley0vnLXlkFLRSp4xzr0ERZW
1vXmmTv+c+yXzTo03A4BcEBZg0gN4FjM3lKJjiC9M6hJ8oVIJ+40MoKTgNjaupb7
vXxBDJcqvz+HMrruHXw3
-----END CERTIFICATE-----
subject=/C=AU/ST=Some-State/O=Internet Widgits Pty Ltd
issuer=/C=AU/ST=Some-State/O=Internet Widgits Pty Ltd
---
No client certificate CA names sent
Server Temp Key: ECDH, P-256, 256 bits
---
SSL handshake has read 1536 bytes and written 229 bytes
---
New, TLSv1/SSLv3, Cipher is ECDHE-RSA-DES-CBC3-SHA
Server public key is 2048 bit
Secure Renegotiation IS supported
Compression: NONE
Expansion: NONE
No ALPN negotiated
SSL-Session:
    Protocol  : TLSv1
    Cipher    : ECDHE-RSA-DES-CBC3-SHA
    Session-ID: 7156B74817316035E40728AAE1D4440B02EFE2D188F494621C02DE487713EFD2
    Session-ID-ctx: 
    Master-Key: 2155E13423EFFC09CA7622EC1C55EA54D57B3E5DD093C11EDA0D2381EE754B568988C8555E74B18F325F56D363DE9E0B
    Key-Arg   : None
    PSK identity: None
    PSK identity hint: None
    SRP username: None
    TLS session ticket lifetime hint: 300 (seconds)
    TLS session ticket:
    0000 - a1 1d 7d 88 0f 26 4c 37-04 e6 0b 06 a5 6a 51 3b   ..}..&L7.....jQ;
    0010 - 9e e1 18 4a 2a cd 9c 29-40 ee d1 68 5f ba d2 a8   ...J*..)@..h_...
    0020 - 93 db 3f f7 69 ed e3 42-2d bc 6f fe e2 c7 a2 f2   ..?.i..B-.o.....
    0030 - 53 e4 97 bf af de 70 a5-7a f2 9e 28 3e 4c 75 f6   S.....p.z..(>Lu.
    0040 - 11 58 f7 67 7b 8a 00 7f-d0 21 9d 7e 64 37 35 de   .X.g{....!.~d75.
    0050 - 7a b1 03 b4 df 96 b2 f7-c6 ab 03 03 2b e3 c7 40   z...........+..@
    0060 - 5d 00 63 dc d1 bb a0 ee-aa a5 75 04 10 a4 83 94   ].c.......u.....
    0070 - b5 32 b3 e8 be a8 a2 5a-56 fb 2a 9e 9e eb 93 a0   .2.....ZV.*.....
    0080 - 4a aa 4d 68 d3 5f 2d 64-e4 29 34 dd 0e fe 45 5f   J.Mh._-d.)4...E_
    0090 - 1e cf c0 95 fb d5 1b af-60 9b 2c 49 1f 70 99 80   ........`.,I.p..

    Start Time: 1578517502
    Timeout   : 7200 (sec)
    Verify return code: 18 (self signed certificate)
---
DONE
