CONNECTED(00000003)
depth=0 C = AU, ST = Some-State, O = Internet Widgits Pty Ltd
verify error:num=18:self signed certificate
verify return:1
depth=0 C = AU, ST = Some-State, O = Internet Widgits Pty Ltd
verify return:1
---
Certificate chain
 0 s:/C=AU/ST=Some-State/O=Internet Widgits Pty Ltd
   i:/C=AU/ST=Some-State/O=Internet Widgits Pty Ltd
---
Server certificate
-----BEGIN CERTIFICATE-----
MIIDazCCAlOgAwIBAgIUUWBj1DL0r1TRK/dHpKSOke8mNyowDQYJKoZIhvcNAQEL
BQAwRTELMAkGA1UEBhMCQVUxEzARBgNVBAgMClNvbWUtU3RhdGUxITAfBgNVBAoM
GEludGVybmV0IFdpZGdpdHMgUHR5IEx0ZDAeFw0xOTEwMjUxNjE5MzFaFw0yMDEw
MjQxNjE5MzFaMEUxCzAJBgNVBAYTAkFVMRMwEQYDVQQIDApTb21lLVN0YXRlMSEw
HwYDVQQKDBhJbnRlcm5ldCBXaWRnaXRzIFB0eSBMdGQwggEiMA0GCSqGSIb3DQEB
AQUAA4IBDwAwggEKAoIBAQDIC3Wj6US5oUyyjcSP616loFW94MExGLh0Flr02LfO
X2w0ZkDOGC1B/zHrJK4On+z8bwx/+L1hytq/aVytgUQWoGWZwQGuzU7ev+lKjcIW
ai2Zeqk3RysFPNticj/qWomS+g2o2RFJ/oEtg6BdAsy49VZjS0BTPpdoBBb7sMOp
S0GvGPY85uFG9QTD/4o4UOfvruSHeJHih3pRYvkqwpZ3Al9EJuCI5zDchBr21fa9
0JNFecJb1HymDk/eN3FxDHf/ubdB/TMx8oauC5WVoA/cLZjfZa6r+Ibv6wGnZe9F
GZocIDBGxyeLRbHTzN42/7L6mTn4br9VWzLEswj8glT3AgMBAAGjUzBRMB0GA1Ud
DgQWBBSDg9456bq2D7ileJyJm3Dw1QE7eDAfBgNVHSMEGDAWgBSDg9456bq2D7il
eJyJm3Dw1QE7eDAPBgNVHRMBAf8EBTADAQH/MA0GCSqGSIb3DQEBCwUAA4IBAQBp
htY9dAYDr3+yewxDbenTzcPuD4nS1x11NNfKHNY/Ju6fQa2/cNzgHu3oOaGlQRQ4
Ob3wgkk7sK6YuyKR5YllT9vOGqBw/Ha9x7cdRaP4gKEnxrMIdxEIWJifz72TF7xI
SId9FHVKy9awaunIGJelJ+v2J4ZHkUk2vHLjR57SQdv+ENuMeQZX34PwvcLvXhRj
joX7tBBYYoB/haFlW9WMHM7HyYryMAirxnF3ltXWley0vnLXlkFLRSp4xzr0ERZW
1vXmmTv+c+yXzTo03A4BcEBZg0gN4FjM3lKJjiC9M6hJ8oVIJ+40MoKTgNjaupb7
vXxBDJcqvz+HMrruHXw3
-----END CERTIFICATE-----
subject=/C=AU/ST=Some-State/O=Internet Widgits Pty Ltd
issuer=/C=AU/ST=Some-State/O=Internet Widgits Pty Ltd
---
No client certificate CA names sent
Server Temp Key: ECDH, P-256, 256 bits
---
SSL handshake has read 1532 bytes and written 225 bytes
---
New, TLSv1/SSLv3, Cipher is ECDHE-RSA-RC4-SHA
Server public key is 2048 bit
Secure Renegotiation IS supported
Compression: NONE
Expansion: NONE
No ALPN negotiated
SSL-Session:
    Protocol  : TLSv1
    Cipher    : ECDHE-RSA-RC4-SHA
    Session-ID: CB266A3088B5C33ABB468D94864E6A652ACA31F14EA4B3A99A2F375AD9BB67C9
    Session-ID-ctx: 
    Master-Key: AF424191444447D02137DD6333F12166D3757ECF0427C39AD8990049D0E3AFA910E5767B3229D04266E2630F88225B1F
    Key-Arg   : None
    PSK identity: None
    PSK identity hint: None
    SRP username: None
    TLS session ticket lifetime hint: 300 (seconds)
    TLS session ticket:
    0000 - a1 1d 7d 88 0f 26 4c 37-04 e6 0b 06 a5 6a 51 3b   ..}..&L7.....jQ;
    0010 - f4 86 7b 65 9f 0e 8c cc-7d 10 37 6a d8 47 58 87   ..{e....}.7j.GX.
    0020 - 7c 34 07 dc c0 56 17 7b-6c 43 67 7d 35 3e 5e 57   |4...V.{lCg}5>^W
    0030 - b0 73 a4 0c 07 47 13 e2-76 ae bc b5 2c 54 0a 81   .s...G..v...,T..
    0040 - 2d c3 ac 53 c2 60 b8 6d-a3 7f 0a 53 16 c5 9d d7   -..S.`.m...S....
    0050 - 55 8c 64 32 2d cf f6 43-3b 99 ce ed c7 65 b5 31   U.d2-..C;....e.1
    0060 - 99 a5 74 e0 f8 dd 97 b0-c8 31 e5 df 12 5e 1c e9   ..t......1...^..
    0070 - 12 43 38 ee 0a b1 ec f1-ab 3c b2 c6 e2 9f 78 a5   .C8......<....x.
    0080 - e9 4f 6c c5 0a d3 b6 a9-13 87 e2 f9 ef 73 4d b9   .Ol..........sM.
    0090 - 72 fd 36 4b 50 01 ea 13-d4 15 71 e2 b2 19 1e 96   r.6KP.....q.....

    Start Time: 1578517492
    Timeout   : 7200 (sec)
    Verify return code: 18 (self signed certificate)
---
DONE
