CONNECTED(00000003)
depth=0 C = AU, ST = Some-State, O = Internet Widgits Pty Ltd
verify error:num=18:self signed certificate
verify return:1
depth=0 C = AU, ST = Some-State, O = Internet Widgits Pty Ltd
verify return:1
---
Certificate chain
 0 s:/C=AU/ST=Some-State/O=Internet Widgits Pty Ltd
   i:/C=AU/ST=Some-State/O=Internet Widgits Pty Ltd
---
Server certificate
-----BEGIN CERTIFICATE-----
MIIDazCCAlOgAwIBAgIUUWBj1DL0r1TRK/dHpKSOke8mNyowDQYJKoZIhvcNAQEL
BQAwRTELMAkGA1UEBhMCQVUxEzARBgNVBAgMClNvbWUtU3RhdGUxITAfBgNVBAoM
GEludGVybmV0IFdpZGdpdHMgUHR5IEx0ZDAeFw0xOTEwMjUxNjE5MzFaFw0yMDEw
MjQxNjE5MzFaMEUxCzAJBgNVBAYTAkFVMRMwEQYDVQQIDApTb21lLVN0YXRlMSEw
HwYDVQQKDBhJbnRlcm5ldCBXaWRnaXRzIFB0eSBMdGQwggEiMA0GCSqGSIb3DQEB
AQUAA4IBDwAwggEKAoIBAQDIC3Wj6US5oUyyjcSP616loFW94MExGLh0Flr02LfO
X2w0ZkDOGC1B/zHrJK4On+z8bwx/+L1hytq/aVytgUQWoGWZwQGuzU7ev+lKjcIW
ai2Zeqk3RysFPNticj/qWomS+g2o2RFJ/oEtg6BdAsy49VZjS0BTPpdoBBb7sMOp
S0GvGPY85uFG9QTD/4o4UOfvruSHeJHih3pRYvkqwpZ3Al9EJuCI5zDchBr21fa9
0JNFecJb1HymDk/eN3FxDHf/ubdB/TMx8oauC5WVoA/cLZjfZa6r+Ibv6wGnZe9F
GZocIDBGxyeLRbHTzN42/7L6mTn4br9VWzLEswj8glT3AgMBAAGjUzBRMB0GA1Ud
DgQWBBSDg9456bq2D7ileJyJm3Dw1QE7eDAfBgNVHSMEGDAWgBSDg9456bq2D7il
eJyJm3Dw1QE7eDAPBgNVHRMBAf8EBTADAQH/MA0GCSqGSIb3DQEBCwUAA4IBAQBp
htY9dAYDr3+yewxDbenTzcPuD4nS1x11NNfKHNY/Ju6fQa2/cNzgHu3oOaGlQRQ4
Ob3wgkk7sK6YuyKR5YllT9vOGqBw/Ha9x7cdRaP4gKEnxrMIdxEIWJifz72TF7xI
SId9FHVKy9awaunIGJelJ+v2J4ZHkUk2vHLjR57SQdv+ENuMeQZX34PwvcLvXhRj
joX7tBBYYoB/haFlW9WMHM7HyYryMAirxnF3ltXWley0vnLXlkFLRSp4xzr0ERZW
1vXmmTv+c+yXzTo03A4BcEBZg0gN4FjM3lKJjiC9M6hJ8oVIJ+40MoKTgNjaupb7
vXxBDJcqvz+HMrruHXw3
-----END CERTIFICATE-----
subject=/C=AU/ST=Some-State/O=Internet Widgits Pty Ltd
issuer=/C=AU/ST=Some-State/O=Internet Widgits Pty Ltd
---
No client certificate CA names sent
---
SSL handshake has read 1192 bytes and written 381 bytes
---
New, TLSv1/SSLv3, Cipher is DES-CBC3-SHA
Server public key is 2048 bit
Secure Renegotiation IS supported
Compression: NONE
Expansion: NONE
No ALPN negotiated
SSL-Session:
    Protocol  : TLSv1
    Cipher    : DES-CBC3-SHA
    Session-ID: 4ACD86F427357BDFA1C18B27993241896D4685EC92BA507C04BE5ECC8150CF97
    Session-ID-ctx: 
    Master-Key: 348D3459129AFC6D51FC56F678C3F81B3A52E4980C5EB963FA53A0AB5DF12DC1955124C25862330F22A29F59013A012E
    Key-Arg   : None
    PSK identity: None
    PSK identity hint: None
    SRP username: None
    TLS session ticket lifetime hint: 300 (seconds)
    TLS session ticket:
    0000 - f9 42 2b 85 1f 36 a7 ab-27 fd 17 fa 8b 59 e3 5f   .B+..6..'....Y._
    0010 - 13 f2 16 31 fc 7f 63 b7-86 ae 67 04 54 db 81 1a   ...1..c...g.T...
    0020 - de 72 3c 65 78 7e 7e 10-26 80 1e bb f5 1b c7 47   .r<ex~~.&......G
    0030 - d6 cb 53 dd bf 83 f1 bc-bb 26 a1 5f 6a 30 b4 37   ..S......&._j0.7
    0040 - 49 60 2a 73 db 0d 92 64-83 09 d0 8e a3 d7 39 17   I`*s...d......9.
    0050 - 3c 01 9c f8 81 40 3b 7b-75 aa 72 1e 5d 5e f1 06   <....@;{u.r.]^..
    0060 - 1d a3 bf a6 e6 25 d3 6f-05 6b 7e b3 01 83 83 00   .....%.o.k~.....
    0070 - 99 e4 4f 54 66 4c 0e b6-a3 74 2f 3e 99 51 3f 9c   ..OTfL...t/>.Q?.
    0080 - 59 16 02 95 5e 58 69 ed-ad b6 6b 6c ed 0c 2e d8   Y...^Xi...kl....
    0090 - 52 03 e8 5b c5 7d 69 a7-41 ba ac 79 5d 69 1f b2   R..[.}i.A..y]i..

    Start Time: 1578577641
    Timeout   : 7200 (sec)
    Verify return code: 18 (self signed certificate)
---
DONE
