CONNECTED(00000003)
depth=0 C = AU, ST = Some-State, O = Internet Widgits Pty Ltd
verify error:num=18:self signed certificate
verify return:1
depth=0 C = AU, ST = Some-State, O = Internet Widgits Pty Ltd
verify return:1
---
Certificate chain
 0 s:/C=AU/ST=Some-State/O=Internet Widgits Pty Ltd
   i:/C=AU/ST=Some-State/O=Internet Widgits Pty Ltd
---
Server certificate
-----BEGIN CERTIFICATE-----
MIIDazCCAlOgAwIBAgIUUWBj1DL0r1TRK/dHpKSOke8mNyowDQYJKoZIhvcNAQEL
BQAwRTELMAkGA1UEBhMCQVUxEzARBgNVBAgMClNvbWUtU3RhdGUxITAfBgNVBAoM
GEludGVybmV0IFdpZGdpdHMgUHR5IEx0ZDAeFw0xOTEwMjUxNjE5MzFaFw0yMDEw
MjQxNjE5MzFaMEUxCzAJBgNVBAYTAkFVMRMwEQYDVQQIDApTb21lLVN0YXRlMSEw
HwYDVQQKDBhJbnRlcm5ldCBXaWRnaXRzIFB0eSBMdGQwggEiMA0GCSqGSIb3DQEB
AQUAA4IBDwAwggEKAoIBAQDIC3Wj6US5oUyyjcSP616loFW94MExGLh0Flr02LfO
X2w0ZkDOGC1B/zHrJK4On+z8bwx/+L1hytq/aVytgUQWoGWZwQGuzU7ev+lKjcIW
ai2Zeqk3RysFPNticj/qWomS+g2o2RFJ/oEtg6BdAsy49VZjS0BTPpdoBBb7sMOp
S0GvGPY85uFG9QTD/4o4UOfvruSHeJHih3pRYvkqwpZ3Al9EJuCI5zDchBr21fa9
0JNFecJb1HymDk/eN3FxDHf/ubdB/TMx8oauC5WVoA/cLZjfZa6r+Ibv6wGnZe9F
GZocIDBGxyeLRbHTzN42/7L6mTn4br9VWzLEswj8glT3AgMBAAGjUzBRMB0GA1Ud
DgQWBBSDg9456bq2D7ileJyJm3Dw1QE7eDAfBgNVHSMEGDAWgBSDg9456bq2D7il
eJyJm3Dw1QE7eDAPBgNVHRMBAf8EBTADAQH/MA0GCSqGSIb3DQEBCwUAA4IBAQBp
htY9dAYDr3+yewxDbenTzcPuD4nS1x11NNfKHNY/Ju6fQa2/cNzgHu3oOaGlQRQ4
Ob3wgkk7sK6YuyKR5YllT9vOGqBw/Ha9x7cdRaP4gKEnxrMIdxEIWJifz72TF7xI
SId9FHVKy9awaunIGJelJ+v2J4ZHkUk2vHLjR57SQdv+ENuMeQZX34PwvcLvXhRj
joX7tBBYYoB/haFlW9WMHM7HyYryMAirxnF3ltXWley0vnLXlkFLRSp4xzr0ERZW
1vXmmTv+c+yXzTo03A4BcEBZg0gN4FjM3lKJjiC9M6hJ8oVIJ+40MoKTgNjaupb7
vXxBDJcqvz+HMrruHXw3
-----END CERTIFICATE-----
subject=/C=AU/ST=Some-State/O=Internet Widgits Pty Ltd
issuer=/C=AU/ST=Some-State/O=Internet Widgits Pty Ltd
---
No client certificate CA names sent
Server Temp Key: DH, 2048 bits
---
SSL handshake has read 1986 bytes and written 389 bytes
---
New, TLSv1/SSLv3, Cipher is DHE-RSA-AES256-SHA
Server public key is 2048 bit
Secure Renegotiation IS supported
Compression: NONE
Expansion: NONE
No ALPN negotiated
SSL-Session:
    Protocol  : TLSv1
    Cipher    : DHE-RSA-AES256-SHA
    Session-ID: E46F892433A4845D0B660265DE19F9986A8CD69967D50E029AF63A04416DDD0A
    Session-ID-ctx: 
    Master-Key: 9CF0E438C169B54BC889EE1FD5FC1C53AC7494F2F928A9BD90B4132AF6B439226EEBF9002785F00AF935674A408809FE
    Key-Arg   : None
    PSK identity: None
    PSK identity hint: None
    SRP username: None
    TLS session ticket lifetime hint: 300 (seconds)
    TLS session ticket:
    0000 - f9 42 2b 85 1f 36 a7 ab-27 fd 17 fa 8b 59 e3 5f   .B+..6..'....Y._
    0010 - 03 27 a0 3d a4 96 3c 4b-2c 14 3d fd 1f 40 28 2a   .'.=..<K,.=..@(*
    0020 - 50 98 98 b2 81 2e 23 35-69 37 2b 41 ff e4 24 70   P.....#5i7+A..$p
    0030 - e2 48 ce ff 54 a9 ea 8f-8f b2 b2 f9 c6 cf 3e f1   .H..T.........>.
    0040 - 0d 6b f1 a2 70 5a b7 fb-b6 6b d5 14 0c a7 eb 0e   .k..pZ...k......
    0050 - 8d 72 24 80 ad c8 0f 62-2e 5d f9 c9 c2 1a c4 13   .r$....b.]......
    0060 - ef f0 c8 37 c6 84 93 93-62 58 1a 8e 02 65 17 50   ...7....bX...e.P
    0070 - 78 d3 d0 be 41 3f 3b d6-30 78 17 df 96 75 4e fe   x...A?;.0x...uN.
    0080 - 2c 6f 4a 93 d6 46 3b 8d-fd 92 9e 9a 49 97 3c 9b   ,oJ..F;.....I.<.
    0090 - 72 04 48 d7 c3 70 4b 46-11 2a 3b 9e 62 89 2a cf   r.H..pKF.*;.b.*.

    Start Time: 1578577539
    Timeout   : 7200 (sec)
    Verify return code: 18 (self signed certificate)
---
DONE
