CONNECTED(00000003)
depth=0 C = AU, ST = Some-State, O = Internet Widgits Pty Ltd
verify error:num=18:self signed certificate
verify return:1
depth=0 C = AU, ST = Some-State, O = Internet Widgits Pty Ltd
verify return:1
---
Certificate chain
 0 s:/C=AU/ST=Some-State/O=Internet Widgits Pty Ltd
   i:/C=AU/ST=Some-State/O=Internet Widgits Pty Ltd
---
Server certificate
-----BEGIN CERTIFICATE-----
MIIDazCCAlOgAwIBAgIUUWBj1DL0r1TRK/dHpKSOke8mNyowDQYJKoZIhvcNAQEL
BQAwRTELMAkGA1UEBhMCQVUxEzARBgNVBAgMClNvbWUtU3RhdGUxITAfBgNVBAoM
GEludGVybmV0IFdpZGdpdHMgUHR5IEx0ZDAeFw0xOTEwMjUxNjE5MzFaFw0yMDEw
MjQxNjE5MzFaMEUxCzAJBgNVBAYTAkFVMRMwEQYDVQQIDApTb21lLVN0YXRlMSEw
HwYDVQQKDBhJbnRlcm5ldCBXaWRnaXRzIFB0eSBMdGQwggEiMA0GCSqGSIb3DQEB
AQUAA4IBDwAwggEKAoIBAQDIC3Wj6US5oUyyjcSP616loFW94MExGLh0Flr02LfO
X2w0ZkDOGC1B/zHrJK4On+z8bwx/+L1hytq/aVytgUQWoGWZwQGuzU7ev+lKjcIW
ai2Zeqk3RysFPNticj/qWomS+g2o2RFJ/oEtg6BdAsy49VZjS0BTPpdoBBb7sMOp
S0GvGPY85uFG9QTD/4o4UOfvruSHeJHih3pRYvkqwpZ3Al9EJuCI5zDchBr21fa9
0JNFecJb1HymDk/eN3FxDHf/ubdB/TMx8oauC5WVoA/cLZjfZa6r+Ibv6wGnZe9F
GZocIDBGxyeLRbHTzN42/7L6mTn4br9VWzLEswj8glT3AgMBAAGjUzBRMB0GA1Ud
DgQWBBSDg9456bq2D7ileJyJm3Dw1QE7eDAfBgNVHSMEGDAWgBSDg9456bq2D7il
eJyJm3Dw1QE7eDAPBgNVHRMBAf8EBTADAQH/MA0GCSqGSIb3DQEBCwUAA4IBAQBp
htY9dAYDr3+yewxDbenTzcPuD4nS1x11NNfKHNY/Ju6fQa2/cNzgHu3oOaGlQRQ4
Ob3wgkk7sK6YuyKR5YllT9vOGqBw/Ha9x7cdRaP4gKEnxrMIdxEIWJifz72TF7xI
SId9FHVKy9awaunIGJelJ+v2J4ZHkUk2vHLjR57SQdv+ENuMeQZX34PwvcLvXhRj
joX7tBBYYoB/haFlW9WMHM7HyYryMAirxnF3ltXWley0vnLXlkFLRSp4xzr0ERZW
1vXmmTv+c+yXzTo03A4BcEBZg0gN4FjM3lKJjiC9M6hJ8oVIJ+40MoKTgNjaupb7
vXxBDJcqvz+HMrruHXw3
-----END CERTIFICATE-----
subject=/C=AU/ST=Some-State/O=Internet Widgits Pty Ltd
issuer=/C=AU/ST=Some-State/O=Internet Widgits Pty Ltd
---
No client certificate CA names sent
Server Temp Key: ECDH, P-256, 256 bits
---
SSL handshake has read 1536 bytes and written 229 bytes
---
New, TLSv1/SSLv3, Cipher is ECDHE-RSA-DES-CBC3-SHA
Server public key is 2048 bit
Secure Renegotiation IS supported
Compression: NONE
Expansion: NONE
No ALPN negotiated
SSL-Session:
    Protocol  : TLSv1
    Cipher    : ECDHE-RSA-DES-CBC3-SHA
    Session-ID: F3B2EAF0A728BAC3BFA7A935D833267D7D5A58BE5908F992378603C35E653C0C
    Session-ID-ctx: 
    Master-Key: 37020B6875A6A5A7FF5123078E1F5EB8886408A6332F1B2EABA9748F283A2EF80123564C1DE16BF7F74ACCA828E75E15
    Key-Arg   : None
    PSK identity: None
    PSK identity hint: None
    SRP username: None
    TLS session ticket lifetime hint: 300 (seconds)
    TLS session ticket:
    0000 - a7 71 c3 47 9b 45 0b c1-f2 01 3f fc 24 36 58 c3   .q.G.E....?.$6X.
    0010 - 37 1a 5e 36 02 1a db 93-21 cb 06 2a bb 3c 46 ab   7.^6....!..*.<F.
    0020 - b5 88 ba 4a 62 34 75 82-73 55 cd 8a a2 de f5 c1   ...Jb4u.sU......
    0030 - e1 3d d3 af 4c 8e f4 aa-9c 59 e4 ae c4 70 fd 61   .=..L....Y...p.a
    0040 - d5 9e 69 2e d7 fc 73 f8-19 fd c7 22 de ef ea d7   ..i...s...."....
    0050 - 16 b3 c2 5a 00 7c be e2-a7 f8 6b b6 c1 2f b6 f6   ...Z.|....k../..
    0060 - 10 6f 31 2a f0 eb 25 85-bc 3e 30 a5 9c 46 bb 4f   .o1*..%..>0..F.O
    0070 - fe 1f f3 12 8b 8c 99 5f-d0 6a 9b b8 fb 9a 7b e0   ......._.j....{.
    0080 - 4c 2a 9b 1c 76 44 b8 bc-58 9f c9 8a c8 ff e8 0e   L*..vD..X.......
    0090 - d1 a7 3e f3 cd ff b7 07-62 f1 f5 ad d6 a2 bc 74   ..>.....b......t

    Start Time: 1579551030
    Timeout   : 7200 (sec)
    Verify return code: 18 (self signed certificate)
---
DONE
