CONNECTED(00000003)
depth=0 C = AU, ST = Some-State, O = Internet Widgits Pty Ltd
verify error:num=18:self signed certificate
verify return:1
depth=0 C = AU, ST = Some-State, O = Internet Widgits Pty Ltd
verify return:1
---
Certificate chain
 0 s:/C=AU/ST=Some-State/O=Internet Widgits Pty Ltd
   i:/C=AU/ST=Some-State/O=Internet Widgits Pty Ltd
---
Server certificate
-----BEGIN CERTIFICATE-----
MIIDazCCAlOgAwIBAgIUUWBj1DL0r1TRK/dHpKSOke8mNyowDQYJKoZIhvcNAQEL
BQAwRTELMAkGA1UEBhMCQVUxEzARBgNVBAgMClNvbWUtU3RhdGUxITAfBgNVBAoM
GEludGVybmV0IFdpZGdpdHMgUHR5IEx0ZDAeFw0xOTEwMjUxNjE5MzFaFw0yMDEw
MjQxNjE5MzFaMEUxCzAJBgNVBAYTAkFVMRMwEQYDVQQIDApTb21lLVN0YXRlMSEw
HwYDVQQKDBhJbnRlcm5ldCBXaWRnaXRzIFB0eSBMdGQwggEiMA0GCSqGSIb3DQEB
AQUAA4IBDwAwggEKAoIBAQDIC3Wj6US5oUyyjcSP616loFW94MExGLh0Flr02LfO
X2w0ZkDOGC1B/zHrJK4On+z8bwx/+L1hytq/aVytgUQWoGWZwQGuzU7ev+lKjcIW
ai2Zeqk3RysFPNticj/qWomS+g2o2RFJ/oEtg6BdAsy49VZjS0BTPpdoBBb7sMOp
S0GvGPY85uFG9QTD/4o4UOfvruSHeJHih3pRYvkqwpZ3Al9EJuCI5zDchBr21fa9
0JNFecJb1HymDk/eN3FxDHf/ubdB/TMx8oauC5WVoA/cLZjfZa6r+Ibv6wGnZe9F
GZocIDBGxyeLRbHTzN42/7L6mTn4br9VWzLEswj8glT3AgMBAAGjUzBRMB0GA1Ud
DgQWBBSDg9456bq2D7ileJyJm3Dw1QE7eDAfBgNVHSMEGDAWgBSDg9456bq2D7il
eJyJm3Dw1QE7eDAPBgNVHRMBAf8EBTADAQH/MA0GCSqGSIb3DQEBCwUAA4IBAQBp
htY9dAYDr3+yewxDbenTzcPuD4nS1x11NNfKHNY/Ju6fQa2/cNzgHu3oOaGlQRQ4
Ob3wgkk7sK6YuyKR5YllT9vOGqBw/Ha9x7cdRaP4gKEnxrMIdxEIWJifz72TF7xI
SId9FHVKy9awaunIGJelJ+v2J4ZHkUk2vHLjR57SQdv+ENuMeQZX34PwvcLvXhRj
joX7tBBYYoB/haFlW9WMHM7HyYryMAirxnF3ltXWley0vnLXlkFLRSp4xzr0ERZW
1vXmmTv+c+yXzTo03A4BcEBZg0gN4FjM3lKJjiC9M6hJ8oVIJ+40MoKTgNjaupb7
vXxBDJcqvz+HMrruHXw3
-----END CERTIFICATE-----
subject=/C=AU/ST=Some-State/O=Internet Widgits Pty Ltd
issuer=/C=AU/ST=Some-State/O=Internet Widgits Pty Ltd
---
No client certificate CA names sent
Server Temp Key: ECDH, P-256, 256 bits
---
SSL handshake has read 1532 bytes and written 225 bytes
---
New, TLSv1/SSLv3, Cipher is ECDHE-RSA-RC4-SHA
Server public key is 2048 bit
Secure Renegotiation IS supported
Compression: NONE
Expansion: NONE
No ALPN negotiated
SSL-Session:
    Protocol  : TLSv1
    Cipher    : ECDHE-RSA-RC4-SHA
    Session-ID: 9FB7B0E6CD916B112DFEFFF1BF658258E9F83C42E52A51D0E7F75A009CB0C828
    Session-ID-ctx: 
    Master-Key: EFA11B5A07DE26A57C1DDE7530B5BFF83CE258FC271CB25455600C8210BFEF63FB7940757888DE487B0F04A6CAF6845A
    Key-Arg   : None
    PSK identity: None
    PSK identity hint: None
    SRP username: None
    TLS session ticket lifetime hint: 300 (seconds)
    TLS session ticket:
    0000 - 78 cf 2b 20 35 f6 a9 ad-72 b3 52 59 53 4e 8a f9   x.+ 5...r.RYSN..
    0010 - c8 c0 f8 fd ca f9 c0 ea-f9 94 5b 36 42 ab 05 4f   ..........[6B..O
    0020 - 15 c1 47 9e 66 0b 7f ef-94 f8 21 af 7f 00 0d 86   ..G.f.....!.....
    0030 - 04 b4 f0 58 6e 04 8b f3-88 56 7e 50 fa a2 fe 46   ...Xn....V~P...F
    0040 - dd e5 16 8d e0 4b 6f b5-40 7e 55 55 a8 09 02 21   .....Ko.@~UU...!
    0050 - 13 34 ad e7 64 ba db a1-fe 2f ed 54 d6 ea 3f 6c   .4..d..../.T..?l
    0060 - b4 42 d0 62 5c b9 64 74-b1 e2 38 cd 11 cb 38 11   .B.b\.dt..8...8.
    0070 - 43 d1 13 3e 5f 19 14 9b-f8 c9 f8 95 fb 13 dc fb   C..>_...........
    0080 - a9 84 1f ab 0b c1 85 29-c5 93 88 56 1e 59 36 78   .......)...V.Y6x
    0090 - f2 cb 42 f7 11 50 78 f4-30 cd 6b 2c 00 f4 5c 83   ..B..Px.0.k,..\.

    Start Time: 1578517492
    Timeout   : 7200 (sec)
    Verify return code: 18 (self signed certificate)
---
DONE
