depth=0 C = AU, ST = Some-State, O = Internet Widgits Pty Ltd
verify error:num=18:self signed certificate
verify return:1
depth=0 C = AU, ST = Some-State, O = Internet Widgits Pty Ltd
verify return:1
CONNECTED(00000003)
---
Certificate chain
 0 s:/C=AU/ST=Some-State/O=Internet Widgits Pty Ltd
   i:/C=AU/ST=Some-State/O=Internet Widgits Pty Ltd
---
Server certificate
-----BEGIN CERTIFICATE-----
MIIDazCCAlOgAwIBAgIUUWBj1DL0r1TRK/dHpKSOke8mNyowDQYJKoZIhvcNAQEL
BQAwRTELMAkGA1UEBhMCQVUxEzARBgNVBAgMClNvbWUtU3RhdGUxITAfBgNVBAoM
GEludGVybmV0IFdpZGdpdHMgUHR5IEx0ZDAeFw0xOTEwMjUxNjE5MzFaFw0yMDEw
MjQxNjE5MzFaMEUxCzAJBgNVBAYTAkFVMRMwEQYDVQQIDApTb21lLVN0YXRlMSEw
HwYDVQQKDBhJbnRlcm5ldCBXaWRnaXRzIFB0eSBMdGQwggEiMA0GCSqGSIb3DQEB
AQUAA4IBDwAwggEKAoIBAQDIC3Wj6US5oUyyjcSP616loFW94MExGLh0Flr02LfO
X2w0ZkDOGC1B/zHrJK4On+z8bwx/+L1hytq/aVytgUQWoGWZwQGuzU7ev+lKjcIW
ai2Zeqk3RysFPNticj/qWomS+g2o2RFJ/oEtg6BdAsy49VZjS0BTPpdoBBb7sMOp
S0GvGPY85uFG9QTD/4o4UOfvruSHeJHih3pRYvkqwpZ3Al9EJuCI5zDchBr21fa9
0JNFecJb1HymDk/eN3FxDHf/ubdB/TMx8oauC5WVoA/cLZjfZa6r+Ibv6wGnZe9F
GZocIDBGxyeLRbHTzN42/7L6mTn4br9VWzLEswj8glT3AgMBAAGjUzBRMB0GA1Ud
DgQWBBSDg9456bq2D7ileJyJm3Dw1QE7eDAfBgNVHSMEGDAWgBSDg9456bq2D7il
eJyJm3Dw1QE7eDAPBgNVHRMBAf8EBTADAQH/MA0GCSqGSIb3DQEBCwUAA4IBAQBp
htY9dAYDr3+yewxDbenTzcPuD4nS1x11NNfKHNY/Ju6fQa2/cNzgHu3oOaGlQRQ4
Ob3wgkk7sK6YuyKR5YllT9vOGqBw/Ha9x7cdRaP4gKEnxrMIdxEIWJifz72TF7xI
SId9FHVKy9awaunIGJelJ+v2J4ZHkUk2vHLjR57SQdv+ENuMeQZX34PwvcLvXhRj
joX7tBBYYoB/haFlW9WMHM7HyYryMAirxnF3ltXWley0vnLXlkFLRSp4xzr0ERZW
1vXmmTv+c+yXzTo03A4BcEBZg0gN4FjM3lKJjiC9M6hJ8oVIJ+40MoKTgNjaupb7
vXxBDJcqvz+HMrruHXw3
-----END CERTIFICATE-----
subject=/C=AU/ST=Some-State/O=Internet Widgits Pty Ltd
issuer=/C=AU/ST=Some-State/O=Internet Widgits Pty Ltd
---
No client certificate CA names sent
---
SSL handshake has read 1184 bytes and written 373 bytes
---
New, TLSv1/SSLv3, Cipher is RC4-MD5
Server public key is 2048 bit
Secure Renegotiation IS supported
Compression: NONE
Expansion: NONE
No ALPN negotiated
SSL-Session:
    Protocol  : TLSv1
    Cipher    : RC4-MD5
    Session-ID: 356E9CB5039EDC55237D9CA8880BB09E1678BDA5169D29D0F72C9C69238ADBF0
    Session-ID-ctx: 
    Master-Key: 8765C0D9733C4347BD73CDBFE1C344BA608B01922EAFA9F6EB998FB18AF50F368362295C8994224C6DBF077CD7D9762E
    Key-Arg   : None
    PSK identity: None
    PSK identity hint: None
    SRP username: None
    TLS session ticket lifetime hint: 300 (seconds)
    TLS session ticket:
    0000 - f9 42 2b 85 1f 36 a7 ab-27 fd 17 fa 8b 59 e3 5f   .B+..6..'....Y._
    0010 - 16 ef c4 f1 37 c4 64 a6-7a e0 04 03 8f 2d d9 76   ....7.d.z....-.v
    0020 - 2a fb 43 b0 ba 99 31 4e-ec e1 61 b2 84 38 4d 5d   *.C...1N..a..8M]
    0030 - b3 9a 32 04 60 8f 4c db-44 f0 e3 19 6d 7d 29 67   ..2.`.L.D...m})g
    0040 - 87 e9 d9 0d e5 d9 ba f9-90 e2 b6 d8 07 ed 8f 56   ...............V
    0050 - 61 b0 2c 4c 69 fa 7d 74-80 7e 3c 12 9c d0 fd d4   a.,Li.}t.~<.....
    0060 - 65 0e 4e ed d9 e9 12 e2-c1 47 48 c0 c6 8f 2a 71   e.N......GH...*q
    0070 - 47 88 b6 9a 5b e3 37 25-34 b7 78 09 9d d1 9e 15   G...[.7%4.x.....
    0080 - 5b 1f 0b ef 42 f1 04 d0-db b1 f5 10 4a 6d f9 d3   [...B.......Jm..
    0090 - 17 01 1d 0b aa 99 30 84-0e cb ab 18 9b 62 e2 ca   ......0......b..

    Start Time: 1578577624
    Timeout   : 7200 (sec)
    Verify return code: 18 (self signed certificate)
---
DONE
