CONNECTED(00000003)
depth=0 C = AU, ST = Some-State, O = Internet Widgits Pty Ltd
verify error:num=18:self signed certificate
verify return:1
depth=0 C = AU, ST = Some-State, O = Internet Widgits Pty Ltd
verify return:1
---
Certificate chain
 0 s:/C=AU/ST=Some-State/O=Internet Widgits Pty Ltd
   i:/C=AU/ST=Some-State/O=Internet Widgits Pty Ltd
---
Server certificate
-----BEGIN CERTIFICATE-----
MIIDazCCAlOgAwIBAgIUUWBj1DL0r1TRK/dHpKSOke8mNyowDQYJKoZIhvcNAQEL
BQAwRTELMAkGA1UEBhMCQVUxEzARBgNVBAgMClNvbWUtU3RhdGUxITAfBgNVBAoM
GEludGVybmV0IFdpZGdpdHMgUHR5IEx0ZDAeFw0xOTEwMjUxNjE5MzFaFw0yMDEw
MjQxNjE5MzFaMEUxCzAJBgNVBAYTAkFVMRMwEQYDVQQIDApTb21lLVN0YXRlMSEw
HwYDVQQKDBhJbnRlcm5ldCBXaWRnaXRzIFB0eSBMdGQwggEiMA0GCSqGSIb3DQEB
AQUAA4IBDwAwggEKAoIBAQDIC3Wj6US5oUyyjcSP616loFW94MExGLh0Flr02LfO
X2w0ZkDOGC1B/zHrJK4On+z8bwx/+L1hytq/aVytgUQWoGWZwQGuzU7ev+lKjcIW
ai2Zeqk3RysFPNticj/qWomS+g2o2RFJ/oEtg6BdAsy49VZjS0BTPpdoBBb7sMOp
S0GvGPY85uFG9QTD/4o4UOfvruSHeJHih3pRYvkqwpZ3Al9EJuCI5zDchBr21fa9
0JNFecJb1HymDk/eN3FxDHf/ubdB/TMx8oauC5WVoA/cLZjfZa6r+Ibv6wGnZe9F
GZocIDBGxyeLRbHTzN42/7L6mTn4br9VWzLEswj8glT3AgMBAAGjUzBRMB0GA1Ud
DgQWBBSDg9456bq2D7ileJyJm3Dw1QE7eDAfBgNVHSMEGDAWgBSDg9456bq2D7il
eJyJm3Dw1QE7eDAPBgNVHRMBAf8EBTADAQH/MA0GCSqGSIb3DQEBCwUAA4IBAQBp
htY9dAYDr3+yewxDbenTzcPuD4nS1x11NNfKHNY/Ju6fQa2/cNzgHu3oOaGlQRQ4
Ob3wgkk7sK6YuyKR5YllT9vOGqBw/Ha9x7cdRaP4gKEnxrMIdxEIWJifz72TF7xI
SId9FHVKy9awaunIGJelJ+v2J4ZHkUk2vHLjR57SQdv+ENuMeQZX34PwvcLvXhRj
joX7tBBYYoB/haFlW9WMHM7HyYryMAirxnF3ltXWley0vnLXlkFLRSp4xzr0ERZW
1vXmmTv+c+yXzTo03A4BcEBZg0gN4FjM3lKJjiC9M6hJ8oVIJ+40MoKTgNjaupb7
vXxBDJcqvz+HMrruHXw3
-----END CERTIFICATE-----
subject=/C=AU/ST=Some-State/O=Internet Widgits Pty Ltd
issuer=/C=AU/ST=Some-State/O=Internet Widgits Pty Ltd
---
No client certificate CA names sent
---
SSL handshake has read 1200 bytes and written 389 bytes
---
New, TLSv1/SSLv3, Cipher is SEED-SHA
Server public key is 2048 bit
Secure Renegotiation IS supported
Compression: NONE
Expansion: NONE
No ALPN negotiated
SSL-Session:
    Protocol  : TLSv1
    Cipher    : SEED-SHA
    Session-ID: FBC412C2B86A5EA11FC5FC096D0D59402CB2AD6AB4552FDD633BE69BECC49112
    Session-ID-ctx: 
    Master-Key: 2F3F57602AE77FBED2F987ECD57C7DDAB38FAF7794C9CC1AF3AEB9BFF0EAAB9242A91698A21303A04D1AC9C1B85FCF1C
    Key-Arg   : None
    PSK identity: None
    PSK identity hint: None
    SRP username: None
    TLS session ticket lifetime hint: 300 (seconds)
    TLS session ticket:
    0000 - 78 cf 2b 20 35 f6 a9 ad-72 b3 52 59 53 4e 8a f9   x.+ 5...r.RYSN..
    0010 - 4f 58 18 f1 21 99 b8 c0-72 8b 5c 72 ff 47 80 dc   OX..!...r.\r.G..
    0020 - 3e bf 94 6b a6 4c a8 be-bb 43 3b d2 5d ee 51 45   >..k.L...C;.].QE
    0030 - d0 e7 07 4a bb e7 61 f7-94 e5 8e aa 85 e5 c6 ad   ...J..a.........
    0040 - 81 06 1d 14 9b 1b e2 6b-c9 67 2c af d2 90 9e 5b   .......k.g,....[
    0050 - 70 10 ed 07 8a 85 93 d4-c9 71 0a 5e e8 bf 56 95   p........q.^..V.
    0060 - 92 a6 a7 fb 03 bb f7 f0-c9 54 a0 7d 08 82 c5 08   .........T.}....
    0070 - ea 3d 77 09 71 26 58 48-79 7f 70 2c 31 6b d3 c9   .=w.q&XHy.p,1k..
    0080 - 80 a6 a7 e5 d2 08 1e 5b-31 ee 51 ae 19 2e 04 72   .......[1.Q....r
    0090 - a3 9e 58 df af 88 49 ec-a9 22 ad d7 b1 4a a0 a1   ..X...I.."...J..

    Start Time: 1578517486
    Timeout   : 7200 (sec)
    Verify return code: 18 (self signed certificate)
---
DONE
