depth=0 C = AU, ST = Some-State, O = Internet Widgits Pty Ltd
verify error:num=18:self signed certificate
verify return:1
depth=0 C = AU, ST = Some-State, O = Internet Widgits Pty Ltd
verify return:1
CONNECTED(00000003)
---
Certificate chain
 0 s:/C=AU/ST=Some-State/O=Internet Widgits Pty Ltd
   i:/C=AU/ST=Some-State/O=Internet Widgits Pty Ltd
---
Server certificate
-----BEGIN CERTIFICATE-----
MIIDazCCAlOgAwIBAgIUUWBj1DL0r1TRK/dHpKSOke8mNyowDQYJKoZIhvcNAQEL
BQAwRTELMAkGA1UEBhMCQVUxEzARBgNVBAgMClNvbWUtU3RhdGUxITAfBgNVBAoM
GEludGVybmV0IFdpZGdpdHMgUHR5IEx0ZDAeFw0xOTEwMjUxNjE5MzFaFw0yMDEw
MjQxNjE5MzFaMEUxCzAJBgNVBAYTAkFVMRMwEQYDVQQIDApTb21lLVN0YXRlMSEw
HwYDVQQKDBhJbnRlcm5ldCBXaWRnaXRzIFB0eSBMdGQwggEiMA0GCSqGSIb3DQEB
AQUAA4IBDwAwggEKAoIBAQDIC3Wj6US5oUyyjcSP616loFW94MExGLh0Flr02LfO
X2w0ZkDOGC1B/zHrJK4On+z8bwx/+L1hytq/aVytgUQWoGWZwQGuzU7ev+lKjcIW
ai2Zeqk3RysFPNticj/qWomS+g2o2RFJ/oEtg6BdAsy49VZjS0BTPpdoBBb7sMOp
S0GvGPY85uFG9QTD/4o4UOfvruSHeJHih3pRYvkqwpZ3Al9EJuCI5zDchBr21fa9
0JNFecJb1HymDk/eN3FxDHf/ubdB/TMx8oauC5WVoA/cLZjfZa6r+Ibv6wGnZe9F
GZocIDBGxyeLRbHTzN42/7L6mTn4br9VWzLEswj8glT3AgMBAAGjUzBRMB0GA1Ud
DgQWBBSDg9456bq2D7ileJyJm3Dw1QE7eDAfBgNVHSMEGDAWgBSDg9456bq2D7il
eJyJm3Dw1QE7eDAPBgNVHRMBAf8EBTADAQH/MA0GCSqGSIb3DQEBCwUAA4IBAQBp
htY9dAYDr3+yewxDbenTzcPuD4nS1x11NNfKHNY/Ju6fQa2/cNzgHu3oOaGlQRQ4
Ob3wgkk7sK6YuyKR5YllT9vOGqBw/Ha9x7cdRaP4gKEnxrMIdxEIWJifz72TF7xI
SId9FHVKy9awaunIGJelJ+v2J4ZHkUk2vHLjR57SQdv+ENuMeQZX34PwvcLvXhRj
joX7tBBYYoB/haFlW9WMHM7HyYryMAirxnF3ltXWley0vnLXlkFLRSp4xzr0ERZW
1vXmmTv+c+yXzTo03A4BcEBZg0gN4FjM3lKJjiC9M6hJ8oVIJ+40MoKTgNjaupb7
vXxBDJcqvz+HMrruHXw3
-----END CERTIFICATE-----
subject=/C=AU/ST=Some-State/O=Internet Widgits Pty Ltd
issuer=/C=AU/ST=Some-State/O=Internet Widgits Pty Ltd
---
No client certificate CA names sent
---
SSL handshake has read 1227 bytes and written 460 bytes
Verification error: self signed certificate
---
New, TLSv1.2, Cipher is AES128-SHA256
Server public key is 2048 bit
Secure Renegotiation IS supported
Compression: NONE
Expansion: NONE
No ALPN negotiated
SSL-Session:
    Protocol  : TLSv1.2
    Cipher    : AES128-SHA256
    Session-ID: 828909624C4B1865EB53818C13C6381CA64C8FD299D173ECE648230DF24E40F8
    Session-ID-ctx: 
    Master-Key: 9B759518E7BDAA75A666116DBA35FFEEC6C36DE96EFD076EA1DBC8050DF68926B39371C27C66CDAC9DBF39D1E466AFF1
    PSK identity: None
    PSK identity hint: None
    SRP username: None
    TLS session ticket lifetime hint: 300 (seconds)
    TLS session ticket:
    0000 - f9 42 2b 85 1f 36 a7 ab-27 fd 17 fa 8b 59 e3 5f   .B+..6..'....Y._
    0010 - 5e 99 28 a5 57 4d e9 11-e4 58 1f f6 29 ad 07 01   ^.(.WM...X..)...
    0020 - 52 33 98 60 ec e3 60 41-dc 78 cd 2f 52 c0 00 3b   R3.`..`A.x./R..;
    0030 - cf 4b a6 f7 90 01 56 9e-41 a2 64 8e 7c 19 4d dd   .K....V.A.d.|.M.
    0040 - 33 9b 77 fa 2a ae 6a c6-97 6a 55 93 38 bc 19 2d   3.w.*.j..jU.8..-
    0050 - 19 6e eb 62 88 1d 2d 5f-17 56 c0 d3 9b 63 c4 1e   .n.b..-_.V...c..
    0060 - ad 02 2d fa a6 e6 a2 cf-a3 de 94 6e 99 31 d6 d8   ..-........n.1..
    0070 - 1e 2f cc 42 3d a1 90 47-10 a9 d2 d0 29 f0 ac a4   ./.B=..G....)...
    0080 - 82 1b 41 d4 96 81 e3 21-fa d9 91 79 2d a4 c2 5f   ..A....!...y-.._
    0090 - c7 ec cb fc 90 03 82 81-5f be 63 ba ea 24 a1 80   ........_.c..$..

    Start Time: 1578577824
    Timeout   : 7200 (sec)
    Verify return code: 18 (self signed certificate)
    Extended master secret: no
---
DONE
