depth=0 C = AU, ST = Some-State, O = Internet Widgits Pty Ltd
verify error:num=18:self signed certificate
verify return:1
depth=0 C = AU, ST = Some-State, O = Internet Widgits Pty Ltd
verify return:1
CONNECTED(00000003)
---
Certificate chain
 0 s:/C=AU/ST=Some-State/O=Internet Widgits Pty Ltd
   i:/C=AU/ST=Some-State/O=Internet Widgits Pty Ltd
---
Server certificate
-----BEGIN CERTIFICATE-----
MIIDazCCAlOgAwIBAgIUUWBj1DL0r1TRK/dHpKSOke8mNyowDQYJKoZIhvcNAQEL
BQAwRTELMAkGA1UEBhMCQVUxEzARBgNVBAgMClNvbWUtU3RhdGUxITAfBgNVBAoM
GEludGVybmV0IFdpZGdpdHMgUHR5IEx0ZDAeFw0xOTEwMjUxNjE5MzFaFw0yMDEw
MjQxNjE5MzFaMEUxCzAJBgNVBAYTAkFVMRMwEQYDVQQIDApTb21lLVN0YXRlMSEw
HwYDVQQKDBhJbnRlcm5ldCBXaWRnaXRzIFB0eSBMdGQwggEiMA0GCSqGSIb3DQEB
AQUAA4IBDwAwggEKAoIBAQDIC3Wj6US5oUyyjcSP616loFW94MExGLh0Flr02LfO
X2w0ZkDOGC1B/zHrJK4On+z8bwx/+L1hytq/aVytgUQWoGWZwQGuzU7ev+lKjcIW
ai2Zeqk3RysFPNticj/qWomS+g2o2RFJ/oEtg6BdAsy49VZjS0BTPpdoBBb7sMOp
S0GvGPY85uFG9QTD/4o4UOfvruSHeJHih3pRYvkqwpZ3Al9EJuCI5zDchBr21fa9
0JNFecJb1HymDk/eN3FxDHf/ubdB/TMx8oauC5WVoA/cLZjfZa6r+Ibv6wGnZe9F
GZocIDBGxyeLRbHTzN42/7L6mTn4br9VWzLEswj8glT3AgMBAAGjUzBRMB0GA1Ud
DgQWBBSDg9456bq2D7ileJyJm3Dw1QE7eDAfBgNVHSMEGDAWgBSDg9456bq2D7il
eJyJm3Dw1QE7eDAPBgNVHRMBAf8EBTADAQH/MA0GCSqGSIb3DQEBCwUAA4IBAQBp
htY9dAYDr3+yewxDbenTzcPuD4nS1x11NNfKHNY/Ju6fQa2/cNzgHu3oOaGlQRQ4
Ob3wgkk7sK6YuyKR5YllT9vOGqBw/Ha9x7cdRaP4gKEnxrMIdxEIWJifz72TF7xI
SId9FHVKy9awaunIGJelJ+v2J4ZHkUk2vHLjR57SQdv+ENuMeQZX34PwvcLvXhRj
joX7tBBYYoB/haFlW9WMHM7HyYryMAirxnF3ltXWley0vnLXlkFLRSp4xzr0ERZW
1vXmmTv+c+yXzTo03A4BcEBZg0gN4FjM3lKJjiC9M6hJ8oVIJ+40MoKTgNjaupb7
vXxBDJcqvz+HMrruHXw3
-----END CERTIFICATE-----
subject=/C=AU/ST=Some-State/O=Internet Widgits Pty Ltd
issuer=/C=AU/ST=Some-State/O=Internet Widgits Pty Ltd
---
No client certificate CA names sent
Peer signing digest: SHA512
Server Temp Key: DH, 2048 bits
---
SSL handshake has read 1999 bytes and written 444 bytes
Verification error: self signed certificate
---
New, SSLv3, Cipher is DHE-RSA-AES128-SHA
Server public key is 2048 bit
Secure Renegotiation IS supported
Compression: NONE
Expansion: NONE
No ALPN negotiated
SSL-Session:
    Protocol  : TLSv1.2
    Cipher    : DHE-RSA-AES128-SHA
    Session-ID: B275013DD78AA1B7384D32FEA7E751B855801F1B4D40B7127A8F79F6404F5137
    Session-ID-ctx: 
    Master-Key: 1E6681B6FD9E248D843CEC81FAFC2AF77291A2C291E717B9B036A2C9286524C31287A48DB3822C7196C7A584242A741A
    PSK identity: None
    PSK identity hint: None
    SRP username: None
    TLS session ticket lifetime hint: 300 (seconds)
    TLS session ticket:
    0000 - bf 9d 21 0c 7d b9 97 a6-3d 27 2b 78 d7 20 ff 13   ..!.}...='+x. ..
    0010 - 49 06 20 7b 24 c8 60 16-1c 99 a1 a7 80 47 15 d8   I. {$.`......G..
    0020 - b6 cc 2f 55 39 42 df 85-df 13 ee 6f d3 20 f7 37   ../U9B.....o. .7
    0030 - 7c a2 72 83 e4 01 e0 7c-48 bc 26 44 ac 06 4e 7f   |.r....|H.&D..N.
    0040 - e9 00 56 a2 1a b6 cc 2b-73 0e a0 08 40 ea 8e f7   ..V....+s...@...
    0050 - c0 4c d5 b0 ee 24 cb b5-47 1d 2a 71 a2 d4 5e 1c   .L...$..G.*q..^.
    0060 - 24 e4 09 6e 8a 30 50 0b-bc a2 a4 ed b5 d1 7b c0   $..n.0P.......{.
    0070 - ab 92 8e f0 38 39 a3 58-d6 32 b3 a0 25 3b 4a c4   ....89.X.2..%;J.
    0080 - 51 b6 06 23 c7 71 49 86-0b 2e ef 4a 8a b5 44 a8   Q..#.qI....J..D.
    0090 - b8 e8 ca a8 c5 bc a0 17-03 24 56 a4 50 cf 15 f1   .........$V.P...

    Start Time: 1578582459
    Timeout   : 7200 (sec)
    Verify return code: 18 (self signed certificate)
    Extended master secret: no
---
DONE
