depth=0 C = AU, ST = Some-State, O = Internet Widgits Pty Ltd
verify error:num=18:self signed certificate
verify return:1
depth=0 C = AU, ST = Some-State, O = Internet Widgits Pty Ltd
verify return:1
CONNECTED(00000003)
---
Certificate chain
 0 s:/C=AU/ST=Some-State/O=Internet Widgits Pty Ltd
   i:/C=AU/ST=Some-State/O=Internet Widgits Pty Ltd
---
Server certificate
-----BEGIN CERTIFICATE-----
MIIDazCCAlOgAwIBAgIUUWBj1DL0r1TRK/dHpKSOke8mNyowDQYJKoZIhvcNAQEL
BQAwRTELMAkGA1UEBhMCQVUxEzARBgNVBAgMClNvbWUtU3RhdGUxITAfBgNVBAoM
GEludGVybmV0IFdpZGdpdHMgUHR5IEx0ZDAeFw0xOTEwMjUxNjE5MzFaFw0yMDEw
MjQxNjE5MzFaMEUxCzAJBgNVBAYTAkFVMRMwEQYDVQQIDApTb21lLVN0YXRlMSEw
HwYDVQQKDBhJbnRlcm5ldCBXaWRnaXRzIFB0eSBMdGQwggEiMA0GCSqGSIb3DQEB
AQUAA4IBDwAwggEKAoIBAQDIC3Wj6US5oUyyjcSP616loFW94MExGLh0Flr02LfO
X2w0ZkDOGC1B/zHrJK4On+z8bwx/+L1hytq/aVytgUQWoGWZwQGuzU7ev+lKjcIW
ai2Zeqk3RysFPNticj/qWomS+g2o2RFJ/oEtg6BdAsy49VZjS0BTPpdoBBb7sMOp
S0GvGPY85uFG9QTD/4o4UOfvruSHeJHih3pRYvkqwpZ3Al9EJuCI5zDchBr21fa9
0JNFecJb1HymDk/eN3FxDHf/ubdB/TMx8oauC5WVoA/cLZjfZa6r+Ibv6wGnZe9F
GZocIDBGxyeLRbHTzN42/7L6mTn4br9VWzLEswj8glT3AgMBAAGjUzBRMB0GA1Ud
DgQWBBSDg9456bq2D7ileJyJm3Dw1QE7eDAfBgNVHSMEGDAWgBSDg9456bq2D7il
eJyJm3Dw1QE7eDAPBgNVHRMBAf8EBTADAQH/MA0GCSqGSIb3DQEBCwUAA4IBAQBp
htY9dAYDr3+yewxDbenTzcPuD4nS1x11NNfKHNY/Ju6fQa2/cNzgHu3oOaGlQRQ4
Ob3wgkk7sK6YuyKR5YllT9vOGqBw/Ha9x7cdRaP4gKEnxrMIdxEIWJifz72TF7xI
SId9FHVKy9awaunIGJelJ+v2J4ZHkUk2vHLjR57SQdv+ENuMeQZX34PwvcLvXhRj
joX7tBBYYoB/haFlW9WMHM7HyYryMAirxnF3ltXWley0vnLXlkFLRSp4xzr0ERZW
1vXmmTv+c+yXzTo03A4BcEBZg0gN4FjM3lKJjiC9M6hJ8oVIJ+40MoKTgNjaupb7
vXxBDJcqvz+HMrruHXw3
-----END CERTIFICATE-----
subject=/C=AU/ST=Some-State/O=Internet Widgits Pty Ltd
issuer=/C=AU/ST=Some-State/O=Internet Widgits Pty Ltd
---
No client certificate CA names sent
Peer signing digest: SHA512
Server Temp Key: DH, 2048 bits
---
SSL handshake has read 1975 bytes and written 420 bytes
Verification error: self signed certificate
---
New, TLSv1.2, Cipher is DHE-RSA-AES256-GCM-SHA384
Server public key is 2048 bit
Secure Renegotiation IS supported
Compression: NONE
Expansion: NONE
No ALPN negotiated
SSL-Session:
    Protocol  : TLSv1.2
    Cipher    : DHE-RSA-AES256-GCM-SHA384
    Session-ID: E55E684776564BA2A13B142E85DE22C74260D3FD5ECAB1355949EC3A6BAF554E
    Session-ID-ctx: 
    Master-Key: EC656D38DA6AEEBECE8D998E9E983F087423A75C532ED125FD4540DD49EAEB02E44BEFDA6EDBAD6C397EC7D7CC115375
    PSK identity: None
    PSK identity hint: None
    SRP username: None
    TLS session ticket lifetime hint: 300 (seconds)
    TLS session ticket:
    0000 - a7 71 c3 47 9b 45 0b c1-f2 01 3f fc 24 36 58 c3   .q.G.E....?.$6X.
    0010 - d1 5f 21 be 93 6a b0 12-76 aa 0b e4 8b 55 e2 96   ._!..j..v....U..
    0020 - a6 fb b1 26 87 79 4a 4f-a1 8b 74 45 51 ef ec 08   ...&.yJO..tEQ...
    0030 - 7b 64 39 00 07 74 89 5c-2d ba 95 c2 a2 16 e9 d1   {d9..t.\-.......
    0040 - dd 06 d2 5f e5 9e 8f 71-6a 27 8b 69 83 93 20 28   ..._...qj'.i.. (
    0050 - 93 e7 8a f9 c2 5a 2a d0-3f a2 c6 6a 2f e8 59 dd   .....Z*.?..j/.Y.
    0060 - 1c 33 b9 1f 7a ca 4d 45-81 80 e8 28 d1 1b 7a 04   .3..z.ME...(..z.
    0070 - 41 ce 87 ea 58 f6 23 8b-2d 7b 37 db 41 ed 44 79   A...X.#.-{7.A.Dy
    0080 - d5 e7 ba bd da 8b 28 68-04 69 2f 09 2e 75 3e d0   ......(h.i/..u>.
    0090 - ac 10 58 3d 27 df 26 07-40 38 c0 82 d5 9a 8c 8a   ..X='.&.@8......

    Start Time: 1579551203
    Timeout   : 7200 (sec)
    Verify return code: 18 (self signed certificate)
    Extended master secret: no
---
DONE
