CONNECTED(00000003)
Can't use SSL_get_servername
depth=0 C = AU, ST = Some-State, O = Internet Widgits Pty Ltd
verify error:num=18:self signed certificate
verify return:1
depth=0 C = AU, ST = Some-State, O = Internet Widgits Pty Ltd
verify return:1
---
Certificate chain
 0 s:C = AU, ST = Some-State, O = Internet Widgits Pty Ltd
   i:C = AU, ST = Some-State, O = Internet Widgits Pty Ltd
---
Server certificate
-----BEGIN CERTIFICATE-----
MIIDazCCAlOgAwIBAgIUUWBj1DL0r1TRK/dHpKSOke8mNyowDQYJKoZIhvcNAQEL
BQAwRTELMAkGA1UEBhMCQVUxEzARBgNVBAgMClNvbWUtU3RhdGUxITAfBgNVBAoM
GEludGVybmV0IFdpZGdpdHMgUHR5IEx0ZDAeFw0xOTEwMjUxNjE5MzFaFw0yMDEw
MjQxNjE5MzFaMEUxCzAJBgNVBAYTAkFVMRMwEQYDVQQIDApTb21lLVN0YXRlMSEw
HwYDVQQKDBhJbnRlcm5ldCBXaWRnaXRzIFB0eSBMdGQwggEiMA0GCSqGSIb3DQEB
AQUAA4IBDwAwggEKAoIBAQDIC3Wj6US5oUyyjcSP616loFW94MExGLh0Flr02LfO
X2w0ZkDOGC1B/zHrJK4On+z8bwx/+L1hytq/aVytgUQWoGWZwQGuzU7ev+lKjcIW
ai2Zeqk3RysFPNticj/qWomS+g2o2RFJ/oEtg6BdAsy49VZjS0BTPpdoBBb7sMOp
S0GvGPY85uFG9QTD/4o4UOfvruSHeJHih3pRYvkqwpZ3Al9EJuCI5zDchBr21fa9
0JNFecJb1HymDk/eN3FxDHf/ubdB/TMx8oauC5WVoA/cLZjfZa6r+Ibv6wGnZe9F
GZocIDBGxyeLRbHTzN42/7L6mTn4br9VWzLEswj8glT3AgMBAAGjUzBRMB0GA1Ud
DgQWBBSDg9456bq2D7ileJyJm3Dw1QE7eDAfBgNVHSMEGDAWgBSDg9456bq2D7il
eJyJm3Dw1QE7eDAPBgNVHRMBAf8EBTADAQH/MA0GCSqGSIb3DQEBCwUAA4IBAQBp
htY9dAYDr3+yewxDbenTzcPuD4nS1x11NNfKHNY/Ju6fQa2/cNzgHu3oOaGlQRQ4
Ob3wgkk7sK6YuyKR5YllT9vOGqBw/Ha9x7cdRaP4gKEnxrMIdxEIWJifz72TF7xI
SId9FHVKy9awaunIGJelJ+v2J4ZHkUk2vHLjR57SQdv+ENuMeQZX34PwvcLvXhRj
joX7tBBYYoB/haFlW9WMHM7HyYryMAirxnF3ltXWley0vnLXlkFLRSp4xzr0ERZW
1vXmmTv+c+yXzTo03A4BcEBZg0gN4FjM3lKJjiC9M6hJ8oVIJ+40MoKTgNjaupb7
vXxBDJcqvz+HMrruHXw3
-----END CERTIFICATE-----
subject=C = AU, ST = Some-State, O = Internet Widgits Pty Ltd

issuer=C = AU, ST = Some-State, O = Internet Widgits Pty Ltd

---
No client certificate CA names sent
Peer signing digest: MD5-SHA1
Peer signature type: RSA
Server Temp Key: X25519, 253 bits
---
SSL handshake has read 1518 bytes and written 195 bytes
Verification error: self signed certificate
---
New, TLSv1.0, Cipher is ECDHE-RSA-AES128-SHA
Server public key is 2048 bit
Secure Renegotiation IS supported
No ALPN negotiated
SSL-Session:
    Protocol  : TLSv1
    Cipher    : ECDHE-RSA-AES128-SHA
    Session-ID: F9530ABB0DB38112A8230BBEF2FC45193A93004965C4DE5BD2A9A1A8A3EBDBC7
    Session-ID-ctx: 
    Master-Key: 5ECA3ADCFE392B630331B7DADB3EB827D9A4C5A729B3881EF835989B5C61A57E383BDF61868DC6D3F7BCC79CCED579CF
    PSK identity: None
    PSK identity hint: None
    SRP username: None
    TLS session ticket lifetime hint: 7200 (seconds)
    TLS session ticket:
    0000 - fb a6 6a 6c 25 9a 47 fb-89 87 e8 90 8c 93 9f fe   ..jl%.G.........
    0010 - 89 1b 95 a5 f2 68 97 59-b8 19 10 72 07 dc 11 8b   .....h.Y...r....
    0020 - 8e 24 9b 6e 22 1d 77 ae-21 f9 91 7b e9 d4 9e 00   .$.n".w.!..{....
    0030 - 62 e2 41 d6 be 06 95 2a-2f 6d ea 06 26 1e eb b2   b.A....*/m..&...
    0040 - 9a 19 1f cd f9 fb 59 b7-db 8b 17 ff e9 df 67 7d   ......Y.......g}
    0050 - 78 11 ae 70 e7 8c 8b c6-b3 ce 29 7b 02 3d 1d de   x..p......){.=..
    0060 - dc c7 b6 67 69 2f 34 f9-e3 e6 df 30 c8 7c 89 6a   ...gi/4....0.|.j
    0070 - b5 fd 06 03 3f 60 bd 3a-26 86 f5 86 30 37 7e 8e   ....?`.:&...07~.
    0080 - 76 13 d8 97 83 a0 d5 b4-07 2f 1a 50 91 1e 51 c7   v......../.P..Q.
    0090 - 4f 54 c3 2b ba fa 1c 24-1a ff b8 e9 2a 15 82 a1   OT.+...$....*...

    Start Time: 1578582477
    Timeout   : 7200 (sec)
    Verify return code: 18 (self signed certificate)
    Extended master secret: yes
---
DONE
