depth=0 C = AU, ST = Some-State, O = Internet Widgits Pty Ltd
verify error:num=18:self signed certificate
verify return:1
depth=0 C = AU, ST = Some-State, O = Internet Widgits Pty Ltd
verify return:1
CONNECTED(00000003)
---
Certificate chain
 0 s:/C=AU/ST=Some-State/O=Internet Widgits Pty Ltd
   i:/C=AU/ST=Some-State/O=Internet Widgits Pty Ltd
---
Server certificate
-----BEGIN CERTIFICATE-----
MIIDazCCAlOgAwIBAgIUUWBj1DL0r1TRK/dHpKSOke8mNyowDQYJKoZIhvcNAQEL
BQAwRTELMAkGA1UEBhMCQVUxEzARBgNVBAgMClNvbWUtU3RhdGUxITAfBgNVBAoM
GEludGVybmV0IFdpZGdpdHMgUHR5IEx0ZDAeFw0xOTEwMjUxNjE5MzFaFw0yMDEw
MjQxNjE5MzFaMEUxCzAJBgNVBAYTAkFVMRMwEQYDVQQIDApTb21lLVN0YXRlMSEw
HwYDVQQKDBhJbnRlcm5ldCBXaWRnaXRzIFB0eSBMdGQwggEiMA0GCSqGSIb3DQEB
AQUAA4IBDwAwggEKAoIBAQDIC3Wj6US5oUyyjcSP616loFW94MExGLh0Flr02LfO
X2w0ZkDOGC1B/zHrJK4On+z8bwx/+L1hytq/aVytgUQWoGWZwQGuzU7ev+lKjcIW
ai2Zeqk3RysFPNticj/qWomS+g2o2RFJ/oEtg6BdAsy49VZjS0BTPpdoBBb7sMOp
S0GvGPY85uFG9QTD/4o4UOfvruSHeJHih3pRYvkqwpZ3Al9EJuCI5zDchBr21fa9
0JNFecJb1HymDk/eN3FxDHf/ubdB/TMx8oauC5WVoA/cLZjfZa6r+Ibv6wGnZe9F
GZocIDBGxyeLRbHTzN42/7L6mTn4br9VWzLEswj8glT3AgMBAAGjUzBRMB0GA1Ud
DgQWBBSDg9456bq2D7ileJyJm3Dw1QE7eDAfBgNVHSMEGDAWgBSDg9456bq2D7il
eJyJm3Dw1QE7eDAPBgNVHRMBAf8EBTADAQH/MA0GCSqGSIb3DQEBCwUAA4IBAQBp
htY9dAYDr3+yewxDbenTzcPuD4nS1x11NNfKHNY/Ju6fQa2/cNzgHu3oOaGlQRQ4
Ob3wgkk7sK6YuyKR5YllT9vOGqBw/Ha9x7cdRaP4gKEnxrMIdxEIWJifz72TF7xI
SId9FHVKy9awaunIGJelJ+v2J4ZHkUk2vHLjR57SQdv+ENuMeQZX34PwvcLvXhRj
joX7tBBYYoB/haFlW9WMHM7HyYryMAirxnF3ltXWley0vnLXlkFLRSp4xzr0ERZW
1vXmmTv+c+yXzTo03A4BcEBZg0gN4FjM3lKJjiC9M6hJ8oVIJ+40MoKTgNjaupb7
vXxBDJcqvz+HMrruHXw3
-----END CERTIFICATE-----
subject=/C=AU/ST=Some-State/O=Internet Widgits Pty Ltd
issuer=/C=AU/ST=Some-State/O=Internet Widgits Pty Ltd
---
No client certificate CA names sent
---
SSL handshake has read 1235 bytes and written 460 bytes
Verification error: self signed certificate
---
New, TLSv1.2, Cipher is AES128-SHA256
Server public key is 2048 bit
Secure Renegotiation IS supported
Compression: NONE
Expansion: NONE
No ALPN negotiated
SSL-Session:
    Protocol  : TLSv1.2
    Cipher    : AES128-SHA256
    Session-ID: C75FC5788310D2828B2563C86F37676B565E7E378A758054B4DA6F5E240FCCE0
    Session-ID-ctx: 
    Master-Key: E3D3373ED87269761B67AF5CC2744D4F2D27E21301283FF09AB14116CFC6C84E9E6E5CD1EC4AB45D96FEA4A918E7BDDB
    PSK identity: None
    PSK identity hint: None
    SRP username: None
    TLS session ticket lifetime hint: 7200 (seconds)
    TLS session ticket:
    0000 - ee 46 3f ab 5e fa 9c 32-23 49 60 fd 5d a5 39 a2   .F?.^..2#I`.].9.
    0010 - ca a7 3a c8 c9 02 b0 81-01 85 c9 65 6d cc 97 77   ..:........em..w
    0020 - 95 cf 22 60 4e 4b c8 6d-51 dc a6 62 bc 3e 97 ec   .."`NK.mQ..b.>..
    0030 - 5f e3 d3 6d 5b b1 01 b3-b7 1d 8d f5 f5 86 9b 72   _..m[..........r
    0040 - 7f 76 25 54 8d 0d d1 cb-85 11 a8 50 df 41 87 11   .v%T.......P.A..
    0050 - 8e 8e 9d 3f 62 4f 6e 4f-27 38 6e 5d c8 1f 1b 40   ...?bOnO'8n]...@
    0060 - f6 82 aa 39 e9 f2 2f 92-22 07 00 a4 86 c4 c3 ac   ...9../.".......
    0070 - 70 ab 6c 9e 4a 00 24 4d-fc 30 64 fd 18 54 88 3c   p.l.J.$M.0d..T.<
    0080 - 50 06 92 2c 26 5a c7 5e-d4 ab 53 39 d1 e5 5f b3   P..,&Z.^..S9.._.
    0090 - 80 fc ef a1 e9 93 7c f8-11 76 4c 4d d3 2f 02 20   ......|..vLM./. 

    Start Time: 1578582465
    Timeout   : 7200 (sec)
    Verify return code: 18 (self signed certificate)
    Extended master secret: yes
---
DONE
