depth=0 C = AU, ST = Some-State, O = Internet Widgits Pty Ltd
verify error:num=18:self signed certificate
verify return:1
depth=0 C = AU, ST = Some-State, O = Internet Widgits Pty Ltd
verify return:1
CONNECTED(00000003)
---
Certificate chain
 0 s:/C=AU/ST=Some-State/O=Internet Widgits Pty Ltd
   i:/C=AU/ST=Some-State/O=Internet Widgits Pty Ltd
---
Server certificate
-----BEGIN CERTIFICATE-----
MIIDazCCAlOgAwIBAgIUUWBj1DL0r1TRK/dHpKSOke8mNyowDQYJKoZIhvcNAQEL
BQAwRTELMAkGA1UEBhMCQVUxEzARBgNVBAgMClNvbWUtU3RhdGUxITAfBgNVBAoM
GEludGVybmV0IFdpZGdpdHMgUHR5IEx0ZDAeFw0xOTEwMjUxNjE5MzFaFw0yMDEw
MjQxNjE5MzFaMEUxCzAJBgNVBAYTAkFVMRMwEQYDVQQIDApTb21lLVN0YXRlMSEw
HwYDVQQKDBhJbnRlcm5ldCBXaWRnaXRzIFB0eSBMdGQwggEiMA0GCSqGSIb3DQEB
AQUAA4IBDwAwggEKAoIBAQDIC3Wj6US5oUyyjcSP616loFW94MExGLh0Flr02LfO
X2w0ZkDOGC1B/zHrJK4On+z8bwx/+L1hytq/aVytgUQWoGWZwQGuzU7ev+lKjcIW
ai2Zeqk3RysFPNticj/qWomS+g2o2RFJ/oEtg6BdAsy49VZjS0BTPpdoBBb7sMOp
S0GvGPY85uFG9QTD/4o4UOfvruSHeJHih3pRYvkqwpZ3Al9EJuCI5zDchBr21fa9
0JNFecJb1HymDk/eN3FxDHf/ubdB/TMx8oauC5WVoA/cLZjfZa6r+Ibv6wGnZe9F
GZocIDBGxyeLRbHTzN42/7L6mTn4br9VWzLEswj8glT3AgMBAAGjUzBRMB0GA1Ud
DgQWBBSDg9456bq2D7ileJyJm3Dw1QE7eDAfBgNVHSMEGDAWgBSDg9456bq2D7il
eJyJm3Dw1QE7eDAPBgNVHRMBAf8EBTADAQH/MA0GCSqGSIb3DQEBCwUAA4IBAQBp
htY9dAYDr3+yewxDbenTzcPuD4nS1x11NNfKHNY/Ju6fQa2/cNzgHu3oOaGlQRQ4
Ob3wgkk7sK6YuyKR5YllT9vOGqBw/Ha9x7cdRaP4gKEnxrMIdxEIWJifz72TF7xI
SId9FHVKy9awaunIGJelJ+v2J4ZHkUk2vHLjR57SQdv+ENuMeQZX34PwvcLvXhRj
joX7tBBYYoB/haFlW9WMHM7HyYryMAirxnF3ltXWley0vnLXlkFLRSp4xzr0ERZW
1vXmmTv+c+yXzTo03A4BcEBZg0gN4FjM3lKJjiC9M6hJ8oVIJ+40MoKTgNjaupb7
vXxBDJcqvz+HMrruHXw3
-----END CERTIFICATE-----
subject=/C=AU/ST=Some-State/O=Internet Widgits Pty Ltd
issuer=/C=AU/ST=Some-State/O=Internet Widgits Pty Ltd
---
No client certificate CA names sent
---
SSL handshake has read 1191 bytes and written 420 bytes
Verification error: self signed certificate
---
New, TLSv1.2, Cipher is AES256-GCM-SHA384
Server public key is 2048 bit
Secure Renegotiation IS supported
Compression: NONE
Expansion: NONE
No ALPN negotiated
SSL-Session:
    Protocol  : TLSv1.2
    Cipher    : AES256-GCM-SHA384
    Session-ID: 09F69D1B8085729C570EED11E6799B29DF664CDA3A1791D1F981036B433A108F
    Session-ID-ctx: 
    Master-Key: 720F8D965C96D979972A44E3173F0C593CE7D9741C3D1CF19E67428A1D9BF49722A9CDBEB3A69D02A2E9A38C98C6FD51
    PSK identity: None
    PSK identity hint: None
    SRP username: None
    TLS session ticket lifetime hint: 7200 (seconds)
    TLS session ticket:
    0000 - 0d 97 f8 af a4 7d 1d 93-9d 89 6e 2c 2c c2 c0 20   .....}....n,,.. 
    0010 - 7d 79 80 cc 90 44 b9 b4-15 a7 50 07 d3 38 eb 9e   }y...D....P..8..
    0020 - cb 9c e4 42 40 d8 07 36-d1 4a 7b b1 b2 e3 38 da   ...B@..6.J{...8.
    0030 - b6 ba 65 c2 4c b6 36 33-61 09 70 57 40 3d 4e 5c   ..e.L.63a.pW@=N\
    0040 - 7e 3a dd 6e b9 92 0b 65-9e 11 a8 12 e8 4a c0 5a   ~:.n...e.....J.Z
    0050 - e6 17 77 ac d2 d9 03 70-04 2f 89 50 b7 d7 7d 74   ..w....p./.P..}t
    0060 - 4c 99 5e 77 3d a5 be 9d-25 9b a1 dc 74 78 6a ad   L.^w=...%...txj.
    0070 - a4 c9 ae 15 4d d2 9d b2-6b e0 85 54 af 86 00 0c   ....M...k..T....
    0080 - f3 7e e1 c9 73 58 eb 35-47 4b 9d c5 b8 4e 6d 23   .~..sX.5GK...Nm#
    0090 - 76 3f 03 2b c8 bb ad 43-f9 dd 10 58 16 9a cc 5a   v?.+...C...X...Z

    Start Time: 1578517704
    Timeout   : 7200 (sec)
    Verify return code: 18 (self signed certificate)
    Extended master secret: yes
---
DONE
