depth=0 C = AU, ST = Some-State, O = Internet Widgits Pty Ltd
verify error:num=18:self signed certificate
verify return:1
depth=0 C = AU, ST = Some-State, O = Internet Widgits Pty Ltd
verify return:1
CONNECTED(00000003)
---
Certificate chain
 0 s:/C=AU/ST=Some-State/O=Internet Widgits Pty Ltd
   i:/C=AU/ST=Some-State/O=Internet Widgits Pty Ltd
---
Server certificate
-----BEGIN CERTIFICATE-----
MIIDazCCAlOgAwIBAgIUUWBj1DL0r1TRK/dHpKSOke8mNyowDQYJKoZIhvcNAQEL
BQAwRTELMAkGA1UEBhMCQVUxEzARBgNVBAgMClNvbWUtU3RhdGUxITAfBgNVBAoM
GEludGVybmV0IFdpZGdpdHMgUHR5IEx0ZDAeFw0xOTEwMjUxNjE5MzFaFw0yMDEw
MjQxNjE5MzFaMEUxCzAJBgNVBAYTAkFVMRMwEQYDVQQIDApTb21lLVN0YXRlMSEw
HwYDVQQKDBhJbnRlcm5ldCBXaWRnaXRzIFB0eSBMdGQwggEiMA0GCSqGSIb3DQEB
AQUAA4IBDwAwggEKAoIBAQDIC3Wj6US5oUyyjcSP616loFW94MExGLh0Flr02LfO
X2w0ZkDOGC1B/zHrJK4On+z8bwx/+L1hytq/aVytgUQWoGWZwQGuzU7ev+lKjcIW
ai2Zeqk3RysFPNticj/qWomS+g2o2RFJ/oEtg6BdAsy49VZjS0BTPpdoBBb7sMOp
S0GvGPY85uFG9QTD/4o4UOfvruSHeJHih3pRYvkqwpZ3Al9EJuCI5zDchBr21fa9
0JNFecJb1HymDk/eN3FxDHf/ubdB/TMx8oauC5WVoA/cLZjfZa6r+Ibv6wGnZe9F
GZocIDBGxyeLRbHTzN42/7L6mTn4br9VWzLEswj8glT3AgMBAAGjUzBRMB0GA1Ud
DgQWBBSDg9456bq2D7ileJyJm3Dw1QE7eDAfBgNVHSMEGDAWgBSDg9456bq2D7il
eJyJm3Dw1QE7eDAPBgNVHRMBAf8EBTADAQH/MA0GCSqGSIb3DQEBCwUAA4IBAQBp
htY9dAYDr3+yewxDbenTzcPuD4nS1x11NNfKHNY/Ju6fQa2/cNzgHu3oOaGlQRQ4
Ob3wgkk7sK6YuyKR5YllT9vOGqBw/Ha9x7cdRaP4gKEnxrMIdxEIWJifz72TF7xI
SId9FHVKy9awaunIGJelJ+v2J4ZHkUk2vHLjR57SQdv+ENuMeQZX34PwvcLvXhRj
joX7tBBYYoB/haFlW9WMHM7HyYryMAirxnF3ltXWley0vnLXlkFLRSp4xzr0ERZW
1vXmmTv+c+yXzTo03A4BcEBZg0gN4FjM3lKJjiC9M6hJ8oVIJ+40MoKTgNjaupb7
vXxBDJcqvz+HMrruHXw3
-----END CERTIFICATE-----
subject=/C=AU/ST=Some-State/O=Internet Widgits Pty Ltd
issuer=/C=AU/ST=Some-State/O=Internet Widgits Pty Ltd
---
No client certificate CA names sent
Peer signing digest: SHA512
Server Temp Key: DH, 2048 bits
---
SSL handshake has read 2234 bytes and written 420 bytes
Verification error: self signed certificate
---
New, TLSv1.2, Cipher is DHE-RSA-AES256-GCM-SHA384
Server public key is 2048 bit
Secure Renegotiation IS supported
Compression: NONE
Expansion: NONE
No ALPN negotiated
SSL-Session:
    Protocol  : TLSv1.2
    Cipher    : DHE-RSA-AES256-GCM-SHA384
    Session-ID: F04D79A746CBD2BC9DABC28E17DB7E711B7246F19C3C58BC3FE8A86AC8E920BE
    Session-ID-ctx: 
    Master-Key: 9109E2D4DFF4157CB26E97A9B9FC79A829CA0C5C27D3F580572AB58F2A30E649815FBF0C97E7CFBD945E057D3C7DEED8
    PSK identity: None
    PSK identity hint: None
    SRP username: None
    TLS session ticket lifetime hint: 7200 (seconds)
    TLS session ticket:
    0000 - cc 2c 36 01 5f bb 52 6d-50 0a 1f 2a 61 19 07 cb   .,6._.RmP..*a...
    0010 - a6 a2 11 c0 ba 79 f4 30-74 88 29 9b d7 77 10 cd   .....y.0t.)..w..
    0020 - 79 7b 88 9d 59 56 07 8b-81 e2 d9 7c f5 c8 15 a3   y{..YV.....|....
    0030 - 7e a7 32 4d fc 4b 9d 63-6c c3 86 26 91 09 e2 b3   ~.2M.K.cl..&....
    0040 - 44 1c 46 92 b4 ac a2 a0-40 5c 66 2e 5a 9e 26 f5   D.F.....@\f.Z.&.
    0050 - d7 5c 3c 7e 62 13 1e 94-aa 97 ca b0 9a 31 56 2b   .\<~b........1V+
    0060 - 7f 8b de 79 92 5e bb 12-64 2a 41 64 e5 d3 6f a4   ...y.^..d*Ad..o.
    0070 - 8b d9 9f 15 3a 8a b6 f8-d1 63 03 59 11 9c 40 b3   ....:....c.Y..@.
    0080 - dd 31 30 d6 2f 86 24 bd-e2 bc 73 81 f8 c9 e6 92   .10./.$...s.....
    0090 - da 53 c0 09 5b 06 fa b1-a5 ba ec fa b4 5d 69 f3   .S..[........]i.

    Start Time: 1578577795
    Timeout   : 7200 (sec)
    Verify return code: 18 (self signed certificate)
    Extended master secret: yes
---
DONE
