depth=0 C = AU, ST = Some-State, O = Internet Widgits Pty Ltd
verify error:num=18:self signed certificate
verify return:1
depth=0 C = AU, ST = Some-State, O = Internet Widgits Pty Ltd
verify return:1
CONNECTED(00000003)
---
Certificate chain
 0 s:/C=AU/ST=Some-State/O=Internet Widgits Pty Ltd
   i:/C=AU/ST=Some-State/O=Internet Widgits Pty Ltd
---
Server certificate
-----BEGIN CERTIFICATE-----
MIIDazCCAlOgAwIBAgIUUWBj1DL0r1TRK/dHpKSOke8mNyowDQYJKoZIhvcNAQEL
BQAwRTELMAkGA1UEBhMCQVUxEzARBgNVBAgMClNvbWUtU3RhdGUxITAfBgNVBAoM
GEludGVybmV0IFdpZGdpdHMgUHR5IEx0ZDAeFw0xOTEwMjUxNjE5MzFaFw0yMDEw
MjQxNjE5MzFaMEUxCzAJBgNVBAYTAkFVMRMwEQYDVQQIDApTb21lLVN0YXRlMSEw
HwYDVQQKDBhJbnRlcm5ldCBXaWRnaXRzIFB0eSBMdGQwggEiMA0GCSqGSIb3DQEB
AQUAA4IBDwAwggEKAoIBAQDIC3Wj6US5oUyyjcSP616loFW94MExGLh0Flr02LfO
X2w0ZkDOGC1B/zHrJK4On+z8bwx/+L1hytq/aVytgUQWoGWZwQGuzU7ev+lKjcIW
ai2Zeqk3RysFPNticj/qWomS+g2o2RFJ/oEtg6BdAsy49VZjS0BTPpdoBBb7sMOp
S0GvGPY85uFG9QTD/4o4UOfvruSHeJHih3pRYvkqwpZ3Al9EJuCI5zDchBr21fa9
0JNFecJb1HymDk/eN3FxDHf/ubdB/TMx8oauC5WVoA/cLZjfZa6r+Ibv6wGnZe9F
GZocIDBGxyeLRbHTzN42/7L6mTn4br9VWzLEswj8glT3AgMBAAGjUzBRMB0GA1Ud
DgQWBBSDg9456bq2D7ileJyJm3Dw1QE7eDAfBgNVHSMEGDAWgBSDg9456bq2D7il
eJyJm3Dw1QE7eDAPBgNVHRMBAf8EBTADAQH/MA0GCSqGSIb3DQEBCwUAA4IBAQBp
htY9dAYDr3+yewxDbenTzcPuD4nS1x11NNfKHNY/Ju6fQa2/cNzgHu3oOaGlQRQ4
Ob3wgkk7sK6YuyKR5YllT9vOGqBw/Ha9x7cdRaP4gKEnxrMIdxEIWJifz72TF7xI
SId9FHVKy9awaunIGJelJ+v2J4ZHkUk2vHLjR57SQdv+ENuMeQZX34PwvcLvXhRj
joX7tBBYYoB/haFlW9WMHM7HyYryMAirxnF3ltXWley0vnLXlkFLRSp4xzr0ERZW
1vXmmTv+c+yXzTo03A4BcEBZg0gN4FjM3lKJjiC9M6hJ8oVIJ+40MoKTgNjaupb7
vXxBDJcqvz+HMrruHXw3
-----END CERTIFICATE-----
subject=/C=AU/ST=Some-State/O=Internet Widgits Pty Ltd
issuer=/C=AU/ST=Some-State/O=Internet Widgits Pty Ltd
---
No client certificate CA names sent
Peer signing digest: SHA512
Server Temp Key: DH, 2048 bits
---
SSL handshake has read 2234 bytes and written 420 bytes
Verification error: self signed certificate
---
New, TLSv1.2, Cipher is DHE-RSA-AES128-GCM-SHA256
Server public key is 2048 bit
Secure Renegotiation IS supported
Compression: NONE
Expansion: NONE
No ALPN negotiated
SSL-Session:
    Protocol  : TLSv1.2
    Cipher    : DHE-RSA-AES128-GCM-SHA256
    Session-ID: B967BA07A08711433E25FA1AF0E9AF38DF288C9B8B9AFD9D88C626E97D353C23
    Session-ID-ctx: 
    Master-Key: 759D06A0E4DAA2F4451523CC344BD3C94FE46BC63FA9EACF63496973B5AA2A5DC97EB85F488110B54D719BF670F1A328
    PSK identity: None
    PSK identity hint: None
    SRP username: None
    TLS session ticket lifetime hint: 7200 (seconds)
    TLS session ticket:
    0000 - cc 2c 36 01 5f bb 52 6d-50 0a 1f 2a 61 19 07 cb   .,6._.RmP..*a...
    0010 - 44 24 bc 88 b8 79 6a c1-3a 31 af 78 cc ad ac 01   D$...yj.:1.x....
    0020 - 10 de ff 91 10 9d 41 22-3e ee f7 b1 45 8c 60 72   ......A">...E.`r
    0030 - 82 60 aa 68 af 0c 54 8a-53 62 cc 60 5f fd 05 51   .`.h..T.Sb.`_..Q
    0040 - dd 3c 55 df 68 74 19 e3-83 52 03 af ec 55 c5 ee   .<U.ht...R...U..
    0050 - ba 03 2d b1 d2 13 a2 3e-d3 65 74 77 2d cb 6f d1   ..-....>.etw-.o.
    0060 - ca c4 2e 00 a4 d5 25 75-0e ad 3f d6 b6 c6 69 b3   ......%u..?...i.
    0070 - 88 9e 1d ff f9 c5 e3 15-b5 3d e7 df 6b 05 c1 15   .........=..k...
    0080 - aa b4 19 38 c7 40 99 2d-1c 37 cc 30 84 bf 7e 2b   ...8.@.-.7.0..~+
    0090 - 28 10 96 4f 82 9c ab 6f-55 72 18 bd 03 dd 36 35   (..O...oUr....65

    Start Time: 1578577803
    Timeout   : 7200 (sec)
    Verify return code: 18 (self signed certificate)
    Extended master secret: yes
---
DONE
