depth=0 C = AU, ST = Some-State, O = Internet Widgits Pty Ltd
verify error:num=18:self signed certificate
verify return:1
depth=0 C = AU, ST = Some-State, O = Internet Widgits Pty Ltd
verify return:1
CONNECTED(00000003)
---
Certificate chain
 0 s:/C=AU/ST=Some-State/O=Internet Widgits Pty Ltd
   i:/C=AU/ST=Some-State/O=Internet Widgits Pty Ltd
---
Server certificate
-----BEGIN CERTIFICATE-----
MIIDazCCAlOgAwIBAgIUUWBj1DL0r1TRK/dHpKSOke8mNyowDQYJKoZIhvcNAQEL
BQAwRTELMAkGA1UEBhMCQVUxEzARBgNVBAgMClNvbWUtU3RhdGUxITAfBgNVBAoM
GEludGVybmV0IFdpZGdpdHMgUHR5IEx0ZDAeFw0xOTEwMjUxNjE5MzFaFw0yMDEw
MjQxNjE5MzFaMEUxCzAJBgNVBAYTAkFVMRMwEQYDVQQIDApTb21lLVN0YXRlMSEw
HwYDVQQKDBhJbnRlcm5ldCBXaWRnaXRzIFB0eSBMdGQwggEiMA0GCSqGSIb3DQEB
AQUAA4IBDwAwggEKAoIBAQDIC3Wj6US5oUyyjcSP616loFW94MExGLh0Flr02LfO
X2w0ZkDOGC1B/zHrJK4On+z8bwx/+L1hytq/aVytgUQWoGWZwQGuzU7ev+lKjcIW
ai2Zeqk3RysFPNticj/qWomS+g2o2RFJ/oEtg6BdAsy49VZjS0BTPpdoBBb7sMOp
S0GvGPY85uFG9QTD/4o4UOfvruSHeJHih3pRYvkqwpZ3Al9EJuCI5zDchBr21fa9
0JNFecJb1HymDk/eN3FxDHf/ubdB/TMx8oauC5WVoA/cLZjfZa6r+Ibv6wGnZe9F
GZocIDBGxyeLRbHTzN42/7L6mTn4br9VWzLEswj8glT3AgMBAAGjUzBRMB0GA1Ud
DgQWBBSDg9456bq2D7ileJyJm3Dw1QE7eDAfBgNVHSMEGDAWgBSDg9456bq2D7il
eJyJm3Dw1QE7eDAPBgNVHRMBAf8EBTADAQH/MA0GCSqGSIb3DQEBCwUAA4IBAQBp
htY9dAYDr3+yewxDbenTzcPuD4nS1x11NNfKHNY/Ju6fQa2/cNzgHu3oOaGlQRQ4
Ob3wgkk7sK6YuyKR5YllT9vOGqBw/Ha9x7cdRaP4gKEnxrMIdxEIWJifz72TF7xI
SId9FHVKy9awaunIGJelJ+v2J4ZHkUk2vHLjR57SQdv+ENuMeQZX34PwvcLvXhRj
joX7tBBYYoB/haFlW9WMHM7HyYryMAirxnF3ltXWley0vnLXlkFLRSp4xzr0ERZW
1vXmmTv+c+yXzTo03A4BcEBZg0gN4FjM3lKJjiC9M6hJ8oVIJ+40MoKTgNjaupb7
vXxBDJcqvz+HMrruHXw3
-----END CERTIFICATE-----
subject=/C=AU/ST=Some-State/O=Internet Widgits Pty Ltd
issuer=/C=AU/ST=Some-State/O=Internet Widgits Pty Ltd
---
No client certificate CA names sent
Peer signing digest: SHA512
Server Temp Key: DH, 2048 bits
---
SSL handshake has read 2278 bytes and written 460 bytes
Verification error: self signed certificate
---
New, TLSv1.2, Cipher is DHE-RSA-AES128-SHA256
Server public key is 2048 bit
Secure Renegotiation IS supported
Compression: NONE
Expansion: NONE
No ALPN negotiated
SSL-Session:
    Protocol  : TLSv1.2
    Cipher    : DHE-RSA-AES128-SHA256
    Session-ID: F8D81B68343A04985F61FEC94B5D8569727F02B234BC22E44C09FA90C486E496
    Session-ID-ctx: 
    Master-Key: 4962FACCF3A96790159D7428DDF302387A6573E24E244E9C9E5DAD51ED2FED2A027DA3B99652E1C549B0C716507C534B
    PSK identity: None
    PSK identity hint: None
    SRP username: None
    TLS session ticket lifetime hint: 7200 (seconds)
    TLS session ticket:
    0000 - 96 b4 52 8f bc bc 34 11-ff 12 75 5b 5f 64 32 dc   ..R...4...u[_d2.
    0010 - 32 47 78 4d fa e1 bf cd-af d4 8e 24 84 9c 2a ff   2GxM.......$..*.
    0020 - e8 15 87 07 08 ae 06 b5-a6 07 20 4d 1e cf f2 ed   .......... M....
    0030 - 92 b4 d4 84 74 ae 33 9b-e6 ea a4 62 ec 4d c8 3c   ....t.3....b.M.<
    0040 - d4 25 bb ed 11 93 40 05-27 5e ff c6 90 94 9d 21   .%....@.'^.....!
    0050 - d4 c4 6f 32 9b 3b 7e 07-89 71 2e f7 e9 ab 19 f0   ..o2.;~..q......
    0060 - cc 60 da 50 46 69 07 b3-99 5e f1 72 8d 0c 1f 39   .`.PFi...^.r...9
    0070 - 7b 50 11 e9 8a 31 eb 32-4e c3 78 76 21 73 54 cf   {P...1.2N.xv!sT.
    0080 - 90 d3 25 c1 df 8a 9b 41-4f 9d 58 b5 28 8e f7 e2   ..%....AO.X.(...
    0090 - c4 90 8c 81 10 f7 f6 44-85 ed f6 2e 39 2e cc 8e   .......D....9...

    Start Time: 1579551220
    Timeout   : 7200 (sec)
    Verify return code: 18 (self signed certificate)
    Extended master secret: yes
---
DONE
