depth=0 C = AU, ST = Some-State, O = Internet Widgits Pty Ltd
verify error:num=18:self signed certificate
verify return:1
depth=0 C = AU, ST = Some-State, O = Internet Widgits Pty Ltd
verify return:1
CONNECTED(00000003)
---
Certificate chain
 0 s:/C=AU/ST=Some-State/O=Internet Widgits Pty Ltd
   i:/C=AU/ST=Some-State/O=Internet Widgits Pty Ltd
---
Server certificate
-----BEGIN CERTIFICATE-----
MIIDazCCAlOgAwIBAgIUUWBj1DL0r1TRK/dHpKSOke8mNyowDQYJKoZIhvcNAQEL
BQAwRTELMAkGA1UEBhMCQVUxEzARBgNVBAgMClNvbWUtU3RhdGUxITAfBgNVBAoM
GEludGVybmV0IFdpZGdpdHMgUHR5IEx0ZDAeFw0xOTEwMjUxNjE5MzFaFw0yMDEw
MjQxNjE5MzFaMEUxCzAJBgNVBAYTAkFVMRMwEQYDVQQIDApTb21lLVN0YXRlMSEw
HwYDVQQKDBhJbnRlcm5ldCBXaWRnaXRzIFB0eSBMdGQwggEiMA0GCSqGSIb3DQEB
AQUAA4IBDwAwggEKAoIBAQDIC3Wj6US5oUyyjcSP616loFW94MExGLh0Flr02LfO
X2w0ZkDOGC1B/zHrJK4On+z8bwx/+L1hytq/aVytgUQWoGWZwQGuzU7ev+lKjcIW
ai2Zeqk3RysFPNticj/qWomS+g2o2RFJ/oEtg6BdAsy49VZjS0BTPpdoBBb7sMOp
S0GvGPY85uFG9QTD/4o4UOfvruSHeJHih3pRYvkqwpZ3Al9EJuCI5zDchBr21fa9
0JNFecJb1HymDk/eN3FxDHf/ubdB/TMx8oauC5WVoA/cLZjfZa6r+Ibv6wGnZe9F
GZocIDBGxyeLRbHTzN42/7L6mTn4br9VWzLEswj8glT3AgMBAAGjUzBRMB0GA1Ud
DgQWBBSDg9456bq2D7ileJyJm3Dw1QE7eDAfBgNVHSMEGDAWgBSDg9456bq2D7il
eJyJm3Dw1QE7eDAPBgNVHRMBAf8EBTADAQH/MA0GCSqGSIb3DQEBCwUAA4IBAQBp
htY9dAYDr3+yewxDbenTzcPuD4nS1x11NNfKHNY/Ju6fQa2/cNzgHu3oOaGlQRQ4
Ob3wgkk7sK6YuyKR5YllT9vOGqBw/Ha9x7cdRaP4gKEnxrMIdxEIWJifz72TF7xI
SId9FHVKy9awaunIGJelJ+v2J4ZHkUk2vHLjR57SQdv+ENuMeQZX34PwvcLvXhRj
joX7tBBYYoB/haFlW9WMHM7HyYryMAirxnF3ltXWley0vnLXlkFLRSp4xzr0ERZW
1vXmmTv+c+yXzTo03A4BcEBZg0gN4FjM3lKJjiC9M6hJ8oVIJ+40MoKTgNjaupb7
vXxBDJcqvz+HMrruHXw3
-----END CERTIFICATE-----
subject=/C=AU/ST=Some-State/O=Internet Widgits Pty Ltd
issuer=/C=AU/ST=Some-State/O=Internet Widgits Pty Ltd
---
No client certificate CA names sent
Peer signing digest: SHA512
Server Temp Key: X25519, 253 bits
---
SSL handshake has read 1496 bytes and written 209 bytes
Verification error: self signed certificate
---
New, TLSv1.2, Cipher is ECDHE-RSA-CHACHA20-POLY1305
Server public key is 2048 bit
Secure Renegotiation IS supported
Compression: NONE
Expansion: NONE
No ALPN negotiated
SSL-Session:
    Protocol  : TLSv1.2
    Cipher    : ECDHE-RSA-CHACHA20-POLY1305
    Session-ID: AB70858630113B81DECE10E09C54140295D6BE4BD466C6B90507AF5FC7CA4126
    Session-ID-ctx: 
    Master-Key: 45472AAB6710B08FBB3DB9B07EECF40E0FE34109093F5CAC2648F3A73F41F2E13AC5A5F88D41D964DF971EF144B42CB5
    PSK identity: None
    PSK identity hint: None
    SRP username: None
    TLS session ticket lifetime hint: 7200 (seconds)
    TLS session ticket:
    0000 - cc 2c 36 01 5f bb 52 6d-50 0a 1f 2a 61 19 07 cb   .,6._.RmP..*a...
    0010 - a6 c6 cf 84 69 af 80 8f-f9 c6 d9 df ee 7c 28 b5   ....i........|(.
    0020 - 87 3f 4a d3 8e 6e 95 28-de 31 75 23 5a f4 0b 60   .?J..n.(.1u#Z..`
    0030 - a0 bb 8e ba 35 1d 8f 05-62 62 e8 23 ea b8 f7 08   ....5...bb.#....
    0040 - 41 f7 82 e6 b2 bc 5a a7-90 3c a4 f2 38 6f d1 57   A.....Z..<..8o.W
    0050 - 2c a6 c7 fc 6b 77 53 bc-76 0b a9 36 4b ce fe d1   ,...kwS.v..6K...
    0060 - 99 0c cb 6a c6 80 2e 40-c8 88 00 61 e0 5e 80 9c   ...j...@...a.^..
    0070 - db bd f4 f2 21 0b ea 27-a4 33 d3 bc 3e 7b 38 0e   ....!..'.3..>{8.
    0080 - 81 8b 32 d6 8c 1e 0e 63-ca 3f 9d 8d 7a cc cf a6   ..2....c.?..z...
    0090 - 90 03 54 8e 1b bf bc f0-48 3c 16 44 36 15 14 7c   ..T.....H<.D6..|

    Start Time: 1578577798
    Timeout   : 7200 (sec)
    Verify return code: 18 (self signed certificate)
    Extended master secret: yes
---
DONE
