CONNECTED(00000003)
Can't use SSL_get_servername
depth=0 C = AU, ST = Some-State, O = Internet Widgits Pty Ltd
verify error:num=18:self signed certificate
verify return:1
depth=0 C = AU, ST = Some-State, O = Internet Widgits Pty Ltd
verify return:1
---
Certificate chain
 0 s:C = AU, ST = Some-State, O = Internet Widgits Pty Ltd
   i:C = AU, ST = Some-State, O = Internet Widgits Pty Ltd
---
Server certificate
-----BEGIN CERTIFICATE-----
MIIDazCCAlOgAwIBAgIUUWBj1DL0r1TRK/dHpKSOke8mNyowDQYJKoZIhvcNAQEL
BQAwRTELMAkGA1UEBhMCQVUxEzARBgNVBAgMClNvbWUtU3RhdGUxITAfBgNVBAoM
GEludGVybmV0IFdpZGdpdHMgUHR5IEx0ZDAeFw0xOTEwMjUxNjE5MzFaFw0yMDEw
MjQxNjE5MzFaMEUxCzAJBgNVBAYTAkFVMRMwEQYDVQQIDApTb21lLVN0YXRlMSEw
HwYDVQQKDBhJbnRlcm5ldCBXaWRnaXRzIFB0eSBMdGQwggEiMA0GCSqGSIb3DQEB
AQUAA4IBDwAwggEKAoIBAQDIC3Wj6US5oUyyjcSP616loFW94MExGLh0Flr02LfO
X2w0ZkDOGC1B/zHrJK4On+z8bwx/+L1hytq/aVytgUQWoGWZwQGuzU7ev+lKjcIW
ai2Zeqk3RysFPNticj/qWomS+g2o2RFJ/oEtg6BdAsy49VZjS0BTPpdoBBb7sMOp
S0GvGPY85uFG9QTD/4o4UOfvruSHeJHih3pRYvkqwpZ3Al9EJuCI5zDchBr21fa9
0JNFecJb1HymDk/eN3FxDHf/ubdB/TMx8oauC5WVoA/cLZjfZa6r+Ibv6wGnZe9F
GZocIDBGxyeLRbHTzN42/7L6mTn4br9VWzLEswj8glT3AgMBAAGjUzBRMB0GA1Ud
DgQWBBSDg9456bq2D7ileJyJm3Dw1QE7eDAfBgNVHSMEGDAWgBSDg9456bq2D7il
eJyJm3Dw1QE7eDAPBgNVHRMBAf8EBTADAQH/MA0GCSqGSIb3DQEBCwUAA4IBAQBp
htY9dAYDr3+yewxDbenTzcPuD4nS1x11NNfKHNY/Ju6fQa2/cNzgHu3oOaGlQRQ4
Ob3wgkk7sK6YuyKR5YllT9vOGqBw/Ha9x7cdRaP4gKEnxrMIdxEIWJifz72TF7xI
SId9FHVKy9awaunIGJelJ+v2J4ZHkUk2vHLjR57SQdv+ENuMeQZX34PwvcLvXhRj
joX7tBBYYoB/haFlW9WMHM7HyYryMAirxnF3ltXWley0vnLXlkFLRSp4xzr0ERZW
1vXmmTv+c+yXzTo03A4BcEBZg0gN4FjM3lKJjiC9M6hJ8oVIJ+40MoKTgNjaupb7
vXxBDJcqvz+HMrruHXw3
-----END CERTIFICATE-----
subject=C = AU, ST = Some-State, O = Internet Widgits Pty Ltd

issuer=C = AU, ST = Some-State, O = Internet Widgits Pty Ltd

---
No client certificate CA names sent
Peer signing digest: SHA256
Peer signature type: RSA
Server Temp Key: DH, 2048 bits
---
SSL handshake has read 2015 bytes and written 476 bytes
Verification error: self signed certificate
---
New, TLSv1.2, Cipher is DHE-RSA-AES128-SHA256
Server public key is 2048 bit
Secure Renegotiation IS supported
No ALPN negotiated
SSL-Session:
    Protocol  : TLSv1.2
    Cipher    : DHE-RSA-AES128-SHA256
    Session-ID: 06382943C90135129A6ABC869AC0688D9A539BD1EAD29DB6D481B0B3B20170FE
    Session-ID-ctx: 
    Master-Key: 26A44818C54D0838BC6698A77B67C9F688CF933EC27BBA17382576009489F823F173068921137EC33495FEECFCD6C381
    PSK identity: None
    PSK identity hint: None
    SRP username: None
    TLS session ticket lifetime hint: 300 (seconds)
    TLS session ticket:
    0000 - f9 42 2b 85 1f 36 a7 ab-27 fd 17 fa 8b 59 e3 5f   .B+..6..'....Y._
    0010 - 0f 7e fb c2 91 09 3a 0e-31 b9 ef d8 5d 44 f7 80   .~....:.1...]D..
    0020 - e3 9b a2 ca 61 42 95 72-02 5a b6 dc d2 43 87 28   ....aB.r.Z...C.(
    0030 - ae b0 f4 5c c1 69 ba 6f-25 13 e4 3e 45 c4 b4 29   ...\.i.o%..>E..)
    0040 - 30 52 bc 1b 40 9d a1 4d-5b 28 5e e2 05 cd 17 2f   0R..@..M[(^..../
    0050 - 65 59 e7 ae 34 c8 ff b0-d3 bd 3a 6a 92 4c 9a 93   eY..4.....:j.L..
    0060 - 81 b2 48 42 8b 69 1f a1-96 9e cb d9 59 21 c3 b6   ..HB.i......Y!..
    0070 - 42 5b 5f f0 4a a4 5c 57-6f 36 00 64 51 dc 86 12   B[_.J.\Wo6.dQ...
    0080 - 43 e5 40 de 59 39 50 5d-bd 83 1e 8f 6e 01 e3 d3   C.@.Y9P]....n...
    0090 - 6d 3b bb 82 29 40 dd 6e-8c 15 ba 0b 7f 6d 5d 2f   m;..)@.n.....m]/

    Start Time: 1578577869
    Timeout   : 7200 (sec)
    Verify return code: 18 (self signed certificate)
    Extended master secret: no
---
DONE
