CONNECTED(00000003)
Can't use SSL_get_servername
depth=0 C = AU, ST = Some-State, O = Internet Widgits Pty Ltd
verify error:num=18:self signed certificate
verify return:1
depth=0 C = AU, ST = Some-State, O = Internet Widgits Pty Ltd
verify return:1
---
Certificate chain
 0 s:C = AU, ST = Some-State, O = Internet Widgits Pty Ltd
   i:C = AU, ST = Some-State, O = Internet Widgits Pty Ltd
---
Server certificate
-----BEGIN CERTIFICATE-----
MIIB4DCCAYWgAwIBAgIUCXxxGEjDfI8qZM/lYEyRO/5FAH8wCgYIKoZIzj0EAwIw
RTELMAkGA1UEBhMCQVUxEzARBgNVBAgMClNvbWUtU3RhdGUxITAfBgNVBAoMGElu
dGVybmV0IFdpZGdpdHMgUHR5IEx0ZDAeFw0yMDAxMjAxOTU0MTVaFw0yMTAxMTkx
OTU0MTVaMEUxCzAJBgNVBAYTAkFVMRMwEQYDVQQIDApTb21lLVN0YXRlMSEwHwYD
VQQKDBhJbnRlcm5ldCBXaWRnaXRzIFB0eSBMdGQwWTATBgcqhkjOPQIBBggqhkjO
PQMBBwNCAAQEWvQ5kNNn0gohxZiHN8GZ2c2YUKQBqHDOBcDHaOesleIQlq72x5jF
w74Y1H7BLGlwvZuJ3N/4jF8UdT098W+ho1MwUTAdBgNVHQ4EFgQU5K267TWlHB0Y
HXW940sLw8SUXeEwHwYDVR0jBBgwFoAU5K267TWlHB0YHXW940sLw8SUXeEwDwYD
VR0TAQH/BAUwAwEB/zAKBggqhkjOPQQDAgNJADBGAiEA4GScbVO50YAPJtbP4fny
StHIpNxRcMsSij4Qe2KiM/sCIQDY7Um4nntc3KIF6WOb68OZOQRfQylRLfyllN5r
hm7Z4g==
-----END CERTIFICATE-----
subject=C = AU, ST = Some-State, O = Internet Widgits Pty Ltd

issuer=C = AU, ST = Some-State, O = Internet Widgits Pty Ltd

---
No client certificate CA names sent
Peer signing digest: SHA256
Peer signature type: ECDSA
Server Temp Key: ECDH, P-256, 256 bits
---
SSL handshake has read 1009 bytes and written 324 bytes
Verification error: self signed certificate
---
New, TLSv1.2, Cipher is ECDHE-ECDSA-AES256-SHA384
Server public key is 256 bit
Secure Renegotiation IS supported
No ALPN negotiated
SSL-Session:
    Protocol  : TLSv1.2
    Cipher    : ECDHE-ECDSA-AES256-SHA384
    Session-ID: A45DC4064694BBE07C39390387F034433D6E7F5CADA393218F20BE71C3AD76FF
    Session-ID-ctx: 
    Master-Key: BB0820605984211B87B98A44A725B7B34D793E2EF7EA9828484B8DF78BAF1BBA466A0B595CE53A3B743AC61F33E8BBA9
    PSK identity: None
    PSK identity hint: None
    SRP username: None
    TLS session ticket lifetime hint: 300 (seconds)
    TLS session ticket:
    0000 - a7 71 c3 47 9b 45 0b c1-f2 01 3f fc 24 36 58 c3   .q.G.E....?.$6X.
    0010 - 2a e2 35 f2 69 a9 71 a1-69 b7 c6 99 c9 f6 b0 b5   *.5.i.q.i.......
    0020 - 72 8c 33 29 e9 15 8a 2b-c7 23 9b 9d 38 26 60 ec   r.3)...+.#..8&`.
    0030 - b8 80 7a 81 9c df 82 1d-1c f9 86 c6 47 99 9e 41   ..z.........G..A
    0040 - 13 b4 3c 26 4d 91 82 ad-1a a5 13 7b 19 17 58 db   ..<&M......{..X.
    0050 - 1b 16 33 d5 6d ea ec 35-47 41 6c dc f3 0d 43 26   ..3.m..5GAl...C&
    0060 - b9 72 91 6f 9d 73 1c c2-cb da 46 7a 2c 82 81 e5   .r.o.s....Fz,...
    0070 - 7e 6c d2 55 c8 37 0c 95-1c e1 90 32 50 5b 3e 25   ~l.U.7.....2P[>%
    0080 - 30 1f 08 05 2c d3 b4 af-8a 6b c6 f5 91 f9 00 cd   0...,....k......
    0090 - 60 0d 8d cd fb 7f 4d 7c-1c 35 9f 55 d6 58 b0 ed   `.....M|.5.U.X..

    Start Time: 1579551276
    Timeout   : 7200 (sec)
    Verify return code: 18 (self signed certificate)
    Extended master secret: no
---
DONE
