CONNECTED(00000003)
Can't use SSL_get_servername
depth=0 C = AU, ST = Some-State, O = Internet Widgits Pty Ltd
verify error:num=18:self signed certificate
verify return:1
depth=0 C = AU, ST = Some-State, O = Internet Widgits Pty Ltd
verify return:1
DONE
---
Certificate chain
 0 s:C = AU, ST = Some-State, O = Internet Widgits Pty Ltd
   i:C = AU, ST = Some-State, O = Internet Widgits Pty Ltd
---
Server certificate
-----BEGIN CERTIFICATE-----
MIIDazCCAlOgAwIBAgIUUWBj1DL0r1TRK/dHpKSOke8mNyowDQYJKoZIhvcNAQEL
BQAwRTELMAkGA1UEBhMCQVUxEzARBgNVBAgMClNvbWUtU3RhdGUxITAfBgNVBAoM
GEludGVybmV0IFdpZGdpdHMgUHR5IEx0ZDAeFw0xOTEwMjUxNjE5MzFaFw0yMDEw
MjQxNjE5MzFaMEUxCzAJBgNVBAYTAkFVMRMwEQYDVQQIDApTb21lLVN0YXRlMSEw
HwYDVQQKDBhJbnRlcm5ldCBXaWRnaXRzIFB0eSBMdGQwggEiMA0GCSqGSIb3DQEB
AQUAA4IBDwAwggEKAoIBAQDIC3Wj6US5oUyyjcSP616loFW94MExGLh0Flr02LfO
X2w0ZkDOGC1B/zHrJK4On+z8bwx/+L1hytq/aVytgUQWoGWZwQGuzU7ev+lKjcIW
ai2Zeqk3RysFPNticj/qWomS+g2o2RFJ/oEtg6BdAsy49VZjS0BTPpdoBBb7sMOp
S0GvGPY85uFG9QTD/4o4UOfvruSHeJHih3pRYvkqwpZ3Al9EJuCI5zDchBr21fa9
0JNFecJb1HymDk/eN3FxDHf/ubdB/TMx8oauC5WVoA/cLZjfZa6r+Ibv6wGnZe9F
GZocIDBGxyeLRbHTzN42/7L6mTn4br9VWzLEswj8glT3AgMBAAGjUzBRMB0GA1Ud
DgQWBBSDg9456bq2D7ileJyJm3Dw1QE7eDAfBgNVHSMEGDAWgBSDg9456bq2D7il
eJyJm3Dw1QE7eDAPBgNVHRMBAf8EBTADAQH/MA0GCSqGSIb3DQEBCwUAA4IBAQBp
htY9dAYDr3+yewxDbenTzcPuD4nS1x11NNfKHNY/Ju6fQa2/cNzgHu3oOaGlQRQ4
Ob3wgkk7sK6YuyKR5YllT9vOGqBw/Ha9x7cdRaP4gKEnxrMIdxEIWJifz72TF7xI
SId9FHVKy9awaunIGJelJ+v2J4ZHkUk2vHLjR57SQdv+ENuMeQZX34PwvcLvXhRj
joX7tBBYYoB/haFlW9WMHM7HyYryMAirxnF3ltXWley0vnLXlkFLRSp4xzr0ERZW
1vXmmTv+c+yXzTo03A4BcEBZg0gN4FjM3lKJjiC9M6hJ8oVIJ+40MoKTgNjaupb7
vXxBDJcqvz+HMrruHXw3
-----END CERTIFICATE-----
subject=C = AU, ST = Some-State, O = Internet Widgits Pty Ltd

issuer=C = AU, ST = Some-State, O = Internet Widgits Pty Ltd

---
No client certificate CA names sent
---
SSL handshake has read 1207 bytes and written 396 bytes
Verification error: self signed certificate
---
New, SSLv3, Cipher is AES128-SHA
Server public key is 2048 bit
Secure Renegotiation IS supported
No ALPN negotiated
SSL-Session:
    Protocol  : TLSv1
    Cipher    : AES128-SHA
    Session-ID: AF52C91FFC98456C54CB59D7C1ACB7F3010967C5AB7530115231E77B0ADC2915
    Session-ID-ctx: 
    Master-Key: 1F1C7C5E1BBD31606AA3B3F665B11473A186FD9CF7F22622B8561A65C4C9886EAA1D49E90E9094266399EDB729A49E19
    PSK identity: None
    PSK identity hint: None
    SRP username: None
    TLS session ticket lifetime hint: 7200 (seconds)
    TLS session ticket:
    0000 - 0d 97 f8 af a4 7d 1d 93-9d 89 6e 2c 2c c2 c0 20   .....}....n,,.. 
    0010 - 41 c3 95 a0 5f f6 3b 17-7e ca df 23 e5 66 64 05   A..._.;.~..#.fd.
    0020 - 2a 34 f5 3a 4a 14 17 3b-65 87 16 9e 12 77 3d 28   *4.:J..;e....w=(
    0030 - 33 99 4d 36 61 3e 4c d5-59 7c 95 96 e3 1a 98 87   3.M6a>L.Y|......
    0040 - ea 4f c9 c3 70 bf 6e f1-7a 51 fa 1a b3 3e 88 a5   .O..p.n.zQ...>..
    0050 - d0 3c 72 5d a0 68 c1 f0-65 e7 68 9f 4e a9 23 9e   .<r].h..e.h.N.#.
    0060 - f7 af 3a 68 af bc f7 6d-f6 5c 77 48 78 2d 66 3f   ..:h...m.\wHx-f?
    0070 - b0 e7 e9 d9 f9 56 fc aa-69 33 ac 23 8f 1d 47 70   .....V..i3.#..Gp
    0080 - 37 97 28 4c 10 6c 56 66-15 72 81 2a 61 c4 89 8d   7.(L.lVf.r.*a...
    0090 - 90 25 3c ad 75 d9 8c ed-d0 23 6d b5 2c d0 7a c7   .%<.u....#m.,.z.

    Start Time: 1578517724
    Timeout   : 7200 (sec)
    Verify return code: 18 (self signed certificate)
    Extended master secret: yes
---
