CONNECTED(00000003)
Can't use SSL_get_servername
depth=0 C = AU, ST = Some-State, O = Internet Widgits Pty Ltd
verify error:num=18:self signed certificate
verify return:1
depth=0 C = AU, ST = Some-State, O = Internet Widgits Pty Ltd
verify return:1
---
Certificate chain
 0 s:C = AU, ST = Some-State, O = Internet Widgits Pty Ltd
   i:C = AU, ST = Some-State, O = Internet Widgits Pty Ltd
---
Server certificate
-----BEGIN CERTIFICATE-----
MIIDazCCAlOgAwIBAgIUUWBj1DL0r1TRK/dHpKSOke8mNyowDQYJKoZIhvcNAQEL
BQAwRTELMAkGA1UEBhMCQVUxEzARBgNVBAgMClNvbWUtU3RhdGUxITAfBgNVBAoM
GEludGVybmV0IFdpZGdpdHMgUHR5IEx0ZDAeFw0xOTEwMjUxNjE5MzFaFw0yMDEw
MjQxNjE5MzFaMEUxCzAJBgNVBAYTAkFVMRMwEQYDVQQIDApTb21lLVN0YXRlMSEw
HwYDVQQKDBhJbnRlcm5ldCBXaWRnaXRzIFB0eSBMdGQwggEiMA0GCSqGSIb3DQEB
AQUAA4IBDwAwggEKAoIBAQDIC3Wj6US5oUyyjcSP616loFW94MExGLh0Flr02LfO
X2w0ZkDOGC1B/zHrJK4On+z8bwx/+L1hytq/aVytgUQWoGWZwQGuzU7ev+lKjcIW
ai2Zeqk3RysFPNticj/qWomS+g2o2RFJ/oEtg6BdAsy49VZjS0BTPpdoBBb7sMOp
S0GvGPY85uFG9QTD/4o4UOfvruSHeJHih3pRYvkqwpZ3Al9EJuCI5zDchBr21fa9
0JNFecJb1HymDk/eN3FxDHf/ubdB/TMx8oauC5WVoA/cLZjfZa6r+Ibv6wGnZe9F
GZocIDBGxyeLRbHTzN42/7L6mTn4br9VWzLEswj8glT3AgMBAAGjUzBRMB0GA1Ud
DgQWBBSDg9456bq2D7ileJyJm3Dw1QE7eDAfBgNVHSMEGDAWgBSDg9456bq2D7il
eJyJm3Dw1QE7eDAPBgNVHRMBAf8EBTADAQH/MA0GCSqGSIb3DQEBCwUAA4IBAQBp
htY9dAYDr3+yewxDbenTzcPuD4nS1x11NNfKHNY/Ju6fQa2/cNzgHu3oOaGlQRQ4
Ob3wgkk7sK6YuyKR5YllT9vOGqBw/Ha9x7cdRaP4gKEnxrMIdxEIWJifz72TF7xI
SId9FHVKy9awaunIGJelJ+v2J4ZHkUk2vHLjR57SQdv+ENuMeQZX34PwvcLvXhRj
joX7tBBYYoB/haFlW9WMHM7HyYryMAirxnF3ltXWley0vnLXlkFLRSp4xzr0ERZW
1vXmmTv+c+yXzTo03A4BcEBZg0gN4FjM3lKJjiC9M6hJ8oVIJ+40MoKTgNjaupb7
vXxBDJcqvz+HMrruHXw3
-----END CERTIFICATE-----
subject=C = AU, ST = Some-State, O = Internet Widgits Pty Ltd

issuer=C = AU, ST = Some-State, O = Internet Widgits Pty Ltd

---
No client certificate CA names sent
Peer signing digest: MD5-SHA1
Peer signature type: RSA
Server Temp Key: X25519, 253 bits
---
SSL handshake has read 1518 bytes and written 195 bytes
Verification error: self signed certificate
---
New, TLSv1.0, Cipher is ECDHE-RSA-AES128-SHA
Server public key is 2048 bit
Secure Renegotiation IS supported
No ALPN negotiated
SSL-Session:
    Protocol  : TLSv1
    Cipher    : ECDHE-RSA-AES128-SHA
    Session-ID: 512C7FE189A09F735538AEBFFD6A3BEB6CEB77500A5A9F1FE7401B8E5042DB61
    Session-ID-ctx: 
    Master-Key: D0A4274A8EFEBC771ABC13EC4073405F364FF8BF38237F6F880339AD8C5F5F54115EA1185AF122A04DED4D56E5CCDE87
    PSK identity: None
    PSK identity hint: None
    SRP username: None
    TLS session ticket lifetime hint: 7200 (seconds)
    TLS session ticket:
    0000 - 96 b4 52 8f bc bc 34 11-ff 12 75 5b 5f 64 32 dc   ..R...4...u[_d2.
    0010 - 8e ea 24 24 51 a2 eb cb-26 bf 07 97 22 9b 46 5f   ..$$Q...&...".F_
    0020 - f3 09 b9 e6 38 8d 33 d7-5d 6f 2a 74 60 7b 1d 09   ....8.3.]o*t`{..
    0030 - a8 54 3e e2 11 fb 8d f6-ca 91 aa dd 18 8a fa 94   .T>.............
    0040 - b8 4b e7 16 ee 6b 04 11-e0 ba 89 29 8c 9c e7 39   .K...k.....)...9
    0050 - b9 a0 9a ab 63 c2 8c 9e-8c ee e5 aa 6d f5 c8 35   ....c.......m..5
    0060 - 19 78 58 f7 05 0a fa d8-97 83 d7 79 43 e5 f3 bb   .xX........yC...
    0070 - 25 2b f3 1a c6 a9 42 b0-d0 70 e5 57 d8 d1 9f 18   %+....B..p.W....
    0080 - 78 a5 5d 54 19 b3 0d 7a-4f 19 94 bc 40 bd 9c 66   x.]T...zO...@..f
    0090 - 2b 64 19 75 80 6b f1 88-bc d7 f4 56 c0 66 43 3f   +d.u.k.....V.fC?

    Start Time: 1579551245
    Timeout   : 7200 (sec)
    Verify return code: 18 (self signed certificate)
    Extended master secret: yes
---
DONE
