depth=0 C = AU, ST = Some-State, O = Internet Widgits Pty Ltd
verify error:num=18:self signed certificate
verify return:1
depth=0 C = AU, ST = Some-State, O = Internet Widgits Pty Ltd
verify return:1
CONNECTED(00000003)
---
Certificate chain
 0 s:/C=AU/ST=Some-State/O=Internet Widgits Pty Ltd
   i:/C=AU/ST=Some-State/O=Internet Widgits Pty Ltd
---
Server certificate
-----BEGIN CERTIFICATE-----
MIIDazCCAlOgAwIBAgIUUWBj1DL0r1TRK/dHpKSOke8mNyowDQYJKoZIhvcNAQEL
BQAwRTELMAkGA1UEBhMCQVUxEzARBgNVBAgMClNvbWUtU3RhdGUxITAfBgNVBAoM
GEludGVybmV0IFdpZGdpdHMgUHR5IEx0ZDAeFw0xOTEwMjUxNjE5MzFaFw0yMDEw
MjQxNjE5MzFaMEUxCzAJBgNVBAYTAkFVMRMwEQYDVQQIDApTb21lLVN0YXRlMSEw
HwYDVQQKDBhJbnRlcm5ldCBXaWRnaXRzIFB0eSBMdGQwggEiMA0GCSqGSIb3DQEB
AQUAA4IBDwAwggEKAoIBAQDIC3Wj6US5oUyyjcSP616loFW94MExGLh0Flr02LfO
X2w0ZkDOGC1B/zHrJK4On+z8bwx/+L1hytq/aVytgUQWoGWZwQGuzU7ev+lKjcIW
ai2Zeqk3RysFPNticj/qWomS+g2o2RFJ/oEtg6BdAsy49VZjS0BTPpdoBBb7sMOp
S0GvGPY85uFG9QTD/4o4UOfvruSHeJHih3pRYvkqwpZ3Al9EJuCI5zDchBr21fa9
0JNFecJb1HymDk/eN3FxDHf/ubdB/TMx8oauC5WVoA/cLZjfZa6r+Ibv6wGnZe9F
GZocIDBGxyeLRbHTzN42/7L6mTn4br9VWzLEswj8glT3AgMBAAGjUzBRMB0GA1Ud
DgQWBBSDg9456bq2D7ileJyJm3Dw1QE7eDAfBgNVHSMEGDAWgBSDg9456bq2D7il
eJyJm3Dw1QE7eDAPBgNVHRMBAf8EBTADAQH/MA0GCSqGSIb3DQEBCwUAA4IBAQBp
htY9dAYDr3+yewxDbenTzcPuD4nS1x11NNfKHNY/Ju6fQa2/cNzgHu3oOaGlQRQ4
Ob3wgkk7sK6YuyKR5YllT9vOGqBw/Ha9x7cdRaP4gKEnxrMIdxEIWJifz72TF7xI
SId9FHVKy9awaunIGJelJ+v2J4ZHkUk2vHLjR57SQdv+ENuMeQZX34PwvcLvXhRj
joX7tBBYYoB/haFlW9WMHM7HyYryMAirxnF3ltXWley0vnLXlkFLRSp4xzr0ERZW
1vXmmTv+c+yXzTo03A4BcEBZg0gN4FjM3lKJjiC9M6hJ8oVIJ+40MoKTgNjaupb7
vXxBDJcqvz+HMrruHXw3
-----END CERTIFICATE-----
subject=/C=AU/ST=Some-State/O=Internet Widgits Pty Ltd
issuer=/C=AU/ST=Some-State/O=Internet Widgits Pty Ltd
---
No client certificate CA names sent
---
SSL handshake has read 1235 bytes and written 460 bytes
Verification error: self signed certificate
---
New, TLSv1.2, Cipher is AES128-SHA256
Server public key is 2048 bit
Secure Renegotiation IS supported
Compression: NONE
Expansion: NONE
No ALPN negotiated
SSL-Session:
    Protocol  : TLSv1.2
    Cipher    : AES128-SHA256
    Session-ID: D354CB16197387B864A0D200176ECB076FBF35622639C03A709AACCC11AF9B8F
    Session-ID-ctx: 
    Master-Key: 96D1A380D5927D456A9BC3A1A3719140063EECC73FE2C4505B6B9BD64CACE7F8F88F86FB4151AEED5DC42F3354C9756D
    PSK identity: None
    PSK identity hint: None
    SRP username: None
    TLS session ticket lifetime hint: 7200 (seconds)
    TLS session ticket:
    0000 - 8b 9a dd 6a ca 0e 88 61-bf f0 4f 2b 4d b0 79 2b   ...j...a..O+M.y+
    0010 - bb 6a b6 bb 5e 7c d7 a2-34 2e 9a 83 ae 06 22 dc   .j..^|..4.....".
    0020 - 2a aa c3 8a ab a0 09 54-37 78 37 fb 77 0c d1 69   *......T7x7.w..i
    0030 - b2 b7 ba 30 77 26 96 2a-3d 9a 08 72 45 4b e1 89   ...0w&.*=..rEK..
    0040 - aa 27 25 72 b0 81 71 f2-ef 80 cf 6d 30 b0 f1 b1   .'%r..q....m0...
    0050 - 84 9c 6d 9a 5e a8 ba 89-1d ab 0d 7c 46 4b fe 59   ..m.^......|FK.Y
    0060 - 5e 23 86 b7 f6 bb 36 f9-30 74 0f 56 c9 13 f2 2a   ^#....6.0t.V...*
    0070 - d0 ce 79 be 6a 1b 9c 84-8d 99 89 8f 06 e3 87 51   ..y.j..........Q
    0080 - 07 4a 80 66 f4 94 b4 08-98 a4 04 f9 29 e2 42 58   .J.f........).BX
    0090 - cc b5 40 82 cb 08 fe 5c-05 3f 7c f7 86 61 c1 93   ..@....\.?|..a..

    Start Time: 1578517708
    Timeout   : 7200 (sec)
    Verify return code: 18 (self signed certificate)
    Extended master secret: yes
---
DONE
