depth=0 C = AU, ST = Some-State, O = Internet Widgits Pty Ltd
verify error:num=18:self signed certificate
verify return:1
depth=0 C = AU, ST = Some-State, O = Internet Widgits Pty Ltd
verify return:1
CONNECTED(00000003)
---
Certificate chain
 0 s:/C=AU/ST=Some-State/O=Internet Widgits Pty Ltd
   i:/C=AU/ST=Some-State/O=Internet Widgits Pty Ltd
---
Server certificate
-----BEGIN CERTIFICATE-----
MIIDazCCAlOgAwIBAgIUUWBj1DL0r1TRK/dHpKSOke8mNyowDQYJKoZIhvcNAQEL
BQAwRTELMAkGA1UEBhMCQVUxEzARBgNVBAgMClNvbWUtU3RhdGUxITAfBgNVBAoM
GEludGVybmV0IFdpZGdpdHMgUHR5IEx0ZDAeFw0xOTEwMjUxNjE5MzFaFw0yMDEw
MjQxNjE5MzFaMEUxCzAJBgNVBAYTAkFVMRMwEQYDVQQIDApTb21lLVN0YXRlMSEw
HwYDVQQKDBhJbnRlcm5ldCBXaWRnaXRzIFB0eSBMdGQwggEiMA0GCSqGSIb3DQEB
AQUAA4IBDwAwggEKAoIBAQDIC3Wj6US5oUyyjcSP616loFW94MExGLh0Flr02LfO
X2w0ZkDOGC1B/zHrJK4On+z8bwx/+L1hytq/aVytgUQWoGWZwQGuzU7ev+lKjcIW
ai2Zeqk3RysFPNticj/qWomS+g2o2RFJ/oEtg6BdAsy49VZjS0BTPpdoBBb7sMOp
S0GvGPY85uFG9QTD/4o4UOfvruSHeJHih3pRYvkqwpZ3Al9EJuCI5zDchBr21fa9
0JNFecJb1HymDk/eN3FxDHf/ubdB/TMx8oauC5WVoA/cLZjfZa6r+Ibv6wGnZe9F
GZocIDBGxyeLRbHTzN42/7L6mTn4br9VWzLEswj8glT3AgMBAAGjUzBRMB0GA1Ud
DgQWBBSDg9456bq2D7ileJyJm3Dw1QE7eDAfBgNVHSMEGDAWgBSDg9456bq2D7il
eJyJm3Dw1QE7eDAPBgNVHRMBAf8EBTADAQH/MA0GCSqGSIb3DQEBCwUAA4IBAQBp
htY9dAYDr3+yewxDbenTzcPuD4nS1x11NNfKHNY/Ju6fQa2/cNzgHu3oOaGlQRQ4
Ob3wgkk7sK6YuyKR5YllT9vOGqBw/Ha9x7cdRaP4gKEnxrMIdxEIWJifz72TF7xI
SId9FHVKy9awaunIGJelJ+v2J4ZHkUk2vHLjR57SQdv+ENuMeQZX34PwvcLvXhRj
joX7tBBYYoB/haFlW9WMHM7HyYryMAirxnF3ltXWley0vnLXlkFLRSp4xzr0ERZW
1vXmmTv+c+yXzTo03A4BcEBZg0gN4FjM3lKJjiC9M6hJ8oVIJ+40MoKTgNjaupb7
vXxBDJcqvz+HMrruHXw3
-----END CERTIFICATE-----
subject=/C=AU/ST=Some-State/O=Internet Widgits Pty Ltd
issuer=/C=AU/ST=Some-State/O=Internet Widgits Pty Ltd
---
No client certificate CA names sent
Peer signing digest: SHA512
Server Temp Key: DH, 2048 bits
---
SSL handshake has read 2226 bytes and written 412 bytes
Verification error: self signed certificate
---
New, TLSv1.2, Cipher is DHE-RSA-CHACHA20-POLY1305
Server public key is 2048 bit
Secure Renegotiation IS supported
Compression: NONE
Expansion: NONE
No ALPN negotiated
SSL-Session:
    Protocol  : TLSv1.2
    Cipher    : DHE-RSA-CHACHA20-POLY1305
    Session-ID: 2729C03F436DC403A679154F79ED5290734692AB8D719913B8147531545F9FBD
    Session-ID-ctx: 
    Master-Key: 5A83BD765068E85CAF806A7C9ED546C4F22A6FBF46244CCDF69F5A9F2A2CCF126FEDC219CDA45CDB2C7DE1F28597EF19
    PSK identity: None
    PSK identity hint: None
    SRP username: None
    TLS session ticket lifetime hint: 7200 (seconds)
    TLS session ticket:
    0000 - 39 ae fe b3 27 b7 f1 a7-4e 97 14 09 6f 34 40 7f   9...'...N...o4@.
    0010 - b4 da 1f f8 b4 c1 43 a1-14 e0 79 88 44 84 ce e3   ......C...y.D...
    0020 - 34 04 76 2d 50 e3 4a 72-9a a6 b5 d4 05 13 c5 f7   4.v-P.Jr........
    0030 - 96 f0 7d cd 33 7e 5a 2e-4e d2 93 80 3c 93 d6 91   ..}.3~Z.N...<...
    0040 - f2 fc 8f 3d ab 69 e0 9f-f4 e8 b0 60 78 d2 22 61   ...=.i.....`x."a
    0050 - 08 76 b3 78 b4 4c b4 b4-36 d1 f9 49 99 4d 50 a0   .v.x.L..6..I.MP.
    0060 - 0e 28 34 95 b7 c2 7f 5f-83 63 5d 45 ae 02 18 2d   .(4...._.c]E...-
    0070 - 07 a9 5b 3e 4a 58 00 ae-97 0a c1 42 89 76 8b ee   ..[>JX.....B.v..
    0080 - f4 75 c0 7e ca 08 eb ff-d9 b4 03 52 91 fb 08 7c   .u.~.......R...|
    0090 - dc 07 3e 46 06 e3 39 b7-15 60 c2 3c e8 c7 49 8f   ..>F..9..`.<..I.

    Start Time: 1579551208
    Timeout   : 7200 (sec)
    Verify return code: 18 (self signed certificate)
    Extended master secret: yes
---
DONE
