depth=0 C = AU, ST = Some-State, O = Internet Widgits Pty Ltd
verify error:num=18:self signed certificate
verify return:1
depth=0 C = AU, ST = Some-State, O = Internet Widgits Pty Ltd
verify return:1
CONNECTED(00000003)
---
Certificate chain
 0 s:/C=AU/ST=Some-State/O=Internet Widgits Pty Ltd
   i:/C=AU/ST=Some-State/O=Internet Widgits Pty Ltd
---
Server certificate
-----BEGIN CERTIFICATE-----
MIIDazCCAlOgAwIBAgIUUWBj1DL0r1TRK/dHpKSOke8mNyowDQYJKoZIhvcNAQEL
BQAwRTELMAkGA1UEBhMCQVUxEzARBgNVBAgMClNvbWUtU3RhdGUxITAfBgNVBAoM
GEludGVybmV0IFdpZGdpdHMgUHR5IEx0ZDAeFw0xOTEwMjUxNjE5MzFaFw0yMDEw
MjQxNjE5MzFaMEUxCzAJBgNVBAYTAkFVMRMwEQYDVQQIDApTb21lLVN0YXRlMSEw
HwYDVQQKDBhJbnRlcm5ldCBXaWRnaXRzIFB0eSBMdGQwggEiMA0GCSqGSIb3DQEB
AQUAA4IBDwAwggEKAoIBAQDIC3Wj6US5oUyyjcSP616loFW94MExGLh0Flr02LfO
X2w0ZkDOGC1B/zHrJK4On+z8bwx/+L1hytq/aVytgUQWoGWZwQGuzU7ev+lKjcIW
ai2Zeqk3RysFPNticj/qWomS+g2o2RFJ/oEtg6BdAsy49VZjS0BTPpdoBBb7sMOp
S0GvGPY85uFG9QTD/4o4UOfvruSHeJHih3pRYvkqwpZ3Al9EJuCI5zDchBr21fa9
0JNFecJb1HymDk/eN3FxDHf/ubdB/TMx8oauC5WVoA/cLZjfZa6r+Ibv6wGnZe9F
GZocIDBGxyeLRbHTzN42/7L6mTn4br9VWzLEswj8glT3AgMBAAGjUzBRMB0GA1Ud
DgQWBBSDg9456bq2D7ileJyJm3Dw1QE7eDAfBgNVHSMEGDAWgBSDg9456bq2D7il
eJyJm3Dw1QE7eDAPBgNVHRMBAf8EBTADAQH/MA0GCSqGSIb3DQEBCwUAA4IBAQBp
htY9dAYDr3+yewxDbenTzcPuD4nS1x11NNfKHNY/Ju6fQa2/cNzgHu3oOaGlQRQ4
Ob3wgkk7sK6YuyKR5YllT9vOGqBw/Ha9x7cdRaP4gKEnxrMIdxEIWJifz72TF7xI
SId9FHVKy9awaunIGJelJ+v2J4ZHkUk2vHLjR57SQdv+ENuMeQZX34PwvcLvXhRj
joX7tBBYYoB/haFlW9WMHM7HyYryMAirxnF3ltXWley0vnLXlkFLRSp4xzr0ERZW
1vXmmTv+c+yXzTo03A4BcEBZg0gN4FjM3lKJjiC9M6hJ8oVIJ+40MoKTgNjaupb7
vXxBDJcqvz+HMrruHXw3
-----END CERTIFICATE-----
subject=/C=AU/ST=Some-State/O=Internet Widgits Pty Ltd
issuer=/C=AU/ST=Some-State/O=Internet Widgits Pty Ltd
---
No client certificate CA names sent
Peer signing digest: SHA512
Server Temp Key: DH, 2048 bits
---
SSL handshake has read 2266 bytes and written 448 bytes
Verification error: self signed certificate
---
New, SSLv3, Cipher is DHE-RSA-AES128-SHA
Server public key is 2048 bit
Secure Renegotiation IS supported
Compression: NONE
Expansion: NONE
No ALPN negotiated
SSL-Session:
    Protocol  : TLSv1.2
    Cipher    : DHE-RSA-AES128-SHA
    Session-ID: 047BE5E0BF5B8254198B3BFBB8E35A426EE5D07C7CE5012EAAD23067DD416FFA
    Session-ID-ctx: 
    Master-Key: 81251224894FF7F4262213158DD280DAF6086A467FFF3DA5C227EC85E530B6EE509A8845D6E555C0DD1AD5DD31AD0243
    PSK identity: None
    PSK identity hint: None
    SRP username: None
    TLS session ticket lifetime hint: 7200 (seconds)
    TLS session ticket:
    0000 - 8b 9a dd 6a ca 0e 88 61-bf f0 4f 2b 4d b0 79 2b   ...j...a..O+M.y+
    0010 - fd 14 40 6e ea 4d b7 db-77 8c 9a 0b 91 75 0d 69   ..@n.M..w....u.i
    0020 - 2f f9 46 4b 79 d0 9e ce-4c c8 01 6b f6 bb a0 45   /.FKy...L..k...E
    0030 - d4 02 1e 23 e4 4a 58 2e-83 fc a0 ad 07 33 20 28   ...#.JX......3 (
    0040 - e7 24 bd 7f 5a 6d e7 c1-89 8a 21 c3 83 c5 d2 15   .$..Zm....!.....
    0050 - 4f eb cb de bc be 62 fe-e1 7a c8 1e 91 c0 9b f5   O.....b..z......
    0060 - ab c3 8a 33 19 4f ed 5a-8b de 24 54 88 89 a3 ff   ...3.O.Z..$T....
    0070 - 22 9e cf e2 3e b7 7d a1-e6 cb 80 c4 22 2a d8 14   "...>.}....."*..
    0080 - df 24 c6 49 0e 03 e9 bf-6d e0 54 1b c9 31 69 27   .$.I....m.T..1i'
    0090 - b3 05 99 a7 33 87 f8 f3-8d ff 82 09 30 9d 4a 2e   ....3.......0.J.

    Start Time: 1578517702
    Timeout   : 7200 (sec)
    Verify return code: 18 (self signed certificate)
    Extended master secret: yes
---
DONE
