depth=0 C = AU, ST = Some-State, O = Internet Widgits Pty Ltd
verify error:num=18:self signed certificate
verify return:1
depth=0 C = AU, ST = Some-State, O = Internet Widgits Pty Ltd
verify return:1
CONNECTED(00000003)
---
Certificate chain
 0 s:/C=AU/ST=Some-State/O=Internet Widgits Pty Ltd
   i:/C=AU/ST=Some-State/O=Internet Widgits Pty Ltd
---
Server certificate
-----BEGIN CERTIFICATE-----
MIIB4DCCAYWgAwIBAgIUCXxxGEjDfI8qZM/lYEyRO/5FAH8wCgYIKoZIzj0EAwIw
RTELMAkGA1UEBhMCQVUxEzARBgNVBAgMClNvbWUtU3RhdGUxITAfBgNVBAoMGElu
dGVybmV0IFdpZGdpdHMgUHR5IEx0ZDAeFw0yMDAxMjAxOTU0MTVaFw0yMTAxMTkx
OTU0MTVaMEUxCzAJBgNVBAYTAkFVMRMwEQYDVQQIDApTb21lLVN0YXRlMSEwHwYD
VQQKDBhJbnRlcm5ldCBXaWRnaXRzIFB0eSBMdGQwWTATBgcqhkjOPQIBBggqhkjO
PQMBBwNCAAQEWvQ5kNNn0gohxZiHN8GZ2c2YUKQBqHDOBcDHaOesleIQlq72x5jF
w74Y1H7BLGlwvZuJ3N/4jF8UdT098W+ho1MwUTAdBgNVHQ4EFgQU5K267TWlHB0Y
HXW940sLw8SUXeEwHwYDVR0jBBgwFoAU5K267TWlHB0YHXW940sLw8SUXeEwDwYD
VR0TAQH/BAUwAwEB/zAKBggqhkjOPQQDAgNJADBGAiEA4GScbVO50YAPJtbP4fny
StHIpNxRcMsSij4Qe2KiM/sCIQDY7Um4nntc3KIF6WOb68OZOQRfQylRLfyllN5r
hm7Z4g==
-----END CERTIFICATE-----
subject=/C=AU/ST=Some-State/O=Internet Widgits Pty Ltd
issuer=/C=AU/ST=Some-State/O=Internet Widgits Pty Ltd
---
No client certificate CA names sent
Peer signing digest: SHA512
Server Temp Key: X25519, 253 bits
---
SSL handshake has read 968 bytes and written 257 bytes
Verification error: self signed certificate
---
New, TLSv1.2, Cipher is ECDHE-ECDSA-AES128-SHA256
Server public key is 256 bit
Secure Renegotiation IS supported
Compression: NONE
Expansion: NONE
No ALPN negotiated
SSL-Session:
    Protocol  : TLSv1.2
    Cipher    : ECDHE-ECDSA-AES128-SHA256
    Session-ID: 3D2FD5AFF6AF3B042F134B010C44B9C3EEF7E1FD7406F9D18A9827E353FFA9A0
    Session-ID-ctx: 
    Master-Key: 7F78EA65CDCE5F2791C51063AC7F46BBCA04B5D57010535F474F744AC05584575423F0C9F7F6FB61B4FD697656FAD1EA
    PSK identity: None
    PSK identity hint: None
    SRP username: None
    TLS session ticket lifetime hint: 7200 (seconds)
    TLS session ticket:
    0000 - 39 ae fe b3 27 b7 f1 a7-4e 97 14 09 6f 34 40 7f   9...'...N...o4@.
    0010 - c3 46 29 03 fd af a8 7c-1d a1 d1 f6 23 93 24 75   .F)....|....#.$u
    0020 - 9a 27 08 4d 16 c0 65 48-b1 67 67 dd 60 e5 3d 01   .'.M..eH.gg.`.=.
    0030 - 04 ef 2c b5 e9 e2 b1 1f-c6 01 4a 3f 94 cd e2 9c   ..,.......J?....
    0040 - 8d e5 50 01 a3 ef 0a fd-a9 03 55 61 fc 8c 10 28   ..P.......Ua...(
    0050 - ee 02 8c 4b 5b 21 f9 57-0c 32 9a f4 de 0b 7a f4   ...K[!.W.2....z.
    0060 - 0f 96 9e dd 4b 0c db d2-19 c8 40 f9 d6 4c 31 b0   ....K.....@..L1.
    0070 - 4e da a0 96 0b fd dc 67-1d 7e 0a 2d 07 a0 a7 b5   N......g.~.-....
    0080 - 31 f8 a1 21 0c 3e 33 f1-1e 09 ea b1 39 43 b9 f8   1..!.>3.....9C..
    0090 - 50 6d a1 2f ad 26 bb 50-b7 a2 88 52 a1 0e 7c f8   Pm./.&.P...R..|.

    Start Time: 1579551217
    Timeout   : 7200 (sec)
    Verify return code: 18 (self signed certificate)
    Extended master secret: yes
---
DONE
