CONNECTED(00000003)
Can't use SSL_get_servername
depth=0 C = AU, ST = Some-State, O = Internet Widgits Pty Ltd
verify error:num=18:self signed certificate
verify return:1
depth=0 C = AU, ST = Some-State, O = Internet Widgits Pty Ltd
verify return:1
---
Certificate chain
 0 s:C = AU, ST = Some-State, O = Internet Widgits Pty Ltd
   i:C = AU, ST = Some-State, O = Internet Widgits Pty Ltd
---
Server certificate
-----BEGIN CERTIFICATE-----
MIIDazCCAlOgAwIBAgIUUWBj1DL0r1TRK/dHpKSOke8mNyowDQYJKoZIhvcNAQEL
BQAwRTELMAkGA1UEBhMCQVUxEzARBgNVBAgMClNvbWUtU3RhdGUxITAfBgNVBAoM
GEludGVybmV0IFdpZGdpdHMgUHR5IEx0ZDAeFw0xOTEwMjUxNjE5MzFaFw0yMDEw
MjQxNjE5MzFaMEUxCzAJBgNVBAYTAkFVMRMwEQYDVQQIDApTb21lLVN0YXRlMSEw
HwYDVQQKDBhJbnRlcm5ldCBXaWRnaXRzIFB0eSBMdGQwggEiMA0GCSqGSIb3DQEB
AQUAA4IBDwAwggEKAoIBAQDIC3Wj6US5oUyyjcSP616loFW94MExGLh0Flr02LfO
X2w0ZkDOGC1B/zHrJK4On+z8bwx/+L1hytq/aVytgUQWoGWZwQGuzU7ev+lKjcIW
ai2Zeqk3RysFPNticj/qWomS+g2o2RFJ/oEtg6BdAsy49VZjS0BTPpdoBBb7sMOp
S0GvGPY85uFG9QTD/4o4UOfvruSHeJHih3pRYvkqwpZ3Al9EJuCI5zDchBr21fa9
0JNFecJb1HymDk/eN3FxDHf/ubdB/TMx8oauC5WVoA/cLZjfZa6r+Ibv6wGnZe9F
GZocIDBGxyeLRbHTzN42/7L6mTn4br9VWzLEswj8glT3AgMBAAGjUzBRMB0GA1Ud
DgQWBBSDg9456bq2D7ileJyJm3Dw1QE7eDAfBgNVHSMEGDAWgBSDg9456bq2D7il
eJyJm3Dw1QE7eDAPBgNVHRMBAf8EBTADAQH/MA0GCSqGSIb3DQEBCwUAA4IBAQBp
htY9dAYDr3+yewxDbenTzcPuD4nS1x11NNfKHNY/Ju6fQa2/cNzgHu3oOaGlQRQ4
Ob3wgkk7sK6YuyKR5YllT9vOGqBw/Ha9x7cdRaP4gKEnxrMIdxEIWJifz72TF7xI
SId9FHVKy9awaunIGJelJ+v2J4ZHkUk2vHLjR57SQdv+ENuMeQZX34PwvcLvXhRj
joX7tBBYYoB/haFlW9WMHM7HyYryMAirxnF3ltXWley0vnLXlkFLRSp4xzr0ERZW
1vXmmTv+c+yXzTo03A4BcEBZg0gN4FjM3lKJjiC9M6hJ8oVIJ+40MoKTgNjaupb7
vXxBDJcqvz+HMrruHXw3
-----END CERTIFICATE-----
subject=C = AU, ST = Some-State, O = Internet Widgits Pty Ltd

issuer=C = AU, ST = Some-State, O = Internet Widgits Pty Ltd

---
No client certificate CA names sent
---
SSL handshake has read 1235 bytes and written 476 bytes
Verification error: self signed certificate
---
New, TLSv1.2, Cipher is AES128-SHA256
Server public key is 2048 bit
Secure Renegotiation IS supported
No ALPN negotiated
SSL-Session:
    Protocol  : TLSv1.2
    Cipher    : AES128-SHA256
    Session-ID: 2C57DE870BBBF855307D5EE1ECB254D3334588833D7097CCD15AE860E16B5E60
    Session-ID-ctx: 
    Master-Key: 63C7D0DFEE77ACC1D153B5FE1D73A488F6D01B546AE817D39F7120F9CF0C2C93EDECDFF63005AF4012CC8C42FFB534B6
    PSK identity: None
    PSK identity hint: None
    SRP username: None
    TLS session ticket lifetime hint: 7200 (seconds)
    TLS session ticket:
    0000 - fb a6 6a 6c 25 9a 47 fb-89 87 e8 90 8c 93 9f fe   ..jl%.G.........
    0010 - 5d 24 14 0e de 31 5c 99-f5 be 25 b7 b9 26 3d 71   ]$...1\...%..&=q
    0020 - 53 18 42 4d a0 ed 1e 37-85 0b 66 bc 89 db 1b b8   S.BM...7..f.....
    0030 - af 1b 07 bc 07 31 f0 00-ac 69 02 91 5c 01 20 e6   .....1...i..\. .
    0040 - a2 ae fa 43 ba ce 90 79-e2 d9 b2 0d e4 b7 e1 8a   ...C...y........
    0050 - eb 95 78 c1 db bf 5d 90-da 6a 63 b5 6e d0 d2 39   ..x...]..jc.n..9
    0060 - a1 14 64 28 26 64 eb b0-92 ec ce 35 2b 5e 36 3a   ..d(&d.....5+^6:
    0070 - b9 47 7f 70 46 00 c6 56-90 50 48 8c 2d 36 b4 ca   .G.pF..V.PH.-6..
    0080 - 34 72 8c e0 7e 18 aa 6e-de da 4b 3f 16 b5 33 80   4r..~..n..K?..3.
    0090 - ce ee 5c 59 4e ed 7d b2-1d 17 6b 4f 90 81 5b e0   ..\YN.}...kO..[.

    Start Time: 1578582527
    Timeout   : 7200 (sec)
    Verify return code: 18 (self signed certificate)
    Extended master secret: yes
---
DONE
