CONNECTED(00000003)
Can't use SSL_get_servername
depth=0 C = AU, ST = Some-State, O = Internet Widgits Pty Ltd
verify error:num=18:self signed certificate
verify return:1
depth=0 C = AU, ST = Some-State, O = Internet Widgits Pty Ltd
verify return:1
---
Certificate chain
 0 s:C = AU, ST = Some-State, O = Internet Widgits Pty Ltd
   i:C = AU, ST = Some-State, O = Internet Widgits Pty Ltd
---
Server certificate
-----BEGIN CERTIFICATE-----
MIIDazCCAlOgAwIBAgIUUWBj1DL0r1TRK/dHpKSOke8mNyowDQYJKoZIhvcNAQEL
BQAwRTELMAkGA1UEBhMCQVUxEzARBgNVBAgMClNvbWUtU3RhdGUxITAfBgNVBAoM
GEludGVybmV0IFdpZGdpdHMgUHR5IEx0ZDAeFw0xOTEwMjUxNjE5MzFaFw0yMDEw
MjQxNjE5MzFaMEUxCzAJBgNVBAYTAkFVMRMwEQYDVQQIDApTb21lLVN0YXRlMSEw
HwYDVQQKDBhJbnRlcm5ldCBXaWRnaXRzIFB0eSBMdGQwggEiMA0GCSqGSIb3DQEB
AQUAA4IBDwAwggEKAoIBAQDIC3Wj6US5oUyyjcSP616loFW94MExGLh0Flr02LfO
X2w0ZkDOGC1B/zHrJK4On+z8bwx/+L1hytq/aVytgUQWoGWZwQGuzU7ev+lKjcIW
ai2Zeqk3RysFPNticj/qWomS+g2o2RFJ/oEtg6BdAsy49VZjS0BTPpdoBBb7sMOp
S0GvGPY85uFG9QTD/4o4UOfvruSHeJHih3pRYvkqwpZ3Al9EJuCI5zDchBr21fa9
0JNFecJb1HymDk/eN3FxDHf/ubdB/TMx8oauC5WVoA/cLZjfZa6r+Ibv6wGnZe9F
GZocIDBGxyeLRbHTzN42/7L6mTn4br9VWzLEswj8glT3AgMBAAGjUzBRMB0GA1Ud
DgQWBBSDg9456bq2D7ileJyJm3Dw1QE7eDAfBgNVHSMEGDAWgBSDg9456bq2D7il
eJyJm3Dw1QE7eDAPBgNVHRMBAf8EBTADAQH/MA0GCSqGSIb3DQEBCwUAA4IBAQBp
htY9dAYDr3+yewxDbenTzcPuD4nS1x11NNfKHNY/Ju6fQa2/cNzgHu3oOaGlQRQ4
Ob3wgkk7sK6YuyKR5YllT9vOGqBw/Ha9x7cdRaP4gKEnxrMIdxEIWJifz72TF7xI
SId9FHVKy9awaunIGJelJ+v2J4ZHkUk2vHLjR57SQdv+ENuMeQZX34PwvcLvXhRj
joX7tBBYYoB/haFlW9WMHM7HyYryMAirxnF3ltXWley0vnLXlkFLRSp4xzr0ERZW
1vXmmTv+c+yXzTo03A4BcEBZg0gN4FjM3lKJjiC9M6hJ8oVIJ+40MoKTgNjaupb7
vXxBDJcqvz+HMrruHXw3
-----END CERTIFICATE-----
subject=C = AU, ST = Some-State, O = Internet Widgits Pty Ltd

issuer=C = AU, ST = Some-State, O = Internet Widgits Pty Ltd

---
No client certificate CA names sent
Peer signing digest: SHA256
Peer signature type: RSA
Server Temp Key: X25519, 253 bits
---
SSL handshake has read 1504 bytes and written 235 bytes
Verification error: self signed certificate
---
New, TLSv1.2, Cipher is ECDHE-RSA-AES128-GCM-SHA256
Server public key is 2048 bit
Secure Renegotiation IS supported
No ALPN negotiated
SSL-Session:
    Protocol  : TLSv1.2
    Cipher    : ECDHE-RSA-AES128-GCM-SHA256
    Session-ID: 3900219CF674BFA6BE44B5E8BFC3DDBD8D49B03FEFB8D2C15F56A2BF32BF5C89
    Session-ID-ctx: 
    Master-Key: 49001909218DE9A8014293451F804E8E690281B259600482EB16D4224E9FB5047FE33FD76108B0E9A6E40F33140CC544
    PSK identity: None
    PSK identity hint: None
    SRP username: None
    TLS session ticket lifetime hint: 7200 (seconds)
    TLS session ticket:
    0000 - fb a6 6a 6c 25 9a 47 fb-89 87 e8 90 8c 93 9f fe   ..jl%.G.........
    0010 - bd 8f f5 dd 48 aa c3 0e-8e 9e a5 f0 a5 02 cc 55   ....H..........U
    0020 - 7e ae f0 d0 e2 b7 d7 db-1b 13 73 f8 f9 d5 fe 67   ~.........s....g
    0030 - 6d 65 40 fe 2c 38 e8 76-36 67 9a c0 aa 84 4c 10   me@.,8.v6g....L.
    0040 - ca ef 34 aa 15 09 7b 60-0f 38 d9 c4 2b f6 0e ba   ..4...{`.8..+...
    0050 - 9a 73 3f 8c 0d c3 39 7c-cd 8e a8 aa f9 31 50 2f   .s?...9|.....1P/
    0060 - da d7 e2 12 81 45 2c 5a-de f4 ca 63 31 a7 90 8f   .....E,Z...c1...
    0070 - e1 a3 3b 28 38 9e 6f 4c-d4 d3 e8 d1 88 28 5d a4   ..;(8.oL.....(].
    0080 - 9b 3d 37 6d 04 9a 65 1b-df 1e d3 b2 23 9b 3b 8a   .=7m..e.....#.;.
    0090 - 7c 9b 4d ab ba b2 03 79-5a ee e7 59 6d 9b 89 a2   |.M....yZ..Ym...

    Start Time: 1578582503
    Timeout   : 7200 (sec)
    Verify return code: 18 (self signed certificate)
    Extended master secret: yes
---
DONE
