depth=0 C = AU, ST = Some-State, O = Internet Widgits Pty Ltd
verify error:num=18:self signed certificate
verify return:1
depth=0 C = AU, ST = Some-State, O = Internet Widgits Pty Ltd
verify return:1
CONNECTED(00000003)
---
Certificate chain
 0 s:/C=AU/ST=Some-State/O=Internet Widgits Pty Ltd
   i:/C=AU/ST=Some-State/O=Internet Widgits Pty Ltd
---
Server certificate
-----BEGIN CERTIFICATE-----
MIIDazCCAlOgAwIBAgIUUWBj1DL0r1TRK/dHpKSOke8mNyowDQYJKoZIhvcNAQEL
BQAwRTELMAkGA1UEBhMCQVUxEzARBgNVBAgMClNvbWUtU3RhdGUxITAfBgNVBAoM
GEludGVybmV0IFdpZGdpdHMgUHR5IEx0ZDAeFw0xOTEwMjUxNjE5MzFaFw0yMDEw
MjQxNjE5MzFaMEUxCzAJBgNVBAYTAkFVMRMwEQYDVQQIDApTb21lLVN0YXRlMSEw
HwYDVQQKDBhJbnRlcm5ldCBXaWRnaXRzIFB0eSBMdGQwggEiMA0GCSqGSIb3DQEB
AQUAA4IBDwAwggEKAoIBAQDIC3Wj6US5oUyyjcSP616loFW94MExGLh0Flr02LfO
X2w0ZkDOGC1B/zHrJK4On+z8bwx/+L1hytq/aVytgUQWoGWZwQGuzU7ev+lKjcIW
ai2Zeqk3RysFPNticj/qWomS+g2o2RFJ/oEtg6BdAsy49VZjS0BTPpdoBBb7sMOp
S0GvGPY85uFG9QTD/4o4UOfvruSHeJHih3pRYvkqwpZ3Al9EJuCI5zDchBr21fa9
0JNFecJb1HymDk/eN3FxDHf/ubdB/TMx8oauC5WVoA/cLZjfZa6r+Ibv6wGnZe9F
GZocIDBGxyeLRbHTzN42/7L6mTn4br9VWzLEswj8glT3AgMBAAGjUzBRMB0GA1Ud
DgQWBBSDg9456bq2D7ileJyJm3Dw1QE7eDAfBgNVHSMEGDAWgBSDg9456bq2D7il
eJyJm3Dw1QE7eDAPBgNVHRMBAf8EBTADAQH/MA0GCSqGSIb3DQEBCwUAA4IBAQBp
htY9dAYDr3+yewxDbenTzcPuD4nS1x11NNfKHNY/Ju6fQa2/cNzgHu3oOaGlQRQ4
Ob3wgkk7sK6YuyKR5YllT9vOGqBw/Ha9x7cdRaP4gKEnxrMIdxEIWJifz72TF7xI
SId9FHVKy9awaunIGJelJ+v2J4ZHkUk2vHLjR57SQdv+ENuMeQZX34PwvcLvXhRj
joX7tBBYYoB/haFlW9WMHM7HyYryMAirxnF3ltXWley0vnLXlkFLRSp4xzr0ERZW
1vXmmTv+c+yXzTo03A4BcEBZg0gN4FjM3lKJjiC9M6hJ8oVIJ+40MoKTgNjaupb7
vXxBDJcqvz+HMrruHXw3
-----END CERTIFICATE-----
subject=/C=AU/ST=Some-State/O=Internet Widgits Pty Ltd
issuer=/C=AU/ST=Some-State/O=Internet Widgits Pty Ltd
---
No client certificate CA names sent
---
SSL handshake has read 1211 bytes and written 408 bytes
Verification error: self signed certificate
---
New, SSLv3, Cipher is AES256-SHA
Server public key is 2048 bit
Secure Renegotiation IS supported
Compression: NONE
Expansion: NONE
No ALPN negotiated
SSL-Session:
    Protocol  : TLSv1.1
    Cipher    : AES256-SHA
    Session-ID: 1537755DAE2DDCD8D6AC5E1E5F7FDA3BDAB3BFA8E775B560626E506820BD5938
    Session-ID-ctx: 
    Master-Key: 34003B51FC4E734FFB1A7573868FD39CBF5719F2BA24D29E5DE88870E01B6B1DD9E09CD32BEBA609CE9C96D5B52D2C0B
    PSK identity: None
    PSK identity hint: None
    SRP username: None
    TLS session ticket lifetime hint: 300 (seconds)
    TLS session ticket:
    0000 - 92 75 01 7c 2f 76 e3 be-90 d9 4f bd 29 e9 7d a3   .u.|/v....O.).}.
    0010 - 19 b1 bf 32 75 c3 bb e4-d4 b3 74 6b 9e ea 33 f7   ...2u.....tk..3.
    0020 - 16 ce c3 f5 cc 26 7d 65-b7 da e4 e5 52 97 a8 2f   .....&}e....R../
    0030 - ed c8 96 07 a0 10 57 9e-8a 55 39 dd c7 2f 65 65   ......W..U9../ee
    0040 - 7c 7a 0c 80 c2 ed 5b ee-0c 1c 39 6f 3c 49 ce 00   |z....[...9o<I..
    0050 - be e4 f6 6b b6 bf ad c8-67 a1 2a a9 3c f8 a0 0c   ...k....g.*.<...
    0060 - 07 00 02 ea d1 af 4b 87-06 01 f0 a7 92 c8 7b 14   ......K.......{.
    0070 - 9c 3f 4b c2 b1 1c 95 a7-76 cb 45 56 d2 2a 35 3d   .?K.....v.EV.*5=
    0080 - df ea d0 15 8d 5e a7 64-8a a5 50 6a be 17 0b 88   .....^.d..Pj....
    0090 - c9 5f 76 d8 5a 55 6b 6d-14 a5 ba c7 31 93 0a 78   ._v.ZUkm....1..x

    Start Time: 1579551198
    Timeout   : 7200 (sec)
    Verify return code: 18 (self signed certificate)
    Extended master secret: no
---
DONE
