depth=0 C = AU, ST = Some-State, O = Internet Widgits Pty Ltd
verify error:num=18:self signed certificate
verify return:1
depth=0 C = AU, ST = Some-State, O = Internet Widgits Pty Ltd
verify return:1
CONNECTED(00000003)
---
Certificate chain
 0 s:/C=AU/ST=Some-State/O=Internet Widgits Pty Ltd
   i:/C=AU/ST=Some-State/O=Internet Widgits Pty Ltd
---
Server certificate
-----BEGIN CERTIFICATE-----
MIIDazCCAlOgAwIBAgIUUWBj1DL0r1TRK/dHpKSOke8mNyowDQYJKoZIhvcNAQEL
BQAwRTELMAkGA1UEBhMCQVUxEzARBgNVBAgMClNvbWUtU3RhdGUxITAfBgNVBAoM
GEludGVybmV0IFdpZGdpdHMgUHR5IEx0ZDAeFw0xOTEwMjUxNjE5MzFaFw0yMDEw
MjQxNjE5MzFaMEUxCzAJBgNVBAYTAkFVMRMwEQYDVQQIDApTb21lLVN0YXRlMSEw
HwYDVQQKDBhJbnRlcm5ldCBXaWRnaXRzIFB0eSBMdGQwggEiMA0GCSqGSIb3DQEB
AQUAA4IBDwAwggEKAoIBAQDIC3Wj6US5oUyyjcSP616loFW94MExGLh0Flr02LfO
X2w0ZkDOGC1B/zHrJK4On+z8bwx/+L1hytq/aVytgUQWoGWZwQGuzU7ev+lKjcIW
ai2Zeqk3RysFPNticj/qWomS+g2o2RFJ/oEtg6BdAsy49VZjS0BTPpdoBBb7sMOp
S0GvGPY85uFG9QTD/4o4UOfvruSHeJHih3pRYvkqwpZ3Al9EJuCI5zDchBr21fa9
0JNFecJb1HymDk/eN3FxDHf/ubdB/TMx8oauC5WVoA/cLZjfZa6r+Ibv6wGnZe9F
GZocIDBGxyeLRbHTzN42/7L6mTn4br9VWzLEswj8glT3AgMBAAGjUzBRMB0GA1Ud
DgQWBBSDg9456bq2D7ileJyJm3Dw1QE7eDAfBgNVHSMEGDAWgBSDg9456bq2D7il
eJyJm3Dw1QE7eDAPBgNVHRMBAf8EBTADAQH/MA0GCSqGSIb3DQEBCwUAA4IBAQBp
htY9dAYDr3+yewxDbenTzcPuD4nS1x11NNfKHNY/Ju6fQa2/cNzgHu3oOaGlQRQ4
Ob3wgkk7sK6YuyKR5YllT9vOGqBw/Ha9x7cdRaP4gKEnxrMIdxEIWJifz72TF7xI
SId9FHVKy9awaunIGJelJ+v2J4ZHkUk2vHLjR57SQdv+ENuMeQZX34PwvcLvXhRj
joX7tBBYYoB/haFlW9WMHM7HyYryMAirxnF3ltXWley0vnLXlkFLRSp4xzr0ERZW
1vXmmTv+c+yXzTo03A4BcEBZg0gN4FjM3lKJjiC9M6hJ8oVIJ+40MoKTgNjaupb7
vXxBDJcqvz+HMrruHXw3
-----END CERTIFICATE-----
subject=/C=AU/ST=Some-State/O=Internet Widgits Pty Ltd
issuer=/C=AU/ST=Some-State/O=Internet Widgits Pty Ltd
---
No client certificate CA names sent
Server Temp Key: DH, 2048 bits
---
SSL handshake has read 1997 bytes and written 408 bytes
Verification error: self signed certificate
---
New, SSLv3, Cipher is DHE-RSA-AES256-SHA
Server public key is 2048 bit
Secure Renegotiation IS supported
Compression: NONE
Expansion: NONE
No ALPN negotiated
SSL-Session:
    Protocol  : TLSv1.1
    Cipher    : DHE-RSA-AES256-SHA
    Session-ID: 4013EC5736E66E7CD4B3A4A99B60222FF4DEAB1FF7A1EB8271C22470CFBEE9BB
    Session-ID-ctx: 
    Master-Key: 2B83274BEFAA90682476410DDAEF10302F73964C9F6E2826C4C6574152DC301A42F90FA591D134188AF7DA5B73B4855C
    PSK identity: None
    PSK identity hint: None
    SRP username: None
    TLS session ticket lifetime hint: 300 (seconds)
    TLS session ticket:
    0000 - 7e 5d 64 96 3a 0f 76 5e-9e d5 19 74 30 16 90 3c   ~]d.:.v^...t0..<
    0010 - 05 f4 da e7 24 1e 8b d2-5a c5 8d d5 cd a2 7e 1e   ....$...Z.....~.
    0020 - 9e 27 85 2a 74 a9 e6 37-7e 83 33 a3 e7 80 2c a3   .'.*t..7~.3...,.
    0030 - 0c 19 4a fb e7 d2 fd 93-aa dc 39 a4 78 51 ce 3c   ..J.......9.xQ.<
    0040 - b8 2d f7 8c 56 99 b4 f1-57 df 26 fa db e5 f1 d9   .-..V...W.&.....
    0050 - 55 ae 45 1a 44 4e 93 ca-16 af 6b 9c 6c a8 c9 8b   U.E.DN....k.l...
    0060 - e3 f2 be 01 4c 70 05 7a-35 5f 45 45 ce ba 6e 5d   ....Lp.z5_EE..n]
    0070 - 1f 92 43 45 dd af 6b 53-60 85 11 f2 d2 2c ff bc   ..CE..kS`....,..
    0080 - 71 ea 93 93 82 e4 1c e7-50 6f 43 b1 ad ab 96 28   q.......PoC....(
    0090 - ce 5c 27 6f f2 bb 74 70-26 76 ef 2b 31 19 7f 7d   .\'o..tp&v.+1..}

    Start Time: 1578577783
    Timeout   : 7200 (sec)
    Verify return code: 18 (self signed certificate)
    Extended master secret: no
---
DONE
