depth=0 C = AU, ST = Some-State, O = Internet Widgits Pty Ltd
verify error:num=18:self signed certificate
verify return:1
depth=0 C = AU, ST = Some-State, O = Internet Widgits Pty Ltd
verify return:1
CONNECTED(00000003)
---
Certificate chain
 0 s:/C=AU/ST=Some-State/O=Internet Widgits Pty Ltd
   i:/C=AU/ST=Some-State/O=Internet Widgits Pty Ltd
---
Server certificate
-----BEGIN CERTIFICATE-----
MIIDazCCAlOgAwIBAgIUUWBj1DL0r1TRK/dHpKSOke8mNyowDQYJKoZIhvcNAQEL
BQAwRTELMAkGA1UEBhMCQVUxEzARBgNVBAgMClNvbWUtU3RhdGUxITAfBgNVBAoM
GEludGVybmV0IFdpZGdpdHMgUHR5IEx0ZDAeFw0xOTEwMjUxNjE5MzFaFw0yMDEw
MjQxNjE5MzFaMEUxCzAJBgNVBAYTAkFVMRMwEQYDVQQIDApTb21lLVN0YXRlMSEw
HwYDVQQKDBhJbnRlcm5ldCBXaWRnaXRzIFB0eSBMdGQwggEiMA0GCSqGSIb3DQEB
AQUAA4IBDwAwggEKAoIBAQDIC3Wj6US5oUyyjcSP616loFW94MExGLh0Flr02LfO
X2w0ZkDOGC1B/zHrJK4On+z8bwx/+L1hytq/aVytgUQWoGWZwQGuzU7ev+lKjcIW
ai2Zeqk3RysFPNticj/qWomS+g2o2RFJ/oEtg6BdAsy49VZjS0BTPpdoBBb7sMOp
S0GvGPY85uFG9QTD/4o4UOfvruSHeJHih3pRYvkqwpZ3Al9EJuCI5zDchBr21fa9
0JNFecJb1HymDk/eN3FxDHf/ubdB/TMx8oauC5WVoA/cLZjfZa6r+Ibv6wGnZe9F
GZocIDBGxyeLRbHTzN42/7L6mTn4br9VWzLEswj8glT3AgMBAAGjUzBRMB0GA1Ud
DgQWBBSDg9456bq2D7ileJyJm3Dw1QE7eDAfBgNVHSMEGDAWgBSDg9456bq2D7il
eJyJm3Dw1QE7eDAPBgNVHRMBAf8EBTADAQH/MA0GCSqGSIb3DQEBCwUAA4IBAQBp
htY9dAYDr3+yewxDbenTzcPuD4nS1x11NNfKHNY/Ju6fQa2/cNzgHu3oOaGlQRQ4
Ob3wgkk7sK6YuyKR5YllT9vOGqBw/Ha9x7cdRaP4gKEnxrMIdxEIWJifz72TF7xI
SId9FHVKy9awaunIGJelJ+v2J4ZHkUk2vHLjR57SQdv+ENuMeQZX34PwvcLvXhRj
joX7tBBYYoB/haFlW9WMHM7HyYryMAirxnF3ltXWley0vnLXlkFLRSp4xzr0ERZW
1vXmmTv+c+yXzTo03A4BcEBZg0gN4FjM3lKJjiC9M6hJ8oVIJ+40MoKTgNjaupb7
vXxBDJcqvz+HMrruHXw3
-----END CERTIFICATE-----
subject=/C=AU/ST=Some-State/O=Internet Widgits Pty Ltd
issuer=/C=AU/ST=Some-State/O=Internet Widgits Pty Ltd
---
No client certificate CA names sent
---
SSL handshake has read 1211 bytes and written 444 bytes
Verification error: self signed certificate
---
New, SSLv3, Cipher is AES256-SHA
Server public key is 2048 bit
Secure Renegotiation IS supported
Compression: NONE
Expansion: NONE
No ALPN negotiated
SSL-Session:
    Protocol  : TLSv1.2
    Cipher    : AES256-SHA
    Session-ID: 8F9BAB14EC6D7D5C51BF8BFF3B0DE8B20305A74379DC8F2BB4AB020F1DF4BBE2
    Session-ID-ctx: 
    Master-Key: 8EA9600B8ED3C7481AFD882B3CE2C9D04F013983CBA30C80FC59D8F42F21A2158B2A2DE9C859FE5F0D24B8BB62677011
    PSK identity: None
    PSK identity hint: None
    SRP username: None
    TLS session ticket lifetime hint: 300 (seconds)
    TLS session ticket:
    0000 - 7e 5d 64 96 3a 0f 76 5e-9e d5 19 74 30 16 90 3c   ~]d.:.v^...t0..<
    0010 - f8 06 83 83 00 c5 6a a8-2b 9f 37 e6 56 d2 9c 52   ......j.+.7.V..R
    0020 - 83 04 b1 f0 ad 48 59 08-a2 0b 9a dc 58 96 83 40   .....HY.....X..@
    0030 - 18 36 0b 5c e5 f5 85 03-89 48 4f d9 d6 a0 f0 aa   .6.\.....HO.....
    0040 - 93 30 42 5c 7f 12 7b 9d-d4 d4 e3 85 7e 88 9e d4   .0B\..{.....~...
    0050 - 4d c2 33 64 4f 63 96 1c-0d 43 f3 93 67 a0 23 de   M.3dOc...C..g.#.
    0060 - c1 ed 12 8e dc ee ea ad-e5 72 8d ed 93 b6 42 e5   .........r....B.
    0070 - a2 5d 8c 5e e1 37 e8 10-70 8b 6b 3c b3 92 63 d4   .].^.7..p.k<..c.
    0080 - 65 9c 48 b6 2f 23 b3 70-2a 81 08 ff ff 90 cd b5   e.H./#.p*.......
    0090 - 57 1d 56 4c d4 09 3d b1-bc 07 ea 48 e5 d2 a0 d9   W.VL..=....H....

    Start Time: 1578577825
    Timeout   : 7200 (sec)
    Verify return code: 18 (self signed certificate)
    Extended master secret: no
---
DONE
