depth=0 C = AU, ST = Some-State, O = Internet Widgits Pty Ltd
verify error:num=18:self signed certificate
verify return:1
depth=0 C = AU, ST = Some-State, O = Internet Widgits Pty Ltd
verify return:1
CONNECTED(00000003)
---
Certificate chain
 0 s:/C=AU/ST=Some-State/O=Internet Widgits Pty Ltd
   i:/C=AU/ST=Some-State/O=Internet Widgits Pty Ltd
---
Server certificate
-----BEGIN CERTIFICATE-----
MIIDazCCAlOgAwIBAgIUUWBj1DL0r1TRK/dHpKSOke8mNyowDQYJKoZIhvcNAQEL
BQAwRTELMAkGA1UEBhMCQVUxEzARBgNVBAgMClNvbWUtU3RhdGUxITAfBgNVBAoM
GEludGVybmV0IFdpZGdpdHMgUHR5IEx0ZDAeFw0xOTEwMjUxNjE5MzFaFw0yMDEw
MjQxNjE5MzFaMEUxCzAJBgNVBAYTAkFVMRMwEQYDVQQIDApTb21lLVN0YXRlMSEw
HwYDVQQKDBhJbnRlcm5ldCBXaWRnaXRzIFB0eSBMdGQwggEiMA0GCSqGSIb3DQEB
AQUAA4IBDwAwggEKAoIBAQDIC3Wj6US5oUyyjcSP616loFW94MExGLh0Flr02LfO
X2w0ZkDOGC1B/zHrJK4On+z8bwx/+L1hytq/aVytgUQWoGWZwQGuzU7ev+lKjcIW
ai2Zeqk3RysFPNticj/qWomS+g2o2RFJ/oEtg6BdAsy49VZjS0BTPpdoBBb7sMOp
S0GvGPY85uFG9QTD/4o4UOfvruSHeJHih3pRYvkqwpZ3Al9EJuCI5zDchBr21fa9
0JNFecJb1HymDk/eN3FxDHf/ubdB/TMx8oauC5WVoA/cLZjfZa6r+Ibv6wGnZe9F
GZocIDBGxyeLRbHTzN42/7L6mTn4br9VWzLEswj8glT3AgMBAAGjUzBRMB0GA1Ud
DgQWBBSDg9456bq2D7ileJyJm3Dw1QE7eDAfBgNVHSMEGDAWgBSDg9456bq2D7il
eJyJm3Dw1QE7eDAPBgNVHRMBAf8EBTADAQH/MA0GCSqGSIb3DQEBCwUAA4IBAQBp
htY9dAYDr3+yewxDbenTzcPuD4nS1x11NNfKHNY/Ju6fQa2/cNzgHu3oOaGlQRQ4
Ob3wgkk7sK6YuyKR5YllT9vOGqBw/Ha9x7cdRaP4gKEnxrMIdxEIWJifz72TF7xI
SId9FHVKy9awaunIGJelJ+v2J4ZHkUk2vHLjR57SQdv+ENuMeQZX34PwvcLvXhRj
joX7tBBYYoB/haFlW9WMHM7HyYryMAirxnF3ltXWley0vnLXlkFLRSp4xzr0ERZW
1vXmmTv+c+yXzTo03A4BcEBZg0gN4FjM3lKJjiC9M6hJ8oVIJ+40MoKTgNjaupb7
vXxBDJcqvz+HMrruHXw3
-----END CERTIFICATE-----
subject=/C=AU/ST=Some-State/O=Internet Widgits Pty Ltd
issuer=/C=AU/ST=Some-State/O=Internet Widgits Pty Ltd
---
No client certificate CA names sent
Peer signing digest: SHA512
Server Temp Key: DH, 2048 bits
---
SSL handshake has read 1999 bytes and written 444 bytes
Verification error: self signed certificate
---
New, SSLv3, Cipher is DHE-RSA-AES256-SHA
Server public key is 2048 bit
Secure Renegotiation IS supported
Compression: NONE
Expansion: NONE
No ALPN negotiated
SSL-Session:
    Protocol  : TLSv1.2
    Cipher    : DHE-RSA-AES256-SHA
    Session-ID: 02BD819ACF77FF3F8DE739C2C40D17B78D0187E8E46DBDC6634CA305C46FB61F
    Session-ID-ctx: 
    Master-Key: D59C16F9EB82CCE472B12E5DABFB10DA62EDD4C2C78A53367485A3B3B35F008FD7DDB792477F0471742BF735E07E92CF
    PSK identity: None
    PSK identity hint: None
    SRP username: None
    TLS session ticket lifetime hint: 300 (seconds)
    TLS session ticket:
    0000 - a1 1d 7d 88 0f 26 4c 37-04 e6 0b 06 a5 6a 51 3b   ..}..&L7.....jQ;
    0010 - 26 d8 de 61 ab fe 47 45-54 22 34 b4 20 c7 55 d4   &..a..GET"4. .U.
    0020 - e7 cc 30 40 58 65 b2 d3-64 b4 6d b9 62 f2 63 c0   ..0@Xe..d.m.b.c.
    0030 - 02 68 c8 5e 34 dd 45 7a-1e 50 4c d4 34 b5 b3 90   .h.^4.Ez.PL.4...
    0040 - 71 1c 32 d9 32 94 e3 f2-c9 da 91 8e 90 bf 6a 13   q.2.2.........j.
    0050 - 93 8c 94 65 55 be 13 83-d0 08 4b 91 bd 7a d9 5a   ...eU.....K..z.Z
    0060 - 62 c1 bc 16 c1 26 22 95-72 72 a8 3d 30 c6 2a b8   b....&".rr.=0.*.
    0070 - e1 aa e1 e0 24 e9 ed e9-b3 bf 89 0c df 0b b3 74   ....$..........t
    0080 - 36 63 11 d0 fe 08 12 6c-d3 1d 63 fd cb 9b df fe   6c.....l..c.....
    0090 - d1 7c b7 0a 10 86 3b 0a-7c 2b 93 23 c3 68 a4 e1   .|....;.|+.#.h..

    Start Time: 1578517697
    Timeout   : 7200 (sec)
    Verify return code: 18 (self signed certificate)
    Extended master secret: no
---
DONE
