depth=0 C = AU, ST = Some-State, O = Internet Widgits Pty Ltd
verify error:num=18:self signed certificate
verify return:1
depth=0 C = AU, ST = Some-State, O = Internet Widgits Pty Ltd
verify return:1
CONNECTED(00000003)
---
Certificate chain
 0 s:/C=AU/ST=Some-State/O=Internet Widgits Pty Ltd
   i:/C=AU/ST=Some-State/O=Internet Widgits Pty Ltd
---
Server certificate
-----BEGIN CERTIFICATE-----
MIIDazCCAlOgAwIBAgIUUWBj1DL0r1TRK/dHpKSOke8mNyowDQYJKoZIhvcNAQEL
BQAwRTELMAkGA1UEBhMCQVUxEzARBgNVBAgMClNvbWUtU3RhdGUxITAfBgNVBAoM
GEludGVybmV0IFdpZGdpdHMgUHR5IEx0ZDAeFw0xOTEwMjUxNjE5MzFaFw0yMDEw
MjQxNjE5MzFaMEUxCzAJBgNVBAYTAkFVMRMwEQYDVQQIDApTb21lLVN0YXRlMSEw
HwYDVQQKDBhJbnRlcm5ldCBXaWRnaXRzIFB0eSBMdGQwggEiMA0GCSqGSIb3DQEB
AQUAA4IBDwAwggEKAoIBAQDIC3Wj6US5oUyyjcSP616loFW94MExGLh0Flr02LfO
X2w0ZkDOGC1B/zHrJK4On+z8bwx/+L1hytq/aVytgUQWoGWZwQGuzU7ev+lKjcIW
ai2Zeqk3RysFPNticj/qWomS+g2o2RFJ/oEtg6BdAsy49VZjS0BTPpdoBBb7sMOp
S0GvGPY85uFG9QTD/4o4UOfvruSHeJHih3pRYvkqwpZ3Al9EJuCI5zDchBr21fa9
0JNFecJb1HymDk/eN3FxDHf/ubdB/TMx8oauC5WVoA/cLZjfZa6r+Ibv6wGnZe9F
GZocIDBGxyeLRbHTzN42/7L6mTn4br9VWzLEswj8glT3AgMBAAGjUzBRMB0GA1Ud
DgQWBBSDg9456bq2D7ileJyJm3Dw1QE7eDAfBgNVHSMEGDAWgBSDg9456bq2D7il
eJyJm3Dw1QE7eDAPBgNVHRMBAf8EBTADAQH/MA0GCSqGSIb3DQEBCwUAA4IBAQBp
htY9dAYDr3+yewxDbenTzcPuD4nS1x11NNfKHNY/Ju6fQa2/cNzgHu3oOaGlQRQ4
Ob3wgkk7sK6YuyKR5YllT9vOGqBw/Ha9x7cdRaP4gKEnxrMIdxEIWJifz72TF7xI
SId9FHVKy9awaunIGJelJ+v2J4ZHkUk2vHLjR57SQdv+ENuMeQZX34PwvcLvXhRj
joX7tBBYYoB/haFlW9WMHM7HyYryMAirxnF3ltXWley0vnLXlkFLRSp4xzr0ERZW
1vXmmTv+c+yXzTo03A4BcEBZg0gN4FjM3lKJjiC9M6hJ8oVIJ+40MoKTgNjaupb7
vXxBDJcqvz+HMrruHXw3
-----END CERTIFICATE-----
subject=/C=AU/ST=Some-State/O=Internet Widgits Pty Ltd
issuer=/C=AU/ST=Some-State/O=Internet Widgits Pty Ltd
---
No client certificate CA names sent
Peer signing digest: SHA512
Server Temp Key: DH, 2048 bits
---
SSL handshake has read 2015 bytes and written 460 bytes
Verification error: self signed certificate
---
New, TLSv1.2, Cipher is DHE-RSA-AES256-SHA256
Server public key is 2048 bit
Secure Renegotiation IS supported
Compression: NONE
Expansion: NONE
No ALPN negotiated
SSL-Session:
    Protocol  : TLSv1.2
    Cipher    : DHE-RSA-AES256-SHA256
    Session-ID: 55DFF9160E7A264CFFF15ECB72BCB15CAE9D522C189EE7819D8985CB495D3719
    Session-ID-ctx: 
    Master-Key: 805FE12525E87061EA7B8A8669AD3CFFBAA03C89808CAF518F49BCBCC14977E300C1BA74BF7F4D0743D2EAF807C001F1
    PSK identity: None
    PSK identity hint: None
    SRP username: None
    TLS session ticket lifetime hint: 300 (seconds)
    TLS session ticket:
    0000 - 7e 5d 64 96 3a 0f 76 5e-9e d5 19 74 30 16 90 3c   ~]d.:.v^...t0..<
    0010 - b1 7a f0 c8 a3 f3 5d 98-6a 20 ee 3f de 91 59 93   .z....].j .?..Y.
    0020 - 57 0c 0d c3 9b f8 87 0a-e2 01 38 00 ef 75 55 0d   W.........8..uU.
    0030 - 29 68 b3 95 26 b3 65 51-12 e8 65 1c 4d 0c dd 13   )h..&.eQ..e.M...
    0040 - 89 e6 de 42 0c 09 93 da-f3 7a 46 8d 26 9e 66 8c   ...B.....zF.&.f.
    0050 - 9f f6 8b f0 3c 60 5f c1-66 95 21 a5 04 0a 32 25   ....<`_.f.!...2%
    0060 - 3b 2f 5a 73 fd e7 43 6f-9f ef 70 6b b8 b5 fa 4c   ;/Zs..Co..pk...L
    0070 - ac 8d 4c fd 8b 15 96 6c-11 05 ac 42 e2 91 81 dc   ..L....l...B....
    0080 - 95 37 96 bd c7 7d 04 1a-c5 ca 9f 98 99 c7 b0 9c   .7...}..........
    0090 - ef 5c fd 3d 4d a9 9a 2f-52 fb b0 6d a3 d0 d8 a4   .\.=M../R..m....

    Start Time: 1578577807
    Timeout   : 7200 (sec)
    Verify return code: 18 (self signed certificate)
    Extended master secret: no
---
DONE
