depth=0 C = AU, ST = Some-State, O = Internet Widgits Pty Ltd
verify error:num=18:self signed certificate
verify return:1
depth=0 C = AU, ST = Some-State, O = Internet Widgits Pty Ltd
verify return:1
CONNECTED(00000003)
---
Certificate chain
 0 s:/C=AU/ST=Some-State/O=Internet Widgits Pty Ltd
   i:/C=AU/ST=Some-State/O=Internet Widgits Pty Ltd
---
Server certificate
-----BEGIN CERTIFICATE-----
MIIB4DCCAYWgAwIBAgIUCXxxGEjDfI8qZM/lYEyRO/5FAH8wCgYIKoZIzj0EAwIw
RTELMAkGA1UEBhMCQVUxEzARBgNVBAgMClNvbWUtU3RhdGUxITAfBgNVBAoMGElu
dGVybmV0IFdpZGdpdHMgUHR5IEx0ZDAeFw0yMDAxMjAxOTU0MTVaFw0yMTAxMTkx
OTU0MTVaMEUxCzAJBgNVBAYTAkFVMRMwEQYDVQQIDApTb21lLVN0YXRlMSEwHwYD
VQQKDBhJbnRlcm5ldCBXaWRnaXRzIFB0eSBMdGQwWTATBgcqhkjOPQIBBggqhkjO
PQMBBwNCAAQEWvQ5kNNn0gohxZiHN8GZ2c2YUKQBqHDOBcDHaOesleIQlq72x5jF
w74Y1H7BLGlwvZuJ3N/4jF8UdT098W+ho1MwUTAdBgNVHQ4EFgQU5K267TWlHB0Y
HXW940sLw8SUXeEwHwYDVR0jBBgwFoAU5K267TWlHB0YHXW940sLw8SUXeEwDwYD
VR0TAQH/BAUwAwEB/zAKBggqhkjOPQQDAgNJADBGAiEA4GScbVO50YAPJtbP4fny
StHIpNxRcMsSij4Qe2KiM/sCIQDY7Um4nntc3KIF6WOb68OZOQRfQylRLfyllN5r
hm7Z4g==
-----END CERTIFICATE-----
subject=/C=AU/ST=Some-State/O=Internet Widgits Pty Ltd
issuer=/C=AU/ST=Some-State/O=Internet Widgits Pty Ltd
---
No client certificate CA names sent
Peer signing digest: SHA512
Server Temp Key: ECDH, P-256, 256 bits
---
SSL handshake has read 977 bytes and written 274 bytes
Verification error: self signed certificate
---
New, TLSv1.0, Cipher is ECDHE-ECDSA-AES128-SHA
Server public key is 256 bit
Secure Renegotiation IS supported
Compression: NONE
Expansion: NONE
No ALPN negotiated
SSL-Session:
    Protocol  : TLSv1.2
    Cipher    : ECDHE-ECDSA-AES128-SHA
    Session-ID: 29EA4409BC3F78BEDCAFD70B0BAF54F2768F8D0E0500598D262303722F31B744
    Session-ID-ctx: 
    Master-Key: 2CD6312DA8233A06EFFF90146777ACD9793B5ECF65C97AFE7A0F469F5C045E6EC64E54DDD1C4EEE16FD2B2D5481F3C3C
    PSK identity: None
    PSK identity hint: None
    SRP username: None
    TLS session ticket lifetime hint: 300 (seconds)
    TLS session ticket:
    0000 - 92 75 01 7c 2f 76 e3 be-90 d9 4f bd 29 e9 7d a3   .u.|/v....O.).}.
    0010 - 81 80 eb e1 4e c6 ec 4f-ae 55 ac a0 cb 70 a9 43   ....N..O.U...p.C
    0020 - 49 18 40 2c 0c e3 91 26-4b 46 3e 21 06 34 cb f6   I.@,...&KF>!.4..
    0030 - 59 f3 a1 3f c7 cd 9a a1-c9 59 bf 22 0d 3d 2c f1   Y..?.....Y.".=,.
    0040 - 78 9b 3f f4 b9 0f a5 07-0a 64 ec 98 c3 cd c7 31   x.?......d.....1
    0050 - f0 fa 81 a8 41 83 e2 01-48 33 8b f7 99 16 43 14   ....A...H3....C.
    0060 - 56 e2 7a 7b 3b 35 22 31-20 1b 1f 88 0a 9b 0e be   V.z{;5"1 .......
    0070 - 43 c0 49 27 dd c8 79 de-7b 87 9f 5e f7 ef 54 fe   C.I'..y.{..^..T.
    0080 - 75 e0 6c 72 66 7c 9c da-35 16 15 83 62 92 36 d6   u.lrf|..5...b.6.
    0090 - a8 eb bc cd 27 29 c6 cc-21 02 88 b8 39 fe 04 85   ....')..!...9...

    Start Time: 1579551225
    Timeout   : 7200 (sec)
    Verify return code: 18 (self signed certificate)
    Extended master secret: no
---
DONE
