depth=0 C = AU, ST = Some-State, O = Internet Widgits Pty Ltd
verify error:num=18:self signed certificate
verify return:1
depth=0 C = AU, ST = Some-State, O = Internet Widgits Pty Ltd
verify return:1
CONNECTED(00000003)
---
Certificate chain
 0 s:/C=AU/ST=Some-State/O=Internet Widgits Pty Ltd
   i:/C=AU/ST=Some-State/O=Internet Widgits Pty Ltd
---
Server certificate
-----BEGIN CERTIFICATE-----
MIIB4DCCAYWgAwIBAgIUCXxxGEjDfI8qZM/lYEyRO/5FAH8wCgYIKoZIzj0EAwIw
RTELMAkGA1UEBhMCQVUxEzARBgNVBAgMClNvbWUtU3RhdGUxITAfBgNVBAoMGElu
dGVybmV0IFdpZGdpdHMgUHR5IEx0ZDAeFw0yMDAxMjAxOTU0MTVaFw0yMTAxMTkx
OTU0MTVaMEUxCzAJBgNVBAYTAkFVMRMwEQYDVQQIDApTb21lLVN0YXRlMSEwHwYD
VQQKDBhJbnRlcm5ldCBXaWRnaXRzIFB0eSBMdGQwWTATBgcqhkjOPQIBBggqhkjO
PQMBBwNCAAQEWvQ5kNNn0gohxZiHN8GZ2c2YUKQBqHDOBcDHaOesleIQlq72x5jF
w74Y1H7BLGlwvZuJ3N/4jF8UdT098W+ho1MwUTAdBgNVHQ4EFgQU5K267TWlHB0Y
HXW940sLw8SUXeEwHwYDVR0jBBgwFoAU5K267TWlHB0YHXW940sLw8SUXeEwDwYD
VR0TAQH/BAUwAwEB/zAKBggqhkjOPQQDAgNJADBGAiEA4GScbVO50YAPJtbP4fny
StHIpNxRcMsSij4Qe2KiM/sCIQDY7Um4nntc3KIF6WOb68OZOQRfQylRLfyllN5r
hm7Z4g==
-----END CERTIFICATE-----
subject=/C=AU/ST=Some-State/O=Internet Widgits Pty Ltd
issuer=/C=AU/ST=Some-State/O=Internet Widgits Pty Ltd
---
No client certificate CA names sent
Peer signing digest: SHA512
Server Temp Key: ECDH, P-256, 256 bits
---
SSL handshake has read 953 bytes and written 250 bytes
Verification error: self signed certificate
---
New, TLSv1.2, Cipher is ECDHE-ECDSA-AES128-GCM-SHA256
Server public key is 256 bit
Secure Renegotiation IS supported
Compression: NONE
Expansion: NONE
No ALPN negotiated
SSL-Session:
    Protocol  : TLSv1.2
    Cipher    : ECDHE-ECDSA-AES128-GCM-SHA256
    Session-ID: 58982FFBE5B1D998E004584032DEA27BFF2109F778A01A860C4B2744028476DA
    Session-ID-ctx: 
    Master-Key: 8E22BCF337D86DB23445112946562415CA87C90D1FF29B6D7901BA4E08E6E1D1DB972A6068D6CE50EA2898D47B35A488
    PSK identity: None
    PSK identity hint: None
    SRP username: None
    TLS session ticket lifetime hint: 300 (seconds)
    TLS session ticket:
    0000 - 92 75 01 7c 2f 76 e3 be-90 d9 4f bd 29 e9 7d a3   .u.|/v....O.).}.
    0010 - f7 66 cc f4 76 0a 44 49-17 fb 8e 32 10 fc ce 62   .f..v.DI...2...b
    0020 - 13 12 91 fb 4b 09 ed cd-fe 01 2c 06 e2 64 b9 38   ....K.....,..d.8
    0030 - f4 72 f1 4d 7f 9f 7a 3f-a6 dd ce 1f 46 75 ef 9d   .r.M..z?....Fu..
    0040 - 7d 93 be c5 70 9a 9b c7-50 7e 4d b6 8e 2d 20 02   }...p...P~M..- .
    0050 - b3 5c bc dd 43 86 93 50-c7 e6 b9 98 be f1 b6 dd   .\..C..P........
    0060 - 93 63 6a a6 d1 87 cd b2-40 34 5c be dc 4f 37 fa   .cj.....@4\..O7.
    0070 - d2 b5 b6 97 6b 82 aa f6-1c 52 2f 0f 03 66 06 35   ....k....R/..f.5
    0080 - 09 8a 17 64 ca 8e 66 97-f7 57 32 6b 57 0f 77 b9   ...d..f..W2kW.w.
    0090 - 49 3b 5e 27 6a f3 47 63-10 2e 8b 1e c8 2d 4a 1e   I;^'j.Gc.....-J.

    Start Time: 1579551209
    Timeout   : 7200 (sec)
    Verify return code: 18 (self signed certificate)
    Extended master secret: no
---
DONE
