depth=0 C = AU, ST = Some-State, O = Internet Widgits Pty Ltd
verify error:num=18:self signed certificate
verify return:1
depth=0 C = AU, ST = Some-State, O = Internet Widgits Pty Ltd
verify return:1
CONNECTED(00000003)
---
Certificate chain
 0 s:/C=AU/ST=Some-State/O=Internet Widgits Pty Ltd
   i:/C=AU/ST=Some-State/O=Internet Widgits Pty Ltd
---
Server certificate
-----BEGIN CERTIFICATE-----
MIIB4DCCAYWgAwIBAgIUCXxxGEjDfI8qZM/lYEyRO/5FAH8wCgYIKoZIzj0EAwIw
RTELMAkGA1UEBhMCQVUxEzARBgNVBAgMClNvbWUtU3RhdGUxITAfBgNVBAoMGElu
dGVybmV0IFdpZGdpdHMgUHR5IEx0ZDAeFw0yMDAxMjAxOTU0MTVaFw0yMTAxMTkx
OTU0MTVaMEUxCzAJBgNVBAYTAkFVMRMwEQYDVQQIDApTb21lLVN0YXRlMSEwHwYD
VQQKDBhJbnRlcm5ldCBXaWRnaXRzIFB0eSBMdGQwWTATBgcqhkjOPQIBBggqhkjO
PQMBBwNCAAQEWvQ5kNNn0gohxZiHN8GZ2c2YUKQBqHDOBcDHaOesleIQlq72x5jF
w74Y1H7BLGlwvZuJ3N/4jF8UdT098W+ho1MwUTAdBgNVHQ4EFgQU5K267TWlHB0Y
HXW940sLw8SUXeEwHwYDVR0jBBgwFoAU5K267TWlHB0YHXW940sLw8SUXeEwDwYD
VR0TAQH/BAUwAwEB/zAKBggqhkjOPQQDAgNJADBGAiEA4GScbVO50YAPJtbP4fny
StHIpNxRcMsSij4Qe2KiM/sCIQDY7Um4nntc3KIF6WOb68OZOQRfQylRLfyllN5r
hm7Z4g==
-----END CERTIFICATE-----
subject=/C=AU/ST=Some-State/O=Internet Widgits Pty Ltd
issuer=/C=AU/ST=Some-State/O=Internet Widgits Pty Ltd
---
No client certificate CA names sent
Peer signing digest: SHA512
Server Temp Key: ECDH, P-256, 256 bits
---
SSL handshake has read 954 bytes and written 250 bytes
Verification error: self signed certificate
---
New, TLSv1.2, Cipher is ECDHE-ECDSA-AES256-GCM-SHA384
Server public key is 256 bit
Secure Renegotiation IS supported
Compression: NONE
Expansion: NONE
No ALPN negotiated
SSL-Session:
    Protocol  : TLSv1.2
    Cipher    : ECDHE-ECDSA-AES256-GCM-SHA384
    Session-ID: 205304060E0F10535AAF16B8B93C4FF4A397042223AB93EE80FB1A236BA25AFC
    Session-ID-ctx: 
    Master-Key: 97CAE3322EECED264A935EFDD81DF6C7253BC27EAD61A9741DFA3CA6E723D3DA4907DC74C5A059756A2FCEE41EF15AB8
    PSK identity: None
    PSK identity hint: None
    SRP username: None
    TLS session ticket lifetime hint: 300 (seconds)
    TLS session ticket:
    0000 - 92 75 01 7c 2f 76 e3 be-90 d9 4f bd 29 e9 7d a3   .u.|/v....O.).}.
    0010 - f7 4e 3b 04 54 a4 59 ce-ec 37 66 ad 25 97 5b 86   .N;.T.Y..7f.%.[.
    0020 - af e1 60 6e d1 13 78 9b-8c 6f 8f d9 e1 d4 77 d3   ..`n..x..o....w.
    0030 - e5 3f fe c2 a4 f6 73 36-72 e5 29 1a a8 e2 1d 8e   .?....s6r.).....
    0040 - b3 68 52 20 c5 20 a5 a7-1d a3 18 cc 04 bb 63 ff   .hR . ........c.
    0050 - 1a 78 df c3 a5 2d f5 66-34 41 59 d6 93 3e 63 2c   .x...-.f4AY..>c,
    0060 - 70 97 78 36 7d da 60 d3-15 1a 9b b9 f4 87 af 12   p.x6}.`.........
    0070 - 47 ef cf 15 79 d0 1b 5e-34 db 0f 4b e0 30 e5 26   G...y..^4..K.0.&
    0080 - 1f 21 1c 72 ec 58 17 56-70 7c 1d 18 71 27 35 23   .!.r.X.Vp|..q'5#
    0090 - ec a5 6d 74 ad 0a 15 ef-d7 c4 63 88 72 8a 5c ca   ..mt......c.r.\.

    Start Time: 1579551201
    Timeout   : 7200 (sec)
    Verify return code: 18 (self signed certificate)
    Extended master secret: no
---
DONE
