CONNECTED(00000003)
Can't use SSL_get_servername
depth=0 C = AU, ST = Some-State, O = Internet Widgits Pty Ltd
verify error:num=18:self signed certificate
verify return:1
depth=0 C = AU, ST = Some-State, O = Internet Widgits Pty Ltd
verify return:1
---
Certificate chain
 0 s:C = AU, ST = Some-State, O = Internet Widgits Pty Ltd
   i:C = AU, ST = Some-State, O = Internet Widgits Pty Ltd
---
Server certificate
-----BEGIN CERTIFICATE-----
MIIDazCCAlOgAwIBAgIUUWBj1DL0r1TRK/dHpKSOke8mNyowDQYJKoZIhvcNAQEL
BQAwRTELMAkGA1UEBhMCQVUxEzARBgNVBAgMClNvbWUtU3RhdGUxITAfBgNVBAoM
GEludGVybmV0IFdpZGdpdHMgUHR5IEx0ZDAeFw0xOTEwMjUxNjE5MzFaFw0yMDEw
MjQxNjE5MzFaMEUxCzAJBgNVBAYTAkFVMRMwEQYDVQQIDApTb21lLVN0YXRlMSEw
HwYDVQQKDBhJbnRlcm5ldCBXaWRnaXRzIFB0eSBMdGQwggEiMA0GCSqGSIb3DQEB
AQUAA4IBDwAwggEKAoIBAQDIC3Wj6US5oUyyjcSP616loFW94MExGLh0Flr02LfO
X2w0ZkDOGC1B/zHrJK4On+z8bwx/+L1hytq/aVytgUQWoGWZwQGuzU7ev+lKjcIW
ai2Zeqk3RysFPNticj/qWomS+g2o2RFJ/oEtg6BdAsy49VZjS0BTPpdoBBb7sMOp
S0GvGPY85uFG9QTD/4o4UOfvruSHeJHih3pRYvkqwpZ3Al9EJuCI5zDchBr21fa9
0JNFecJb1HymDk/eN3FxDHf/ubdB/TMx8oauC5WVoA/cLZjfZa6r+Ibv6wGnZe9F
GZocIDBGxyeLRbHTzN42/7L6mTn4br9VWzLEswj8glT3AgMBAAGjUzBRMB0GA1Ud
DgQWBBSDg9456bq2D7ileJyJm3Dw1QE7eDAfBgNVHSMEGDAWgBSDg9456bq2D7il
eJyJm3Dw1QE7eDAPBgNVHRMBAf8EBTADAQH/MA0GCSqGSIb3DQEBCwUAA4IBAQBp
htY9dAYDr3+yewxDbenTzcPuD4nS1x11NNfKHNY/Ju6fQa2/cNzgHu3oOaGlQRQ4
Ob3wgkk7sK6YuyKR5YllT9vOGqBw/Ha9x7cdRaP4gKEnxrMIdxEIWJifz72TF7xI
SId9FHVKy9awaunIGJelJ+v2J4ZHkUk2vHLjR57SQdv+ENuMeQZX34PwvcLvXhRj
joX7tBBYYoB/haFlW9WMHM7HyYryMAirxnF3ltXWley0vnLXlkFLRSp4xzr0ERZW
1vXmmTv+c+yXzTo03A4BcEBZg0gN4FjM3lKJjiC9M6hJ8oVIJ+40MoKTgNjaupb7
vXxBDJcqvz+HMrruHXw3
-----END CERTIFICATE-----
subject=C = AU, ST = Some-State, O = Internet Widgits Pty Ltd

issuer=C = AU, ST = Some-State, O = Internet Widgits Pty Ltd

---
No client certificate CA names sent
---
SSL handshake has read 1223 bytes and written 464 bytes
Verification error: self signed certificate
---
New, SSLv3, Cipher is AES128-SHA
Server public key is 2048 bit
Secure Renegotiation IS supported
No ALPN negotiated
SSL-Session:
    Protocol  : TLSv1.2
    Cipher    : AES128-SHA
    Session-ID: 145C57678943D37A3096F56884B42530F239B60F7B8997A2A59F5E931E4A53F4
    Session-ID-ctx: 
    Master-Key: 9EE816AE5EE60924328A7A5B6316583C6602A931FCE0F7535C9F3BC40DA6712288BF92ACE403E8169B677FAE26B41610
    PSK identity: None
    PSK identity hint: None
    SRP username: None
    TLS session ticket lifetime hint: 7200 (seconds)
    TLS session ticket:
    0000 - 0d 97 f8 af a4 7d 1d 93-9d 89 6e 2c 2c c2 c0 20   .....}....n,,.. 
    0010 - 78 8a 4c 47 4a 3e e5 b5-5d b6 50 28 fc 1e 17 f8   x.LGJ>..].P(....
    0020 - 93 92 2a d7 a3 39 32 2a-3e f8 e5 aa e5 6d d6 df   ..*..92*>....m..
    0030 - e3 22 8c 07 50 6c 80 d6-c2 64 01 ea f8 a2 58 78   ."..Pl...d....Xx
    0040 - 2f 83 c5 b8 bd 80 e6 ca-65 2a 4d 6f 9c 88 98 15   /.......e*Mo....
    0050 - 30 d1 1e 5e 84 1a 24 92-3a 1d e4 0e 14 2d 1a f6   0..^..$.:....-..
    0060 - 2b ab 2c 24 1f f3 b7 34-9f 85 3f ac 4e a0 14 a1   +.,$...4..?.N...
    0070 - 3b 0f 1c 33 a3 1a 27 fd-7b 0e 2d 13 8f cd 92 21   ;..3..'.{.-....!
    0080 - cf 4e e7 a8 3b 91 79 4e-10 26 fd f7 65 8d 95 42   .N..;.yN.&..e..B
    0090 - f0 50 30 ab 2a 03 72 19-fa af 29 d7 b8 87 e9 ea   .P0.*.r...).....

    Start Time: 1578517777
    Timeout   : 7200 (sec)
    Verify return code: 18 (self signed certificate)
    Extended master secret: yes
---
DONE
