CONNECTED(00000003)
Can't use SSL_get_servername
depth=0 C = AU, ST = Some-State, O = Internet Widgits Pty Ltd
verify error:num=18:self signed certificate
verify return:1
depth=0 C = AU, ST = Some-State, O = Internet Widgits Pty Ltd
verify return:1
---
Certificate chain
 0 s:C = AU, ST = Some-State, O = Internet Widgits Pty Ltd
   i:C = AU, ST = Some-State, O = Internet Widgits Pty Ltd
---
Server certificate
-----BEGIN CERTIFICATE-----
MIIDazCCAlOgAwIBAgIUUWBj1DL0r1TRK/dHpKSOke8mNyowDQYJKoZIhvcNAQEL
BQAwRTELMAkGA1UEBhMCQVUxEzARBgNVBAgMClNvbWUtU3RhdGUxITAfBgNVBAoM
GEludGVybmV0IFdpZGdpdHMgUHR5IEx0ZDAeFw0xOTEwMjUxNjE5MzFaFw0yMDEw
MjQxNjE5MzFaMEUxCzAJBgNVBAYTAkFVMRMwEQYDVQQIDApTb21lLVN0YXRlMSEw
HwYDVQQKDBhJbnRlcm5ldCBXaWRnaXRzIFB0eSBMdGQwggEiMA0GCSqGSIb3DQEB
AQUAA4IBDwAwggEKAoIBAQDIC3Wj6US5oUyyjcSP616loFW94MExGLh0Flr02LfO
X2w0ZkDOGC1B/zHrJK4On+z8bwx/+L1hytq/aVytgUQWoGWZwQGuzU7ev+lKjcIW
ai2Zeqk3RysFPNticj/qWomS+g2o2RFJ/oEtg6BdAsy49VZjS0BTPpdoBBb7sMOp
S0GvGPY85uFG9QTD/4o4UOfvruSHeJHih3pRYvkqwpZ3Al9EJuCI5zDchBr21fa9
0JNFecJb1HymDk/eN3FxDHf/ubdB/TMx8oauC5WVoA/cLZjfZa6r+Ibv6wGnZe9F
GZocIDBGxyeLRbHTzN42/7L6mTn4br9VWzLEswj8glT3AgMBAAGjUzBRMB0GA1Ud
DgQWBBSDg9456bq2D7ileJyJm3Dw1QE7eDAfBgNVHSMEGDAWgBSDg9456bq2D7il
eJyJm3Dw1QE7eDAPBgNVHRMBAf8EBTADAQH/MA0GCSqGSIb3DQEBCwUAA4IBAQBp
htY9dAYDr3+yewxDbenTzcPuD4nS1x11NNfKHNY/Ju6fQa2/cNzgHu3oOaGlQRQ4
Ob3wgkk7sK6YuyKR5YllT9vOGqBw/Ha9x7cdRaP4gKEnxrMIdxEIWJifz72TF7xI
SId9FHVKy9awaunIGJelJ+v2J4ZHkUk2vHLjR57SQdv+ENuMeQZX34PwvcLvXhRj
joX7tBBYYoB/haFlW9WMHM7HyYryMAirxnF3ltXWley0vnLXlkFLRSp4xzr0ERZW
1vXmmTv+c+yXzTo03A4BcEBZg0gN4FjM3lKJjiC9M6hJ8oVIJ+40MoKTgNjaupb7
vXxBDJcqvz+HMrruHXw3
-----END CERTIFICATE-----
subject=C = AU, ST = Some-State, O = Internet Widgits Pty Ltd

issuer=C = AU, ST = Some-State, O = Internet Widgits Pty Ltd

---
No client certificate CA names sent
Peer signing digest: SHA256
Peer signature type: RSA-PSS
Server Temp Key: DH, 2048 bits
---
SSL handshake has read 2266 bytes and written 464 bytes
Verification error: self signed certificate
---
New, SSLv3, Cipher is DHE-RSA-AES128-SHA
Server public key is 2048 bit
Secure Renegotiation IS supported
No ALPN negotiated
SSL-Session:
    Protocol  : TLSv1.2
    Cipher    : DHE-RSA-AES128-SHA
    Session-ID: 3B25D52356D4CD9F32044BBBB53C6D506198F765813AF0248DCCD4B7E5E18B35
    Session-ID-ctx: 
    Master-Key: 68679E33D5ADAA475F3FDC4A56E1822F91E8A70728F5B64DB990F44D01207E3236C2073568053D30C29BDA566DE633C3
    PSK identity: None
    PSK identity hint: None
    SRP username: None
    TLS session ticket lifetime hint: 7200 (seconds)
    TLS session ticket:
    0000 - ee 46 3f ab 5e fa 9c 32-23 49 60 fd 5d a5 39 a2   .F?.^..2#I`.].9.
    0010 - 1f 64 de 3a ab 14 39 7b-ee 45 ba a5 32 61 02 87   .d.:..9{.E..2a..
    0020 - 39 05 aa ff b2 a4 5c 90-3a 81 7d 19 c8 07 16 01   9.....\.:.}.....
    0030 - 96 f8 c5 0a a8 7f 04 4a-f3 3b 3f 99 fb 9b 56 32   .......J.;?...V2
    0040 - 9e 3c 66 df 8f 48 32 03-d3 be 0c 58 39 97 19 07   .<f..H2....X9...
    0050 - 4b 7a 27 f7 3b f4 70 e9-84 fd 65 5f 83 fa 0c 62   Kz'.;.p...e_...b
    0060 - 02 3d a4 4f 8e 27 e1 97-3d cc ab c5 88 ee 96 c4   .=.O.'..=.......
    0070 - 73 6c e7 81 53 63 e0 0b-c9 93 d4 c1 e3 1a 80 dc   sl..Sc..........
    0080 - ed ba a5 a3 2d 45 8c 7e-f8 38 23 b8 54 a4 b0 e9   ....-E.~.8#.T...
    0090 - 3a a8 6a e9 c5 48 c1 cd-e6 c7 5e b0 5c 99 b1 89   :.j..H....^.\...

    Start Time: 1578582522
    Timeout   : 7200 (sec)
    Verify return code: 18 (self signed certificate)
    Extended master secret: yes
---
DONE
