CONNECTED(00000003)
Can't use SSL_get_servername
depth=0 C = AU, ST = Some-State, O = Internet Widgits Pty Ltd
verify error:num=18:self signed certificate
verify return:1
depth=0 C = AU, ST = Some-State, O = Internet Widgits Pty Ltd
verify return:1
---
Certificate chain
 0 s:C = AU, ST = Some-State, O = Internet Widgits Pty Ltd
   i:C = AU, ST = Some-State, O = Internet Widgits Pty Ltd
---
Server certificate
-----BEGIN CERTIFICATE-----
MIIB4DCCAYWgAwIBAgIUCXxxGEjDfI8qZM/lYEyRO/5FAH8wCgYIKoZIzj0EAwIw
RTELMAkGA1UEBhMCQVUxEzARBgNVBAgMClNvbWUtU3RhdGUxITAfBgNVBAoMGElu
dGVybmV0IFdpZGdpdHMgUHR5IEx0ZDAeFw0yMDAxMjAxOTU0MTVaFw0yMTAxMTkx
OTU0MTVaMEUxCzAJBgNVBAYTAkFVMRMwEQYDVQQIDApTb21lLVN0YXRlMSEwHwYD
VQQKDBhJbnRlcm5ldCBXaWRnaXRzIFB0eSBMdGQwWTATBgcqhkjOPQIBBggqhkjO
PQMBBwNCAAQEWvQ5kNNn0gohxZiHN8GZ2c2YUKQBqHDOBcDHaOesleIQlq72x5jF
w74Y1H7BLGlwvZuJ3N/4jF8UdT098W+ho1MwUTAdBgNVHQ4EFgQU5K267TWlHB0Y
HXW940sLw8SUXeEwHwYDVR0jBBgwFoAU5K267TWlHB0YHXW940sLw8SUXeEwDwYD
VR0TAQH/BAUwAwEB/zAKBggqhkjOPQQDAgNJADBGAiEA4GScbVO50YAPJtbP4fny
StHIpNxRcMsSij4Qe2KiM/sCIQDY7Um4nntc3KIF6WOb68OZOQRfQylRLfyllN5r
hm7Z4g==
-----END CERTIFICATE-----
subject=C = AU, ST = Some-State, O = Internet Widgits Pty Ltd

issuer=C = AU, ST = Some-State, O = Internet Widgits Pty Ltd

---
No client certificate CA names sent
Peer signing digest: SHA256
Peer signature type: ECDSA
Server Temp Key: X25519, 253 bits
---
SSL handshake has read 968 bytes and written 275 bytes
Verification error: self signed certificate
---
New, TLSv1.2, Cipher is ECDHE-ECDSA-AES128-SHA256
Server public key is 256 bit
Secure Renegotiation IS supported
No ALPN negotiated
SSL-Session:
    Protocol  : TLSv1.2
    Cipher    : ECDHE-ECDSA-AES128-SHA256
    Session-ID: 340883760EC24DF9C0D7DE8AB3A1829C5ADFC324DE44C6CC2BA8BEFAC521ADCF
    Session-ID-ctx: 
    Master-Key: 75E68F0D213888A40122DC4CEC7BECEC9B15F28C67FF88B6EA7E57CBE7EE2C0351F5FED75C2F17E421DC43760751B24A
    PSK identity: None
    PSK identity hint: None
    SRP username: None
    TLS session ticket lifetime hint: 7200 (seconds)
    TLS session ticket:
    0000 - 96 b4 52 8f bc bc 34 11-ff 12 75 5b 5f 64 32 dc   ..R...4...u[_d2.
    0010 - cb 7b 69 1b cd f6 b3 d8-2e 61 02 fb 87 b3 29 95   .{i......a....).
    0020 - 06 fa 32 6b c1 17 8b ad-0d 0b 71 d8 c3 36 48 6a   ..2k......q..6Hj
    0030 - 6d 60 eb 3e f7 d2 61 8d-b5 c1 ca 1c 20 8e f2 3a   m`.>..a..... ..:
    0040 - ed 58 74 5c 1b 8a aa be-58 fe a7 03 8c 86 e1 98   .Xt\....X.......
    0050 - c9 7b 40 7e b2 eb 63 31-63 fa 33 59 d4 bb 13 c4   .{@~..c1c.3Y....
    0060 - 38 e2 4f 22 56 17 14 8b-17 dd 61 d0 2c b2 59 29   8.O"V.....a.,.Y)
    0070 - 1d 67 38 48 be b7 84 27-cf 16 b8 5b 67 a5 2b 2e   .g8H...'...[g.+.
    0080 - e3 8a 97 12 d7 7c 53 cc-4b c3 6c f0 83 00 e6 06   .....|S.K.l.....
    0090 - e5 53 1f 10 5d 99 e7 f8-e1 c9 51 a3 43 1a 08 6c   .S..].....Q.C..l

    Start Time: 1579551281
    Timeout   : 7200 (sec)
    Verify return code: 18 (self signed certificate)
    Extended master secret: yes
---
DONE
