CONNECTED(00000003)
Can't use SSL_get_servername
depth=0 C = AU, ST = Some-State, O = Internet Widgits Pty Ltd
verify error:num=18:self signed certificate
verify return:1
depth=0 C = AU, ST = Some-State, O = Internet Widgits Pty Ltd
verify return:1
---
Certificate chain
 0 s:C = AU, ST = Some-State, O = Internet Widgits Pty Ltd
   i:C = AU, ST = Some-State, O = Internet Widgits Pty Ltd
---
Server certificate
-----BEGIN CERTIFICATE-----
MIIB4DCCAYWgAwIBAgIUCXxxGEjDfI8qZM/lYEyRO/5FAH8wCgYIKoZIzj0EAwIw
RTELMAkGA1UEBhMCQVUxEzARBgNVBAgMClNvbWUtU3RhdGUxITAfBgNVBAoMGElu
dGVybmV0IFdpZGdpdHMgUHR5IEx0ZDAeFw0yMDAxMjAxOTU0MTVaFw0yMTAxMTkx
OTU0MTVaMEUxCzAJBgNVBAYTAkFVMRMwEQYDVQQIDApTb21lLVN0YXRlMSEwHwYD
VQQKDBhJbnRlcm5ldCBXaWRnaXRzIFB0eSBMdGQwWTATBgcqhkjOPQIBBggqhkjO
PQMBBwNCAAQEWvQ5kNNn0gohxZiHN8GZ2c2YUKQBqHDOBcDHaOesleIQlq72x5jF
w74Y1H7BLGlwvZuJ3N/4jF8UdT098W+ho1MwUTAdBgNVHQ4EFgQU5K267TWlHB0Y
HXW940sLw8SUXeEwHwYDVR0jBBgwFoAU5K267TWlHB0YHXW940sLw8SUXeEwDwYD
VR0TAQH/BAUwAwEB/zAKBggqhkjOPQQDAgNJADBGAiEA4GScbVO50YAPJtbP4fny
StHIpNxRcMsSij4Qe2KiM/sCIQDY7Um4nntc3KIF6WOb68OZOQRfQylRLfyllN5r
hm7Z4g==
-----END CERTIFICATE-----
subject=C = AU, ST = Some-State, O = Internet Widgits Pty Ltd

issuer=C = AU, ST = Some-State, O = Internet Widgits Pty Ltd

---
No client certificate CA names sent
Peer signing digest: SHA256
Peer signature type: ECDSA
Server Temp Key: X25519, 253 bits
---
SSL handshake has read 915 bytes and written 227 bytes
Verification error: self signed certificate
---
New, TLSv1.2, Cipher is ECDHE-ECDSA-CHACHA20-POLY1305
Server public key is 256 bit
Secure Renegotiation IS supported
No ALPN negotiated
SSL-Session:
    Protocol  : TLSv1.2
    Cipher    : ECDHE-ECDSA-CHACHA20-POLY1305
    Session-ID: 804296AA6B3234048C114A50D3BDDA3276B838D9AFA7AA4FED5E455F5FCBE3D1
    Session-ID-ctx: 
    Master-Key: 3C525F1B7CD849F317D376988B5F15789DACDF1F7BBFADBA9F8E6AA562F817125C9EB5232A1C52B0CE89A60E275D06C1
    PSK identity: None
    PSK identity hint: None
    SRP username: None
    TLS session ticket lifetime hint: 7200 (seconds)
    TLS session ticket:
    0000 - 96 b4 52 8f bc bc 34 11-ff 12 75 5b 5f 64 32 dc   ..R...4...u[_d2.
    0010 - fe 46 da cc 73 b2 d5 92-eb d9 32 6e f0 d6 e4 6e   .F..s.....2n...n
    0020 - 89 03 e1 63 12 49 41 6f-3b 25 c4 96 f6 f6 92 51   ...c.IAo;%.....Q
    0030 - e2 06 c8 65 41 83 b7 f0-18 3d d6 77 b9 52 6a 51   ...eA....=.w.RjQ
    0040 - a2 0d d6 13 85 af e6 9d-89 e8 04 51 b6 ea c6 c9   ...........Q....
    0050 - 0e 04 50 76 c7 4b 24 12-9e ac 40 a2 38 bd 76 d1   ..Pv.K$...@.8.v.
    0060 - e7 dd d0 a5 32 b6 69 19-44 c9 0a 51 b4 df 90 c4   ....2.i.D..Q....
    0070 - dc 09 e0 df d9 ef 18 0a-24 9b a4 01 06 64 cf 99   ........$....d..
    0080 - 8a d0 48 f4 6b 90 fe 81-36 e2 d9 37 2f 94 84 8e   ..H.k...6..7/...
    0090 - 30 7d c1 35 a1 3d 85 f2-05 05 87 ae ef 4e d2 de   0}.5.=.......N..

    Start Time: 1579551269
    Timeout   : 7200 (sec)
    Verify return code: 18 (self signed certificate)
    Extended master secret: yes
---
DONE
