depth=0 C = AU, ST = Some-State, O = Internet Widgits Pty Ltd
verify error:num=18:self signed certificate
verify return:1
depth=0 C = AU, ST = Some-State, O = Internet Widgits Pty Ltd
verify return:1
CONNECTED(00000003)
---
Certificate chain
 0 s:/C=AU/ST=Some-State/O=Internet Widgits Pty Ltd
   i:/C=AU/ST=Some-State/O=Internet Widgits Pty Ltd
---
Server certificate
-----BEGIN CERTIFICATE-----
MIIDazCCAlOgAwIBAgIUUWBj1DL0r1TRK/dHpKSOke8mNyowDQYJKoZIhvcNAQEL
BQAwRTELMAkGA1UEBhMCQVUxEzARBgNVBAgMClNvbWUtU3RhdGUxITAfBgNVBAoM
GEludGVybmV0IFdpZGdpdHMgUHR5IEx0ZDAeFw0xOTEwMjUxNjE5MzFaFw0yMDEw
MjQxNjE5MzFaMEUxCzAJBgNVBAYTAkFVMRMwEQYDVQQIDApTb21lLVN0YXRlMSEw
HwYDVQQKDBhJbnRlcm5ldCBXaWRnaXRzIFB0eSBMdGQwggEiMA0GCSqGSIb3DQEB
AQUAA4IBDwAwggEKAoIBAQDIC3Wj6US5oUyyjcSP616loFW94MExGLh0Flr02LfO
X2w0ZkDOGC1B/zHrJK4On+z8bwx/+L1hytq/aVytgUQWoGWZwQGuzU7ev+lKjcIW
ai2Zeqk3RysFPNticj/qWomS+g2o2RFJ/oEtg6BdAsy49VZjS0BTPpdoBBb7sMOp
S0GvGPY85uFG9QTD/4o4UOfvruSHeJHih3pRYvkqwpZ3Al9EJuCI5zDchBr21fa9
0JNFecJb1HymDk/eN3FxDHf/ubdB/TMx8oauC5WVoA/cLZjfZa6r+Ibv6wGnZe9F
GZocIDBGxyeLRbHTzN42/7L6mTn4br9VWzLEswj8glT3AgMBAAGjUzBRMB0GA1Ud
DgQWBBSDg9456bq2D7ileJyJm3Dw1QE7eDAfBgNVHSMEGDAWgBSDg9456bq2D7il
eJyJm3Dw1QE7eDAPBgNVHRMBAf8EBTADAQH/MA0GCSqGSIb3DQEBCwUAA4IBAQBp
htY9dAYDr3+yewxDbenTzcPuD4nS1x11NNfKHNY/Ju6fQa2/cNzgHu3oOaGlQRQ4
Ob3wgkk7sK6YuyKR5YllT9vOGqBw/Ha9x7cdRaP4gKEnxrMIdxEIWJifz72TF7xI
SId9FHVKy9awaunIGJelJ+v2J4ZHkUk2vHLjR57SQdv+ENuMeQZX34PwvcLvXhRj
joX7tBBYYoB/haFlW9WMHM7HyYryMAirxnF3ltXWley0vnLXlkFLRSp4xzr0ERZW
1vXmmTv+c+yXzTo03A4BcEBZg0gN4FjM3lKJjiC9M6hJ8oVIJ+40MoKTgNjaupb7
vXxBDJcqvz+HMrruHXw3
-----END CERTIFICATE-----
subject=/C=AU/ST=Some-State/O=Internet Widgits Pty Ltd
issuer=/C=AU/ST=Some-State/O=Internet Widgits Pty Ltd
---
No client certificate CA names sent
---
SSL handshake has read 1195 bytes and written 392 bytes
Verification error: self signed certificate
---
New, SSLv3, Cipher is AES128-SHA
Server public key is 2048 bit
Secure Renegotiation IS supported
Compression: NONE
Expansion: NONE
No ALPN negotiated
SSL-Session:
    Protocol  : TLSv1
    Cipher    : AES128-SHA
    Session-ID: F2FD91FD1294744FB751FB7EB23CC8ED98A8EC1E724B93A66E30A17D8845AC26
    Session-ID-ctx: 
    Master-Key: FB9E95E0C6B040B008546E3D7B85959BB0AD8CAA54504EB0EB07D21664E7C06017EA3F7904180ED00FA6261B5F0D6644
    PSK identity: None
    PSK identity hint: None
    SRP username: None
    TLS session ticket lifetime hint: 300 (seconds)
    TLS session ticket:
    0000 - 2f 9b 48 b1 34 d1 53 ab-56 76 74 80 5f b6 0c 93   /.H.4.S.Vvt._...
    0010 - 0b d4 e1 ad a0 74 ab 42-69 e5 a9 65 23 b0 9f b3   .....t.Bi..e#...
    0020 - 1e e8 2c 3d 7c df 0c ab-b0 51 80 d6 6a 68 0e d5   ..,=|....Q..jh..
    0030 - 47 ad 79 b7 a3 39 8e bf-58 9a a8 50 bc 05 fe 9f   G.y..9..X..P....
    0040 - 8a f4 8c 09 74 cc 54 31-bc d9 b3 14 3f 22 32 06   ....t.T1....?"2.
    0050 - 9f 5a f6 bf 00 e6 41 40-e1 e8 41 2c 3f f4 2f 78   .Z....A@..A,?./x
    0060 - 62 cc 97 e3 a8 7f 87 3b-41 82 92 0a 07 ad 79 e6   b......;A.....y.
    0070 - ce 91 c2 7a a2 e0 5d d7-90 99 9a 63 c3 36 f2 92   ...z..]....c.6..
    0080 - 59 c6 1b 34 a6 35 e8 c9-de 1a fe 1a 6b e1 2a 07   Y..4.5......k.*.
    0090 - d7 80 53 1c 9c 85 7d 03-f4 cc 3a c5 03 23 f6 46   ..S...}...:..#.F

    Start Time: 1578582419
    Timeout   : 7200 (sec)
    Verify return code: 18 (self signed certificate)
    Extended master secret: no
---
DONE
