CONNECTED(00000003)
---
Certificate chain
 0 s:/C=AU/ST=Some-State/O=Internet Widgits Pty Ltd
   i:/C=AU/ST=Some-State/O=Internet Widgits Pty Ltd
---
Server certificate
-----BEGIN CERTIFICATE-----
MIIB4DCCAYWgAwIBAgIUCXxxGEjDfI8qZM/lYEyRO/5FAH8wCgYIKoZIzj0EAwIw
RTELMAkGA1UEBhMCQVUxEzARBgNVBAgMClNvbWUtU3RhdGUxITAfBgNVBAoMGElu
dGVybmV0IFdpZGdpdHMgUHR5IEx0ZDAeFw0yMDAxMjAxOTU0MTVaFw0yMTAxMTkx
OTU0MTVaMEUxCzAJBgNVBAYTAkFVMRMwEQYDVQQIDApTb21lLVN0YXRlMSEwHwYD
VQQKDBhJbnRlcm5ldCBXaWRnaXRzIFB0eSBMdGQwWTATBgcqhkjOPQIBBggqhkjO
PQMBBwNCAAQEWvQ5kNNn0gohxZiHN8GZ2c2YUKQBqHDOBcDHaOesleIQlq72x5jF
w74Y1H7BLGlwvZuJ3N/4jF8UdT098W+ho1MwUTAdBgNVHQ4EFgQU5K267TWlHB0Y
HXW940sLw8SUXeEwHwYDVR0jBBgwFoAU5K267TWlHB0YHXW940sLw8SUXeEwDwYD
VR0TAQH/BAUwAwEB/zAKBggqhkjOPQQDAgNJADBGAiEA4GScbVO50YAPJtbP4fny
StHIpNxRcMsSij4Qe2KiM/sCIQDY7Um4nntc3KIF6WOb68OZOQRfQylRLfyllN5r
hm7Z4g==
-----END CERTIFICATE-----
subject=/C=AU/ST=Some-State/O=Internet Widgits Pty Ltd
issuer=/C=AU/ST=Some-State/O=Internet Widgits Pty Ltd
---
No client certificate CA names sent
Server Temp Key: ECDH, P-256, 256 bits
---
SSL handshake has read 958 bytes and written 222 bytes
Verification error: self signed certificate
---
New, TLSv1.0, Cipher is ECDHE-ECDSA-AES128-SHA
Server public key is 256 bit
Secure Renegotiation IS supported
Compression: NONE
Expansion: NONE
No ALPN negotiated
SSL-Session:
    Protocol  : TLSv1
    Cipher    : ECDHE-ECDSA-AES128-SHA
    Session-ID: AC1206CE278987889C25F66089792C00CF0580EC7FB10E54EAF7DE7F66A7CDB3
    Session-ID-ctx: 
    Master-Key: 5496465709435E35681803CE046D55BC501B33A36A1EA186A9980901A384E7170241DF345C86B730C61EDBE45451B49F
    PSK identity: None
    PSK identity hint: None
    SRP username: None
    TLS session ticket lifetime hint: 300 (seconds)
    TLS session ticket:
    0000 - 92 75 01 7c 2f 76 e3 be-90 d9 4f bd 29 e9 7d a3   .u.|/v....O.).}.
    0010 - 0a cb b1 21 7c 0d 86 ab-7f 79 40 9a 55 02 2d d5   ...!|....y@.U.-.
    0020 - 80 21 0b 19 88 12 02 33-9f 8e 61 41 4b ba a1 44   .!.....3..aAK..D
    0030 - 24 ef 35 7b 23 95 1e f4-da ac cd a8 b4 85 91 66   $.5{#..........f
    0040 - 77 76 e2 fa 9a ef e8 83-5d 51 11 92 2a a2 fb f9   wv......]Q..*...
    0050 - 28 7b 24 a7 bb d5 dc 08-87 b2 fb 85 05 a3 56 89   ({$...........V.
    0060 - 5f 99 21 84 f2 bf e3 ec-f4 f9 09 1f aa 69 e8 ed   _.!..........i..
    0070 - ff 03 e1 9d 80 f7 8c 15-d8 69 0a 46 95 dd c5 e0   .........i.F....
    0080 - 11 5a 42 61 37 e4 bd 2a-5e 92 8f ae 11 4f fe 98   .ZBa7..*^....O..
    0090 - 89 67 c5 ee c4 bf 97 6a-6b 9f 4b 49 c9 c4 07 90   .g.....jk.KI....

    Start Time: 1579551183
    Timeout   : 7200 (sec)
    Verify return code: 18 (self signed certificate)
    Extended master secret: no
---
depth=0 C = AU, ST = Some-State, O = Internet Widgits Pty Ltd
verify error:num=18:self signed certificate
verify return:1
depth=0 C = AU, ST = Some-State, O = Internet Widgits Pty Ltd
verify return:1
DONE
