CONNECTED(00000003)
---
Certificate chain
 0 s:/C=AU/ST=Some-State/O=Internet Widgits Pty Ltd
   i:/C=AU/ST=Some-State/O=Internet Widgits Pty Ltd
---
Server certificate
-----BEGIN CERTIFICATE-----
MIIDazCCAlOgAwIBAgIUUWBj1DL0r1TRK/dHpKSOke8mNyowDQYJKoZIhvcNAQEL
BQAwRTELMAkGA1UEBhMCQVUxEzARBgNVBAgMClNvbWUtU3RhdGUxITAfBgNVBAoM
GEludGVybmV0IFdpZGdpdHMgUHR5IEx0ZDAeFw0xOTEwMjUxNjE5MzFaFw0yMDEw
MjQxNjE5MzFaMEUxCzAJBgNVBAYTAkFVMRMwEQYDVQQIDApTb21lLVN0YXRlMSEw
HwYDVQQKDBhJbnRlcm5ldCBXaWRnaXRzIFB0eSBMdGQwggEiMA0GCSqGSIb3DQEB
AQUAA4IBDwAwggEKAoIBAQDIC3Wj6US5oUyyjcSP616loFW94MExGLh0Flr02LfO
X2w0ZkDOGC1B/zHrJK4On+z8bwx/+L1hytq/aVytgUQWoGWZwQGuzU7ev+lKjcIW
ai2Zeqk3RysFPNticj/qWomS+g2o2RFJ/oEtg6BdAsy49VZjS0BTPpdoBBb7sMOp
S0GvGPY85uFG9QTD/4o4UOfvruSHeJHih3pRYvkqwpZ3Al9EJuCI5zDchBr21fa9
0JNFecJb1HymDk/eN3FxDHf/ubdB/TMx8oauC5WVoA/cLZjfZa6r+Ibv6wGnZe9F
GZocIDBGxyeLRbHTzN42/7L6mTn4br9VWzLEswj8glT3AgMBAAGjUzBRMB0GA1Ud
DgQWBBSDg9456bq2D7ileJyJm3Dw1QE7eDAfBgNVHSMEGDAWgBSDg9456bq2D7il
eJyJm3Dw1QE7eDAPBgNVHRMBAf8EBTADAQH/MA0GCSqGSIb3DQEBCwUAA4IBAQBp
htY9dAYDr3+yewxDbenTzcPuD4nS1x11NNfKHNY/Ju6fQa2/cNzgHu3oOaGlQRQ4
Ob3wgkk7sK6YuyKR5YllT9vOGqBw/Ha9x7cdRaP4gKEnxrMIdxEIWJifz72TF7xI
SId9FHVKy9awaunIGJelJ+v2J4ZHkUk2vHLjR57SQdv+ENuMeQZX34PwvcLvXhRj
joX7tBBYYoB/haFlW9WMHM7HyYryMAirxnF3ltXWley0vnLXlkFLRSp4xzr0ERZW
1vXmmTv+c+yXzTo03A4BcEBZg0gN4FjM3lKJjiC9M6hJ8oVIJ+40MoKTgNjaupb7
vXxBDJcqvz+HMrruHXw3
-----END CERTIFICATE-----
subject=/C=AU/ST=Some-State/O=Internet Widgits Pty Ltd
issuer=/C=AU/ST=Some-State/O=Internet Widgits Pty Ltd
---
No client certificate CA names sent
---
SSL handshake has read 1223 bytes and written 412 bytes
Verification error: self signed certificate
---
New, SSLv3, Cipher is AES128-SHA
Server public key is 2048 bit
Secure Renegotiation IS supported
Compression: NONE
Expansion: NONE
No ALPN negotiated
SSL-Session:
    Protocol  : TLSv1.1
    Cipher    : AES128-SHA
    Session-ID: 4B3AA4D4C16812F102169797C527F707F9DD6F561329F309CDEC6809C542D234
    Session-ID-ctx: 
    Master-Key: 888601159A2959B974049CB402693A85AD10FC8197F1F5000A7453442F1FE6C7789100F7EE04E9566125BCFAC22302CA
    PSK identity: None
    PSK identity hint: None
    SRP username: None
    TLS session ticket lifetime hint: 7200 (seconds)
    TLS session ticket:
    0000 - 8b 9a dd 6a ca 0e 88 61-bf f0 4f 2b 4d b0 79 2b   ...j...a..O+M.y+
    0010 - 2e 30 ef 67 22 e5 69 2a-2f ba d3 57 90 c2 3f 8f   .0.g".i*/..W..?.
    0020 - 71 6e cf 49 6a 38 bb ea-46 f3 1f 75 59 5b c3 a8   qn.Ij8..F..uY[..
    0030 - 54 ba 29 fa 59 af 80 52-95 c5 9a 92 dc 19 10 eb   T.).Y..R........
    0040 - fc 65 1a 71 8f 65 8c aa-d6 3a e3 3f aa 1e fd 44   .e.q.e...:.?...D
    0050 - 4f 70 8b 17 e6 24 fa 44-32 d1 9e 07 d2 63 91 b5   Op...$.D2....c..
    0060 - 2b 79 8a 6a ed 8c c2 d6-e8 ca 99 7e 61 6e 0a 27   +y.j.......~an.'
    0070 - 83 80 14 1d 93 ef b7 4f-34 75 66 86 e2 d5 41 41   .......O4uf...AA
    0080 - c8 97 89 fd 0a 96 6b 72-41 66 af e3 ed c7 19 c7   ......krAf......
    0090 - d9 2b fc 49 ee c0 bb 92-20 cd eb 23 4f 2c 51 fb   .+.I.... ..#O,Q.

    Start Time: 1578517672
    Timeout   : 7200 (sec)
    Verify return code: 18 (self signed certificate)
    Extended master secret: yes
---
depth=0 C = AU, ST = Some-State, O = Internet Widgits Pty Ltd
verify error:num=18:self signed certificate
verify return:1
depth=0 C = AU, ST = Some-State, O = Internet Widgits Pty Ltd
verify return:1
DONE
