depth=0 C = AU, ST = Some-State, O = Internet Widgits Pty Ltd
verify error:num=18:self signed certificate
verify return:1
depth=0 C = AU, ST = Some-State, O = Internet Widgits Pty Ltd
verify return:1
CONNECTED(00000003)
---
Certificate chain
 0 s:/C=AU/ST=Some-State/O=Internet Widgits Pty Ltd
   i:/C=AU/ST=Some-State/O=Internet Widgits Pty Ltd
---
Server certificate
-----BEGIN CERTIFICATE-----
MIIDazCCAlOgAwIBAgIUUWBj1DL0r1TRK/dHpKSOke8mNyowDQYJKoZIhvcNAQEL
BQAwRTELMAkGA1UEBhMCQVUxEzARBgNVBAgMClNvbWUtU3RhdGUxITAfBgNVBAoM
GEludGVybmV0IFdpZGdpdHMgUHR5IEx0ZDAeFw0xOTEwMjUxNjE5MzFaFw0yMDEw
MjQxNjE5MzFaMEUxCzAJBgNVBAYTAkFVMRMwEQYDVQQIDApTb21lLVN0YXRlMSEw
HwYDVQQKDBhJbnRlcm5ldCBXaWRnaXRzIFB0eSBMdGQwggEiMA0GCSqGSIb3DQEB
AQUAA4IBDwAwggEKAoIBAQDIC3Wj6US5oUyyjcSP616loFW94MExGLh0Flr02LfO
X2w0ZkDOGC1B/zHrJK4On+z8bwx/+L1hytq/aVytgUQWoGWZwQGuzU7ev+lKjcIW
ai2Zeqk3RysFPNticj/qWomS+g2o2RFJ/oEtg6BdAsy49VZjS0BTPpdoBBb7sMOp
S0GvGPY85uFG9QTD/4o4UOfvruSHeJHih3pRYvkqwpZ3Al9EJuCI5zDchBr21fa9
0JNFecJb1HymDk/eN3FxDHf/ubdB/TMx8oauC5WVoA/cLZjfZa6r+Ibv6wGnZe9F
GZocIDBGxyeLRbHTzN42/7L6mTn4br9VWzLEswj8glT3AgMBAAGjUzBRMB0GA1Ud
DgQWBBSDg9456bq2D7ileJyJm3Dw1QE7eDAfBgNVHSMEGDAWgBSDg9456bq2D7il
eJyJm3Dw1QE7eDAPBgNVHRMBAf8EBTADAQH/MA0GCSqGSIb3DQEBCwUAA4IBAQBp
htY9dAYDr3+yewxDbenTzcPuD4nS1x11NNfKHNY/Ju6fQa2/cNzgHu3oOaGlQRQ4
Ob3wgkk7sK6YuyKR5YllT9vOGqBw/Ha9x7cdRaP4gKEnxrMIdxEIWJifz72TF7xI
SId9FHVKy9awaunIGJelJ+v2J4ZHkUk2vHLjR57SQdv+ENuMeQZX34PwvcLvXhRj
joX7tBBYYoB/haFlW9WMHM7HyYryMAirxnF3ltXWley0vnLXlkFLRSp4xzr0ERZW
1vXmmTv+c+yXzTo03A4BcEBZg0gN4FjM3lKJjiC9M6hJ8oVIJ+40MoKTgNjaupb7
vXxBDJcqvz+HMrruHXw3
-----END CERTIFICATE-----
subject=/C=AU/ST=Some-State/O=Internet Widgits Pty Ltd
issuer=/C=AU/ST=Some-State/O=Internet Widgits Pty Ltd
---
No client certificate CA names sent
Server Temp Key: X25519, 253 bits
---
SSL handshake has read 1534 bytes and written 209 bytes
Verification error: self signed certificate
---
New, TLSv1.0, Cipher is ECDHE-RSA-AES128-SHA
Server public key is 2048 bit
Secure Renegotiation IS supported
Compression: NONE
Expansion: NONE
No ALPN negotiated
SSL-Session:
    Protocol  : TLSv1.1
    Cipher    : ECDHE-RSA-AES128-SHA
    Session-ID: 5E37D5A12E7602C93C52489901A6225DD676C4E21B3C9B97025E4FB4B8766343
    Session-ID-ctx: 
    Master-Key: E1C75E78DDD2813FBBFEA77BF4C5A9CD4F6743D90E783AAD4247EA3A77DCD871506ABB6EEEBA18E90E5E132994E48FC9
    PSK identity: None
    PSK identity hint: None
    SRP username: None
    TLS session ticket lifetime hint: 7200 (seconds)
    TLS session ticket:
    0000 - fb a6 6a 6c 25 9a 47 fb-89 87 e8 90 8c 93 9f fe   ..jl%.G.........
    0010 - a6 b9 77 bc c3 0b 69 3e-bb 8f 36 77 e6 84 2f e4   ..w...i>..6w../.
    0020 - 7a 55 bd 7a 75 d1 0f 10-ed ea 0b 0a b0 b2 88 90   zU.zu...........
    0030 - 63 32 19 b9 17 93 1a b9-3d f1 60 5d cf 47 a5 3e   c2......=.`].G.>
    0040 - a8 65 6f 64 6a 1b 45 39-ec c4 2d be 33 2d d3 0d   .eodj.E9..-.3-..
    0050 - 7e d4 fa 8b d6 a8 49 59-9a 5b 60 22 86 b5 bf 83   ~.....IY.[`"....
    0060 - 76 88 4e eb 18 c0 37 38-89 07 6a fb 10 87 c7 a6   v.N...78..j.....
    0070 - 34 1d 4d 0f dc c2 45 f7-7e 31 b9 1a 22 22 b6 01   4.M...E.~1..""..
    0080 - b5 c6 33 57 49 78 0f 36-0e fe 66 ce 69 a7 75 d1   ..3WIx.6..f.i.u.
    0090 - a4 04 ed c0 0a e7 10 ca-c0 70 dc d3 a3 96 9d a1   .........p......

    Start Time: 1578582426
    Timeout   : 7200 (sec)
    Verify return code: 18 (self signed certificate)
    Extended master secret: yes
---
DONE
