Can't use SSL_get_servername
depth=0 C = AU, ST = Some-State, O = Internet Widgits Pty Ltd
verify error:num=18:self signed certificate
verify return:1
depth=0 C = AU, ST = Some-State, O = Internet Widgits Pty Ltd
verify return:1
CONNECTED(00000004)
---
Certificate chain
 0 s:C = AU, ST = Some-State, O = Internet Widgits Pty Ltd
   i:C = AU, ST = Some-State, O = Internet Widgits Pty Ltd
---
Server certificate
-----BEGIN CERTIFICATE-----
MIIDazCCAlOgAwIBAgIUUWBj1DL0r1TRK/dHpKSOke8mNyowDQYJKoZIhvcNAQEL
BQAwRTELMAkGA1UEBhMCQVUxEzARBgNVBAgMClNvbWUtU3RhdGUxITAfBgNVBAoM
GEludGVybmV0IFdpZGdpdHMgUHR5IEx0ZDAeFw0xOTEwMjUxNjE5MzFaFw0yMDEw
MjQxNjE5MzFaMEUxCzAJBgNVBAYTAkFVMRMwEQYDVQQIDApTb21lLVN0YXRlMSEw
HwYDVQQKDBhJbnRlcm5ldCBXaWRnaXRzIFB0eSBMdGQwggEiMA0GCSqGSIb3DQEB
AQUAA4IBDwAwggEKAoIBAQDIC3Wj6US5oUyyjcSP616loFW94MExGLh0Flr02LfO
X2w0ZkDOGC1B/zHrJK4On+z8bwx/+L1hytq/aVytgUQWoGWZwQGuzU7ev+lKjcIW
ai2Zeqk3RysFPNticj/qWomS+g2o2RFJ/oEtg6BdAsy49VZjS0BTPpdoBBb7sMOp
S0GvGPY85uFG9QTD/4o4UOfvruSHeJHih3pRYvkqwpZ3Al9EJuCI5zDchBr21fa9
0JNFecJb1HymDk/eN3FxDHf/ubdB/TMx8oauC5WVoA/cLZjfZa6r+Ibv6wGnZe9F
GZocIDBGxyeLRbHTzN42/7L6mTn4br9VWzLEswj8glT3AgMBAAGjUzBRMB0GA1Ud
DgQWBBSDg9456bq2D7ileJyJm3Dw1QE7eDAfBgNVHSMEGDAWgBSDg9456bq2D7il
eJyJm3Dw1QE7eDAPBgNVHRMBAf8EBTADAQH/MA0GCSqGSIb3DQEBCwUAA4IBAQBp
htY9dAYDr3+yewxDbenTzcPuD4nS1x11NNfKHNY/Ju6fQa2/cNzgHu3oOaGlQRQ4
Ob3wgkk7sK6YuyKR5YllT9vOGqBw/Ha9x7cdRaP4gKEnxrMIdxEIWJifz72TF7xI
SId9FHVKy9awaunIGJelJ+v2J4ZHkUk2vHLjR57SQdv+ENuMeQZX34PwvcLvXhRj
joX7tBBYYoB/haFlW9WMHM7HyYryMAirxnF3ltXWley0vnLXlkFLRSp4xzr0ERZW
1vXmmTv+c+yXzTo03A4BcEBZg0gN4FjM3lKJjiC9M6hJ8oVIJ+40MoKTgNjaupb7
vXxBDJcqvz+HMrruHXw3
-----END CERTIFICATE-----
subject=C = AU, ST = Some-State, O = Internet Widgits Pty Ltd

issuer=C = AU, ST = Some-State, O = Internet Widgits Pty Ltd

---
No client certificate CA names sent
Peer signing digest: SHA256
Peer signature type: RSA-PSS
Server Temp Key: X25519, 253 bits
---
SSL handshake has read 1435 bytes and written 291 bytes
Verification error: self signed certificate
---
New, TLSv1.3, Cipher is TLS_AES_256_GCM_SHA384
Server public key is 2048 bit
Secure Renegotiation IS NOT supported
No ALPN negotiated
Early data was not sent
Verify return code: 18 (self signed certificate)
---
---
Post-Handshake New Session Ticket arrived:
SSL-Session:
    Protocol  : TLSv1.3
    Cipher    : TLS_AES_256_GCM_SHA384
    Session-ID: E47BEE9F402B6F379B7DFB1CD34AA0D42114F1030C1E106AF3DCD49E00344660
    Session-ID-ctx: 
    Resumption PSK: E2B6D29B50BECF1BF78BD6DA7056A41C3FC49198063984A74A577292BB6C7D747E8BD1B831A23E3D2737D824282C3B59
    PSK identity: None
    PSK identity hint: None
    SRP username: None
    TLS session ticket lifetime hint: 7200 (seconds)
    TLS session ticket:
    0000 - cc 2c 36 01 5f bb 52 6d-50 0a 1f 2a 61 19 07 cb   .,6._.RmP..*a...
    0010 - c6 7d 67 1a ce 3e 2a 6b-f7 97 bc 74 3f e9 74 5a   .}g..>*k...t?.tZ
    0020 - 3f bb e0 c6 33 28 dc df-aa 05 02 22 b6 61 01 ba   ?...3(.....".a..
    0030 - 3b db bf 05 45 78 3c 35-00 dd b5 f7 4c a9 28 30   ;...Ex<5....L.(0
    0040 - 73 c6 39 98 8a 1a a9 17-fa a3 02 17 75 7f d5 14   s.9.........u...
    0050 - c9 44 34 b4 c0 71 e4 4b-49 af 2d 7f 74 86 00 3f   .D4..q.KI.-.t..?
    0060 - 02 f6 05 58 2e 12 28 c6-e4 4e 11 ca 2d 23 0a d6   ...X..(..N..-#..
    0070 - 8c 21 60 d3 83 a0 f7 90-22 e8 fc b6 31 5a ac 9d   .!`....."...1Z..
    0080 - dc 32 aa 3f 3a 35 ef 97-51 12 2c 78 3b bf 7f 89   .2.?:5..Q.,x;...
    0090 - 73 6c 49 d1 d4 24 57 b1-84 eb 04 e0 4a f5 56 29   slI..$W.....J.V)
    00a0 - 9f 45 de e6 b0 78 81 6d-f3 dd 61 bf 37 04 43 17   .E...x.m..a.7.C.
    00b0 - 8b 17 57 67 4d 74 19 7e-df 4e a2 5f 6b 23 1c 66   ..WgMt.~.N._k#.f

    Start Time: 1578577888
    Timeout   : 7200 (sec)
    Verify return code: 18 (self signed certificate)
    Extended master secret: no
    Max Early Data: 0
---
read R BLOCK
---
Post-Handshake New Session Ticket arrived:
SSL-Session:
    Protocol  : TLSv1.3
    Cipher    : TLS_AES_256_GCM_SHA384
    Session-ID: 16C7F36D90960C8168835C97761C019C44A39E6D0AC809BAEEE98AE338143AD3
    Session-ID-ctx: 
    Resumption PSK: 781675443B678D9BAD77367C557135F35D6898FB0429A90D7317F451AF177804970113791A14DE1AE9C00DE9F901FA36
    PSK identity: None
    PSK identity hint: None
    SRP username: None
    TLS session ticket lifetime hint: 7200 (seconds)
    TLS session ticket:
    0000 - cc 2c 36 01 5f bb 52 6d-50 0a 1f 2a 61 19 07 cb   .,6._.RmP..*a...
    0010 - 28 85 bd 93 fd fe 03 57-a4 02 6f 9e 4a d5 0e 19   (......W..o.J...
    0020 - 37 d3 83 2e a3 d5 88 9b-d4 29 3f 34 0d f8 d8 3f   7........)?4...?
    0030 - b8 e2 0d 68 de 27 7b ef-21 e8 77 77 d3 a5 95 d0   ...h.'{.!.ww....
    0040 - 40 50 38 60 ba cf 47 03-50 7c e3 f1 b1 a0 b7 11   @P8`..G.P|......
    0050 - d2 84 53 6c 92 03 3a 89-d3 67 e3 26 99 86 e0 26   ..Sl..:..g.&...&
    0060 - b9 fe 8c cb fb d7 0c b7-61 36 0d f3 50 b2 f5 79   ........a6..P..y
    0070 - 1a 5a c7 62 bf 43 28 d7-d8 88 df df ac 68 d6 d5   .Z.b.C(......h..
    0080 - 87 00 67 63 33 b0 05 61-85 48 2b a2 88 4e 9e 55   ..gc3..a.H+..N.U
    0090 - 93 a9 8f 0f 17 16 96 d4-82 36 df 50 3c f3 98 d2   .........6.P<...
    00a0 - fc f1 06 0a ab 46 7d 3a-3f 2d 4d 09 a7 ce a4 46   .....F}:?-M....F
    00b0 - a9 b4 f6 b7 d5 65 79 0b-cd fb 47 37 e5 a4 96 b2   .....ey...G7....
    00c0 - c7 d9 6b ec 7b 02 67 07-b9 25 e1 4c 19 73 35 bc   ..k.{.g..%.L.s5.
DONE

    Start Time: 1578577888
    Timeout   : 7200 (sec)
    Verify return code: 18 (self signed certificate)
    Extended master secret: no
    Max Early Data: 0
---
read R BLOCK
