CONNECTED(00000004)
Can't use SSL_get_servername
---
Certificate chain
 0 s:C = AU, ST = Some-State, O = Internet Widgits Pty Ltd
   i:C = AU, ST = Some-State, O = Internet Widgits Pty Ltd
---
Server certificate
-----BEGIN CERTIFICATE-----
MIIB4DCCAYWgAwIBAgIUCXxxGEjDfI8qZM/lYEyRO/5FAH8wCgYIKoZIzj0EAwIw
RTELMAkGA1UEBhMCQVUxEzARBgNVBAgMClNvbWUtU3RhdGUxITAfBgNVBAoMGElu
dGVybmV0IFdpZGdpdHMgUHR5IEx0ZDAeFw0yMDAxMjAxOTU0MTVaFw0yMTAxMTkx
OTU0MTVaMEUxCzAJBgNVBAYTAkFVMRMwEQYDVQQIDApTb21lLVN0YXRlMSEwHwYD
VQQKDBhJbnRlcm5ldCBXaWRnaXRzIFB0eSBMdGQwWTATBgcqhkjOPQIBBggqhkjO
PQMBBwNCAAQEWvQ5kNNn0gohxZiHN8GZ2c2YUKQBqHDOBcDHaOesleIQlq72x5jF
w74Y1H7BLGlwvZuJ3N/4jF8UdT098W+ho1MwUTAdBgNVHQ4EFgQU5K267TWlHB0Y
HXW940sLw8SUXeEwHwYDVR0jBBgwFoAU5K267TWlHB0YHXW940sLw8SUXeEwDwYD
VR0TAQH/BAUwAwEB/zAKBggqhkjOPQQDAgNJADBGAiEA4GScbVO50YAPJtbP4fny
StHIpNxRcMsSij4Qe2KiM/sCIQDY7Um4nntc3KIF6WOb68OZOQRfQylRLfyllN5r
hm7Z4g==
-----END CERTIFICATE-----
subject=C = AU, ST = Some-State, O = Internet Widgits Pty Ltd

issuer=C = AU, ST = Some-State, O = Internet Widgits Pty Ltd

---
No client certificate CA names sent
Peer signing digest: SHA256
Peer signature type: ECDSA
Server Temp Key: X25519, 253 bits
---
SSL handshake has read 838 bytes and written 275 bytes
Verification error: self signed certificate
---
New, TLSv1.3, Cipher is TLS_CHACHA20_POLY1305_SHA256
Server public key is 256 bit
Secure Renegotiation IS NOT supported
No ALPN negotiated
Early data was not sent
Verify return code: 18 (self signed certificate)
---
---
Post-Handshake New Session Ticket arrived:
SSL-Session:
    Protocol  : TLSv1.3
    Cipher    : TLS_CHACHA20_POLY1305_SHA256
    Session-ID: 2E2EF9F21DD0C643ADED578550AB1F1654C746D998FCFA5CC352DF64D203960E
    Session-ID-ctx: 
    Resumption PSK: 83376DA7E10967F3012C83DD4685DC1B66F6884D4945EA7F285E9232D9D02AE1
    PSK identity: None
    PSK identity hint: None
    SRP username: None
    TLS session ticket lifetime hint: 7200 (seconds)
    TLS session ticket:
    0000 - 96 b4 52 8f bc bc 34 11-ff 12 75 5b 5f 64 32 dc   ..R...4...u[_d2.
    0010 - 3d 9e 47 31 8b 21 dd c6-dc da 3f 99 11 6a b1 4c   =.G1.!....?..j.L
    0020 - 48 ce 38 53 f7 21 9e 11-8d af 12 da 7a 5b e4 3b   H.8S.!......z[.;
    0030 - 89 0d bc 6e 8d a2 85 73-9e 9d bf fc 0b 6a f4 ab   ...n...s.....j..
    0040 - 57 dd 8b e4 35 78 bb 3f-a1 46 39 90 51 ca dd 3c   W...5x.?.F9.Q..<
    0050 - 47 db 6d 7f f1 15 57 5a-93 07 61 df ee 69 a8 30   G.m...WZ..a..i.0
    0060 - d1 93 ac 4d 67 e9 58 b3-8f e5 4f d1 65 16 76 cd   ...Mg.X...O.e.v.
    0070 - 12 94 ad a9 8b 31 4f e3-d7 26 4c fa 82 cc 9d f7   .....1O..&L.....
depth=0 C = AU, ST = Some-State, O = Internet Widgits Pty Ltd
verify error:num=18:self signed certificate
verify return:1
depth=0 C = AU, ST = Some-State, O = Internet Widgits Pty Ltd
verify return:1
    0080 - 17 d3 8a 62 55 cb 08 38-10 db d8 79 aa d9 4b 1d   ...bU..8...y..K.
    0090 - e4 b1 a9 2e 00 a5 a4 02-92 a7 56 d6 35 45 d2 a4   ..........V.5E..
    00a0 - ea 11 ed 9d 03 36 d2 39-f1 8a d1 82 05 c5 23 3c   .....6.9......#<
    00b0 - 2a 6f 07 bd dd ca 1e eb-0b d0 59 22 83 8c da 74   *o........Y"...t

    Start Time: 1579551305
    Timeout   : 7200 (sec)
    Verify return code: 18 (self signed certificate)
    Extended master secret: no
    Max Early Data: 0
---
read R BLOCK
---
Post-Handshake New Session Ticket arrived:
SSL-Session:
    Protocol  : TLSv1.3
    Cipher    : TLS_CHACHA20_POLY1305_SHA256
    Session-ID: A28116CBE4E589C066591E66D920466E0DB42FDF75CD48D2A6EFAC398F02C5FE
    Session-ID-ctx: 
    Resumption PSK: 47ED9AA5EE36B86D334BED45C87E571D52D0A9DBC045844DF4A8AE36A8B68E81
    PSK identity: None
    PSK identity hint: None
    SRP username: None
    TLS session ticket lifetime hint: 7200 (seconds)
    TLS session ticket:
    0000 - 96 b4 52 8f bc bc 34 11-ff 12 75 5b 5f 64 32 dc   ..R...4...u[_d2.
DONE
    0010 - 6d c2 a2 96 d6 d1 59 77-c6 02 d0 a5 b9 69 3c e1   m.....Yw.....i<.
    0020 - 18 c7 c2 0d 29 5f 7a d1-29 45 12 84 d5 e0 83 24   ....)_z.)E.....$
    0030 - a0 99 b6 ce 25 54 61 05-c2 17 16 a1 68 cc d7 90   ....%Ta.....h...
    0040 - 45 f3 a6 d4 2b 7f 8e 94-56 a2 78 5b d5 91 d0 fd   E...+...V.x[....
    0050 - ee 15 98 33 f7 33 28 b8-71 e4 4f 01 d5 84 6a c1   ...3.3(.q.O...j.
    0060 - 5d 30 6b 69 48 3a c9 9a-a9 0c dd 73 e0 99 f2 56   ]0kiH:.....s...V
    0070 - 1b 62 28 6c 33 7e 96 cc-8d 19 21 d9 6e 0c 87 4f   .b(l3~....!.n..O
    0080 - 88 28 bb 73 2d e4 f3 7e-40 72 e2 f8 2d 6b c4 85   .(.s-..~@r..-k..
    0090 - d8 c8 ab 9b 2d 05 73 c2-0d 67 08 62 d9 8d 64 d6   ....-.s..g.b..d.
    00a0 - 07 cd a2 6e 85 ab ad ec-40 71 96 72 cc b5 a2 cf   ...n....@q.r....

    Start Time: 1579551305
    Timeout   : 7200 (sec)
    Verify return code: 18 (self signed certificate)
    Extended master secret: no
    Max Early Data: 0
---
read R BLOCK
