CONNECTED(00000003)
---
no peer certificate available
---
No client certificate CA names sent
---
SSL handshake has read 0 bytes and written 0 bytes
---
New, (NONE), Cipher is (NONE)
Secure Renegotiation IS NOT supported
Compression: NONE
Expansion: NONE
No ALPN negotiated
SSL-Session:
    Protocol  : TLSv1
    Cipher    : 0000
    Session-ID: 
    Session-ID-ctx: 
    Master-Key: 
    Key-Arg   : None
    PSK identity: None
    PSK identity hint: None
    SRP username: None
    Start Time: 1579551012
    Timeout   : 7200 (sec)
    Verify return code: 0 (ok)
---
140256332495820:error:140830B5:SSL routines:ssl3_client_hello:no ciphers available:s3_clnt.c:837:
