depth=0 C = AU, ST = Some-State, O = Internet Widgits Pty Ltd
verify error:num=18:self signed certificate
verify return:1
depth=0 C = AU, ST = Some-State, O = Internet Widgits Pty Ltd
verify return:1
CONNECTED(00000003)
---
Certificate chain
 0 s:/C=AU/ST=Some-State/O=Internet Widgits Pty Ltd
   i:/C=AU/ST=Some-State/O=Internet Widgits Pty Ltd
---
Server certificate
-----BEGIN CERTIFICATE-----
MIIDazCCAlOgAwIBAgIUUWBj1DL0r1TRK/dHpKSOke8mNyowDQYJKoZIhvcNAQEL
BQAwRTELMAkGA1UEBhMCQVUxEzARBgNVBAgMClNvbWUtU3RhdGUxITAfBgNVBAoM
GEludGVybmV0IFdpZGdpdHMgUHR5IEx0ZDAeFw0xOTEwMjUxNjE5MzFaFw0yMDEw
MjQxNjE5MzFaMEUxCzAJBgNVBAYTAkFVMRMwEQYDVQQIDApTb21lLVN0YXRlMSEw
HwYDVQQKDBhJbnRlcm5ldCBXaWRnaXRzIFB0eSBMdGQwggEiMA0GCSqGSIb3DQEB
AQUAA4IBDwAwggEKAoIBAQDIC3Wj6US5oUyyjcSP616loFW94MExGLh0Flr02LfO
X2w0ZkDOGC1B/zHrJK4On+z8bwx/+L1hytq/aVytgUQWoGWZwQGuzU7ev+lKjcIW
ai2Zeqk3RysFPNticj/qWomS+g2o2RFJ/oEtg6BdAsy49VZjS0BTPpdoBBb7sMOp
S0GvGPY85uFG9QTD/4o4UOfvruSHeJHih3pRYvkqwpZ3Al9EJuCI5zDchBr21fa9
0JNFecJb1HymDk/eN3FxDHf/ubdB/TMx8oauC5WVoA/cLZjfZa6r+Ibv6wGnZe9F
GZocIDBGxyeLRbHTzN42/7L6mTn4br9VWzLEswj8glT3AgMBAAGjUzBRMB0GA1Ud
DgQWBBSDg9456bq2D7ileJyJm3Dw1QE7eDAfBgNVHSMEGDAWgBSDg9456bq2D7il
eJyJm3Dw1QE7eDAPBgNVHRMBAf8EBTADAQH/MA0GCSqGSIb3DQEBCwUAA4IBAQBp
htY9dAYDr3+yewxDbenTzcPuD4nS1x11NNfKHNY/Ju6fQa2/cNzgHu3oOaGlQRQ4
Ob3wgkk7sK6YuyKR5YllT9vOGqBw/Ha9x7cdRaP4gKEnxrMIdxEIWJifz72TF7xI
SId9FHVKy9awaunIGJelJ+v2J4ZHkUk2vHLjR57SQdv+ENuMeQZX34PwvcLvXhRj
joX7tBBYYoB/haFlW9WMHM7HyYryMAirxnF3ltXWley0vnLXlkFLRSp4xzr0ERZW
1vXmmTv+c+yXzTo03A4BcEBZg0gN4FjM3lKJjiC9M6hJ8oVIJ+40MoKTgNjaupb7
vXxBDJcqvz+HMrruHXw3
-----END CERTIFICATE-----
subject=/C=AU/ST=Some-State/O=Internet Widgits Pty Ltd
issuer=/C=AU/ST=Some-State/O=Internet Widgits Pty Ltd
---
No client certificate CA names sent
Server Temp Key: ECDH, P-256, 256 bits
---
SSL handshake has read 1539 bytes and written 237 bytes
---
New, TLSv1/SSLv3, Cipher is ECDHE-RSA-AES128-SHA
Server public key is 2048 bit
Secure Renegotiation IS supported
Compression: NONE
Expansion: NONE
No ALPN negotiated
SSL-Session:
    Protocol  : TLSv1
    Cipher    : ECDHE-RSA-AES128-SHA
    Session-ID: 13934555B045814F0405A7BE2DB09BDF5D9239F863F2957733479045007EC529
    Session-ID-ctx: 
    Master-Key: AE6BD0B1A2EC310A662FBD012A43A30425AB968912705017767CC722C9C07B650E143C7789479FA814F9110CEEB68481
    Key-Arg   : None
    PSK identity: None
    PSK identity hint: None
    SRP username: None
    TLS session ticket lifetime hint: 7200 (seconds)
    TLS session ticket:
    0000 - fb a6 6a 6c 25 9a 47 fb-89 87 e8 90 8c 93 9f fe   ..jl%.G.........
    0010 - 19 65 b8 0c 34 86 1d c2-ef 0c e0 b9 78 ab c3 cf   .e..4.......x...
    0020 - 4e 64 24 2e 86 25 e8 ef-fc 20 07 0f 86 0f 31 15   Nd$..%... ....1.
    0030 - d8 18 f5 60 5d 5b f7 5c-e0 4e 39 d8 4b 2a 67 07   ...`][.\.N9.K*g.
    0040 - 73 6e ac e9 9a 7e 1f 2f-19 09 91 d7 57 36 05 75   sn...~./....W6.u
    0050 - 15 0e 10 09 cc 3c 23 64-fe 6c 33 98 5e 45 0d d5   .....<#d.l3.^E..
    0060 - fd a6 42 54 07 e6 af af-eb 5a 04 86 a6 36 97 8d   ..BT.....Z...6..
    0070 - 4d 5e 1e 22 89 58 97 6c-fe 65 7d 1e 96 9d 07 0a   M^.".X.l.e}.....
    0080 - b8 7f 96 e4 88 5a 1f bc-3b dd 65 06 55 44 6a 9a   .....Z..;.e.UDj.
    0090 - 6e 5d ad a4 1f 3b cc dc-37 b9 32 41 ad f6 c8 37   n]...;..7.2A...7

    Start Time: 1578582206
    Timeout   : 7200 (sec)
    Verify return code: 18 (self signed certificate)
---
DONE
