CONNECTED(00000003)
depth=0 C = AU, ST = Some-State, O = Internet Widgits Pty Ltd
verify error:num=18:self signed certificate
verify return:1
depth=0 C = AU, ST = Some-State, O = Internet Widgits Pty Ltd
verify return:1
---
Certificate chain
 0 s:/C=AU/ST=Some-State/O=Internet Widgits Pty Ltd
   i:/C=AU/ST=Some-State/O=Internet Widgits Pty Ltd
---
Server certificate
-----BEGIN CERTIFICATE-----
MIIDazCCAlOgAwIBAgIUUWBj1DL0r1TRK/dHpKSOke8mNyowDQYJKoZIhvcNAQEL
BQAwRTELMAkGA1UEBhMCQVUxEzARBgNVBAgMClNvbWUtU3RhdGUxITAfBgNVBAoM
GEludGVybmV0IFdpZGdpdHMgUHR5IEx0ZDAeFw0xOTEwMjUxNjE5MzFaFw0yMDEw
MjQxNjE5MzFaMEUxCzAJBgNVBAYTAkFVMRMwEQYDVQQIDApTb21lLVN0YXRlMSEw
HwYDVQQKDBhJbnRlcm5ldCBXaWRnaXRzIFB0eSBMdGQwggEiMA0GCSqGSIb3DQEB
AQUAA4IBDwAwggEKAoIBAQDIC3Wj6US5oUyyjcSP616loFW94MExGLh0Flr02LfO
X2w0ZkDOGC1B/zHrJK4On+z8bwx/+L1hytq/aVytgUQWoGWZwQGuzU7ev+lKjcIW
ai2Zeqk3RysFPNticj/qWomS+g2o2RFJ/oEtg6BdAsy49VZjS0BTPpdoBBb7sMOp
S0GvGPY85uFG9QTD/4o4UOfvruSHeJHih3pRYvkqwpZ3Al9EJuCI5zDchBr21fa9
0JNFecJb1HymDk/eN3FxDHf/ubdB/TMx8oauC5WVoA/cLZjfZa6r+Ibv6wGnZe9F
GZocIDBGxyeLRbHTzN42/7L6mTn4br9VWzLEswj8glT3AgMBAAGjUzBRMB0GA1Ud
DgQWBBSDg9456bq2D7ileJyJm3Dw1QE7eDAfBgNVHSMEGDAWgBSDg9456bq2D7il
eJyJm3Dw1QE7eDAPBgNVHRMBAf8EBTADAQH/MA0GCSqGSIb3DQEBCwUAA4IBAQBp
htY9dAYDr3+yewxDbenTzcPuD4nS1x11NNfKHNY/Ju6fQa2/cNzgHu3oOaGlQRQ4
Ob3wgkk7sK6YuyKR5YllT9vOGqBw/Ha9x7cdRaP4gKEnxrMIdxEIWJifz72TF7xI
SId9FHVKy9awaunIGJelJ+v2J4ZHkUk2vHLjR57SQdv+ENuMeQZX34PwvcLvXhRj
joX7tBBYYoB/haFlW9WMHM7HyYryMAirxnF3ltXWley0vnLXlkFLRSp4xzr0ERZW
1vXmmTv+c+yXzTo03A4BcEBZg0gN4FjM3lKJjiC9M6hJ8oVIJ+40MoKTgNjaupb7
vXxBDJcqvz+HMrruHXw3
-----END CERTIFICATE-----
subject=/C=AU/ST=Some-State/O=Internet Widgits Pty Ltd
issuer=/C=AU/ST=Some-State/O=Internet Widgits Pty Ltd
---
No client certificate CA names sent
---
SSL handshake has read 1195 bytes and written 389 bytes
---
New, TLSv1/SSLv3, Cipher is AES256-SHA
Server public key is 2048 bit
Secure Renegotiation IS supported
Compression: NONE
Expansion: NONE
No ALPN negotiated
SSL-Session:
    Protocol  : TLSv1
    Cipher    : AES256-SHA
    Session-ID: 83A2BA0352774731AFB641805151E46054D87BFDD18E6BBF6FD8D2785A54840C
    Session-ID-ctx: 
    Master-Key: 5C596778383C06B75B7B71EB70D8A4F6EF075805812D2E881573D8BBA4534FA5C44BAD3D2187565D528BFC46BF599300
    Key-Arg   : None
    PSK identity: None
    PSK identity hint: None
    SRP username: None
    TLS session ticket lifetime hint: 7200 (seconds)
    TLS session ticket:
    0000 - ee 46 3f ab 5e fa 9c 32-23 49 60 fd 5d a5 39 a2   .F?.^..2#I`.].9.
    0010 - c8 c5 35 7b 96 17 d8 de-46 ac b9 2c 2b a1 9d 3b   ..5{....F..,+..;
    0020 - cc 66 53 2f a3 26 79 da-7d 61 74 e7 98 13 d4 27   .fS/.&y.}at....'
    0030 - 43 58 6e 73 3d e7 79 bb-d3 d1 51 41 df 4b 34 85   CXns=.y...QA.K4.
    0040 - f4 e2 d9 22 26 ac d6 63-05 b0 f1 81 76 e3 9c 85   ..."&..c....v...
    0050 - 0d 44 b9 76 2f f0 10 81-c5 e6 e2 cf 92 6e 85 eb   .D.v/........n..
    0060 - 2b 83 0f 67 09 ff 78 43-88 96 66 14 42 51 75 2a   +..g..xC..f.BQu*
    0070 - b7 af 84 db d8 42 b9 56-d3 6d d2 f6 8c 00 f9 16   .....B.V.m......
    0080 - 1d b6 73 80 5f fa 44 e4-7c aa db da cb 52 de 63   ..s._.D.|....R.c
    0090 - 26 27 f4 16 65 1b f4 8d-0e 41 e5 3e 7a 98 2a 98   &'..e....A.>z.*.

    Start Time: 1578582326
    Timeout   : 7200 (sec)
    Verify return code: 18 (self signed certificate)
---
DONE
