CONNECTED(00000003)
depth=0 C = AU, ST = Some-State, O = Internet Widgits Pty Ltd
verify error:num=18:self signed certificate
verify return:1
depth=0 C = AU, ST = Some-State, O = Internet Widgits Pty Ltd
verify return:1
---
Certificate chain
 0 s:/C=AU/ST=Some-State/O=Internet Widgits Pty Ltd
   i:/C=AU/ST=Some-State/O=Internet Widgits Pty Ltd
---
Server certificate
-----BEGIN CERTIFICATE-----
MIIDazCCAlOgAwIBAgIUUWBj1DL0r1TRK/dHpKSOke8mNyowDQYJKoZIhvcNAQEL
BQAwRTELMAkGA1UEBhMCQVUxEzARBgNVBAgMClNvbWUtU3RhdGUxITAfBgNVBAoM
GEludGVybmV0IFdpZGdpdHMgUHR5IEx0ZDAeFw0xOTEwMjUxNjE5MzFaFw0yMDEw
MjQxNjE5MzFaMEUxCzAJBgNVBAYTAkFVMRMwEQYDVQQIDApTb21lLVN0YXRlMSEw
HwYDVQQKDBhJbnRlcm5ldCBXaWRnaXRzIFB0eSBMdGQwggEiMA0GCSqGSIb3DQEB
AQUAA4IBDwAwggEKAoIBAQDIC3Wj6US5oUyyjcSP616loFW94MExGLh0Flr02LfO
X2w0ZkDOGC1B/zHrJK4On+z8bwx/+L1hytq/aVytgUQWoGWZwQGuzU7ev+lKjcIW
ai2Zeqk3RysFPNticj/qWomS+g2o2RFJ/oEtg6BdAsy49VZjS0BTPpdoBBb7sMOp
S0GvGPY85uFG9QTD/4o4UOfvruSHeJHih3pRYvkqwpZ3Al9EJuCI5zDchBr21fa9
0JNFecJb1HymDk/eN3FxDHf/ubdB/TMx8oauC5WVoA/cLZjfZa6r+Ibv6wGnZe9F
GZocIDBGxyeLRbHTzN42/7L6mTn4br9VWzLEswj8glT3AgMBAAGjUzBRMB0GA1Ud
DgQWBBSDg9456bq2D7ileJyJm3Dw1QE7eDAfBgNVHSMEGDAWgBSDg9456bq2D7il
eJyJm3Dw1QE7eDAPBgNVHRMBAf8EBTADAQH/MA0GCSqGSIb3DQEBCwUAA4IBAQBp
htY9dAYDr3+yewxDbenTzcPuD4nS1x11NNfKHNY/Ju6fQa2/cNzgHu3oOaGlQRQ4
Ob3wgkk7sK6YuyKR5YllT9vOGqBw/Ha9x7cdRaP4gKEnxrMIdxEIWJifz72TF7xI
SId9FHVKy9awaunIGJelJ+v2J4ZHkUk2vHLjR57SQdv+ENuMeQZX34PwvcLvXhRj
joX7tBBYYoB/haFlW9WMHM7HyYryMAirxnF3ltXWley0vnLXlkFLRSp4xzr0ERZW
1vXmmTv+c+yXzTo03A4BcEBZg0gN4FjM3lKJjiC9M6hJ8oVIJ+40MoKTgNjaupb7
vXxBDJcqvz+HMrruHXw3
-----END CERTIFICATE-----
subject=/C=AU/ST=Some-State/O=Internet Widgits Pty Ltd
issuer=/C=AU/ST=Some-State/O=Internet Widgits Pty Ltd
---
No client certificate CA names sent
Server Temp Key: DH, 2048 bits
---
SSL handshake has read 2236 bytes and written 389 bytes
---
New, TLSv1/SSLv3, Cipher is DHE-RSA-AES128-SHA
Server public key is 2048 bit
Secure Renegotiation IS supported
Compression: NONE
Expansion: NONE
No ALPN negotiated
SSL-Session:
    Protocol  : TLSv1
    Cipher    : DHE-RSA-AES128-SHA
    Session-ID: B7AA63B168B3D817E8E837A64072F373912F799150A4D8C247AE901E292ED72E
    Session-ID-ctx: 
    Master-Key: 0E3B5A6DFA38848036595CFA5A6777B7C6C95A2204031ECE3620FC8F68E17BC70433698D2435FE9B1BB0658258FC7040
    Key-Arg   : None
    PSK identity: None
    PSK identity hint: None
    SRP username: None
    TLS session ticket lifetime hint: 7200 (seconds)
    TLS session ticket:
    0000 - cc 2c 36 01 5f bb 52 6d-50 0a 1f 2a 61 19 07 cb   .,6._.RmP..*a...
    0010 - 37 5d 39 39 e1 2c f0 93-20 7a 08 76 76 0c 87 26   7]99.,.. z.vv..&
    0020 - 7d de 5a 2f 09 d8 33 14-67 58 13 64 b0 7e 97 f4   }.Z/..3.gX.d.~..
    0030 - dc aa 82 d6 e6 bf 20 e1-e2 50 7c 5e 12 34 e0 11   ...... ..P|^.4..
    0040 - a1 8b d9 77 4c d9 d7 1a-d6 33 98 8c bd 4a 7b a3   ...wL....3...J{.
    0050 - 73 25 14 85 ce 1d e2 2f-b7 31 b3 ed ca 05 53 16   s%...../.1....S.
    0060 - db 82 28 e3 08 24 03 02-6c f8 92 f0 ed 72 2f 9b   ..(..$..l....r/.
    0070 - 63 67 44 d9 50 de d5 de-90 9d 53 8c 9b 6a d5 43   cgD.P.....S..j.C
    0080 - a4 7c 70 d2 e7 3e c9 d9-18 28 c2 ca 4f 1b 7d 6b   .|p..>...(..O.}k
    0090 - 48 41 71 dc 5a 9f a8 c5-12 5a 56 bf 2a 0c ca 21   HAq.Z....ZV.*..!

    Start Time: 1578577712
    Timeout   : 7200 (sec)
    Verify return code: 18 (self signed certificate)
---
DONE
