depth=0 C = AU, ST = Some-State, O = Internet Widgits Pty Ltd
verify error:num=18:self signed certificate
verify return:1
depth=0 C = AU, ST = Some-State, O = Internet Widgits Pty Ltd
verify return:1
CONNECTED(00000003)
---
Certificate chain
 0 s:/C=AU/ST=Some-State/O=Internet Widgits Pty Ltd
   i:/C=AU/ST=Some-State/O=Internet Widgits Pty Ltd
---
Server certificate
-----BEGIN CERTIFICATE-----
MIIDazCCAlOgAwIBAgIUUWBj1DL0r1TRK/dHpKSOke8mNyowDQYJKoZIhvcNAQEL
BQAwRTELMAkGA1UEBhMCQVUxEzARBgNVBAgMClNvbWUtU3RhdGUxITAfBgNVBAoM
GEludGVybmV0IFdpZGdpdHMgUHR5IEx0ZDAeFw0xOTEwMjUxNjE5MzFaFw0yMDEw
MjQxNjE5MzFaMEUxCzAJBgNVBAYTAkFVMRMwEQYDVQQIDApTb21lLVN0YXRlMSEw
HwYDVQQKDBhJbnRlcm5ldCBXaWRnaXRzIFB0eSBMdGQwggEiMA0GCSqGSIb3DQEB
AQUAA4IBDwAwggEKAoIBAQDIC3Wj6US5oUyyjcSP616loFW94MExGLh0Flr02LfO
X2w0ZkDOGC1B/zHrJK4On+z8bwx/+L1hytq/aVytgUQWoGWZwQGuzU7ev+lKjcIW
ai2Zeqk3RysFPNticj/qWomS+g2o2RFJ/oEtg6BdAsy49VZjS0BTPpdoBBb7sMOp
S0GvGPY85uFG9QTD/4o4UOfvruSHeJHih3pRYvkqwpZ3Al9EJuCI5zDchBr21fa9
0JNFecJb1HymDk/eN3FxDHf/ubdB/TMx8oauC5WVoA/cLZjfZa6r+Ibv6wGnZe9F
GZocIDBGxyeLRbHTzN42/7L6mTn4br9VWzLEswj8glT3AgMBAAGjUzBRMB0GA1Ud
DgQWBBSDg9456bq2D7ileJyJm3Dw1QE7eDAfBgNVHSMEGDAWgBSDg9456bq2D7il
eJyJm3Dw1QE7eDAPBgNVHRMBAf8EBTADAQH/MA0GCSqGSIb3DQEBCwUAA4IBAQBp
htY9dAYDr3+yewxDbenTzcPuD4nS1x11NNfKHNY/Ju6fQa2/cNzgHu3oOaGlQRQ4
Ob3wgkk7sK6YuyKR5YllT9vOGqBw/Ha9x7cdRaP4gKEnxrMIdxEIWJifz72TF7xI
SId9FHVKy9awaunIGJelJ+v2J4ZHkUk2vHLjR57SQdv+ENuMeQZX34PwvcLvXhRj
joX7tBBYYoB/haFlW9WMHM7HyYryMAirxnF3ltXWley0vnLXlkFLRSp4xzr0ERZW
1vXmmTv+c+yXzTo03A4BcEBZg0gN4FjM3lKJjiC9M6hJ8oVIJ+40MoKTgNjaupb7
vXxBDJcqvz+HMrruHXw3
-----END CERTIFICATE-----
subject=/C=AU/ST=Some-State/O=Internet Widgits Pty Ltd
issuer=/C=AU/ST=Some-State/O=Internet Widgits Pty Ltd
---
No client certificate CA names sent
---
SSL handshake has read 1200 bytes and written 389 bytes
---
New, TLSv1/SSLv3, Cipher is AES256-SHA
Server public key is 2048 bit
Secure Renegotiation IS supported
Compression: NONE
Expansion: NONE
No ALPN negotiated
SSL-Session:
    Protocol  : TLSv1
    Cipher    : AES256-SHA
    Session-ID: 97B47DD2609EB5C2AF75940EFD40E60BCB07B691563636E10B85513B6631B9F4
    Session-ID-ctx: 
    Master-Key: 002665B3A4CFB9A763405496605FAC42489DA7FEB3195DC94AF2CBDAB5FF32ECBED1DB83808EA7C2EC79143594E40F77
    Key-Arg   : None
    PSK identity: None
    PSK identity hint: None
    SRP username: None
    TLS session ticket lifetime hint: 300 (seconds)
    TLS session ticket:
    0000 - 78 cf 2b 20 35 f6 a9 ad-72 b3 52 59 53 4e 8a f9   x.+ 5...r.RYSN..
    0010 - 1a 31 80 1f 7e a6 62 bc-98 73 46 4a 2f 78 26 d2   .1..~.b..sFJ/x&.
    0020 - 36 54 60 4a 3b de 61 1d-ba 43 17 fa cf db d2 d4   6T`J;.a..C......
    0030 - 7e 1d d3 db 50 da d6 3a-a2 3a 28 e9 86 e8 cb e0   ~...P..:.:(.....
    0040 - d0 6a b0 b3 ac c2 61 fd-58 3a c2 46 92 b9 11 df   .j....a.X:.F....
    0050 - 03 72 34 d3 ca 22 08 cc-bb 53 aa 2e 30 b6 b0 0f   .r4.."...S..0...
    0060 - ba c6 87 d7 2d e3 92 31-50 06 10 4e 22 12 36 86   ....-..1P..N".6.
    0070 - 67 cb 7d 83 a6 06 0d 24-9a 65 e9 19 17 ee ea 99   g.}....$.e......
    0080 - 3a 66 d9 46 a5 e6 d5 db-12 bd 8f 1e 40 35 29 cc   :f.F........@5).
    0090 - 0b 6b f0 7a 12 79 79 25-8d ec 3f 9a 95 ed d4 16   .k.z.yy%..?.....

    Start Time: 1578517564
    Timeout   : 7200 (sec)
    Verify return code: 18 (self signed certificate)
---
DONE
