CONNECTED(00000003)
depth=0 C = AU, ST = Some-State, O = Internet Widgits Pty Ltd
verify error:num=18:self signed certificate
verify return:1
depth=0 C = AU, ST = Some-State, O = Internet Widgits Pty Ltd
verify return:1
---
Certificate chain
 0 s:/C=AU/ST=Some-State/O=Internet Widgits Pty Ltd
   i:/C=AU/ST=Some-State/O=Internet Widgits Pty Ltd
---
Server certificate
-----BEGIN CERTIFICATE-----
MIIDazCCAlOgAwIBAgIUUWBj1DL0r1TRK/dHpKSOke8mNyowDQYJKoZIhvcNAQEL
BQAwRTELMAkGA1UEBhMCQVUxEzARBgNVBAgMClNvbWUtU3RhdGUxITAfBgNVBAoM
GEludGVybmV0IFdpZGdpdHMgUHR5IEx0ZDAeFw0xOTEwMjUxNjE5MzFaFw0yMDEw
MjQxNjE5MzFaMEUxCzAJBgNVBAYTAkFVMRMwEQYDVQQIDApTb21lLVN0YXRlMSEw
HwYDVQQKDBhJbnRlcm5ldCBXaWRnaXRzIFB0eSBMdGQwggEiMA0GCSqGSIb3DQEB
AQUAA4IBDwAwggEKAoIBAQDIC3Wj6US5oUyyjcSP616loFW94MExGLh0Flr02LfO
X2w0ZkDOGC1B/zHrJK4On+z8bwx/+L1hytq/aVytgUQWoGWZwQGuzU7ev+lKjcIW
ai2Zeqk3RysFPNticj/qWomS+g2o2RFJ/oEtg6BdAsy49VZjS0BTPpdoBBb7sMOp
S0GvGPY85uFG9QTD/4o4UOfvruSHeJHih3pRYvkqwpZ3Al9EJuCI5zDchBr21fa9
0JNFecJb1HymDk/eN3FxDHf/ubdB/TMx8oauC5WVoA/cLZjfZa6r+Ibv6wGnZe9F
GZocIDBGxyeLRbHTzN42/7L6mTn4br9VWzLEswj8glT3AgMBAAGjUzBRMB0GA1Ud
DgQWBBSDg9456bq2D7ileJyJm3Dw1QE7eDAfBgNVHSMEGDAWgBSDg9456bq2D7il
eJyJm3Dw1QE7eDAPBgNVHRMBAf8EBTADAQH/MA0GCSqGSIb3DQEBCwUAA4IBAQBp
htY9dAYDr3+yewxDbenTzcPuD4nS1x11NNfKHNY/Ju6fQa2/cNzgHu3oOaGlQRQ4
Ob3wgkk7sK6YuyKR5YllT9vOGqBw/Ha9x7cdRaP4gKEnxrMIdxEIWJifz72TF7xI
SId9FHVKy9awaunIGJelJ+v2J4ZHkUk2vHLjR57SQdv+ENuMeQZX34PwvcLvXhRj
joX7tBBYYoB/haFlW9WMHM7HyYryMAirxnF3ltXWley0vnLXlkFLRSp4xzr0ERZW
1vXmmTv+c+yXzTo03A4BcEBZg0gN4FjM3lKJjiC9M6hJ8oVIJ+40MoKTgNjaupb7
vXxBDJcqvz+HMrruHXw3
-----END CERTIFICATE-----
subject=/C=AU/ST=Some-State/O=Internet Widgits Pty Ltd
issuer=/C=AU/ST=Some-State/O=Internet Widgits Pty Ltd
---
No client certificate CA names sent
Server Temp Key: DH, 2048 bits
---
SSL handshake has read 1986 bytes and written 389 bytes
---
New, TLSv1/SSLv3, Cipher is DHE-RSA-SEED-SHA
Server public key is 2048 bit
Secure Renegotiation IS supported
Compression: NONE
Expansion: NONE
No ALPN negotiated
SSL-Session:
    Protocol  : TLSv1
    Cipher    : DHE-RSA-SEED-SHA
    Session-ID: F53045FA6216A76255E2E940AFE8042BBF237C35E166C0320976AB6608B08C2B
    Session-ID-ctx: 
    Master-Key: 2A2D8F71F8766C65ED5DB41208D4F96F9BB6EEE0B233D5305F82616E8B2D5780CCA92D6C351911923A734D3E44C50CF1
    Key-Arg   : None
    PSK identity: None
    PSK identity hint: None
    SRP username: None
    TLS session ticket lifetime hint: 300 (seconds)
    TLS session ticket:
    0000 - 78 cf 2b 20 35 f6 a9 ad-72 b3 52 59 53 4e 8a f9   x.+ 5...r.RYSN..
    0010 - 64 32 bf 9d 99 09 b9 b9-fa e9 2b fc b7 01 84 18   d2........+.....
    0020 - c1 ec 1b 5f ee 2a a2 41-f5 9f 2e b4 d5 6f 20 82   ..._.*.A.....o .
    0030 - e8 ec a4 37 c3 e9 0a ac-87 cd 33 b2 f4 10 89 7f   ...7......3.....
    0040 - 41 72 59 c1 0f 55 9a 49-3d a2 25 a8 ce c7 0d b1   ArY..U.I=.%.....
    0050 - 4a 18 b8 20 f0 64 f7 46-d2 83 49 96 93 15 47 99   J.. .d.F..I...G.
    0060 - 32 d9 02 40 65 37 ce d1-2f 47 57 8f 5d 6e 5a 06   2..@e7../GW.]nZ.
    0070 - 4d 85 08 8c 7a 48 30 2a-0c b6 51 ab c4 80 18 3a   M...zH0*..Q....:
    0080 - 5f 1b fe 52 b9 00 9f f8-3f a3 f2 18 31 4f ec a6   _..R....?...1O..
    0090 - 4a 77 77 62 e2 e8 70 64-18 2c d0 b8 c9 47 f3 95   Jwwb..pd.,...G..

    Start Time: 1578517594
    Timeout   : 7200 (sec)
    Verify return code: 18 (self signed certificate)
---
DONE
