CONNECTED(00000003)
depth=0 C = AU, ST = Some-State, O = Internet Widgits Pty Ltd
verify error:num=18:self signed certificate
verify return:1
depth=0 C = AU, ST = Some-State, O = Internet Widgits Pty Ltd
verify return:1
---
Certificate chain
 0 s:/C=AU/ST=Some-State/O=Internet Widgits Pty Ltd
   i:/C=AU/ST=Some-State/O=Internet Widgits Pty Ltd
---
Server certificate
-----BEGIN CERTIFICATE-----
MIIDazCCAlOgAwIBAgIUUWBj1DL0r1TRK/dHpKSOke8mNyowDQYJKoZIhvcNAQEL
BQAwRTELMAkGA1UEBhMCQVUxEzARBgNVBAgMClNvbWUtU3RhdGUxITAfBgNVBAoM
GEludGVybmV0IFdpZGdpdHMgUHR5IEx0ZDAeFw0xOTEwMjUxNjE5MzFaFw0yMDEw
MjQxNjE5MzFaMEUxCzAJBgNVBAYTAkFVMRMwEQYDVQQIDApTb21lLVN0YXRlMSEw
HwYDVQQKDBhJbnRlcm5ldCBXaWRnaXRzIFB0eSBMdGQwggEiMA0GCSqGSIb3DQEB
AQUAA4IBDwAwggEKAoIBAQDIC3Wj6US5oUyyjcSP616loFW94MExGLh0Flr02LfO
X2w0ZkDOGC1B/zHrJK4On+z8bwx/+L1hytq/aVytgUQWoGWZwQGuzU7ev+lKjcIW
ai2Zeqk3RysFPNticj/qWomS+g2o2RFJ/oEtg6BdAsy49VZjS0BTPpdoBBb7sMOp
S0GvGPY85uFG9QTD/4o4UOfvruSHeJHih3pRYvkqwpZ3Al9EJuCI5zDchBr21fa9
0JNFecJb1HymDk/eN3FxDHf/ubdB/TMx8oauC5WVoA/cLZjfZa6r+Ibv6wGnZe9F
GZocIDBGxyeLRbHTzN42/7L6mTn4br9VWzLEswj8glT3AgMBAAGjUzBRMB0GA1Ud
DgQWBBSDg9456bq2D7ileJyJm3Dw1QE7eDAfBgNVHSMEGDAWgBSDg9456bq2D7il
eJyJm3Dw1QE7eDAPBgNVHRMBAf8EBTADAQH/MA0GCSqGSIb3DQEBCwUAA4IBAQBp
htY9dAYDr3+yewxDbenTzcPuD4nS1x11NNfKHNY/Ju6fQa2/cNzgHu3oOaGlQRQ4
Ob3wgkk7sK6YuyKR5YllT9vOGqBw/Ha9x7cdRaP4gKEnxrMIdxEIWJifz72TF7xI
SId9FHVKy9awaunIGJelJ+v2J4ZHkUk2vHLjR57SQdv+ENuMeQZX34PwvcLvXhRj
joX7tBBYYoB/haFlW9WMHM7HyYryMAirxnF3ltXWley0vnLXlkFLRSp4xzr0ERZW
1vXmmTv+c+yXzTo03A4BcEBZg0gN4FjM3lKJjiC9M6hJ8oVIJ+40MoKTgNjaupb7
vXxBDJcqvz+HMrruHXw3
-----END CERTIFICATE-----
subject=/C=AU/ST=Some-State/O=Internet Widgits Pty Ltd
issuer=/C=AU/ST=Some-State/O=Internet Widgits Pty Ltd
---
No client certificate CA names sent
Server Temp Key: ECDH, P-256, 256 bits
---
SSL handshake has read 1532 bytes and written 225 bytes
---
New, TLSv1/SSLv3, Cipher is ECDHE-RSA-RC4-SHA
Server public key is 2048 bit
Secure Renegotiation IS supported
Compression: NONE
Expansion: NONE
No ALPN negotiated
SSL-Session:
    Protocol  : TLSv1
    Cipher    : ECDHE-RSA-RC4-SHA
    Session-ID: 597C703AA2F8E286F86EADB46DB08BC38B0AAD16787C253EB099409BFB08D2B7
    Session-ID-ctx: 
    Master-Key: B9DD79A39F34A968444C8CF2D0E880EEFCE0BF67B70DF946DF977BA56531F59DE25B12F5FAD45EDB990A86C8C00F2EAD
    Key-Arg   : None
    PSK identity: None
    PSK identity hint: None
    SRP username: None
    TLS session ticket lifetime hint: 300 (seconds)
    TLS session ticket:
    0000 - bf 9d 21 0c 7d b9 97 a6-3d 27 2b 78 d7 20 ff 13   ..!.}...='+x. ..
    0010 - fc ea da 99 90 cf 0a cf-bb 51 a0 38 4a 6b 86 60   .........Q.8Jk.`
    0020 - 0e 29 39 35 43 28 5d 44-3b 66 e9 ec 4b 6a 45 c3   .)95C(]D;f..KjE.
    0030 - c2 70 79 4f a1 11 a0 cf-29 bd 83 60 81 38 14 4c   .pyO....)..`.8.L
    0040 - 3f 83 32 2b ab e0 ce a0-96 80 ff 3e e4 ac a3 95   ?.2+.......>....
    0050 - ac 67 3d 8a ba c4 07 90-c3 82 31 77 a1 7a 13 5d   .g=.......1w.z.]
    0060 - 51 96 47 54 f0 da b5 23-28 b7 28 96 88 65 f9 45   Q.GT...#(.(..e.E
    0070 - c4 b6 e1 8e b4 f3 e4 dd-8f 54 68 9e c8 e9 ec 74   .........Th....t
    0080 - b3 55 35 da 63 c7 4e 00-b6 9d 80 9c a6 04 4d 96   .U5.c.N.......M.
    0090 - 56 90 f8 96 03 00 0d 70-7e ef 66 ca 6e 39 4a 96   V......p~.f.n9J.

    Start Time: 1578582383
    Timeout   : 7200 (sec)
    Verify return code: 18 (self signed certificate)
---
DONE
