CONNECTED(00000003)
depth=0 C = AU, ST = Some-State, O = Internet Widgits Pty Ltd
verify error:num=18:self signed certificate
verify return:1
depth=0 C = AU, ST = Some-State, O = Internet Widgits Pty Ltd
verify return:1
---
Certificate chain
 0 s:/C=AU/ST=Some-State/O=Internet Widgits Pty Ltd
   i:/C=AU/ST=Some-State/O=Internet Widgits Pty Ltd
---
Server certificate
-----BEGIN CERTIFICATE-----
MIIDazCCAlOgAwIBAgIUUWBj1DL0r1TRK/dHpKSOke8mNyowDQYJKoZIhvcNAQEL
BQAwRTELMAkGA1UEBhMCQVUxEzARBgNVBAgMClNvbWUtU3RhdGUxITAfBgNVBAoM
GEludGVybmV0IFdpZGdpdHMgUHR5IEx0ZDAeFw0xOTEwMjUxNjE5MzFaFw0yMDEw
MjQxNjE5MzFaMEUxCzAJBgNVBAYTAkFVMRMwEQYDVQQIDApTb21lLVN0YXRlMSEw
HwYDVQQKDBhJbnRlcm5ldCBXaWRnaXRzIFB0eSBMdGQwggEiMA0GCSqGSIb3DQEB
AQUAA4IBDwAwggEKAoIBAQDIC3Wj6US5oUyyjcSP616loFW94MExGLh0Flr02LfO
X2w0ZkDOGC1B/zHrJK4On+z8bwx/+L1hytq/aVytgUQWoGWZwQGuzU7ev+lKjcIW
ai2Zeqk3RysFPNticj/qWomS+g2o2RFJ/oEtg6BdAsy49VZjS0BTPpdoBBb7sMOp
S0GvGPY85uFG9QTD/4o4UOfvruSHeJHih3pRYvkqwpZ3Al9EJuCI5zDchBr21fa9
0JNFecJb1HymDk/eN3FxDHf/ubdB/TMx8oauC5WVoA/cLZjfZa6r+Ibv6wGnZe9F
GZocIDBGxyeLRbHTzN42/7L6mTn4br9VWzLEswj8glT3AgMBAAGjUzBRMB0GA1Ud
DgQWBBSDg9456bq2D7ileJyJm3Dw1QE7eDAfBgNVHSMEGDAWgBSDg9456bq2D7il
eJyJm3Dw1QE7eDAPBgNVHRMBAf8EBTADAQH/MA0GCSqGSIb3DQEBCwUAA4IBAQBp
htY9dAYDr3+yewxDbenTzcPuD4nS1x11NNfKHNY/Ju6fQa2/cNzgHu3oOaGlQRQ4
Ob3wgkk7sK6YuyKR5YllT9vOGqBw/Ha9x7cdRaP4gKEnxrMIdxEIWJifz72TF7xI
SId9FHVKy9awaunIGJelJ+v2J4ZHkUk2vHLjR57SQdv+ENuMeQZX34PwvcLvXhRj
joX7tBBYYoB/haFlW9WMHM7HyYryMAirxnF3ltXWley0vnLXlkFLRSp4xzr0ERZW
1vXmmTv+c+yXzTo03A4BcEBZg0gN4FjM3lKJjiC9M6hJ8oVIJ+40MoKTgNjaupb7
vXxBDJcqvz+HMrruHXw3
-----END CERTIFICATE-----
subject=/C=AU/ST=Some-State/O=Internet Widgits Pty Ltd
issuer=/C=AU/ST=Some-State/O=Internet Widgits Pty Ltd
---
No client certificate CA names sent
---
SSL handshake has read 1192 bytes and written 381 bytes
---
New, TLSv1/SSLv3, Cipher is IDEA-CBC-SHA
Server public key is 2048 bit
Secure Renegotiation IS supported
Compression: NONE
Expansion: NONE
No ALPN negotiated
SSL-Session:
    Protocol  : TLSv1
    Cipher    : IDEA-CBC-SHA
    Session-ID: C7033E32746D47FD9F57C559B15CDC8DC7406DD2295BD6BD0487BF8D6B1A32B0
    Session-ID-ctx: 
    Master-Key: BFAB7AA47F4BE6AA876948402B9ABD97C1D611B8C54A31F200151D95F80B573AA34B3F767C69AF02C331568D4CCC126E
    Key-Arg   : None
    PSK identity: None
    PSK identity hint: None
    SRP username: None
    TLS session ticket lifetime hint: 300 (seconds)
    TLS session ticket:
    0000 - f9 42 2b 85 1f 36 a7 ab-27 fd 17 fa 8b 59 e3 5f   .B+..6..'....Y._
    0010 - 3f 4f 79 2b 31 67 bf 73-a7 89 bf 81 af e4 5a 4c   ?Oy+1g.s......ZL
    0020 - 00 c5 13 a7 3b f0 23 b6-60 59 7a d0 ea ad 93 b4   ....;.#.`Yz.....
    0030 - 93 35 db cc b0 35 bc 3c-16 c7 a6 d3 26 aa 97 ea   .5...5.<....&...
    0040 - cc cf 1d 90 a6 85 44 5f-ef 53 7c ee 68 5d 62 86   ......D_.S|.h]b.
    0050 - aa a9 fd 52 ae ba bc d9-e5 99 b3 1b 73 a7 bd 0d   ...R........s...
    0060 - 4e b1 5b fb 59 eb 74 db-69 5a 01 1e 99 15 c9 f2   N.[.Y.t.iZ......
    0070 - 26 59 46 4d 25 1b 18 f0-ec 73 72 94 6b f1 6c a5   &YFM%....sr.k.l.
    0080 - 91 22 fc da f8 ed f7 52-8d d9 3c fc bb 6d d9 a8   .".....R..<..m..
    0090 - 3f 4c 8d e0 c8 ff e9 65-42 35 6c c1 b1 a2 c0 fd   ?L.....eB5l.....

    Start Time: 1578577741
    Timeout   : 7200 (sec)
    Verify return code: 18 (self signed certificate)
---
DONE
