CONNECTED(00000003)
depth=0 C = AU, ST = Some-State, O = Internet Widgits Pty Ltd
verify error:num=18:self signed certificate
verify return:1
depth=0 C = AU, ST = Some-State, O = Internet Widgits Pty Ltd
verify return:1
---
Certificate chain
 0 s:/C=AU/ST=Some-State/O=Internet Widgits Pty Ltd
   i:/C=AU/ST=Some-State/O=Internet Widgits Pty Ltd
---
Server certificate
-----BEGIN CERTIFICATE-----
MIIDazCCAlOgAwIBAgIUUWBj1DL0r1TRK/dHpKSOke8mNyowDQYJKoZIhvcNAQEL
BQAwRTELMAkGA1UEBhMCQVUxEzARBgNVBAgMClNvbWUtU3RhdGUxITAfBgNVBAoM
GEludGVybmV0IFdpZGdpdHMgUHR5IEx0ZDAeFw0xOTEwMjUxNjE5MzFaFw0yMDEw
MjQxNjE5MzFaMEUxCzAJBgNVBAYTAkFVMRMwEQYDVQQIDApTb21lLVN0YXRlMSEw
HwYDVQQKDBhJbnRlcm5ldCBXaWRnaXRzIFB0eSBMdGQwggEiMA0GCSqGSIb3DQEB
AQUAA4IBDwAwggEKAoIBAQDIC3Wj6US5oUyyjcSP616loFW94MExGLh0Flr02LfO
X2w0ZkDOGC1B/zHrJK4On+z8bwx/+L1hytq/aVytgUQWoGWZwQGuzU7ev+lKjcIW
ai2Zeqk3RysFPNticj/qWomS+g2o2RFJ/oEtg6BdAsy49VZjS0BTPpdoBBb7sMOp
S0GvGPY85uFG9QTD/4o4UOfvruSHeJHih3pRYvkqwpZ3Al9EJuCI5zDchBr21fa9
0JNFecJb1HymDk/eN3FxDHf/ubdB/TMx8oauC5WVoA/cLZjfZa6r+Ibv6wGnZe9F
GZocIDBGxyeLRbHTzN42/7L6mTn4br9VWzLEswj8glT3AgMBAAGjUzBRMB0GA1Ud
DgQWBBSDg9456bq2D7ileJyJm3Dw1QE7eDAfBgNVHSMEGDAWgBSDg9456bq2D7il
eJyJm3Dw1QE7eDAPBgNVHRMBAf8EBTADAQH/MA0GCSqGSIb3DQEBCwUAA4IBAQBp
htY9dAYDr3+yewxDbenTzcPuD4nS1x11NNfKHNY/Ju6fQa2/cNzgHu3oOaGlQRQ4
Ob3wgkk7sK6YuyKR5YllT9vOGqBw/Ha9x7cdRaP4gKEnxrMIdxEIWJifz72TF7xI
SId9FHVKy9awaunIGJelJ+v2J4ZHkUk2vHLjR57SQdv+ENuMeQZX34PwvcLvXhRj
joX7tBBYYoB/haFlW9WMHM7HyYryMAirxnF3ltXWley0vnLXlkFLRSp4xzr0ERZW
1vXmmTv+c+yXzTo03A4BcEBZg0gN4FjM3lKJjiC9M6hJ8oVIJ+40MoKTgNjaupb7
vXxBDJcqvz+HMrruHXw3
-----END CERTIFICATE-----
subject=/C=AU/ST=Some-State/O=Internet Widgits Pty Ltd
issuer=/C=AU/ST=Some-State/O=Internet Widgits Pty Ltd
---
No client certificate CA names sent
---
SSL handshake has read 1195 bytes and written 389 bytes
---
New, TLSv1/SSLv3, Cipher is AES256-SHA
Server public key is 2048 bit
Secure Renegotiation IS supported
Compression: NONE
Expansion: NONE
No ALPN negotiated
SSL-Session:
    Protocol  : TLSv1
    Cipher    : AES256-SHA
    Session-ID: E02D51CEC49C71E3EC592CDBF3994CF05A030812923E52E881D5E718FD8933DC
    Session-ID-ctx: 
    Master-Key: 6F76ECACAFBAD3F16769F05DB6F08D3CF99D0086D85C25D66BCA007DB20253556DADCBB62CCC8E222A32D038D18073FD
    Key-Arg   : None
    PSK identity: None
    PSK identity hint: None
    SRP username: None
    TLS session ticket lifetime hint: 7200 (seconds)
    TLS session ticket:
    0000 - 8b 9a dd 6a ca 0e 88 61-bf f0 4f 2b 4d b0 79 2b   ...j...a..O+M.y+
    0010 - 9b 33 f5 af 81 37 d8 4c-52 a0 b7 e2 75 da 56 2b   .3...7.LR...u.V+
    0020 - c1 f3 90 42 91 a5 b9 98-02 48 87 d7 14 75 c7 c6   ...B.....H...u..
    0030 - 05 f7 ca 07 93 f1 16 b2-69 4d 3b 26 2e 94 b7 78   ........iM;&...x
    0040 - 27 43 a0 2e 7b 4b 33 2c-69 11 38 dc 73 c0 96 8b   'C..{K3,i.8.s...
    0050 - 73 10 df 46 d9 24 e9 c9-a9 45 5a 77 83 7d 39 31   s..F.$...EZw.}91
    0060 - fc f6 1c af 8f 7e ad bb-5e 44 fc 3f de 36 fc 5a   .....~..^D.?.6.Z
    0070 - 56 28 60 0a ec b8 47 f7-44 ac 5a d4 b6 ce 3f cc   V(`...G.D.Z...?.
    0080 - d1 17 81 cc b8 94 77 5b-ee 02 7e 75 4a 8e de 15   ......w[..~uJ...
    0090 - da 9c 57 81 eb 9c 2b 71-b1 58 7c 6c c1 80 c8 a1   ..W...+q.X|l....

    Start Time: 1578517565
    Timeout   : 7200 (sec)
    Verify return code: 18 (self signed certificate)
---
DONE
