CONNECTED(00000003)
depth=0 C = AU, ST = Some-State, O = Internet Widgits Pty Ltd
verify error:num=18:self signed certificate
verify return:1
depth=0 C = AU, ST = Some-State, O = Internet Widgits Pty Ltd
verify return:1
---
Certificate chain
 0 s:/C=AU/ST=Some-State/O=Internet Widgits Pty Ltd
   i:/C=AU/ST=Some-State/O=Internet Widgits Pty Ltd
---
Server certificate
-----BEGIN CERTIFICATE-----
MIIDazCCAlOgAwIBAgIUUWBj1DL0r1TRK/dHpKSOke8mNyowDQYJKoZIhvcNAQEL
BQAwRTELMAkGA1UEBhMCQVUxEzARBgNVBAgMClNvbWUtU3RhdGUxITAfBgNVBAoM
GEludGVybmV0IFdpZGdpdHMgUHR5IEx0ZDAeFw0xOTEwMjUxNjE5MzFaFw0yMDEw
MjQxNjE5MzFaMEUxCzAJBgNVBAYTAkFVMRMwEQYDVQQIDApTb21lLVN0YXRlMSEw
HwYDVQQKDBhJbnRlcm5ldCBXaWRnaXRzIFB0eSBMdGQwggEiMA0GCSqGSIb3DQEB
AQUAA4IBDwAwggEKAoIBAQDIC3Wj6US5oUyyjcSP616loFW94MExGLh0Flr02LfO
X2w0ZkDOGC1B/zHrJK4On+z8bwx/+L1hytq/aVytgUQWoGWZwQGuzU7ev+lKjcIW
ai2Zeqk3RysFPNticj/qWomS+g2o2RFJ/oEtg6BdAsy49VZjS0BTPpdoBBb7sMOp
S0GvGPY85uFG9QTD/4o4UOfvruSHeJHih3pRYvkqwpZ3Al9EJuCI5zDchBr21fa9
0JNFecJb1HymDk/eN3FxDHf/ubdB/TMx8oauC5WVoA/cLZjfZa6r+Ibv6wGnZe9F
GZocIDBGxyeLRbHTzN42/7L6mTn4br9VWzLEswj8glT3AgMBAAGjUzBRMB0GA1Ud
DgQWBBSDg9456bq2D7ileJyJm3Dw1QE7eDAfBgNVHSMEGDAWgBSDg9456bq2D7il
eJyJm3Dw1QE7eDAPBgNVHRMBAf8EBTADAQH/MA0GCSqGSIb3DQEBCwUAA4IBAQBp
htY9dAYDr3+yewxDbenTzcPuD4nS1x11NNfKHNY/Ju6fQa2/cNzgHu3oOaGlQRQ4
Ob3wgkk7sK6YuyKR5YllT9vOGqBw/Ha9x7cdRaP4gKEnxrMIdxEIWJifz72TF7xI
SId9FHVKy9awaunIGJelJ+v2J4ZHkUk2vHLjR57SQdv+ENuMeQZX34PwvcLvXhRj
joX7tBBYYoB/haFlW9WMHM7HyYryMAirxnF3ltXWley0vnLXlkFLRSp4xzr0ERZW
1vXmmTv+c+yXzTo03A4BcEBZg0gN4FjM3lKJjiC9M6hJ8oVIJ+40MoKTgNjaupb7
vXxBDJcqvz+HMrruHXw3
-----END CERTIFICATE-----
subject=/C=AU/ST=Some-State/O=Internet Widgits Pty Ltd
issuer=/C=AU/ST=Some-State/O=Internet Widgits Pty Ltd
---
No client certificate CA names sent
Server Temp Key: DH, 2048 bits
---
SSL handshake has read 2236 bytes and written 389 bytes
---
New, TLSv1/SSLv3, Cipher is DHE-RSA-AES256-SHA
Server public key is 2048 bit
Secure Renegotiation IS supported
Compression: NONE
Expansion: NONE
No ALPN negotiated
SSL-Session:
    Protocol  : TLSv1
    Cipher    : DHE-RSA-AES256-SHA
    Session-ID: F4ABC7341BCE87ED83893466FCB0071E59CD8809BAE7B5CD2392993487D37350
    Session-ID-ctx: 
    Master-Key: AAE2A3F90CA48E8A00CA30E363E78385FA89DAFB455E1C6CBC3B8469D337241BE9592EF975831ED10DCDEB99528737F7
    Key-Arg   : None
    PSK identity: None
    PSK identity hint: None
    SRP username: None
    TLS session ticket lifetime hint: 7200 (seconds)
    TLS session ticket:
    0000 - 14 cd 99 20 55 b2 ec c0-86 7e 0a 5b e0 6e 5f f6   ... U....~.[.n_.
    0010 - ed ad 34 91 3b 6d a5 92-87 5d 1f 6a 44 d8 61 02   ..4.;m...].jD.a.
    0020 - df eb 16 68 69 49 61 bc-57 b7 4d 18 09 e1 ac 78   ...hiIa.W.M....x
    0030 - 65 77 af f6 db 6a 76 b4-be a9 e1 c8 99 35 55 93   ew...jv......5U.
    0040 - 96 90 36 09 38 7d aa b7-08 25 76 fa fa a6 7a 4c   ..6.8}...%v...zL
    0050 - a6 b2 58 1f 1b f6 9a 3c-6a 44 5a ec 86 fb 10 d8   ..X....<jDZ.....
    0060 - a0 a2 65 6a ec 78 97 c4-62 45 14 26 13 bb 19 ac   ..ej.x..bE.&....
    0070 - b4 a8 4a b7 77 8a 0e a2-ca 74 ed d5 8f 6e 75 e1   ..J.w....t...nu.
    0080 - 58 b3 f0 2e 3c 8b 16 c8-c7 a1 c3 9b da d6 27 e1   X...<.........'.
    0090 - 2e c6 3a 09 78 e6 5f 57-a7 08 8c 76 4b 64 13 66   ..:.x._W...vKd.f

    Start Time: 1578577666
    Timeout   : 7200 (sec)
    Verify return code: 18 (self signed certificate)
---
DONE
