CONNECTED(00000003)
depth=0 C = AU, ST = Some-State, O = Internet Widgits Pty Ltd
verify error:num=18:self signed certificate
verify return:1
depth=0 C = AU, ST = Some-State, O = Internet Widgits Pty Ltd
verify return:1
---
Certificate chain
 0 s:/C=AU/ST=Some-State/O=Internet Widgits Pty Ltd
   i:/C=AU/ST=Some-State/O=Internet Widgits Pty Ltd
---
Server certificate
-----BEGIN CERTIFICATE-----
MIIDazCCAlOgAwIBAgIUUWBj1DL0r1TRK/dHpKSOke8mNyowDQYJKoZIhvcNAQEL
BQAwRTELMAkGA1UEBhMCQVUxEzARBgNVBAgMClNvbWUtU3RhdGUxITAfBgNVBAoM
GEludGVybmV0IFdpZGdpdHMgUHR5IEx0ZDAeFw0xOTEwMjUxNjE5MzFaFw0yMDEw
MjQxNjE5MzFaMEUxCzAJBgNVBAYTAkFVMRMwEQYDVQQIDApTb21lLVN0YXRlMSEw
HwYDVQQKDBhJbnRlcm5ldCBXaWRnaXRzIFB0eSBMdGQwggEiMA0GCSqGSIb3DQEB
AQUAA4IBDwAwggEKAoIBAQDIC3Wj6US5oUyyjcSP616loFW94MExGLh0Flr02LfO
X2w0ZkDOGC1B/zHrJK4On+z8bwx/+L1hytq/aVytgUQWoGWZwQGuzU7ev+lKjcIW
ai2Zeqk3RysFPNticj/qWomS+g2o2RFJ/oEtg6BdAsy49VZjS0BTPpdoBBb7sMOp
S0GvGPY85uFG9QTD/4o4UOfvruSHeJHih3pRYvkqwpZ3Al9EJuCI5zDchBr21fa9
0JNFecJb1HymDk/eN3FxDHf/ubdB/TMx8oauC5WVoA/cLZjfZa6r+Ibv6wGnZe9F
GZocIDBGxyeLRbHTzN42/7L6mTn4br9VWzLEswj8glT3AgMBAAGjUzBRMB0GA1Ud
DgQWBBSDg9456bq2D7ileJyJm3Dw1QE7eDAfBgNVHSMEGDAWgBSDg9456bq2D7il
eJyJm3Dw1QE7eDAPBgNVHRMBAf8EBTADAQH/MA0GCSqGSIb3DQEBCwUAA4IBAQBp
htY9dAYDr3+yewxDbenTzcPuD4nS1x11NNfKHNY/Ju6fQa2/cNzgHu3oOaGlQRQ4
Ob3wgkk7sK6YuyKR5YllT9vOGqBw/Ha9x7cdRaP4gKEnxrMIdxEIWJifz72TF7xI
SId9FHVKy9awaunIGJelJ+v2J4ZHkUk2vHLjR57SQdv+ENuMeQZX34PwvcLvXhRj
joX7tBBYYoB/haFlW9WMHM7HyYryMAirxnF3ltXWley0vnLXlkFLRSp4xzr0ERZW
1vXmmTv+c+yXzTo03A4BcEBZg0gN4FjM3lKJjiC9M6hJ8oVIJ+40MoKTgNjaupb7
vXxBDJcqvz+HMrruHXw3
-----END CERTIFICATE-----
subject=/C=AU/ST=Some-State/O=Internet Widgits Pty Ltd
issuer=/C=AU/ST=Some-State/O=Internet Widgits Pty Ltd
---
No client certificate CA names sent
Server Temp Key: DH, 2048 bits
---
SSL handshake has read 2236 bytes and written 389 bytes
---
New, TLSv1/SSLv3, Cipher is DHE-RSA-AES128-SHA
Server public key is 2048 bit
Secure Renegotiation IS supported
Compression: NONE
Expansion: NONE
No ALPN negotiated
SSL-Session:
    Protocol  : TLSv1
    Cipher    : DHE-RSA-AES128-SHA
    Session-ID: D0254136EC56D7963DA2751B384CBDC6F23B4D66C71893782BEB760BBBCCE9B4
    Session-ID-ctx: 
    Master-Key: 13559A19B67A61032E4B1F9ABAD19B2E2D3587CCF29C9F908E8D50BB79F2B3E2496423DD352823A56F628AE2AE54A4F8
    Key-Arg   : None
    PSK identity: None
    PSK identity hint: None
    SRP username: None
    TLS session ticket lifetime hint: 7200 (seconds)
    TLS session ticket:
    0000 - 8b 9a dd 6a ca 0e 88 61-bf f0 4f 2b 4d b0 79 2b   ...j...a..O+M.y+
    0010 - 61 6b ca 95 a6 cd 2f 95-ab db d5 f2 74 a3 77 c9   ak..../.....t.w.
    0020 - 55 97 13 2a 13 3f 30 2e-b9 aa 2e e3 c6 e5 65 56   U..*.?0.......eV
    0030 - 8f 6b 3a 87 fa 8e 1f 06-31 0e 20 b7 f0 aa f8 e6   .k:.....1. .....
    0040 - 86 5d c4 8e 7a 51 3b ef-75 a0 ec 7d 4d 82 56 bc   .]..zQ;.u..}M.V.
    0050 - 35 30 c8 58 53 d2 ca bd-b4 58 46 21 2c 03 90 2d   50.XS....XF!,..-
    0060 - e0 ed 60 7b ad 82 9f 19-50 60 b8 56 98 b4 f3 83   ..`{....P`.V....
    0070 - 84 c9 4f 2a 4a 9f 8d 24-32 2b 32 d6 a9 44 07 1d   ..O*J..$2+2..D..
    0080 - 11 c0 f6 64 ce 5e e7 17-65 01 34 fd 4d 49 7e 31   ...d.^..e.4.MI~1
    0090 - 48 8a 2b 84 9b 4d 81 bf-b8 88 49 1a f2 83 cc 6c   H.+..M....I....l

    Start Time: 1578517590
    Timeout   : 7200 (sec)
    Verify return code: 18 (self signed certificate)
---
DONE
