CONNECTED(00000003)
depth=0 C = AU, ST = Some-State, O = Internet Widgits Pty Ltd
verify error:num=18:self signed certificate
verify return:1
depth=0 C = AU, ST = Some-State, O = Internet Widgits Pty Ltd
verify return:1
---
Certificate chain
 0 s:/C=AU/ST=Some-State/O=Internet Widgits Pty Ltd
   i:/C=AU/ST=Some-State/O=Internet Widgits Pty Ltd
---
Server certificate
-----BEGIN CERTIFICATE-----
MIIDazCCAlOgAwIBAgIUUWBj1DL0r1TRK/dHpKSOke8mNyowDQYJKoZIhvcNAQEL
BQAwRTELMAkGA1UEBhMCQVUxEzARBgNVBAgMClNvbWUtU3RhdGUxITAfBgNVBAoM
GEludGVybmV0IFdpZGdpdHMgUHR5IEx0ZDAeFw0xOTEwMjUxNjE5MzFaFw0yMDEw
MjQxNjE5MzFaMEUxCzAJBgNVBAYTAkFVMRMwEQYDVQQIDApTb21lLVN0YXRlMSEw
HwYDVQQKDBhJbnRlcm5ldCBXaWRnaXRzIFB0eSBMdGQwggEiMA0GCSqGSIb3DQEB
AQUAA4IBDwAwggEKAoIBAQDIC3Wj6US5oUyyjcSP616loFW94MExGLh0Flr02LfO
X2w0ZkDOGC1B/zHrJK4On+z8bwx/+L1hytq/aVytgUQWoGWZwQGuzU7ev+lKjcIW
ai2Zeqk3RysFPNticj/qWomS+g2o2RFJ/oEtg6BdAsy49VZjS0BTPpdoBBb7sMOp
S0GvGPY85uFG9QTD/4o4UOfvruSHeJHih3pRYvkqwpZ3Al9EJuCI5zDchBr21fa9
0JNFecJb1HymDk/eN3FxDHf/ubdB/TMx8oauC5WVoA/cLZjfZa6r+Ibv6wGnZe9F
GZocIDBGxyeLRbHTzN42/7L6mTn4br9VWzLEswj8glT3AgMBAAGjUzBRMB0GA1Ud
DgQWBBSDg9456bq2D7ileJyJm3Dw1QE7eDAfBgNVHSMEGDAWgBSDg9456bq2D7il
eJyJm3Dw1QE7eDAPBgNVHRMBAf8EBTADAQH/MA0GCSqGSIb3DQEBCwUAA4IBAQBp
htY9dAYDr3+yewxDbenTzcPuD4nS1x11NNfKHNY/Ju6fQa2/cNzgHu3oOaGlQRQ4
Ob3wgkk7sK6YuyKR5YllT9vOGqBw/Ha9x7cdRaP4gKEnxrMIdxEIWJifz72TF7xI
SId9FHVKy9awaunIGJelJ+v2J4ZHkUk2vHLjR57SQdv+ENuMeQZX34PwvcLvXhRj
joX7tBBYYoB/haFlW9WMHM7HyYryMAirxnF3ltXWley0vnLXlkFLRSp4xzr0ERZW
1vXmmTv+c+yXzTo03A4BcEBZg0gN4FjM3lKJjiC9M6hJ8oVIJ+40MoKTgNjaupb7
vXxBDJcqvz+HMrruHXw3
-----END CERTIFICATE-----
subject=/C=AU/ST=Some-State/O=Internet Widgits Pty Ltd
issuer=/C=AU/ST=Some-State/O=Internet Widgits Pty Ltd
---
No client certificate CA names sent
Server Temp Key: ECDH, P-256, 256 bits
---
SSL handshake has read 1539 bytes and written 237 bytes
---
New, TLSv1/SSLv3, Cipher is ECDHE-RSA-AES256-SHA
Server public key is 2048 bit
Secure Renegotiation IS supported
Compression: NONE
Expansion: NONE
No ALPN negotiated
SSL-Session:
    Protocol  : TLSv1
    Cipher    : ECDHE-RSA-AES256-SHA
    Session-ID: 2331B35B11B27A8FBA79E7C63BF88236C721951315FD39BD2EE6E0A71AAA6231
    Session-ID-ctx: 
    Master-Key: 6CB521BE6557053C0DBB2A7460E174FCE333291AF9A580DC225A70B813108D806D41CE1B26D82ADB119BA3817D81B74E
    Key-Arg   : None
    PSK identity: None
    PSK identity hint: None
    SRP username: None
    TLS session ticket lifetime hint: 7200 (seconds)
    TLS session ticket:
    0000 - 8b 9a dd 6a ca 0e 88 61-bf f0 4f 2b 4d b0 79 2b   ...j...a..O+M.y+
    0010 - 48 18 f7 59 e3 cb cc 4f-e4 76 2d 47 50 2a 32 ae   H..Y...O.v-GP*2.
    0020 - f6 ce 6f a5 59 9f 16 68-b2 d1 ea 37 22 35 38 39   ..o.Y..h...7"589
    0030 - cf dc f3 15 8d e9 29 94-57 d9 da 39 17 c6 df 30   ......).W..9...0
    0040 - d3 90 7f 28 ae ea 97 fb-08 55 bc 78 f2 1c bb d1   ...(.....U.x....
    0050 - 44 7b 98 9f 0e e3 c5 c9-22 f9 ff 13 6c 5a 5b 38   D{......"...lZ[8
    0060 - 7e 03 39 4b a5 87 0f 06-5c ed 30 bf dd 2a a7 a7   ~.9K....\.0..*..
    0070 - c4 16 ce 2c 19 ad 9a ff-df cd e0 1d 3b 0f b5 cd   ...,........;...
    0080 - 39 24 bd 46 6f 2e 5b 70-d9 28 39 94 4f 13 d3 ab   9$.Fo.[p.(9.O...
    0090 - 25 85 ca e2 5b da 2c fc-4c 02 17 ba d7 60 43 65   %...[.,.L....`Ce

    Start Time: 1578517525
    Timeout   : 7200 (sec)
    Verify return code: 18 (self signed certificate)
---
DONE
