CONNECTED(00000003)
depth=0 C = AU, ST = Some-State, O = Internet Widgits Pty Ltd
verify error:num=18:self signed certificate
verify return:1
depth=0 C = AU, ST = Some-State, O = Internet Widgits Pty Ltd
verify return:1
---
Certificate chain
 0 s:/C=AU/ST=Some-State/O=Internet Widgits Pty Ltd
   i:/C=AU/ST=Some-State/O=Internet Widgits Pty Ltd
---
Server certificate
-----BEGIN CERTIFICATE-----
MIIDazCCAlOgAwIBAgIUUWBj1DL0r1TRK/dHpKSOke8mNyowDQYJKoZIhvcNAQEL
BQAwRTELMAkGA1UEBhMCQVUxEzARBgNVBAgMClNvbWUtU3RhdGUxITAfBgNVBAoM
GEludGVybmV0IFdpZGdpdHMgUHR5IEx0ZDAeFw0xOTEwMjUxNjE5MzFaFw0yMDEw
MjQxNjE5MzFaMEUxCzAJBgNVBAYTAkFVMRMwEQYDVQQIDApTb21lLVN0YXRlMSEw
HwYDVQQKDBhJbnRlcm5ldCBXaWRnaXRzIFB0eSBMdGQwggEiMA0GCSqGSIb3DQEB
AQUAA4IBDwAwggEKAoIBAQDIC3Wj6US5oUyyjcSP616loFW94MExGLh0Flr02LfO
X2w0ZkDOGC1B/zHrJK4On+z8bwx/+L1hytq/aVytgUQWoGWZwQGuzU7ev+lKjcIW
ai2Zeqk3RysFPNticj/qWomS+g2o2RFJ/oEtg6BdAsy49VZjS0BTPpdoBBb7sMOp
S0GvGPY85uFG9QTD/4o4UOfvruSHeJHih3pRYvkqwpZ3Al9EJuCI5zDchBr21fa9
0JNFecJb1HymDk/eN3FxDHf/ubdB/TMx8oauC5WVoA/cLZjfZa6r+Ibv6wGnZe9F
GZocIDBGxyeLRbHTzN42/7L6mTn4br9VWzLEswj8glT3AgMBAAGjUzBRMB0GA1Ud
DgQWBBSDg9456bq2D7ileJyJm3Dw1QE7eDAfBgNVHSMEGDAWgBSDg9456bq2D7il
eJyJm3Dw1QE7eDAPBgNVHRMBAf8EBTADAQH/MA0GCSqGSIb3DQEBCwUAA4IBAQBp
htY9dAYDr3+yewxDbenTzcPuD4nS1x11NNfKHNY/Ju6fQa2/cNzgHu3oOaGlQRQ4
Ob3wgkk7sK6YuyKR5YllT9vOGqBw/Ha9x7cdRaP4gKEnxrMIdxEIWJifz72TF7xI
SId9FHVKy9awaunIGJelJ+v2J4ZHkUk2vHLjR57SQdv+ENuMeQZX34PwvcLvXhRj
joX7tBBYYoB/haFlW9WMHM7HyYryMAirxnF3ltXWley0vnLXlkFLRSp4xzr0ERZW
1vXmmTv+c+yXzTo03A4BcEBZg0gN4FjM3lKJjiC9M6hJ8oVIJ+40MoKTgNjaupb7
vXxBDJcqvz+HMrruHXw3
-----END CERTIFICATE-----
subject=/C=AU/ST=Some-State/O=Internet Widgits Pty Ltd
issuer=/C=AU/ST=Some-State/O=Internet Widgits Pty Ltd
---
No client certificate CA names sent
---
SSL handshake has read 1200 bytes and written 389 bytes
---
New, TLSv1/SSLv3, Cipher is CAMELLIA256-SHA
Server public key is 2048 bit
Secure Renegotiation IS supported
Compression: NONE
Expansion: NONE
No ALPN negotiated
SSL-Session:
    Protocol  : TLSv1
    Cipher    : CAMELLIA256-SHA
    Session-ID: 45F19FA1307B265F22E1CA7BFD61E9F121D914AE54932513C3051B22DFCC18FD
    Session-ID-ctx: 
    Master-Key: F14B145E0CA021D06CBC1473872780ED01DAAA25D24AE930744E0C1A49D341A5FFF6E213B8E368E91E554A188819C162
    Key-Arg   : None
    PSK identity: None
    PSK identity hint: None
    SRP username: None
    TLS session ticket lifetime hint: 300 (seconds)
    TLS session ticket:
    0000 - a1 1d 7d 88 0f 26 4c 37-04 e6 0b 06 a5 6a 51 3b   ..}..&L7.....jQ;
    0010 - 33 16 c2 8b 3d 2e 3b 50-9c 8a ef 15 95 ed d1 4a   3...=.;P.......J
    0020 - 9f 10 30 a3 b6 a2 d5 03-0b df 90 e1 a9 d5 87 78   ..0............x
    0030 - a0 21 1c 6b 43 5c ae b1-05 f9 9d b3 3c 9f fb ad   .!.kC\......<...
    0040 - 6a a5 fd d7 db 34 9e e0-55 f2 00 3e 1d 72 7e b0   j....4..U..>.r~.
    0050 - 18 b0 c3 21 1e 00 99 d1-dc 17 e7 77 d5 c1 a0 40   ...!.......w...@
    0060 - 99 27 76 5c b0 08 80 92-35 4c 52 6e df ea da 2e   .'v\....5LRn....
    0070 - ab 3a 36 d2 55 33 f7 63-b2 26 22 dc e6 c8 2a eb   .:6.U3.c.&"...*.
    0080 - e5 0c 9a ed a5 c4 e2 6d-e7 34 08 18 09 6e 9a f1   .......m.4...n..
    0090 - 03 1d 22 6e fa 8e c6 71-97 0d a4 0e 2d 7a 42 1d   .."n...q....-zB.

    Start Time: 1578517566
    Timeout   : 7200 (sec)
    Verify return code: 18 (self signed certificate)
---
DONE
