CONNECTED(00000003)
depth=0 C = AU, ST = Some-State, O = Internet Widgits Pty Ltd
verify error:num=18:self signed certificate
verify return:1
depth=0 C = AU, ST = Some-State, O = Internet Widgits Pty Ltd
verify return:1
---
Certificate chain
 0 s:/C=AU/ST=Some-State/O=Internet Widgits Pty Ltd
   i:/C=AU/ST=Some-State/O=Internet Widgits Pty Ltd
---
Server certificate
-----BEGIN CERTIFICATE-----
MIIDazCCAlOgAwIBAgIUUWBj1DL0r1TRK/dHpKSOke8mNyowDQYJKoZIhvcNAQEL
BQAwRTELMAkGA1UEBhMCQVUxEzARBgNVBAgMClNvbWUtU3RhdGUxITAfBgNVBAoM
GEludGVybmV0IFdpZGdpdHMgUHR5IEx0ZDAeFw0xOTEwMjUxNjE5MzFaFw0yMDEw
MjQxNjE5MzFaMEUxCzAJBgNVBAYTAkFVMRMwEQYDVQQIDApTb21lLVN0YXRlMSEw
HwYDVQQKDBhJbnRlcm5ldCBXaWRnaXRzIFB0eSBMdGQwggEiMA0GCSqGSIb3DQEB
AQUAA4IBDwAwggEKAoIBAQDIC3Wj6US5oUyyjcSP616loFW94MExGLh0Flr02LfO
X2w0ZkDOGC1B/zHrJK4On+z8bwx/+L1hytq/aVytgUQWoGWZwQGuzU7ev+lKjcIW
ai2Zeqk3RysFPNticj/qWomS+g2o2RFJ/oEtg6BdAsy49VZjS0BTPpdoBBb7sMOp
S0GvGPY85uFG9QTD/4o4UOfvruSHeJHih3pRYvkqwpZ3Al9EJuCI5zDchBr21fa9
0JNFecJb1HymDk/eN3FxDHf/ubdB/TMx8oauC5WVoA/cLZjfZa6r+Ibv6wGnZe9F
GZocIDBGxyeLRbHTzN42/7L6mTn4br9VWzLEswj8glT3AgMBAAGjUzBRMB0GA1Ud
DgQWBBSDg9456bq2D7ileJyJm3Dw1QE7eDAfBgNVHSMEGDAWgBSDg9456bq2D7il
eJyJm3Dw1QE7eDAPBgNVHRMBAf8EBTADAQH/MA0GCSqGSIb3DQEBCwUAA4IBAQBp
htY9dAYDr3+yewxDbenTzcPuD4nS1x11NNfKHNY/Ju6fQa2/cNzgHu3oOaGlQRQ4
Ob3wgkk7sK6YuyKR5YllT9vOGqBw/Ha9x7cdRaP4gKEnxrMIdxEIWJifz72TF7xI
SId9FHVKy9awaunIGJelJ+v2J4ZHkUk2vHLjR57SQdv+ENuMeQZX34PwvcLvXhRj
joX7tBBYYoB/haFlW9WMHM7HyYryMAirxnF3ltXWley0vnLXlkFLRSp4xzr0ERZW
1vXmmTv+c+yXzTo03A4BcEBZg0gN4FjM3lKJjiC9M6hJ8oVIJ+40MoKTgNjaupb7
vXxBDJcqvz+HMrruHXw3
-----END CERTIFICATE-----
subject=/C=AU/ST=Some-State/O=Internet Widgits Pty Ltd
issuer=/C=AU/ST=Some-State/O=Internet Widgits Pty Ltd
---
No client certificate CA names sent
Server Temp Key: DH, 2048 bits
---
SSL handshake has read 1986 bytes and written 389 bytes
---
New, TLSv1/SSLv3, Cipher is DHE-RSA-SEED-SHA
Server public key is 2048 bit
Secure Renegotiation IS supported
Compression: NONE
Expansion: NONE
No ALPN negotiated
SSL-Session:
    Protocol  : TLSv1
    Cipher    : DHE-RSA-SEED-SHA
    Session-ID: 233423BF9E666CA5F633B47C21E861FE2C77E28369F1737F7751FBB85D427DD1
    Session-ID-ctx: 
    Master-Key: 5E824945D631284013AB22D5364EDF14E0B6C5AD67EAA66665FB81DAE29701B27A1C5F0F23B93543713220FA729ABAC2
    Key-Arg   : None
    PSK identity: None
    PSK identity hint: None
    SRP username: None
    TLS session ticket lifetime hint: 300 (seconds)
    TLS session ticket:
    0000 - a1 1d 7d 88 0f 26 4c 37-04 e6 0b 06 a5 6a 51 3b   ..}..&L7.....jQ;
    0010 - 5e 26 fe 59 ee b6 2b 7d-6f fb 21 6f eb ed ee eb   ^&.Y..+}o.!o....
    0020 - 09 4e db bd 6a 3e 61 44-bb f2 38 bc 16 c2 ae 2f   .N..j>aD..8..../
    0030 - 78 2b bb e7 3f 53 cc b5-6f 81 ed 31 10 f7 c6 50   x+..?S..o..1...P
    0040 - fa 8e c8 79 f8 5d dc 31-ba 07 e1 4a 64 40 c7 9c   ...y.].1...Jd@..
    0050 - 53 3b e5 12 b8 c0 a4 a3-b7 a8 b8 7c 40 fb 40 08   S;.........|@.@.
    0060 - b5 7c 4b 3e ed 20 9c 07-2c 00 8d 9e 91 84 45 29   .|K>. ..,.....E)
    0070 - 9c 8a 1d aa 1a c5 6e d7-62 d3 cf 5c 1f c9 ea 6a   ......n.b..\...j
    0080 - 73 16 41 fb cf 51 0d ea-23 16 87 ce 15 29 47 70   s.A..Q..#....)Gp
    0090 - 0d 49 4c 93 91 40 7d fe-26 a6 dd 22 de 80 8a b9   .IL..@}.&.."....

    Start Time: 1578517595
    Timeout   : 7200 (sec)
    Verify return code: 18 (self signed certificate)
---
DONE
