CONNECTED(00000003)
depth=0 C = AU, ST = Some-State, O = Internet Widgits Pty Ltd
verify error:num=18:self signed certificate
verify return:1
depth=0 C = AU, ST = Some-State, O = Internet Widgits Pty Ltd
verify return:1
---
Certificate chain
 0 s:/C=AU/ST=Some-State/O=Internet Widgits Pty Ltd
   i:/C=AU/ST=Some-State/O=Internet Widgits Pty Ltd
---
Server certificate
-----BEGIN CERTIFICATE-----
MIIDazCCAlOgAwIBAgIUUWBj1DL0r1TRK/dHpKSOke8mNyowDQYJKoZIhvcNAQEL
BQAwRTELMAkGA1UEBhMCQVUxEzARBgNVBAgMClNvbWUtU3RhdGUxITAfBgNVBAoM
GEludGVybmV0IFdpZGdpdHMgUHR5IEx0ZDAeFw0xOTEwMjUxNjE5MzFaFw0yMDEw
MjQxNjE5MzFaMEUxCzAJBgNVBAYTAkFVMRMwEQYDVQQIDApTb21lLVN0YXRlMSEw
HwYDVQQKDBhJbnRlcm5ldCBXaWRnaXRzIFB0eSBMdGQwggEiMA0GCSqGSIb3DQEB
AQUAA4IBDwAwggEKAoIBAQDIC3Wj6US5oUyyjcSP616loFW94MExGLh0Flr02LfO
X2w0ZkDOGC1B/zHrJK4On+z8bwx/+L1hytq/aVytgUQWoGWZwQGuzU7ev+lKjcIW
ai2Zeqk3RysFPNticj/qWomS+g2o2RFJ/oEtg6BdAsy49VZjS0BTPpdoBBb7sMOp
S0GvGPY85uFG9QTD/4o4UOfvruSHeJHih3pRYvkqwpZ3Al9EJuCI5zDchBr21fa9
0JNFecJb1HymDk/eN3FxDHf/ubdB/TMx8oauC5WVoA/cLZjfZa6r+Ibv6wGnZe9F
GZocIDBGxyeLRbHTzN42/7L6mTn4br9VWzLEswj8glT3AgMBAAGjUzBRMB0GA1Ud
DgQWBBSDg9456bq2D7ileJyJm3Dw1QE7eDAfBgNVHSMEGDAWgBSDg9456bq2D7il
eJyJm3Dw1QE7eDAPBgNVHRMBAf8EBTADAQH/MA0GCSqGSIb3DQEBCwUAA4IBAQBp
htY9dAYDr3+yewxDbenTzcPuD4nS1x11NNfKHNY/Ju6fQa2/cNzgHu3oOaGlQRQ4
Ob3wgkk7sK6YuyKR5YllT9vOGqBw/Ha9x7cdRaP4gKEnxrMIdxEIWJifz72TF7xI
SId9FHVKy9awaunIGJelJ+v2J4ZHkUk2vHLjR57SQdv+ENuMeQZX34PwvcLvXhRj
joX7tBBYYoB/haFlW9WMHM7HyYryMAirxnF3ltXWley0vnLXlkFLRSp4xzr0ERZW
1vXmmTv+c+yXzTo03A4BcEBZg0gN4FjM3lKJjiC9M6hJ8oVIJ+40MoKTgNjaupb7
vXxBDJcqvz+HMrruHXw3
-----END CERTIFICATE-----
subject=/C=AU/ST=Some-State/O=Internet Widgits Pty Ltd
issuer=/C=AU/ST=Some-State/O=Internet Widgits Pty Ltd
---
No client certificate CA names sent
Server Temp Key: ECDH, P-256, 256 bits
---
SSL handshake has read 1536 bytes and written 229 bytes
---
New, TLSv1/SSLv3, Cipher is ECDHE-RSA-DES-CBC3-SHA
Server public key is 2048 bit
Secure Renegotiation IS supported
Compression: NONE
Expansion: NONE
No ALPN negotiated
SSL-Session:
    Protocol  : TLSv1
    Cipher    : ECDHE-RSA-DES-CBC3-SHA
    Session-ID: CC2E60934FA0E9FD80C38DF73C916ADCABC3054B3140284E2F345615F70D4DEF
    Session-ID-ctx: 
    Master-Key: BBF807DABE1D28BA8E607C83176A6E7DC2AB528E349F335FD59E9CEBCB7EBE0668F54FF1222CC7C569EC85E18C20C96D
    Key-Arg   : None
    PSK identity: None
    PSK identity hint: None
    SRP username: None
    TLS session ticket lifetime hint: 300 (seconds)
    TLS session ticket:
    0000 - 2f 9b 48 b1 34 d1 53 ab-56 76 74 80 5f b6 0c 93   /.H.4.S.Vvt._...
    0010 - 5d cc 57 3e 15 2b 38 88-cd 34 67 1b 92 2c 3b 15   ].W>.+8..4g..,;.
    0020 - 2c b9 6d 82 e9 5f 67 e5-3a 76 35 5d ae 47 fb ad   ,.m.._g.:v5].G..
    0030 - 9f d0 1e 70 14 0b 4a 1b-9a d6 27 90 74 64 21 f3   ...p..J...'.td!.
    0040 - 46 33 d5 27 4e d4 ee ef-61 3c 1c c6 7f d6 43 c9   F3.'N...a<....C.
    0050 - c1 27 81 25 d0 b8 3c c5-f7 bb c2 85 8a b3 3a d0   .'.%..<.......:.
    0060 - e2 9a ed aa 91 44 bf f1-dd ba 91 88 28 91 10 e6   .....D......(...
    0070 - c6 2f ef f3 ca 90 ff f4-84 80 bc 82 18 fd 84 96   ./..............
    0080 - 01 61 8b 14 51 bf 6b 91-53 16 e7 d2 ad 8a 78 c0   .a..Q.k.S.....x.
    0090 - 4d fb 8f b3 79 f2 e8 8e-9c d3 0c c6 55 64 5e dc   M...y.......Ud^.

    Start Time: 1578582393
    Timeout   : 7200 (sec)
    Verify return code: 18 (self signed certificate)
---
DONE
