CONNECTED(00000003)
depth=0 C = AU, ST = Some-State, O = Internet Widgits Pty Ltd
verify error:num=18:self signed certificate
verify return:1
depth=0 C = AU, ST = Some-State, O = Internet Widgits Pty Ltd
verify return:1
---
Certificate chain
 0 s:/C=AU/ST=Some-State/O=Internet Widgits Pty Ltd
   i:/C=AU/ST=Some-State/O=Internet Widgits Pty Ltd
---
Server certificate
-----BEGIN CERTIFICATE-----
MIIB4DCCAYWgAwIBAgIUCXxxGEjDfI8qZM/lYEyRO/5FAH8wCgYIKoZIzj0EAwIw
RTELMAkGA1UEBhMCQVUxEzARBgNVBAgMClNvbWUtU3RhdGUxITAfBgNVBAoMGElu
dGVybmV0IFdpZGdpdHMgUHR5IEx0ZDAeFw0yMDAxMjAxOTU0MTVaFw0yMTAxMTkx
OTU0MTVaMEUxCzAJBgNVBAYTAkFVMRMwEQYDVQQIDApTb21lLVN0YXRlMSEwHwYD
VQQKDBhJbnRlcm5ldCBXaWRnaXRzIFB0eSBMdGQwWTATBgcqhkjOPQIBBggqhkjO
PQMBBwNCAAQEWvQ5kNNn0gohxZiHN8GZ2c2YUKQBqHDOBcDHaOesleIQlq72x5jF
w74Y1H7BLGlwvZuJ3N/4jF8UdT098W+ho1MwUTAdBgNVHQ4EFgQU5K267TWlHB0Y
HXW940sLw8SUXeEwHwYDVR0jBBgwFoAU5K267TWlHB0YHXW940sLw8SUXeEwDwYD
VR0TAQH/BAUwAwEB/zAKBggqhkjOPQQDAgNJADBGAiEA4GScbVO50YAPJtbP4fny
StHIpNxRcMsSij4Qe2KiM/sCIQDY7Um4nntc3KIF6WOb68OZOQRfQylRLfyllN5r
hm7Z4g==
-----END CERTIFICATE-----
subject=/C=AU/ST=Some-State/O=Internet Widgits Pty Ltd
issuer=/C=AU/ST=Some-State/O=Internet Widgits Pty Ltd
---
No client certificate CA names sent
Server Temp Key: ECDH, P-256, 256 bits
---
SSL handshake has read 956 bytes and written 229 bytes
---
New, TLSv1/SSLv3, Cipher is ECDHE-ECDSA-DES-CBC3-SHA
Server public key is 256 bit
Secure Renegotiation IS supported
Compression: NONE
Expansion: NONE
No ALPN negotiated
SSL-Session:
    Protocol  : TLSv1
    Cipher    : ECDHE-ECDSA-DES-CBC3-SHA
    Session-ID: B78489FBDAC0A7AA37B48E165B4C3A013BE1AAA541406C45849C78E91E467661
    Session-ID-ctx: 
    Master-Key: 4B93BED0704861BD4DB6F03887EB15AA726470AFF809BFB474C81BB1A87E341075F828861EF4B9A16ECCD0FF82325B4D
    Key-Arg   : None
    PSK identity: None
    PSK identity hint: None
    SRP username: None
    TLS session ticket lifetime hint: 300 (seconds)
    TLS session ticket:
    0000 - 92 75 01 7c 2f 76 e3 be-90 d9 4f bd 29 e9 7d a3   .u.|/v....O.).}.
    0010 - 1b e2 35 b1 4f 42 f8 e0-e5 4d 7a 3c 67 54 1e 95   ..5.OB...Mz<gT..
    0020 - cb 4c ab 2d 0d c1 fa 20-40 1b 40 78 9a 96 1f 23   .L.-... @.@x...#
    0030 - 43 f6 e7 57 ff 24 a8 c4-d1 96 27 82 94 5e 35 36   C..W.$....'..^56
    0040 - 8b 90 54 8b 0b b8 2f fb-61 7c 61 2f 21 83 7e 5c   ..T.../.a|a/!.~\
    0050 - 4d 95 c3 c3 5e c9 31 c5-5d 4c d2 89 10 df f9 6f   M...^.1.]L.....o
    0060 - d4 cc f1 4e e7 b5 72 a8-48 de 58 84 69 ac 88 c8   ...N..r.H.X.i...
    0070 - 44 98 15 04 78 85 26 91-91 7f 4c 04 05 36 35 88   D...x.&...L..65.
    0080 - 13 50 89 2a 75 1c 69 32-02 69 4c e7 a1 3b b5 2a   .P.*u.i2.iL..;.*
    0090 - 8a 6c 80 46 e9 e6 c0 cd-ee 25 5c 27 22 95 a2 70   .l.F.....%\'"..p

    Start Time: 1579551163
    Timeout   : 7200 (sec)
    Verify return code: 18 (self signed certificate)
---
DONE
