CONNECTED(00000003)
depth=0 C = AU, ST = Some-State, O = Internet Widgits Pty Ltd
verify error:num=18:self signed certificate
verify return:1
depth=0 C = AU, ST = Some-State, O = Internet Widgits Pty Ltd
verify return:1
---
Certificate chain
 0 s:/C=AU/ST=Some-State/O=Internet Widgits Pty Ltd
   i:/C=AU/ST=Some-State/O=Internet Widgits Pty Ltd
---
Server certificate
-----BEGIN CERTIFICATE-----
MIIDazCCAlOgAwIBAgIUUWBj1DL0r1TRK/dHpKSOke8mNyowDQYJKoZIhvcNAQEL
BQAwRTELMAkGA1UEBhMCQVUxEzARBgNVBAgMClNvbWUtU3RhdGUxITAfBgNVBAoM
GEludGVybmV0IFdpZGdpdHMgUHR5IEx0ZDAeFw0xOTEwMjUxNjE5MzFaFw0yMDEw
MjQxNjE5MzFaMEUxCzAJBgNVBAYTAkFVMRMwEQYDVQQIDApTb21lLVN0YXRlMSEw
HwYDVQQKDBhJbnRlcm5ldCBXaWRnaXRzIFB0eSBMdGQwggEiMA0GCSqGSIb3DQEB
AQUAA4IBDwAwggEKAoIBAQDIC3Wj6US5oUyyjcSP616loFW94MExGLh0Flr02LfO
X2w0ZkDOGC1B/zHrJK4On+z8bwx/+L1hytq/aVytgUQWoGWZwQGuzU7ev+lKjcIW
ai2Zeqk3RysFPNticj/qWomS+g2o2RFJ/oEtg6BdAsy49VZjS0BTPpdoBBb7sMOp
S0GvGPY85uFG9QTD/4o4UOfvruSHeJHih3pRYvkqwpZ3Al9EJuCI5zDchBr21fa9
0JNFecJb1HymDk/eN3FxDHf/ubdB/TMx8oauC5WVoA/cLZjfZa6r+Ibv6wGnZe9F
GZocIDBGxyeLRbHTzN42/7L6mTn4br9VWzLEswj8glT3AgMBAAGjUzBRMB0GA1Ud
DgQWBBSDg9456bq2D7ileJyJm3Dw1QE7eDAfBgNVHSMEGDAWgBSDg9456bq2D7il
eJyJm3Dw1QE7eDAPBgNVHRMBAf8EBTADAQH/MA0GCSqGSIb3DQEBCwUAA4IBAQBp
htY9dAYDr3+yewxDbenTzcPuD4nS1x11NNfKHNY/Ju6fQa2/cNzgHu3oOaGlQRQ4
Ob3wgkk7sK6YuyKR5YllT9vOGqBw/Ha9x7cdRaP4gKEnxrMIdxEIWJifz72TF7xI
SId9FHVKy9awaunIGJelJ+v2J4ZHkUk2vHLjR57SQdv+ENuMeQZX34PwvcLvXhRj
joX7tBBYYoB/haFlW9WMHM7HyYryMAirxnF3ltXWley0vnLXlkFLRSp4xzr0ERZW
1vXmmTv+c+yXzTo03A4BcEBZg0gN4FjM3lKJjiC9M6hJ8oVIJ+40MoKTgNjaupb7
vXxBDJcqvz+HMrruHXw3
-----END CERTIFICATE-----
subject=/C=AU/ST=Some-State/O=Internet Widgits Pty Ltd
issuer=/C=AU/ST=Some-State/O=Internet Widgits Pty Ltd
---
No client certificate CA names sent
Server Temp Key: ECDH, P-256, 256 bits
---
SSL handshake has read 1532 bytes and written 225 bytes
---
New, TLSv1/SSLv3, Cipher is ECDHE-RSA-RC4-SHA
Server public key is 2048 bit
Secure Renegotiation IS supported
Compression: NONE
Expansion: NONE
No ALPN negotiated
SSL-Session:
    Protocol  : TLSv1
    Cipher    : ECDHE-RSA-RC4-SHA
    Session-ID: 5146E3E2172089A7E54DF5A5700240304493A737EA05ADB9E72877207321F300
    Session-ID-ctx: 
    Master-Key: 6AA9E34325E5858E81F68E35D25EF3E55CA3F5AD7ED3BADF5477031CE3B9790BF64100E1B9F8128E202332AB85BDD728
    Key-Arg   : None
    PSK identity: None
    PSK identity hint: None
    SRP username: None
    TLS session ticket lifetime hint: 300 (seconds)
    TLS session ticket:
    0000 - 92 75 01 7c 2f 76 e3 be-90 d9 4f bd 29 e9 7d a3   .u.|/v....O.).}.
    0010 - 25 90 68 83 78 11 41 f3-8f 61 72 88 f2 48 7d 42   %.h.x.A..ar..H}B
    0020 - e7 75 28 dc f2 73 f7 fb-ba e5 6c 47 71 6d fc 4e   .u(..s....lGqm.N
    0030 - a9 2c 59 ef eb c5 95 dc-e4 5b 08 2a c3 6c 7c 5f   .,Y......[.*.l|_
    0040 - 8e 2d 27 ab 76 39 09 bd-ef d6 d5 34 21 80 d0 48   .-'.v9.....4!..H
    0050 - c4 cf a7 ad 7d ff 40 d2-e0 df 56 d3 fd 23 0e f1   ....}.@...V..#..
    0060 - 68 03 ca 11 fb e8 a3 c9-a4 9d 51 49 79 7c 2a 2d   h.........QIy|*-
    0070 - 9e 53 e5 9d dd a9 00 71-0a 4a e3 20 8c 8f 09 5a   .S.....q.J. ...Z
    0080 - d2 ee 36 7a b9 64 2f f5-67 f9 8a 04 48 e1 93 60   ..6z.d/.g...H..`
    0090 - 84 2b ec c0 3b 22 1a 07-09 96 dd 2b 6e 2b 0e 1b   .+..;".....+n+..

    Start Time: 1579551153
    Timeout   : 7200 (sec)
    Verify return code: 18 (self signed certificate)
---
DONE
