CONNECTED(00000003)
depth=0 C = AU, ST = Some-State, O = Internet Widgits Pty Ltd
verify error:num=18:self signed certificate
verify return:1
depth=0 C = AU, ST = Some-State, O = Internet Widgits Pty Ltd
verify return:1
---
Certificate chain
 0 s:/C=AU/ST=Some-State/O=Internet Widgits Pty Ltd
   i:/C=AU/ST=Some-State/O=Internet Widgits Pty Ltd
---
Server certificate
-----BEGIN CERTIFICATE-----
MIIB4DCCAYWgAwIBAgIUCXxxGEjDfI8qZM/lYEyRO/5FAH8wCgYIKoZIzj0EAwIw
RTELMAkGA1UEBhMCQVUxEzARBgNVBAgMClNvbWUtU3RhdGUxITAfBgNVBAoMGElu
dGVybmV0IFdpZGdpdHMgUHR5IEx0ZDAeFw0yMDAxMjAxOTU0MTVaFw0yMTAxMTkx
OTU0MTVaMEUxCzAJBgNVBAYTAkFVMRMwEQYDVQQIDApTb21lLVN0YXRlMSEwHwYD
VQQKDBhJbnRlcm5ldCBXaWRnaXRzIFB0eSBMdGQwWTATBgcqhkjOPQIBBggqhkjO
PQMBBwNCAAQEWvQ5kNNn0gohxZiHN8GZ2c2YUKQBqHDOBcDHaOesleIQlq72x5jF
w74Y1H7BLGlwvZuJ3N/4jF8UdT098W+ho1MwUTAdBgNVHQ4EFgQU5K267TWlHB0Y
HXW940sLw8SUXeEwHwYDVR0jBBgwFoAU5K267TWlHB0YHXW940sLw8SUXeEwDwYD
VR0TAQH/BAUwAwEB/zAKBggqhkjOPQQDAgNJADBGAiEA4GScbVO50YAPJtbP4fny
StHIpNxRcMsSij4Qe2KiM/sCIQDY7Um4nntc3KIF6WOb68OZOQRfQylRLfyllN5r
hm7Z4g==
-----END CERTIFICATE-----
subject=/C=AU/ST=Some-State/O=Internet Widgits Pty Ltd
issuer=/C=AU/ST=Some-State/O=Internet Widgits Pty Ltd
---
No client certificate CA names sent
Server Temp Key: ECDH, P-256, 256 bits
---
SSL handshake has read 952 bytes and written 225 bytes
---
New, TLSv1/SSLv3, Cipher is ECDHE-ECDSA-RC4-SHA
Server public key is 256 bit
Secure Renegotiation IS supported
Compression: NONE
Expansion: NONE
No ALPN negotiated
SSL-Session:
    Protocol  : TLSv1
    Cipher    : ECDHE-ECDSA-RC4-SHA
    Session-ID: 1C0E40ED7582CE54BFC39A4F1DA84BAC7549EDAA3051FACC364E6279580ADD1B
    Session-ID-ctx: 
    Master-Key: 3D1633642947448E23CB6BAA503C7006C87CC16DA21DD76BE730C4C778C8721B95CBF98B297FADA5B473EB615BC7CB1A
    Key-Arg   : None
    PSK identity: None
    PSK identity hint: None
    SRP username: None
    TLS session ticket lifetime hint: 300 (seconds)
    TLS session ticket:
    0000 - 92 75 01 7c 2f 76 e3 be-90 d9 4f bd 29 e9 7d a3   .u.|/v....O.).}.
    0010 - 9d fd a6 fe 2e 0a f1 46-6f bc a7 c7 af e3 7a e5   .......Fo.....z.
    0020 - 79 d3 22 1a 87 22 29 12-b4 77 23 0f 88 81 10 b4   y."..")..w#.....
    0030 - 3b 8c 09 20 ac 8e 12 56-a2 12 4c 2a 15 17 09 1c   ;.. ...V..L*....
    0040 - 15 2e 0b d5 55 aa a6 ab-d7 27 3a b8 30 48 03 95   ....U....':.0H..
    0050 - 8f 28 82 49 96 0e 11 fc-65 48 d4 fe 45 8c 72 cf   .(.I....eH..E.r.
    0060 - 8a a4 e7 6c 90 29 89 de-50 9c 37 97 36 04 f9 04   ...l.)..P.7.6...
    0070 - e5 16 4f b3 83 a9 05 38-69 77 d6 34 24 0b db f3   ..O....8iw.4$...
    0080 - 07 e7 97 85 b1 f7 d2 ab-c0 39 ed 52 0c f9 cd a5   .........9.R....
    0090 - c5 df 4d 3e 58 70 93 05-c1 ff f9 5a c4 b1 6d b8   ..M>Xp.....Z..m.

    Start Time: 1579551154
    Timeout   : 7200 (sec)
    Verify return code: 18 (self signed certificate)
---
DONE
