CONNECTED(00000003)
depth=0 C = AU, ST = Some-State, O = Internet Widgits Pty Ltd
verify error:num=18:self signed certificate
verify return:1
depth=0 C = AU, ST = Some-State, O = Internet Widgits Pty Ltd
verify return:1
---
Certificate chain
 0 s:/C=AU/ST=Some-State/O=Internet Widgits Pty Ltd
   i:/C=AU/ST=Some-State/O=Internet Widgits Pty Ltd
---
Server certificate
-----BEGIN CERTIFICATE-----
MIIDazCCAlOgAwIBAgIUUWBj1DL0r1TRK/dHpKSOke8mNyowDQYJKoZIhvcNAQEL
BQAwRTELMAkGA1UEBhMCQVUxEzARBgNVBAgMClNvbWUtU3RhdGUxITAfBgNVBAoM
GEludGVybmV0IFdpZGdpdHMgUHR5IEx0ZDAeFw0xOTEwMjUxNjE5MzFaFw0yMDEw
MjQxNjE5MzFaMEUxCzAJBgNVBAYTAkFVMRMwEQYDVQQIDApTb21lLVN0YXRlMSEw
HwYDVQQKDBhJbnRlcm5ldCBXaWRnaXRzIFB0eSBMdGQwggEiMA0GCSqGSIb3DQEB
AQUAA4IBDwAwggEKAoIBAQDIC3Wj6US5oUyyjcSP616loFW94MExGLh0Flr02LfO
X2w0ZkDOGC1B/zHrJK4On+z8bwx/+L1hytq/aVytgUQWoGWZwQGuzU7ev+lKjcIW
ai2Zeqk3RysFPNticj/qWomS+g2o2RFJ/oEtg6BdAsy49VZjS0BTPpdoBBb7sMOp
S0GvGPY85uFG9QTD/4o4UOfvruSHeJHih3pRYvkqwpZ3Al9EJuCI5zDchBr21fa9
0JNFecJb1HymDk/eN3FxDHf/ubdB/TMx8oauC5WVoA/cLZjfZa6r+Ibv6wGnZe9F
GZocIDBGxyeLRbHTzN42/7L6mTn4br9VWzLEswj8glT3AgMBAAGjUzBRMB0GA1Ud
DgQWBBSDg9456bq2D7ileJyJm3Dw1QE7eDAfBgNVHSMEGDAWgBSDg9456bq2D7il
eJyJm3Dw1QE7eDAPBgNVHRMBAf8EBTADAQH/MA0GCSqGSIb3DQEBCwUAA4IBAQBp
htY9dAYDr3+yewxDbenTzcPuD4nS1x11NNfKHNY/Ju6fQa2/cNzgHu3oOaGlQRQ4
Ob3wgkk7sK6YuyKR5YllT9vOGqBw/Ha9x7cdRaP4gKEnxrMIdxEIWJifz72TF7xI
SId9FHVKy9awaunIGJelJ+v2J4ZHkUk2vHLjR57SQdv+ENuMeQZX34PwvcLvXhRj
joX7tBBYYoB/haFlW9WMHM7HyYryMAirxnF3ltXWley0vnLXlkFLRSp4xzr0ERZW
1vXmmTv+c+yXzTo03A4BcEBZg0gN4FjM3lKJjiC9M6hJ8oVIJ+40MoKTgNjaupb7
vXxBDJcqvz+HMrruHXw3
-----END CERTIFICATE-----
subject=/C=AU/ST=Some-State/O=Internet Widgits Pty Ltd
issuer=/C=AU/ST=Some-State/O=Internet Widgits Pty Ltd
---
No client certificate CA names sent
---
SSL handshake has read 1184 bytes and written 373 bytes
---
New, TLSv1/SSLv3, Cipher is RC4-MD5
Server public key is 2048 bit
Secure Renegotiation IS supported
Compression: NONE
Expansion: NONE
No ALPN negotiated
SSL-Session:
    Protocol  : TLSv1
    Cipher    : RC4-MD5
    Session-ID: A2BA3E6FD7C4380B08BE7BA70547E5DF56E0E8324B5BF9F6523486748ABAA493
    Session-ID-ctx: 
    Master-Key: D3A33E3EA4FEC2EC61E4934A9DDB7C89954889806DD0CB6D47F6760F92897EB7D33628EE69C891AFACF17DD8367AE857
    Key-Arg   : None
    PSK identity: None
    PSK identity hint: None
    SRP username: None
    TLS session ticket lifetime hint: 300 (seconds)
    TLS session ticket:
    0000 - a1 1d 7d 88 0f 26 4c 37-04 e6 0b 06 a5 6a 51 3b   ..}..&L7.....jQ;
    0010 - ba 47 c5 ae 7a 68 6b 3d-71 4b 8c 1b 0b 91 f5 32   .G..zhk=qK.....2
    0020 - 9e cd ef 64 32 a1 3b 1b-dc 77 3f 97 ec 1d 88 0b   ...d2.;..w?.....
    0030 - ac f9 2e 7a 12 96 a0 3b-42 b2 64 de d0 a4 98 97   ...z...;B.d.....
    0040 - cc f4 75 e4 a3 bc 72 75-28 c6 6b 64 2e 48 50 ad   ..u...ru(.kd.HP.
    0050 - 46 af 48 77 ed 63 40 09-72 c3 1f 91 73 d2 f1 bf   F.Hw.c@.r...s...
    0060 - dd 9d 92 19 26 9b 5c 6c-cd ae 0a 12 9a a1 dd df   ....&.\l........
    0070 - 27 0e c2 b2 d6 87 11 c6-d9 93 1f a0 08 a0 82 c3   '...............
    0080 - fb bb cf 75 30 14 9f 45-52 bf e9 73 d2 ee 4c cf   ...u0..ER..s..L.
    0090 - 16 49 ab 75 c4 03 98 52-d1 72 7b 8f 70 05 98 6c   .I.u...R.r{.p..l

    Start Time: 1578517629
    Timeout   : 7200 (sec)
    Verify return code: 18 (self signed certificate)
---
DONE
